[0.084s] DEBUG:colcon:Command line arguments: ['/usr/bin/colcon', 'build']
[0.084s] DEBUG:colcon:Parsed command line arguments: Namespace(log_base=None, log_level=None, verb_name='build', build_base='build', install_base='install', merge_install=False, symlink_install=False, test_result_base=None, continue_on_error=False, executor='parallel', parallel_workers=16, event_handlers=None, ignore_user_meta=False, metas=['./colcon.meta'], base_paths=['.'], packages_ignore=None, packages_ignore_regex=None, paths=None, packages_up_to=None, packages_up_to_regex=None, packages_above=None, packages_above_and_dependencies=None, packages_above_depth=None, packages_select_by_dep=None, packages_skip_by_dep=None, packages_skip_up_to=None, packages_select_build_failed=False, packages_skip_build_finished=False, packages_select_test_failures=False, packages_skip_test_passed=False, packages_select=None, packages_skip=None, packages_select_regex=None, packages_skip_regex=None, packages_start=None, packages_end=None, allow_overriding=[], cmake_args=None, cmake_target=None, cmake_target_skip_unavailable=False, cmake_clean_cache=False, cmake_clean_first=False, cmake_force_configure=False, ament_cmake_args=None, catkin_cmake_args=None, catkin_skip_building_tests=False, mixin_files=None, mixin=None, verb_parser=<colcon_mixin.mixin.mixin_argument.MixinArgumentDecorator object at 0x76998575e410>, verb_extension=<colcon_core.verb.build.BuildVerb object at 0x76998575df60>, main=<bound method BuildVerb.main of <colcon_core.verb.build.BuildVerb object at 0x76998575df60>>, mixin_verb=('build',))
[0.212s] Level 1:colcon.colcon_core.package_discovery:discover_packages(colcon_meta) check parameters
[0.212s] Level 1:colcon.colcon_core.package_discovery:discover_packages(recursive) check parameters
[0.212s] Level 1:colcon.colcon_core.package_discovery:discover_packages(ignore) check parameters
[0.212s] Level 1:colcon.colcon_core.package_discovery:discover_packages(path) check parameters
[0.212s] Level 1:colcon.colcon_core.package_discovery:discover_packages(colcon_meta) discover
[0.212s] Level 1:colcon.colcon_core.package_discovery:discover_packages(recursive) discover
[0.212s] INFO:colcon.colcon_core.package_discovery:Crawling recursively for packages in '/home/beta/RINS-TASK2'
[0.213s] Level 1:colcon.colcon_core.package_identification:_identify(.) by extensions ['ignore', 'ignore_ament_install']
[0.213s] Level 1:colcon.colcon_core.package_identification:_identify(.) by extension 'ignore'
[0.213s] Level 1:colcon.colcon_core.package_identification:_identify(.) by extension 'ignore_ament_install'
[0.213s] Level 1:colcon.colcon_core.package_identification:_identify(.) by extensions ['colcon_pkg']
[0.213s] Level 1:colcon.colcon_core.package_identification:_identify(.) by extension 'colcon_pkg'
[0.213s] Level 1:colcon.colcon_core.package_identification:_identify(.) by extensions ['colcon_meta']
[0.213s] Level 1:colcon.colcon_core.package_identification:_identify(.) by extension 'colcon_meta'
[0.213s] Level 1:colcon.colcon_core.package_identification:_identify(.) by extensions ['ros']
[0.213s] Level 1:colcon.colcon_core.package_identification:_identify(.) by extension 'ros'
[0.222s] Level 1:colcon.colcon_core.package_identification:_identify(.) by extensions ['cmake', 'python']
[0.222s] Level 1:colcon.colcon_core.package_identification:_identify(.) by extension 'cmake'
[0.222s] Level 1:colcon.colcon_core.package_identification:_identify(.) by extension 'python'
[0.222s] Level 1:colcon.colcon_core.package_identification:_identify(.) by extensions ['python_setup_py']
[0.222s] Level 1:colcon.colcon_core.package_identification:_identify(.) by extension 'python_setup_py'
[0.222s] Level 1:colcon.colcon_core.package_identification:_identify(build) by extensions ['ignore', 'ignore_ament_install']
[0.222s] Level 1:colcon.colcon_core.package_identification:_identify(build) by extension 'ignore'
[0.223s] Level 1:colcon.colcon_core.package_identification:_identify(build) ignored
[0.223s] Level 1:colcon.colcon_core.package_identification:_identify(dis_tutorial3) by extensions ['ignore', 'ignore_ament_install']
[0.223s] Level 1:colcon.colcon_core.package_identification:_identify(dis_tutorial3) by extension 'ignore'
[0.223s] Level 1:colcon.colcon_core.package_identification:_identify(dis_tutorial3) by extension 'ignore_ament_install'
[0.223s] Level 1:colcon.colcon_core.package_identification:_identify(dis_tutorial3) by extensions ['colcon_pkg']
[0.223s] Level 1:colcon.colcon_core.package_identification:_identify(dis_tutorial3) by extension 'colcon_pkg'
[0.223s] Level 1:colcon.colcon_core.package_identification:_identify(dis_tutorial3) by extensions ['colcon_meta']
[0.223s] Level 1:colcon.colcon_core.package_identification:_identify(dis_tutorial3) by extension 'colcon_meta'
[0.223s] Level 1:colcon.colcon_core.package_identification:_identify(dis_tutorial3) by extensions ['ros']
[0.223s] Level 1:colcon.colcon_core.package_identification:_identify(dis_tutorial3) by extension 'ros'
[0.226s] DEBUG:colcon.colcon_core.package_identification:Package 'dis_tutorial3' with type 'ros.ament_cmake' and name 'dis_tutorial3'
[0.226s] Level 1:colcon.colcon_core.package_identification:_identify(dis_tutorial7) by extensions ['ignore', 'ignore_ament_install']
[0.226s] Level 1:colcon.colcon_core.package_identification:_identify(dis_tutorial7) by extension 'ignore'
[0.226s] Level 1:colcon.colcon_core.package_identification:_identify(dis_tutorial7) by extension 'ignore_ament_install'
[0.226s] Level 1:colcon.colcon_core.package_identification:_identify(dis_tutorial7) by extensions ['colcon_pkg']
[0.226s] Level 1:colcon.colcon_core.package_identification:_identify(dis_tutorial7) by extension 'colcon_pkg'
[0.226s] Level 1:colcon.colcon_core.package_identification:_identify(dis_tutorial7) by extensions ['colcon_meta']
[0.226s] Level 1:colcon.colcon_core.package_identification:_identify(dis_tutorial7) by extension 'colcon_meta'
[0.226s] Level 1:colcon.colcon_core.package_identification:_identify(dis_tutorial7) by extensions ['ros']
[0.226s] Level 1:colcon.colcon_core.package_identification:_identify(dis_tutorial7) by extension 'ros'
[0.227s] DEBUG:colcon.colcon_core.package_identification:Package 'dis_tutorial7' with type 'ros.ament_cmake' and name 'dis_tutorial7'
[0.228s] Level 1:colcon.colcon_core.package_identification:_identify(img) by extensions ['ignore', 'ignore_ament_install']
[0.228s] Level 1:colcon.colcon_core.package_identification:_identify(img) by extension 'ignore'
[0.228s] Level 1:colcon.colcon_core.package_identification:_identify(img) by extension 'ignore_ament_install'
[0.228s] Level 1:colcon.colcon_core.package_identification:_identify(img) by extensions ['colcon_pkg']
[0.228s] Level 1:colcon.colcon_core.package_identification:_identify(img) by extension 'colcon_pkg'
[0.228s] Level 1:colcon.colcon_core.package_identification:_identify(img) by extensions ['colcon_meta']
[0.228s] Level 1:colcon.colcon_core.package_identification:_identify(img) by extension 'colcon_meta'
[0.228s] Level 1:colcon.colcon_core.package_identification:_identify(img) by extensions ['ros']
[0.228s] Level 1:colcon.colcon_core.package_identification:_identify(img) by extension 'ros'
[0.228s] Level 1:colcon.colcon_core.package_identification:_identify(img) by extensions ['cmake', 'python']
[0.228s] Level 1:colcon.colcon_core.package_identification:_identify(img) by extension 'cmake'
[0.228s] Level 1:colcon.colcon_core.package_identification:_identify(img) by extension 'python'
[0.228s] Level 1:colcon.colcon_core.package_identification:_identify(img) by extensions ['python_setup_py']
[0.228s] Level 1:colcon.colcon_core.package_identification:_identify(img) by extension 'python_setup_py'
[0.228s] Level 1:colcon.colcon_core.package_identification:_identify(install) by extensions ['ignore', 'ignore_ament_install']
[0.228s] Level 1:colcon.colcon_core.package_identification:_identify(install) by extension 'ignore'
[0.228s] Level 1:colcon.colcon_core.package_identification:_identify(install) ignored
[0.228s] Level 1:colcon.colcon_core.package_identification:_identify(log) by extensions ['ignore', 'ignore_ament_install']
[0.228s] Level 1:colcon.colcon_core.package_identification:_identify(log) by extension 'ignore'
[0.228s] Level 1:colcon.colcon_core.package_identification:_identify(log) ignored
[0.228s] Level 1:colcon.colcon_core.package_discovery:discover_packages(recursive) using defaults
[0.229s] Level 1:colcon.colcon_core.package_discovery:discover_packages(ignore) discover
[0.229s] Level 1:colcon.colcon_core.package_discovery:discover_packages(ignore) using defaults
[0.229s] Level 1:colcon.colcon_core.package_discovery:discover_packages(path) discover
[0.229s] Level 1:colcon.colcon_core.package_discovery:discover_packages(path) using defaults
[0.255s] Level 1:colcon.colcon_core.package_discovery:discover_packages(prefix_path) check parameters
[0.255s] Level 1:colcon.colcon_core.package_discovery:discover_packages(prefix_path) discover
[0.257s] DEBUG:colcon.colcon_installed_package_information.package_discovery:Found 2 installed packages in /home/beta/RINS-TASK2/install
[0.257s] DEBUG:colcon.colcon_installed_package_information.package_discovery:Found 0 installed packages in /home/beta/colcon_ws/install
[0.259s] DEBUG:colcon.colcon_installed_package_information.package_discovery:Found 420 installed packages in /opt/ros/humble
[0.260s] Level 1:colcon.colcon_core.package_discovery:discover_packages(prefix_path) using defaults
[0.297s] Level 5:colcon.colcon_core.verb:set package 'dis_tutorial3' build argument 'cmake_args' from command line to 'None'
[0.297s] Level 5:colcon.colcon_core.verb:set package 'dis_tutorial3' build argument 'cmake_target' from command line to 'None'
[0.298s] Level 5:colcon.colcon_core.verb:set package 'dis_tutorial3' build argument 'cmake_target_skip_unavailable' from command line to 'False'
[0.298s] Level 5:colcon.colcon_core.verb:set package 'dis_tutorial3' build argument 'cmake_clean_cache' from command line to 'False'
[0.298s] Level 5:colcon.colcon_core.verb:set package 'dis_tutorial3' build argument 'cmake_clean_first' from command line to 'False'
[0.298s] Level 5:colcon.colcon_core.verb:set package 'dis_tutorial3' build argument 'cmake_force_configure' from command line to 'False'
[0.298s] Level 5:colcon.colcon_core.verb:set package 'dis_tutorial3' build argument 'ament_cmake_args' from command line to 'None'
[0.298s] Level 5:colcon.colcon_core.verb:set package 'dis_tutorial3' build argument 'catkin_cmake_args' from command line to 'None'
[0.298s] Level 5:colcon.colcon_core.verb:set package 'dis_tutorial3' build argument 'catkin_skip_building_tests' from command line to 'False'
[0.298s] DEBUG:colcon.colcon_core.verb:Building package 'dis_tutorial3' with the following arguments: {'ament_cmake_args': None, 'build_base': '/home/beta/RINS-TASK2/build/dis_tutorial3', 'catkin_cmake_args': None, 'catkin_skip_building_tests': False, 'cmake_args': None, 'cmake_clean_cache': False, 'cmake_clean_first': False, 'cmake_force_configure': False, 'cmake_target': None, 'cmake_target_skip_unavailable': False, 'install_base': '/home/beta/RINS-TASK2/install/dis_tutorial3', 'merge_install': False, 'path': '/home/beta/RINS-TASK2/dis_tutorial3', 'symlink_install': False, 'test_result_base': None}
[0.298s] Level 5:colcon.colcon_core.verb:set package 'dis_tutorial7' build argument 'cmake_args' from command line to 'None'
[0.298s] Level 5:colcon.colcon_core.verb:set package 'dis_tutorial7' build argument 'cmake_target' from command line to 'None'
[0.298s] Level 5:colcon.colcon_core.verb:set package 'dis_tutorial7' build argument 'cmake_target_skip_unavailable' from command line to 'False'
[0.298s] Level 5:colcon.colcon_core.verb:set package 'dis_tutorial7' build argument 'cmake_clean_cache' from command line to 'False'
[0.298s] Level 5:colcon.colcon_core.verb:set package 'dis_tutorial7' build argument 'cmake_clean_first' from command line to 'False'
[0.298s] Level 5:colcon.colcon_core.verb:set package 'dis_tutorial7' build argument 'cmake_force_configure' from command line to 'False'
[0.298s] Level 5:colcon.colcon_core.verb:set package 'dis_tutorial7' build argument 'ament_cmake_args' from command line to 'None'
[0.298s] Level 5:colcon.colcon_core.verb:set package 'dis_tutorial7' build argument 'catkin_cmake_args' from command line to 'None'
[0.298s] Level 5:colcon.colcon_core.verb:set package 'dis_tutorial7' build argument 'catkin_skip_building_tests' from command line to 'False'
[0.298s] DEBUG:colcon.colcon_core.verb:Building package 'dis_tutorial7' with the following arguments: {'ament_cmake_args': None, 'build_base': '/home/beta/RINS-TASK2/build/dis_tutorial7', 'catkin_cmake_args': None, 'catkin_skip_building_tests': False, 'cmake_args': None, 'cmake_clean_cache': False, 'cmake_clean_first': False, 'cmake_force_configure': False, 'cmake_target': None, 'cmake_target_skip_unavailable': False, 'install_base': '/home/beta/RINS-TASK2/install/dis_tutorial7', 'merge_install': False, 'path': '/home/beta/RINS-TASK2/dis_tutorial7', 'symlink_install': False, 'test_result_base': None}
[0.298s] INFO:colcon.colcon_core.executor:Executing jobs using 'parallel' executor
[0.299s] DEBUG:colcon.colcon_parallel_executor.executor.parallel:run_until_complete
[0.299s] INFO:colcon.colcon_ros.task.ament_cmake.build:Building ROS package in '/home/beta/RINS-TASK2/dis_tutorial3' with build type 'ament_cmake'
[0.299s] INFO:colcon.colcon_cmake.task.cmake.build:Building CMake package in '/home/beta/RINS-TASK2/dis_tutorial3'
[0.301s] INFO:colcon.colcon_core.plugin_system:Skipping extension 'colcon_core.shell.bat': Not used on non-Windows systems
[0.301s] INFO:colcon.colcon_core.shell:Skip shell extension 'powershell' for command environment: Not usable outside of PowerShell
[0.301s] DEBUG:colcon.colcon_core.shell:Skip shell extension 'dsv' for command environment
[0.304s] INFO:colcon.colcon_ros.task.ament_cmake.build:Building ROS package in '/home/beta/RINS-TASK2/dis_tutorial7' with build type 'ament_cmake'
[0.304s] INFO:colcon.colcon_cmake.task.cmake.build:Building CMake package in '/home/beta/RINS-TASK2/dis_tutorial7'
[0.305s] INFO:colcon.colcon_core.shell:Skip shell extension 'powershell' for command environment: Not usable outside of PowerShell
[0.305s] DEBUG:colcon.colcon_core.shell:Skip shell extension 'dsv' for command environment
[0.310s] DEBUG:colcon.colcon_core.event_handler.log_command:Invoking command in '/home/beta/RINS-TASK2/build/dis_tutorial3': CMAKE_PREFIX_PATH=${CMAKE_PREFIX_PATH}:/opt/ros/humble /usr/bin/cmake --build /home/beta/RINS-TASK2/build/dis_tutorial3 -- -j16 -l16
[0.314s] DEBUG:colcon.colcon_core.event_handler.log_command:Invoking command in '/home/beta/RINS-TASK2/build/dis_tutorial7': CMAKE_PREFIX_PATH=${CMAKE_PREFIX_PATH}:/opt/ros/humble /usr/bin/cmake --build /home/beta/RINS-TASK2/build/dis_tutorial7 -- -j16 -l16
[0.348s] DEBUG:colcon.colcon_core.event_handler.log_command:Invoked command in '/home/beta/RINS-TASK2/build/dis_tutorial3' returned '0': CMAKE_PREFIX_PATH=${CMAKE_PREFIX_PATH}:/opt/ros/humble /usr/bin/cmake --build /home/beta/RINS-TASK2/build/dis_tutorial3 -- -j16 -l16
[0.356s] DEBUG:colcon.colcon_core.event_handler.log_command:Invoking command in '/home/beta/RINS-TASK2/build/dis_tutorial3': CMAKE_PREFIX_PATH=${CMAKE_PREFIX_PATH}:/opt/ros/humble /usr/bin/cmake --install /home/beta/RINS-TASK2/build/dis_tutorial3
[0.357s] DEBUG:colcon.colcon_core.event_handler.log_command:Invoked command in '/home/beta/RINS-TASK2/build/dis_tutorial7' returned '0': CMAKE_PREFIX_PATH=${CMAKE_PREFIX_PATH}:/opt/ros/humble /usr/bin/cmake --build /home/beta/RINS-TASK2/build/dis_tutorial7 -- -j16 -l16
[0.358s] DEBUG:colcon.colcon_core.event_handler.log_command:Invoking command in '/home/beta/RINS-TASK2/build/dis_tutorial7': CMAKE_PREFIX_PATH=${CMAKE_PREFIX_PATH}:/opt/ros/humble /usr/bin/cmake --install /home/beta/RINS-TASK2/build/dis_tutorial7
[0.373s] Level 1:colcon.colcon_core.environment:create_environment_scripts_only(dis_tutorial7)
[0.386s] DEBUG:colcon.colcon_core.event_handler.log_command:Invoked command in '/home/beta/RINS-TASK2/build/dis_tutorial7' returned '0': CMAKE_PREFIX_PATH=${CMAKE_PREFIX_PATH}:/opt/ros/humble /usr/bin/cmake --install /home/beta/RINS-TASK2/build/dis_tutorial7
[0.386s] Level 1:colcon.colcon_core.environment:checking '/home/beta/RINS-TASK2/install/dis_tutorial7' for CMake module files
[0.386s] Level 1:colcon.colcon_core.environment:checking '/home/beta/RINS-TASK2/install/dis_tutorial7' for CMake config files
[0.387s] Level 1:colcon.colcon_core.shell:create_environment_hook('dis_tutorial7', 'cmake_prefix_path')
[0.387s] INFO:colcon.colcon_core.shell:Creating environment hook '/home/beta/RINS-TASK2/install/dis_tutorial7/share/dis_tutorial7/hook/cmake_prefix_path.ps1'
[0.388s] INFO:colcon.colcon_core.shell:Creating environment descriptor '/home/beta/RINS-TASK2/install/dis_tutorial7/share/dis_tutorial7/hook/cmake_prefix_path.dsv'
[0.388s] INFO:colcon.colcon_core.shell:Creating environment hook '/home/beta/RINS-TASK2/install/dis_tutorial7/share/dis_tutorial7/hook/cmake_prefix_path.sh'
[0.389s] Level 1:colcon.colcon_core.environment:checking '/home/beta/RINS-TASK2/install/dis_tutorial7/lib'
[0.389s] Level 1:colcon.colcon_core.environment:checking '/home/beta/RINS-TASK2/install/dis_tutorial7/bin'
[0.389s] Level 1:colcon.colcon_core.environment:checking '/home/beta/RINS-TASK2/install/dis_tutorial7/lib/pkgconfig/dis_tutorial7.pc'
[0.389s] Level 1:colcon.colcon_core.environment:checking '/home/beta/RINS-TASK2/install/dis_tutorial7/lib/python3.10/site-packages'
[0.389s] Level 1:colcon.colcon_core.environment:checking '/home/beta/RINS-TASK2/install/dis_tutorial7/bin'
[0.390s] INFO:colcon.colcon_core.shell:Creating package script '/home/beta/RINS-TASK2/install/dis_tutorial7/share/dis_tutorial7/package.ps1'
[0.390s] INFO:colcon.colcon_core.shell:Creating package descriptor '/home/beta/RINS-TASK2/install/dis_tutorial7/share/dis_tutorial7/package.dsv'
[0.391s] INFO:colcon.colcon_core.shell:Creating package script '/home/beta/RINS-TASK2/install/dis_tutorial7/share/dis_tutorial7/package.sh'
[0.391s] INFO:colcon.colcon_core.shell:Creating package script '/home/beta/RINS-TASK2/install/dis_tutorial7/share/dis_tutorial7/package.bash'
[0.392s] INFO:colcon.colcon_core.shell:Creating package script '/home/beta/RINS-TASK2/install/dis_tutorial7/share/dis_tutorial7/package.zsh'
[0.393s] Level 1:colcon.colcon_core.environment:create_file_with_runtime_dependencies(/home/beta/RINS-TASK2/install/dis_tutorial7/share/colcon-core/packages/dis_tutorial7)
[0.394s] Level 1:colcon.colcon_core.environment:create_environment_scripts_only(dis_tutorial7)
[0.394s] Level 1:colcon.colcon_core.environment:checking '/home/beta/RINS-TASK2/install/dis_tutorial7' for CMake module files
[0.394s] Level 1:colcon.colcon_core.environment:checking '/home/beta/RINS-TASK2/install/dis_tutorial7' for CMake config files
[0.394s] Level 1:colcon.colcon_core.shell:create_environment_hook('dis_tutorial7', 'cmake_prefix_path')
[0.395s] INFO:colcon.colcon_core.shell:Creating environment hook '/home/beta/RINS-TASK2/install/dis_tutorial7/share/dis_tutorial7/hook/cmake_prefix_path.ps1'
[0.395s] INFO:colcon.colcon_core.shell:Creating environment descriptor '/home/beta/RINS-TASK2/install/dis_tutorial7/share/dis_tutorial7/hook/cmake_prefix_path.dsv'
[0.396s] INFO:colcon.colcon_core.shell:Creating environment hook '/home/beta/RINS-TASK2/install/dis_tutorial7/share/dis_tutorial7/hook/cmake_prefix_path.sh'
[0.396s] Level 1:colcon.colcon_core.environment:checking '/home/beta/RINS-TASK2/install/dis_tutorial7/lib'
[0.396s] Level 1:colcon.colcon_core.environment:checking '/home/beta/RINS-TASK2/install/dis_tutorial7/bin'
[0.396s] Level 1:colcon.colcon_core.environment:checking '/home/beta/RINS-TASK2/install/dis_tutorial7/lib/pkgconfig/dis_tutorial7.pc'
[0.396s] Level 1:colcon.colcon_core.environment:checking '/home/beta/RINS-TASK2/install/dis_tutorial7/lib/python3.10/site-packages'
[0.397s] Level 1:colcon.colcon_core.environment:checking '/home/beta/RINS-TASK2/install/dis_tutorial7/bin'
[0.397s] INFO:colcon.colcon_core.shell:Creating package script '/home/beta/RINS-TASK2/install/dis_tutorial7/share/dis_tutorial7/package.ps1'
[0.397s] INFO:colcon.colcon_core.shell:Creating package descriptor '/home/beta/RINS-TASK2/install/dis_tutorial7/share/dis_tutorial7/package.dsv'
[0.398s] INFO:colcon.colcon_core.shell:Creating package script '/home/beta/RINS-TASK2/install/dis_tutorial7/share/dis_tutorial7/package.sh'
[0.398s] INFO:colcon.colcon_core.shell:Creating package script '/home/beta/RINS-TASK2/install/dis_tutorial7/share/dis_tutorial7/package.bash'
[0.398s] INFO:colcon.colcon_core.shell:Creating package script '/home/beta/RINS-TASK2/install/dis_tutorial7/share/dis_tutorial7/package.zsh'
[0.399s] Level 1:colcon.colcon_core.environment:create_file_with_runtime_dependencies(/home/beta/RINS-TASK2/install/dis_tutorial7/share/colcon-core/packages/dis_tutorial7)
[0.399s] Level 1:colcon.colcon_core.environment:create_environment_scripts_only(dis_tutorial3)
[0.399s] Level 1:colcon.colcon_core.environment:checking '/home/beta/RINS-TASK2/install/dis_tutorial3' for CMake module files
[0.400s] DEBUG:colcon.colcon_core.event_handler.log_command:Invoked command in '/home/beta/RINS-TASK2/build/dis_tutorial3' returned '0': CMAKE_PREFIX_PATH=${CMAKE_PREFIX_PATH}:/opt/ros/humble /usr/bin/cmake --install /home/beta/RINS-TASK2/build/dis_tutorial3
[0.400s] Level 1:colcon.colcon_core.environment:checking '/home/beta/RINS-TASK2/install/dis_tutorial3' for CMake config files
[0.400s] Level 1:colcon.colcon_core.shell:create_environment_hook('dis_tutorial3', 'cmake_prefix_path')
[0.401s] INFO:colcon.colcon_core.shell:Creating environment hook '/home/beta/RINS-TASK2/install/dis_tutorial3/share/dis_tutorial3/hook/cmake_prefix_path.ps1'
[0.401s] INFO:colcon.colcon_core.shell:Creating environment descriptor '/home/beta/RINS-TASK2/install/dis_tutorial3/share/dis_tutorial3/hook/cmake_prefix_path.dsv'
[0.401s] INFO:colcon.colcon_core.shell:Creating environment hook '/home/beta/RINS-TASK2/install/dis_tutorial3/share/dis_tutorial3/hook/cmake_prefix_path.sh'
[0.401s] Level 1:colcon.colcon_core.environment:checking '/home/beta/RINS-TASK2/install/dis_tutorial3/lib'
[0.401s] Level 1:colcon.colcon_core.environment:checking '/home/beta/RINS-TASK2/install/dis_tutorial3/bin'
[0.402s] Level 1:colcon.colcon_core.environment:checking '/home/beta/RINS-TASK2/install/dis_tutorial3/lib/pkgconfig/dis_tutorial3.pc'
[0.402s] Level 1:colcon.colcon_core.environment:checking '/home/beta/RINS-TASK2/install/dis_tutorial3/lib/python3.10/site-packages'
[0.402s] Level 1:colcon.colcon_core.environment:checking '/home/beta/RINS-TASK2/install/dis_tutorial3/bin'
[0.402s] INFO:colcon.colcon_core.shell:Creating package script '/home/beta/RINS-TASK2/install/dis_tutorial3/share/dis_tutorial3/package.ps1'
[0.402s] INFO:colcon.colcon_core.shell:Creating package descriptor '/home/beta/RINS-TASK2/install/dis_tutorial3/share/dis_tutorial3/package.dsv'
[0.402s] INFO:colcon.colcon_core.shell:Creating package script '/home/beta/RINS-TASK2/install/dis_tutorial3/share/dis_tutorial3/package.sh'
[0.403s] INFO:colcon.colcon_core.shell:Creating package script '/home/beta/RINS-TASK2/install/dis_tutorial3/share/dis_tutorial3/package.bash'
[0.403s] INFO:colcon.colcon_core.shell:Creating package script '/home/beta/RINS-TASK2/install/dis_tutorial3/share/dis_tutorial3/package.zsh'
[0.403s] Level 1:colcon.colcon_core.environment:create_file_with_runtime_dependencies(/home/beta/RINS-TASK2/install/dis_tutorial3/share/colcon-core/packages/dis_tutorial3)
[0.403s] Level 1:colcon.colcon_core.environment:create_environment_scripts_only(dis_tutorial3)
[0.404s] Level 1:colcon.colcon_core.environment:checking '/home/beta/RINS-TASK2/install/dis_tutorial3' for CMake module files
[0.404s] Level 1:colcon.colcon_core.environment:checking '/home/beta/RINS-TASK2/install/dis_tutorial3' for CMake config files
[0.405s] Level 1:colcon.colcon_core.shell:create_environment_hook('dis_tutorial3', 'cmake_prefix_path')
[0.405s] INFO:colcon.colcon_core.shell:Creating environment hook '/home/beta/RINS-TASK2/install/dis_tutorial3/share/dis_tutorial3/hook/cmake_prefix_path.ps1'
[0.405s] INFO:colcon.colcon_core.shell:Creating environment descriptor '/home/beta/RINS-TASK2/install/dis_tutorial3/share/dis_tutorial3/hook/cmake_prefix_path.dsv'
[0.405s] INFO:colcon.colcon_core.shell:Creating environment hook '/home/beta/RINS-TASK2/install/dis_tutorial3/share/dis_tutorial3/hook/cmake_prefix_path.sh'
[0.405s] Level 1:colcon.colcon_core.environment:checking '/home/beta/RINS-TASK2/install/dis_tutorial3/lib'
[0.406s] Level 1:colcon.colcon_core.environment:checking '/home/beta/RINS-TASK2/install/dis_tutorial3/bin'
[0.406s] Level 1:colcon.colcon_core.environment:checking '/home/beta/RINS-TASK2/install/dis_tutorial3/lib/pkgconfig/dis_tutorial3.pc'
[0.406s] Level 1:colcon.colcon_core.environment:checking '/home/beta/RINS-TASK2/install/dis_tutorial3/lib/python3.10/site-packages'
[0.406s] Level 1:colcon.colcon_core.environment:checking '/home/beta/RINS-TASK2/install/dis_tutorial3/bin'
[0.406s] INFO:colcon.colcon_core.shell:Creating package script '/home/beta/RINS-TASK2/install/dis_tutorial3/share/dis_tutorial3/package.ps1'
[0.406s] INFO:colcon.colcon_core.shell:Creating package descriptor '/home/beta/RINS-TASK2/install/dis_tutorial3/share/dis_tutorial3/package.dsv'
[0.407s] INFO:colcon.colcon_core.shell:Creating package script '/home/beta/RINS-TASK2/install/dis_tutorial3/share/dis_tutorial3/package.sh'
[0.407s] INFO:colcon.colcon_core.shell:Creating package script '/home/beta/RINS-TASK2/install/dis_tutorial3/share/dis_tutorial3/package.bash'
[0.407s] INFO:colcon.colcon_core.shell:Creating package script '/home/beta/RINS-TASK2/install/dis_tutorial3/share/dis_tutorial3/package.zsh'
[0.407s] Level 1:colcon.colcon_core.environment:create_file_with_runtime_dependencies(/home/beta/RINS-TASK2/install/dis_tutorial3/share/colcon-core/packages/dis_tutorial3)
[0.408s] DEBUG:colcon.colcon_parallel_executor.executor.parallel:closing loop
[0.408s] DEBUG:colcon.colcon_parallel_executor.executor.parallel:loop closed
[0.408s] DEBUG:colcon.colcon_parallel_executor.executor.parallel:run_until_complete finished with '0'
[0.408s] DEBUG:colcon.colcon_core.event_reactor:joining thread
[0.413s] INFO:colcon.colcon_core.plugin_system:Skipping extension 'colcon_notification.desktop_notification.notify_send': Could not find 'notify-send'
[0.413s] INFO:colcon.colcon_core.plugin_system:Skipping extension 'colcon_notification.desktop_notification.terminal_notifier': Not used on non-Darwin systems
[0.413s] INFO:colcon.colcon_core.plugin_system:Skipping extension 'colcon_notification.desktop_notification.win32': Not used on non-Windows systems
[0.413s] INFO:colcon.colcon_notification.desktop_notification:Sending desktop notification using 'notify2'
[0.434s] DEBUG:colcon.colcon_core.event_reactor:joined thread
[0.434s] INFO:colcon.colcon_core.shell:Creating prefix script '/home/beta/RINS-TASK2/install/local_setup.ps1'
[0.435s] INFO:colcon.colcon_core.shell:Creating prefix util module '/home/beta/RINS-TASK2/install/_local_setup_util_ps1.py'
[0.436s] INFO:colcon.colcon_core.shell:Creating prefix chain script '/home/beta/RINS-TASK2/install/setup.ps1'
[0.437s] INFO:colcon.colcon_core.shell:Creating prefix script '/home/beta/RINS-TASK2/install/local_setup.sh'
[0.438s] INFO:colcon.colcon_core.shell:Creating prefix util module '/home/beta/RINS-TASK2/install/_local_setup_util_sh.py'
[0.438s] INFO:colcon.colcon_core.shell:Creating prefix chain script '/home/beta/RINS-TASK2/install/setup.sh'
[0.439s] INFO:colcon.colcon_core.shell:Creating prefix script '/home/beta/RINS-TASK2/install/local_setup.bash'
[0.439s] INFO:colcon.colcon_core.shell:Creating prefix chain script '/home/beta/RINS-TASK2/install/setup.bash'
[0.440s] INFO:colcon.colcon_core.shell:Creating prefix script '/home/beta/RINS-TASK2/install/local_setup.zsh'
[0.440s] INFO:colcon.colcon_core.shell:Creating prefix chain script '/home/beta/RINS-TASK2/install/setup.zsh'
