[0.099s] DEBUG:colcon:Command line arguments: ['/usr/bin/colcon', 'build']
[0.099s] DEBUG:colcon:Parsed command line arguments: Namespace(log_base=None, log_level=None, verb_name='build', build_base='build', install_base='install', merge_install=False, symlink_install=False, test_result_base=None, continue_on_error=False, executor='parallel', parallel_workers=16, event_handlers=None, ignore_user_meta=False, metas=['./colcon.meta'], base_paths=['.'], packages_ignore=None, packages_ignore_regex=None, paths=None, packages_up_to=None, packages_up_to_regex=None, packages_above=None, packages_above_and_dependencies=None, packages_above_depth=None, packages_select_by_dep=None, packages_skip_by_dep=None, packages_skip_up_to=None, packages_select_build_failed=False, packages_skip_build_finished=False, packages_select_test_failures=False, packages_skip_test_passed=False, packages_select=None, packages_skip=None, packages_select_regex=None, packages_skip_regex=None, packages_start=None, packages_end=None, allow_overriding=[], cmake_args=None, cmake_target=None, cmake_target_skip_unavailable=False, cmake_clean_cache=False, cmake_clean_first=False, cmake_force_configure=False, ament_cmake_args=None, catkin_cmake_args=None, catkin_skip_building_tests=False, mixin_files=None, mixin=None, verb_parser=<colcon_mixin.mixin.mixin_argument.MixinArgumentDecorator object at 0x77b44b8663e0>, verb_extension=<colcon_core.verb.build.BuildVerb object at 0x77b44b865f30>, main=<bound method BuildVerb.main of <colcon_core.verb.build.BuildVerb object at 0x77b44b865f30>>, mixin_verb=('build',))
[0.242s] Level 1:colcon.colcon_core.package_discovery:discover_packages(colcon_meta) check parameters
[0.242s] Level 1:colcon.colcon_core.package_discovery:discover_packages(recursive) check parameters
[0.242s] Level 1:colcon.colcon_core.package_discovery:discover_packages(ignore) check parameters
[0.242s] Level 1:colcon.colcon_core.package_discovery:discover_packages(path) check parameters
[0.242s] Level 1:colcon.colcon_core.package_discovery:discover_packages(colcon_meta) discover
[0.242s] Level 1:colcon.colcon_core.package_discovery:discover_packages(recursive) discover
[0.242s] INFO:colcon.colcon_core.package_discovery:Crawling recursively for packages in '/home/beta/RINS-TASK2'
[0.242s] Level 1:colcon.colcon_core.package_identification:_identify(.) by extensions ['ignore', 'ignore_ament_install']
[0.242s] Level 1:colcon.colcon_core.package_identification:_identify(.) by extension 'ignore'
[0.242s] Level 1:colcon.colcon_core.package_identification:_identify(.) by extension 'ignore_ament_install'
[0.242s] Level 1:colcon.colcon_core.package_identification:_identify(.) by extensions ['colcon_pkg']
[0.242s] Level 1:colcon.colcon_core.package_identification:_identify(.) by extension 'colcon_pkg'
[0.242s] Level 1:colcon.colcon_core.package_identification:_identify(.) by extensions ['colcon_meta']
[0.242s] Level 1:colcon.colcon_core.package_identification:_identify(.) by extension 'colcon_meta'
[0.242s] Level 1:colcon.colcon_core.package_identification:_identify(.) by extensions ['ros']
[0.242s] Level 1:colcon.colcon_core.package_identification:_identify(.) by extension 'ros'
[0.251s] Level 1:colcon.colcon_core.package_identification:_identify(.) by extensions ['cmake', 'python']
[0.251s] Level 1:colcon.colcon_core.package_identification:_identify(.) by extension 'cmake'
[0.251s] Level 1:colcon.colcon_core.package_identification:_identify(.) by extension 'python'
[0.251s] Level 1:colcon.colcon_core.package_identification:_identify(.) by extensions ['python_setup_py']
[0.251s] Level 1:colcon.colcon_core.package_identification:_identify(.) by extension 'python_setup_py'
[0.251s] Level 1:colcon.colcon_core.package_identification:_identify(build) by extensions ['ignore', 'ignore_ament_install']
[0.251s] Level 1:colcon.colcon_core.package_identification:_identify(build) by extension 'ignore'
[0.251s] Level 1:colcon.colcon_core.package_identification:_identify(build) ignored
[0.251s] Level 1:colcon.colcon_core.package_identification:_identify(dis_tutorial3) by extensions ['ignore', 'ignore_ament_install']
[0.251s] Level 1:colcon.colcon_core.package_identification:_identify(dis_tutorial3) by extension 'ignore'
[0.251s] Level 1:colcon.colcon_core.package_identification:_identify(dis_tutorial3) by extension 'ignore_ament_install'
[0.251s] Level 1:colcon.colcon_core.package_identification:_identify(dis_tutorial3) by extensions ['colcon_pkg']
[0.251s] Level 1:colcon.colcon_core.package_identification:_identify(dis_tutorial3) by extension 'colcon_pkg'
[0.251s] Level 1:colcon.colcon_core.package_identification:_identify(dis_tutorial3) by extensions ['colcon_meta']
[0.252s] Level 1:colcon.colcon_core.package_identification:_identify(dis_tutorial3) by extension 'colcon_meta'
[0.252s] Level 1:colcon.colcon_core.package_identification:_identify(dis_tutorial3) by extensions ['ros']
[0.252s] Level 1:colcon.colcon_core.package_identification:_identify(dis_tutorial3) by extension 'ros'
[0.254s] DEBUG:colcon.colcon_core.package_identification:Package 'dis_tutorial3' with type 'ros.ament_cmake' and name 'dis_tutorial3'
[0.254s] Level 1:colcon.colcon_core.package_identification:_identify(dis_tutorial7) by extensions ['ignore', 'ignore_ament_install']
[0.254s] Level 1:colcon.colcon_core.package_identification:_identify(dis_tutorial7) by extension 'ignore'
[0.254s] Level 1:colcon.colcon_core.package_identification:_identify(dis_tutorial7) by extension 'ignore_ament_install'
[0.254s] Level 1:colcon.colcon_core.package_identification:_identify(dis_tutorial7) by extensions ['colcon_pkg']
[0.254s] Level 1:colcon.colcon_core.package_identification:_identify(dis_tutorial7) by extension 'colcon_pkg'
[0.254s] Level 1:colcon.colcon_core.package_identification:_identify(dis_tutorial7) by extensions ['colcon_meta']
[0.254s] Level 1:colcon.colcon_core.package_identification:_identify(dis_tutorial7) by extension 'colcon_meta'
[0.254s] Level 1:colcon.colcon_core.package_identification:_identify(dis_tutorial7) by extensions ['ros']
[0.254s] Level 1:colcon.colcon_core.package_identification:_identify(dis_tutorial7) by extension 'ros'
[0.255s] DEBUG:colcon.colcon_core.package_identification:Package 'dis_tutorial7' with type 'ros.ament_cmake' and name 'dis_tutorial7'
[0.255s] Level 1:colcon.colcon_core.package_identification:_identify(install) by extensions ['ignore', 'ignore_ament_install']
[0.255s] Level 1:colcon.colcon_core.package_identification:_identify(install) by extension 'ignore'
[0.255s] Level 1:colcon.colcon_core.package_identification:_identify(install) ignored
[0.255s] Level 1:colcon.colcon_core.package_identification:_identify(log) by extensions ['ignore', 'ignore_ament_install']
[0.256s] Level 1:colcon.colcon_core.package_identification:_identify(log) by extension 'ignore'
[0.256s] Level 1:colcon.colcon_core.package_identification:_identify(log) ignored
[0.256s] Level 1:colcon.colcon_core.package_discovery:discover_packages(recursive) using defaults
[0.256s] Level 1:colcon.colcon_core.package_discovery:discover_packages(ignore) discover
[0.256s] Level 1:colcon.colcon_core.package_discovery:discover_packages(ignore) using defaults
[0.256s] Level 1:colcon.colcon_core.package_discovery:discover_packages(path) discover
[0.256s] Level 1:colcon.colcon_core.package_discovery:discover_packages(path) using defaults
[0.296s] Level 1:colcon.colcon_core.package_discovery:discover_packages(prefix_path) check parameters
[0.297s] Level 1:colcon.colcon_core.package_discovery:discover_packages(prefix_path) discover
[0.299s] DEBUG:colcon.colcon_installed_package_information.package_discovery:Found 2 installed packages in /home/beta/RINS-TASK2/install
[0.299s] DEBUG:colcon.colcon_installed_package_information.package_discovery:Found 0 installed packages in /home/beta/colcon_ws/install
[0.301s] DEBUG:colcon.colcon_installed_package_information.package_discovery:Found 420 installed packages in /opt/ros/humble
[0.302s] Level 1:colcon.colcon_core.package_discovery:discover_packages(prefix_path) using defaults
[0.343s] Level 5:colcon.colcon_core.verb:set package 'dis_tutorial3' build argument 'cmake_args' from command line to 'None'
[0.343s] Level 5:colcon.colcon_core.verb:set package 'dis_tutorial3' build argument 'cmake_target' from command line to 'None'
[0.343s] Level 5:colcon.colcon_core.verb:set package 'dis_tutorial3' build argument 'cmake_target_skip_unavailable' from command line to 'False'
[0.343s] Level 5:colcon.colcon_core.verb:set package 'dis_tutorial3' build argument 'cmake_clean_cache' from command line to 'False'
[0.343s] Level 5:colcon.colcon_core.verb:set package 'dis_tutorial3' build argument 'cmake_clean_first' from command line to 'False'
[0.343s] Level 5:colcon.colcon_core.verb:set package 'dis_tutorial3' build argument 'cmake_force_configure' from command line to 'False'
[0.343s] Level 5:colcon.colcon_core.verb:set package 'dis_tutorial3' build argument 'ament_cmake_args' from command line to 'None'
[0.343s] Level 5:colcon.colcon_core.verb:set package 'dis_tutorial3' build argument 'catkin_cmake_args' from command line to 'None'
[0.343s] Level 5:colcon.colcon_core.verb:set package 'dis_tutorial3' build argument 'catkin_skip_building_tests' from command line to 'False'
[0.343s] DEBUG:colcon.colcon_core.verb:Building package 'dis_tutorial3' with the following arguments: {'ament_cmake_args': None, 'build_base': '/home/beta/RINS-TASK2/build/dis_tutorial3', 'catkin_cmake_args': None, 'catkin_skip_building_tests': False, 'cmake_args': None, 'cmake_clean_cache': False, 'cmake_clean_first': False, 'cmake_force_configure': False, 'cmake_target': None, 'cmake_target_skip_unavailable': False, 'install_base': '/home/beta/RINS-TASK2/install/dis_tutorial3', 'merge_install': False, 'path': '/home/beta/RINS-TASK2/dis_tutorial3', 'symlink_install': False, 'test_result_base': None}
[0.344s] Level 5:colcon.colcon_core.verb:set package 'dis_tutorial7' build argument 'cmake_args' from command line to 'None'
[0.344s] Level 5:colcon.colcon_core.verb:set package 'dis_tutorial7' build argument 'cmake_target' from command line to 'None'
[0.344s] Level 5:colcon.colcon_core.verb:set package 'dis_tutorial7' build argument 'cmake_target_skip_unavailable' from command line to 'False'
[0.344s] Level 5:colcon.colcon_core.verb:set package 'dis_tutorial7' build argument 'cmake_clean_cache' from command line to 'False'
[0.344s] Level 5:colcon.colcon_core.verb:set package 'dis_tutorial7' build argument 'cmake_clean_first' from command line to 'False'
[0.344s] Level 5:colcon.colcon_core.verb:set package 'dis_tutorial7' build argument 'cmake_force_configure' from command line to 'False'
[0.344s] Level 5:colcon.colcon_core.verb:set package 'dis_tutorial7' build argument 'ament_cmake_args' from command line to 'None'
[0.344s] Level 5:colcon.colcon_core.verb:set package 'dis_tutorial7' build argument 'catkin_cmake_args' from command line to 'None'
[0.344s] Level 5:colcon.colcon_core.verb:set package 'dis_tutorial7' build argument 'catkin_skip_building_tests' from command line to 'False'
[0.344s] DEBUG:colcon.colcon_core.verb:Building package 'dis_tutorial7' with the following arguments: {'ament_cmake_args': None, 'build_base': '/home/beta/RINS-TASK2/build/dis_tutorial7', 'catkin_cmake_args': None, 'catkin_skip_building_tests': False, 'cmake_args': None, 'cmake_clean_cache': False, 'cmake_clean_first': False, 'cmake_force_configure': False, 'cmake_target': None, 'cmake_target_skip_unavailable': False, 'install_base': '/home/beta/RINS-TASK2/install/dis_tutorial7', 'merge_install': False, 'path': '/home/beta/RINS-TASK2/dis_tutorial7', 'symlink_install': False, 'test_result_base': None}
[0.344s] INFO:colcon.colcon_core.executor:Executing jobs using 'parallel' executor
[0.345s] DEBUG:colcon.colcon_parallel_executor.executor.parallel:run_until_complete
[0.345s] INFO:colcon.colcon_ros.task.ament_cmake.build:Building ROS package in '/home/beta/RINS-TASK2/dis_tutorial3' with build type 'ament_cmake'
[0.345s] INFO:colcon.colcon_cmake.task.cmake.build:Building CMake package in '/home/beta/RINS-TASK2/dis_tutorial3'
[0.347s] INFO:colcon.colcon_core.plugin_system:Skipping extension 'colcon_core.shell.bat': Not used on non-Windows systems
[0.347s] INFO:colcon.colcon_core.shell:Skip shell extension 'powershell' for command environment: Not usable outside of PowerShell
[0.347s] DEBUG:colcon.colcon_core.shell:Skip shell extension 'dsv' for command environment
[0.351s] INFO:colcon.colcon_ros.task.ament_cmake.build:Building ROS package in '/home/beta/RINS-TASK2/dis_tutorial7' with build type 'ament_cmake'
[0.352s] INFO:colcon.colcon_cmake.task.cmake.build:Building CMake package in '/home/beta/RINS-TASK2/dis_tutorial7'
[0.352s] INFO:colcon.colcon_core.shell:Skip shell extension 'powershell' for command environment: Not usable outside of PowerShell
[0.352s] DEBUG:colcon.colcon_core.shell:Skip shell extension 'dsv' for command environment
[0.361s] DEBUG:colcon.colcon_core.event_handler.log_command:Invoking command in '/home/beta/RINS-TASK2/build/dis_tutorial3': CMAKE_PREFIX_PATH=${CMAKE_PREFIX_PATH}:/opt/ros/humble /usr/bin/cmake --build /home/beta/RINS-TASK2/build/dis_tutorial3 -- -j16 -l16
[0.366s] DEBUG:colcon.colcon_core.event_handler.log_command:Invoking command in '/home/beta/RINS-TASK2/build/dis_tutorial7': CMAKE_PREFIX_PATH=${CMAKE_PREFIX_PATH}:/opt/ros/humble /usr/bin/cmake --build /home/beta/RINS-TASK2/build/dis_tutorial7 -- -j16 -l16
[0.418s] DEBUG:colcon.colcon_core.event_handler.log_command:Invoked command in '/home/beta/RINS-TASK2/build/dis_tutorial3' returned '0': CMAKE_PREFIX_PATH=${CMAKE_PREFIX_PATH}:/opt/ros/humble /usr/bin/cmake --build /home/beta/RINS-TASK2/build/dis_tutorial3 -- -j16 -l16
[0.430s] DEBUG:colcon.colcon_core.event_handler.log_command:Invoking command in '/home/beta/RINS-TASK2/build/dis_tutorial3': CMAKE_PREFIX_PATH=${CMAKE_PREFIX_PATH}:/opt/ros/humble /usr/bin/cmake --install /home/beta/RINS-TASK2/build/dis_tutorial3
[0.431s] DEBUG:colcon.colcon_core.event_handler.log_command:Invoked command in '/home/beta/RINS-TASK2/build/dis_tutorial7' returned '0': CMAKE_PREFIX_PATH=${CMAKE_PREFIX_PATH}:/opt/ros/humble /usr/bin/cmake --build /home/beta/RINS-TASK2/build/dis_tutorial7 -- -j16 -l16
[0.433s] DEBUG:colcon.colcon_core.event_handler.log_command:Invoking command in '/home/beta/RINS-TASK2/build/dis_tutorial7': CMAKE_PREFIX_PATH=${CMAKE_PREFIX_PATH}:/opt/ros/humble /usr/bin/cmake --install /home/beta/RINS-TASK2/build/dis_tutorial7
[0.450s] Level 1:colcon.colcon_core.environment:create_environment_scripts_only(dis_tutorial7)
[0.466s] Level 1:colcon.colcon_core.environment:checking '/home/beta/RINS-TASK2/install/dis_tutorial7' for CMake module files
[0.468s] Level 1:colcon.colcon_core.environment:checking '/home/beta/RINS-TASK2/install/dis_tutorial7' for CMake config files
[0.469s] DEBUG:colcon.colcon_core.event_handler.log_command:Invoked command in '/home/beta/RINS-TASK2/build/dis_tutorial7' returned '0': CMAKE_PREFIX_PATH=${CMAKE_PREFIX_PATH}:/opt/ros/humble /usr/bin/cmake --install /home/beta/RINS-TASK2/build/dis_tutorial7
[0.469s] Level 1:colcon.colcon_core.shell:create_environment_hook('dis_tutorial7', 'cmake_prefix_path')
[0.469s] INFO:colcon.colcon_core.shell:Creating environment hook '/home/beta/RINS-TASK2/install/dis_tutorial7/share/dis_tutorial7/hook/cmake_prefix_path.ps1'
[0.470s] INFO:colcon.colcon_core.shell:Creating environment descriptor '/home/beta/RINS-TASK2/install/dis_tutorial7/share/dis_tutorial7/hook/cmake_prefix_path.dsv'
[0.470s] INFO:colcon.colcon_core.shell:Creating environment hook '/home/beta/RINS-TASK2/install/dis_tutorial7/share/dis_tutorial7/hook/cmake_prefix_path.sh'
[0.472s] Level 1:colcon.colcon_core.environment:checking '/home/beta/RINS-TASK2/install/dis_tutorial7/lib'
[0.472s] Level 1:colcon.colcon_core.environment:checking '/home/beta/RINS-TASK2/install/dis_tutorial7/bin'
[0.472s] Level 1:colcon.colcon_core.environment:checking '/home/beta/RINS-TASK2/install/dis_tutorial7/lib/pkgconfig/dis_tutorial7.pc'
[0.472s] Level 1:colcon.colcon_core.environment:checking '/home/beta/RINS-TASK2/install/dis_tutorial7/lib/python3.10/site-packages'
[0.472s] Level 1:colcon.colcon_core.environment:checking '/home/beta/RINS-TASK2/install/dis_tutorial7/bin'
[0.473s] INFO:colcon.colcon_core.shell:Creating package script '/home/beta/RINS-TASK2/install/dis_tutorial7/share/dis_tutorial7/package.ps1'
[0.474s] INFO:colcon.colcon_core.shell:Creating package descriptor '/home/beta/RINS-TASK2/install/dis_tutorial7/share/dis_tutorial7/package.dsv'
[0.475s] INFO:colcon.colcon_core.shell:Creating package script '/home/beta/RINS-TASK2/install/dis_tutorial7/share/dis_tutorial7/package.sh'
[0.476s] INFO:colcon.colcon_core.shell:Creating package script '/home/beta/RINS-TASK2/install/dis_tutorial7/share/dis_tutorial7/package.bash'
[0.477s] INFO:colcon.colcon_core.shell:Creating package script '/home/beta/RINS-TASK2/install/dis_tutorial7/share/dis_tutorial7/package.zsh'
[0.478s] Level 1:colcon.colcon_core.environment:create_file_with_runtime_dependencies(/home/beta/RINS-TASK2/install/dis_tutorial7/share/colcon-core/packages/dis_tutorial7)
[0.479s] Level 1:colcon.colcon_core.environment:create_environment_scripts_only(dis_tutorial7)
[0.479s] Level 1:colcon.colcon_core.environment:checking '/home/beta/RINS-TASK2/install/dis_tutorial7' for CMake module files
[0.480s] Level 1:colcon.colcon_core.environment:checking '/home/beta/RINS-TASK2/install/dis_tutorial7' for CMake config files
[0.481s] Level 1:colcon.colcon_core.shell:create_environment_hook('dis_tutorial7', 'cmake_prefix_path')
[0.481s] INFO:colcon.colcon_core.shell:Creating environment hook '/home/beta/RINS-TASK2/install/dis_tutorial7/share/dis_tutorial7/hook/cmake_prefix_path.ps1'
[0.482s] INFO:colcon.colcon_core.shell:Creating environment descriptor '/home/beta/RINS-TASK2/install/dis_tutorial7/share/dis_tutorial7/hook/cmake_prefix_path.dsv'
[0.482s] INFO:colcon.colcon_core.shell:Creating environment hook '/home/beta/RINS-TASK2/install/dis_tutorial7/share/dis_tutorial7/hook/cmake_prefix_path.sh'
[0.483s] Level 1:colcon.colcon_core.environment:checking '/home/beta/RINS-TASK2/install/dis_tutorial7/lib'
[0.483s] Level 1:colcon.colcon_core.environment:checking '/home/beta/RINS-TASK2/install/dis_tutorial7/bin'
[0.483s] Level 1:colcon.colcon_core.environment:checking '/home/beta/RINS-TASK2/install/dis_tutorial7/lib/pkgconfig/dis_tutorial7.pc'
[0.483s] Level 1:colcon.colcon_core.environment:checking '/home/beta/RINS-TASK2/install/dis_tutorial7/lib/python3.10/site-packages'
[0.484s] Level 1:colcon.colcon_core.environment:checking '/home/beta/RINS-TASK2/install/dis_tutorial7/bin'
[0.484s] INFO:colcon.colcon_core.shell:Creating package script '/home/beta/RINS-TASK2/install/dis_tutorial7/share/dis_tutorial7/package.ps1'
[0.485s] INFO:colcon.colcon_core.shell:Creating package descriptor '/home/beta/RINS-TASK2/install/dis_tutorial7/share/dis_tutorial7/package.dsv'
[0.486s] INFO:colcon.colcon_core.shell:Creating package script '/home/beta/RINS-TASK2/install/dis_tutorial7/share/dis_tutorial7/package.sh'
[0.486s] INFO:colcon.colcon_core.shell:Creating package script '/home/beta/RINS-TASK2/install/dis_tutorial7/share/dis_tutorial7/package.bash'
[0.486s] INFO:colcon.colcon_core.shell:Creating package script '/home/beta/RINS-TASK2/install/dis_tutorial7/share/dis_tutorial7/package.zsh'
[0.487s] Level 1:colcon.colcon_core.environment:create_file_with_runtime_dependencies(/home/beta/RINS-TASK2/install/dis_tutorial7/share/colcon-core/packages/dis_tutorial7)
[0.487s] Level 1:colcon.colcon_core.environment:create_environment_scripts_only(dis_tutorial3)
[0.488s] Level 1:colcon.colcon_core.environment:checking '/home/beta/RINS-TASK2/install/dis_tutorial3' for CMake module files
[0.489s] DEBUG:colcon.colcon_core.event_handler.log_command:Invoked command in '/home/beta/RINS-TASK2/build/dis_tutorial3' returned '0': CMAKE_PREFIX_PATH=${CMAKE_PREFIX_PATH}:/opt/ros/humble /usr/bin/cmake --install /home/beta/RINS-TASK2/build/dis_tutorial3
[0.489s] Level 1:colcon.colcon_core.environment:checking '/home/beta/RINS-TASK2/install/dis_tutorial3' for CMake config files
[0.489s] Level 1:colcon.colcon_core.shell:create_environment_hook('dis_tutorial3', 'cmake_prefix_path')
[0.489s] INFO:colcon.colcon_core.shell:Creating environment hook '/home/beta/RINS-TASK2/install/dis_tutorial3/share/dis_tutorial3/hook/cmake_prefix_path.ps1'
[0.490s] INFO:colcon.colcon_core.shell:Creating environment descriptor '/home/beta/RINS-TASK2/install/dis_tutorial3/share/dis_tutorial3/hook/cmake_prefix_path.dsv'
[0.490s] INFO:colcon.colcon_core.shell:Creating environment hook '/home/beta/RINS-TASK2/install/dis_tutorial3/share/dis_tutorial3/hook/cmake_prefix_path.sh'
[0.490s] Level 1:colcon.colcon_core.environment:checking '/home/beta/RINS-TASK2/install/dis_tutorial3/lib'
[0.491s] Level 1:colcon.colcon_core.environment:checking '/home/beta/RINS-TASK2/install/dis_tutorial3/bin'
[0.491s] Level 1:colcon.colcon_core.environment:checking '/home/beta/RINS-TASK2/install/dis_tutorial3/lib/pkgconfig/dis_tutorial3.pc'
[0.491s] Level 1:colcon.colcon_core.environment:checking '/home/beta/RINS-TASK2/install/dis_tutorial3/lib/python3.10/site-packages'
[0.491s] Level 1:colcon.colcon_core.environment:checking '/home/beta/RINS-TASK2/install/dis_tutorial3/bin'
[0.491s] INFO:colcon.colcon_core.shell:Creating package script '/home/beta/RINS-TASK2/install/dis_tutorial3/share/dis_tutorial3/package.ps1'
[0.492s] INFO:colcon.colcon_core.shell:Creating package descriptor '/home/beta/RINS-TASK2/install/dis_tutorial3/share/dis_tutorial3/package.dsv'
[0.492s] INFO:colcon.colcon_core.shell:Creating package script '/home/beta/RINS-TASK2/install/dis_tutorial3/share/dis_tutorial3/package.sh'
[0.493s] INFO:colcon.colcon_core.shell:Creating package script '/home/beta/RINS-TASK2/install/dis_tutorial3/share/dis_tutorial3/package.bash'
[0.493s] INFO:colcon.colcon_core.shell:Creating package script '/home/beta/RINS-TASK2/install/dis_tutorial3/share/dis_tutorial3/package.zsh'
[0.493s] Level 1:colcon.colcon_core.environment:create_file_with_runtime_dependencies(/home/beta/RINS-TASK2/install/dis_tutorial3/share/colcon-core/packages/dis_tutorial3)
[0.494s] Level 1:colcon.colcon_core.environment:create_environment_scripts_only(dis_tutorial3)
[0.494s] Level 1:colcon.colcon_core.environment:checking '/home/beta/RINS-TASK2/install/dis_tutorial3' for CMake module files
[0.494s] Level 1:colcon.colcon_core.environment:checking '/home/beta/RINS-TASK2/install/dis_tutorial3' for CMake config files
[0.495s] Level 1:colcon.colcon_core.shell:create_environment_hook('dis_tutorial3', 'cmake_prefix_path')
[0.495s] INFO:colcon.colcon_core.shell:Creating environment hook '/home/beta/RINS-TASK2/install/dis_tutorial3/share/dis_tutorial3/hook/cmake_prefix_path.ps1'
[0.496s] INFO:colcon.colcon_core.shell:Creating environment descriptor '/home/beta/RINS-TASK2/install/dis_tutorial3/share/dis_tutorial3/hook/cmake_prefix_path.dsv'
[0.496s] INFO:colcon.colcon_core.shell:Creating environment hook '/home/beta/RINS-TASK2/install/dis_tutorial3/share/dis_tutorial3/hook/cmake_prefix_path.sh'
[0.497s] Level 1:colcon.colcon_core.environment:checking '/home/beta/RINS-TASK2/install/dis_tutorial3/lib'
[0.497s] Level 1:colcon.colcon_core.environment:checking '/home/beta/RINS-TASK2/install/dis_tutorial3/bin'
[0.497s] Level 1:colcon.colcon_core.environment:checking '/home/beta/RINS-TASK2/install/dis_tutorial3/lib/pkgconfig/dis_tutorial3.pc'
[0.497s] Level 1:colcon.colcon_core.environment:checking '/home/beta/RINS-TASK2/install/dis_tutorial3/lib/python3.10/site-packages'
[0.497s] Level 1:colcon.colcon_core.environment:checking '/home/beta/RINS-TASK2/install/dis_tutorial3/bin'
[0.498s] INFO:colcon.colcon_core.shell:Creating package script '/home/beta/RINS-TASK2/install/dis_tutorial3/share/dis_tutorial3/package.ps1'
[0.498s] INFO:colcon.colcon_core.shell:Creating package descriptor '/home/beta/RINS-TASK2/install/dis_tutorial3/share/dis_tutorial3/package.dsv'
[0.498s] INFO:colcon.colcon_core.shell:Creating package script '/home/beta/RINS-TASK2/install/dis_tutorial3/share/dis_tutorial3/package.sh'
[0.499s] INFO:colcon.colcon_core.shell:Creating package script '/home/beta/RINS-TASK2/install/dis_tutorial3/share/dis_tutorial3/package.bash'
[0.499s] INFO:colcon.colcon_core.shell:Creating package script '/home/beta/RINS-TASK2/install/dis_tutorial3/share/dis_tutorial3/package.zsh'
[0.499s] Level 1:colcon.colcon_core.environment:create_file_with_runtime_dependencies(/home/beta/RINS-TASK2/install/dis_tutorial3/share/colcon-core/packages/dis_tutorial3)
[0.500s] DEBUG:colcon.colcon_parallel_executor.executor.parallel:closing loop
[0.500s] DEBUG:colcon.colcon_parallel_executor.executor.parallel:loop closed
[0.500s] DEBUG:colcon.colcon_parallel_executor.executor.parallel:run_until_complete finished with '0'
[0.500s] DEBUG:colcon.colcon_core.event_reactor:joining thread
[0.505s] INFO:colcon.colcon_core.plugin_system:Skipping extension 'colcon_notification.desktop_notification.notify_send': Could not find 'notify-send'
[0.505s] INFO:colcon.colcon_core.plugin_system:Skipping extension 'colcon_notification.desktop_notification.terminal_notifier': Not used on non-Darwin systems
[0.505s] INFO:colcon.colcon_core.plugin_system:Skipping extension 'colcon_notification.desktop_notification.win32': Not used on non-Windows systems
[0.505s] INFO:colcon.colcon_notification.desktop_notification:Sending desktop notification using 'notify2'
[0.531s] DEBUG:colcon.colcon_core.event_reactor:joined thread
[0.532s] INFO:colcon.colcon_core.shell:Creating prefix script '/home/beta/RINS-TASK2/install/local_setup.ps1'
[0.533s] INFO:colcon.colcon_core.shell:Creating prefix util module '/home/beta/RINS-TASK2/install/_local_setup_util_ps1.py'
[0.534s] INFO:colcon.colcon_core.shell:Creating prefix chain script '/home/beta/RINS-TASK2/install/setup.ps1'
[0.535s] INFO:colcon.colcon_core.shell:Creating prefix script '/home/beta/RINS-TASK2/install/local_setup.sh'
[0.536s] INFO:colcon.colcon_core.shell:Creating prefix util module '/home/beta/RINS-TASK2/install/_local_setup_util_sh.py'
[0.536s] INFO:colcon.colcon_core.shell:Creating prefix chain script '/home/beta/RINS-TASK2/install/setup.sh'
[0.537s] INFO:colcon.colcon_core.shell:Creating prefix script '/home/beta/RINS-TASK2/install/local_setup.bash'
[0.537s] INFO:colcon.colcon_core.shell:Creating prefix chain script '/home/beta/RINS-TASK2/install/setup.bash'
[0.538s] INFO:colcon.colcon_core.shell:Creating prefix script '/home/beta/RINS-TASK2/install/local_setup.zsh'
[0.539s] INFO:colcon.colcon_core.shell:Creating prefix chain script '/home/beta/RINS-TASK2/install/setup.zsh'
