-- The C compiler identification is GNU 11.4.0
-- The CXX compiler identification is GNU 11.4.0
-- Detecting C compiler ABI info
-- Detecting C compiler ABI info - done
-- Check for working C compiler: /usr/bin/cc - skipped
-- Detecting C compile features
-- Detecting C compile features - done
-- Detecting CXX compiler ABI info
-- Detecting CXX compiler ABI info - done
-- Check for working CXX compiler: /usr/bin/c++ - skipped
-- Detecting CXX compile features
-- Detecting CXX compile features - done
-- Found ament_cmake: 1.3.11 (/opt/ros/humble/share/ament_cmake/cmake)
-- Found Python3: /usr/bin/python3 (found version "3.10.12") found components: Interpreter
-- Found rclcpp: 16.0.12 (/opt/ros/humble/share/rclcpp/cmake)
-- Found rosidl_generator_c: 3.1.6 (/opt/ros/humble/share/rosidl_generator_c/cmake)
-- Found rosidl_adapter: 3.1.6 (/opt/ros/humble/share/rosidl_adapter/cmake)
-- Found rosidl_generator_cpp: 3.1.6 (/opt/ros/humble/share/rosidl_generator_cpp/cmake)
-- Using all available rosidl_typesupport_c: rosidl_typesupport_fastrtps_c;rosidl_typesupport_introspection_c
-- Using all available rosidl_typesupport_cpp: rosidl_typesupport_fastrtps_cpp;rosidl_typesupport_introspection_cpp
-- Found rmw_implementation_cmake: 6.1.2 (/opt/ros/humble/share/rmw_implementation_cmake/cmake)
-- Found rmw_fastrtps_cpp: 6.2.7 (/opt/ros/humble/share/rmw_fastrtps_cpp/cmake)
-- Found OpenSSL: /usr/lib/x86_64-linux-gnu/libcrypto.so (found version "3.0.2")
-- Found FastRTPS: /opt/ros/humble/include
-- Using RMW implementation 'rmw_fastrtps_cpp' as default
-- Performing Test CMAKE_HAVE_LIBC_PTHREAD
-- Performing Test CMAKE_HAVE_LIBC_PTHREAD - Success
-- Found Threads: TRUE
-- Found rclpy: 3.3.16 (/opt/ros/humble/share/rclpy/cmake)
-- Found std_srvs: 4.8.0 (/opt/ros/humble/share/std_srvs/cmake)
-- Found nav_msgs: 4.8.0 (/opt/ros/humble/share/nav_msgs/cmake)
-- Found sensor_msgs: 4.8.0 (/opt/ros/humble/share/sensor_msgs/cmake)
-- Found visualization_msgs: 4.8.0 (/opt/ros/humble/share/visualization_msgs/cmake)
-- Found tf2_ros: 0.25.12 (/opt/ros/humble/share/tf2_ros/cmake)
-- Found cv_bridge: 3.2.1 (/opt/ros/humble/share/cv_bridge/cmake)
-- Configuring done (1.0s)
-- Generating done (0.0s)
-- Build files have been written to: /home/beta/Desktop/RINS-TASK2/build/dis_tutorial7
-- Install configuration: ""
-- Installing: /home/beta/Desktop/RINS-TASK2/install/dis_tutorial7/share/dis_tutorial7//launch
-- Installing: /home/beta/Desktop/RINS-TASK2/install/dis_tutorial7/share/dis_tutorial7//launch/robot_description.launch.py
-- Installing: /home/beta/Desktop/RINS-TASK2/install/dis_tutorial7/share/dis_tutorial7//launch/turtlebot4_spawn.launch.py
-- Installing: /home/beta/Desktop/RINS-TASK2/install/dis_tutorial7/share/dis_tutorial7//launch/turtlebot4_nodes.launch.py
-- Installing: /home/beta/Desktop/RINS-TASK2/install/dis_tutorial7/share/dis_tutorial7//launch/create3_ros_ignition_bridge.launch.py
-- Installing: /home/beta/Desktop/RINS-TASK2/install/dis_tutorial7/share/dis_tutorial7//launch/sim_turtlebot_nav.launch.py
-- Installing: /home/beta/Desktop/RINS-TASK2/install/dis_tutorial7/share/dis_tutorial7//launch/control.py
-- Installing: /home/beta/Desktop/RINS-TASK2/install/dis_tutorial7/share/dis_tutorial7//launch/ros_ign_bridge.launch.py
-- Installing: /home/beta/Desktop/RINS-TASK2/install/dis_tutorial7/share/dis_tutorial7//launch/create3_nodes.launch.py
-- Installing: /home/beta/Desktop/RINS-TASK2/install/dis_tutorial7/share/dis_tutorial7//launch/create3_ignition_nodes.launch.py
-- Installing: /home/beta/Desktop/RINS-TASK2/install/dis_tutorial7/share/dis_tutorial7//launch/view_robot.launch.py
-- Installing: /home/beta/Desktop/RINS-TASK2/install/dis_tutorial7/share/dis_tutorial7//meshes
-- Installing: /home/beta/Desktop/RINS-TASK2/install/dis_tutorial7/share/dis_tutorial7//meshes/shell_collision.dae
-- Installing: /home/beta/Desktop/RINS-TASK2/install/dis_tutorial7/share/dis_tutorial7//meshes/top_camera_pro.dae
-- Installing: /home/beta/Desktop/RINS-TASK2/install/dis_tutorial7/share/dis_tutorial7//meshes/oakd_pro.dae
-- Installing: /home/beta/Desktop/RINS-TASK2/install/dis_tutorial7/share/dis_tutorial7//meshes/weight_block.dae
-- Installing: /home/beta/Desktop/RINS-TASK2/install/dis_tutorial7/share/dis_tutorial7//meshes/oakd_lite.dae
-- Installing: /home/beta/Desktop/RINS-TASK2/install/dis_tutorial7/share/dis_tutorial7//meshes/tower_standoff.dae
-- Installing: /home/beta/Desktop/RINS-TASK2/install/dis_tutorial7/share/dis_tutorial7//meshes/rplidar.dae
-- Installing: /home/beta/Desktop/RINS-TASK2/install/dis_tutorial7/share/dis_tutorial7//meshes/camera_bracket.dae
-- Installing: /home/beta/Desktop/RINS-TASK2/install/dis_tutorial7/share/dis_tutorial7//meshes/tower_sensor_plate.dae
-- Installing: /home/beta/Desktop/RINS-TASK2/install/dis_tutorial7/share/dis_tutorial7//meshes/shell.dae
-- Installing: /home/beta/Desktop/RINS-TASK2/install/dis_tutorial7/share/dis_tutorial7//meshes/tower.dae
-- Installing: /home/beta/Desktop/RINS-TASK2/install/dis_tutorial7/share/dis_tutorial7//urdf
-- Installing: /home/beta/Desktop/RINS-TASK2/install/dis_tutorial7/share/dis_tutorial7//urdf/lite
-- Installing: /home/beta/Desktop/RINS-TASK2/install/dis_tutorial7/share/dis_tutorial7//urdf/lite/turtlebot4.urdf.xacro
-- Installing: /home/beta/Desktop/RINS-TASK2/install/dis_tutorial7/share/dis_tutorial7//urdf/sensors
-- Installing: /home/beta/Desktop/RINS-TASK2/install/dis_tutorial7/share/dis_tutorial7//urdf/sensors/rplidar.urdf.xacro
-- Installing: /home/beta/Desktop/RINS-TASK2/install/dis_tutorial7/share/dis_tutorial7//urdf/sensors/top_camera.urdf.xacro
-- Installing: /home/beta/Desktop/RINS-TASK2/install/dis_tutorial7/share/dis_tutorial7//urdf/sensors/oakd.urdf.xacro
-- Installing: /home/beta/Desktop/RINS-TASK2/install/dis_tutorial7/share/dis_tutorial7//urdf/sensors/camera_bracket.urdf.xacro
-- Installing: /home/beta/Desktop/RINS-TASK2/install/dis_tutorial7/share/dis_tutorial7//urdf/create
-- Installing: /home/beta/Desktop/RINS-TASK2/install/dis_tutorial7/share/dis_tutorial7//urdf/create/create3.urdf.xacro
-- Installing: /home/beta/Desktop/RINS-TASK2/install/dis_tutorial7/share/dis_tutorial7//urdf/standard
-- Installing: /home/beta/Desktop/RINS-TASK2/install/dis_tutorial7/share/dis_tutorial7//urdf/standard/tower_sensor_plate.urdf.xacro
-- Installing: /home/beta/Desktop/RINS-TASK2/install/dis_tutorial7/share/dis_tutorial7//urdf/standard/turtlebot4.urdf.xacro
-- Installing: /home/beta/Desktop/RINS-TASK2/install/dis_tutorial7/share/dis_tutorial7//urdf/standard/tower_standoff.urdf.xacro
-- Installing: /home/beta/Desktop/RINS-TASK2/install/dis_tutorial7/share/dis_tutorial7//urdf/standard/weight_block.urdf.xacro
-- Installing: /home/beta/Desktop/RINS-TASK2/install/dis_tutorial7/share/dis_tutorial7//urdf/arm
-- Installing: /home/beta/Desktop/RINS-TASK2/install/dis_tutorial7/share/dis_tutorial7//urdf/arm/arm.urdf.xacro
-- Installing: /home/beta/Desktop/RINS-TASK2/install/dis_tutorial7/share/dis_tutorial7//config
-- Installing: /home/beta/Desktop/RINS-TASK2/install/dis_tutorial7/share/dis_tutorial7//config/arm_controller_position.yaml
-- Installing: /home/beta/Desktop/RINS-TASK2/install/dis_tutorial7/share/dis_tutorial7//config/control.yaml
-- Installing: /home/beta/Desktop/RINS-TASK2/install/dis_tutorial7/share/dis_tutorial7//config/all_controls_jtc.yaml
-- Installing: /home/beta/Desktop/RINS-TASK2/install/dis_tutorial7/share/dis_tutorial7//config/all_controls.yaml
-- Installing: /home/beta/Desktop/RINS-TASK2/install/dis_tutorial7/share/dis_tutorial7/scripts
-- Installing: /home/beta/Desktop/RINS-TASK2/install/dis_tutorial7/lib/dis_tutorial7/detect_birds.py
-- Installing: /home/beta/Desktop/RINS-TASK2/install/dis_tutorial7/lib/dis_tutorial7/arm_mover_actions.py
-- Installing: /home/beta/Desktop/RINS-TASK2/install/dis_tutorial7/lib/dis_tutorial7/robot_commander.py
-- Installing: /home/beta/Desktop/RINS-TASK2/install/dis_tutorial7/lib/dis_tutorial7/follow_bridge.py
-- Installing: /home/beta/Desktop/RINS-TASK2/install/dis_tutorial7/lib/dis_tutorial7/bird_classifier.py
-- Installing: /home/beta/Desktop/RINS-TASK2/install/dis_tutorial7/lib/dis_tutorial7/detect_people1.py
-- Installing: /home/beta/Desktop/RINS-TASK2/install/dis_tutorial7/lib/dis_tutorial7/detect_rings_depth.py
-- Installing: /home/beta/Desktop/RINS-TASK2/install/dis_tutorial7/lib/dis_tutorial7/detect_rings1.py
-- Installing: /home/beta/Desktop/RINS-TASK2/install/dis_tutorial7/lib/dis_tutorial7/skeletonized_path_2.py
-- Installing: /home/beta/Desktop/RINS-TASK2/install/dis_tutorial7/lib/dis_tutorial7/detect_classify_birds.py
-- Installing: /home/beta/Desktop/RINS-TASK2/install/dis_tutorial7/share/ament_index/resource_index/package_run_dependencies/dis_tutorial7
-- Installing: /home/beta/Desktop/RINS-TASK2/install/dis_tutorial7/share/ament_index/resource_index/parent_prefix_path/dis_tutorial7
-- Installing: /home/beta/Desktop/RINS-TASK2/install/dis_tutorial7/share/dis_tutorial7/environment/ament_prefix_path.sh
-- Installing: /home/beta/Desktop/RINS-TASK2/install/dis_tutorial7/share/dis_tutorial7/environment/ament_prefix_path.dsv
-- Installing: /home/beta/Desktop/RINS-TASK2/install/dis_tutorial7/share/dis_tutorial7/environment/path.sh
-- Installing: /home/beta/Desktop/RINS-TASK2/install/dis_tutorial7/share/dis_tutorial7/environment/path.dsv
-- Installing: /home/beta/Desktop/RINS-TASK2/install/dis_tutorial7/share/dis_tutorial7/local_setup.bash
-- Installing: /home/beta/Desktop/RINS-TASK2/install/dis_tutorial7/share/dis_tutorial7/local_setup.sh
-- Installing: /home/beta/Desktop/RINS-TASK2/install/dis_tutorial7/share/dis_tutorial7/local_setup.zsh
-- Installing: /home/beta/Desktop/RINS-TASK2/install/dis_tutorial7/share/dis_tutorial7/local_setup.dsv
-- Installing: /home/beta/Desktop/RINS-TASK2/install/dis_tutorial7/share/dis_tutorial7/package.dsv
-- Installing: /home/beta/Desktop/RINS-TASK2/install/dis_tutorial7/share/ament_index/resource_index/packages/dis_tutorial7
-- Installing: /home/beta/Desktop/RINS-TASK2/install/dis_tutorial7/share/dis_tutorial7/cmake/dis_tutorial7Config.cmake
-- Installing: /home/beta/Desktop/RINS-TASK2/install/dis_tutorial7/share/dis_tutorial7/cmake/dis_tutorial7Config-version.cmake
-- Installing: /home/beta/Desktop/RINS-TASK2/install/dis_tutorial7/share/dis_tutorial7/package.xml
