[0.059s] DEBUG:colcon:Command line arguments: ['/usr/bin/colcon', 'build']
[0.059s] DEBUG:colcon:Parsed command line arguments: Namespace(log_base=None, log_level=None, verb_name='build', build_base='build', install_base='install', merge_install=False, symlink_install=False, test_result_base=None, continue_on_error=False, executor='parallel', parallel_workers=16, event_handlers=None, ignore_user_meta=False, metas=['./colcon.meta'], base_paths=['.'], packages_ignore=None, packages_ignore_regex=None, paths=None, packages_up_to=None, packages_up_to_regex=None, packages_above=None, packages_above_and_dependencies=None, packages_above_depth=None, packages_select_by_dep=None, packages_skip_by_dep=None, packages_skip_up_to=None, packages_select_build_failed=False, packages_skip_build_finished=False, packages_select_test_failures=False, packages_skip_test_passed=False, packages_select=None, packages_skip=None, packages_select_regex=None, packages_skip_regex=None, packages_start=None, packages_end=None, allow_overriding=[], cmake_args=None, cmake_target=None, cmake_target_skip_unavailable=False, cmake_clean_cache=False, cmake_clean_first=False, cmake_force_configure=False, ament_cmake_args=None, catkin_cmake_args=None, catkin_skip_building_tests=False, mixin_files=None, mixin=None, verb_parser=<colcon_mixin.mixin.mixin_argument.MixinArgumentDecorator object at 0x750721c72410>, verb_extension=<colcon_core.verb.build.BuildVerb object at 0x750721c71f60>, main=<bound method BuildVerb.main of <colcon_core.verb.build.BuildVerb object at 0x750721c71f60>>, mixin_verb=('build',))
[0.149s] Level 1:colcon.colcon_core.package_discovery:discover_packages(colcon_meta) check parameters
[0.149s] Level 1:colcon.colcon_core.package_discovery:discover_packages(recursive) check parameters
[0.149s] Level 1:colcon.colcon_core.package_discovery:discover_packages(ignore) check parameters
[0.149s] Level 1:colcon.colcon_core.package_discovery:discover_packages(path) check parameters
[0.149s] Level 1:colcon.colcon_core.package_discovery:discover_packages(colcon_meta) discover
[0.149s] Level 1:colcon.colcon_core.package_discovery:discover_packages(recursive) discover
[0.149s] INFO:colcon.colcon_core.package_discovery:Crawling recursively for packages in '/home/beta/RINS-TASK2/dis_tutorial7/src/dis_tutorial3'
[0.149s] Level 1:colcon.colcon_core.package_identification:_identify(.) by extensions ['ignore', 'ignore_ament_install']
[0.149s] Level 1:colcon.colcon_core.package_identification:_identify(.) by extension 'ignore'
[0.149s] Level 1:colcon.colcon_core.package_identification:_identify(.) by extension 'ignore_ament_install'
[0.149s] Level 1:colcon.colcon_core.package_identification:_identify(.) by extensions ['colcon_pkg']
[0.149s] Level 1:colcon.colcon_core.package_identification:_identify(.) by extension 'colcon_pkg'
[0.149s] Level 1:colcon.colcon_core.package_identification:_identify(.) by extensions ['colcon_meta']
[0.149s] Level 1:colcon.colcon_core.package_identification:_identify(.) by extension 'colcon_meta'
[0.149s] Level 1:colcon.colcon_core.package_identification:_identify(.) by extensions ['ros']
[0.149s] Level 1:colcon.colcon_core.package_identification:_identify(.) by extension 'ros'
[0.157s] DEBUG:colcon.colcon_core.package_identification:Package '.' with type 'ros.ament_cmake' and name 'dis_tutorial3'
[0.157s] Level 1:colcon.colcon_core.package_discovery:discover_packages(recursive) using defaults
[0.157s] Level 1:colcon.colcon_core.package_discovery:discover_packages(ignore) discover
[0.157s] Level 1:colcon.colcon_core.package_discovery:discover_packages(ignore) using defaults
[0.157s] Level 1:colcon.colcon_core.package_discovery:discover_packages(path) discover
[0.157s] Level 1:colcon.colcon_core.package_discovery:discover_packages(path) using defaults
[0.172s] Level 1:colcon.colcon_core.package_discovery:discover_packages(prefix_path) check parameters
[0.172s] Level 1:colcon.colcon_core.package_discovery:discover_packages(prefix_path) discover
[0.173s] DEBUG:colcon.colcon_installed_package_information.package_discovery:Found 0 installed packages in /home/beta/colcon_ws/install
[0.174s] DEBUG:colcon.colcon_installed_package_information.package_discovery:Found 420 installed packages in /opt/ros/humble
[0.175s] Level 1:colcon.colcon_core.package_discovery:discover_packages(prefix_path) using defaults
[0.202s] Level 5:colcon.colcon_core.verb:set package 'dis_tutorial3' build argument 'cmake_args' from command line to 'None'
[0.202s] Level 5:colcon.colcon_core.verb:set package 'dis_tutorial3' build argument 'cmake_target' from command line to 'None'
[0.202s] Level 5:colcon.colcon_core.verb:set package 'dis_tutorial3' build argument 'cmake_target_skip_unavailable' from command line to 'False'
[0.202s] Level 5:colcon.colcon_core.verb:set package 'dis_tutorial3' build argument 'cmake_clean_cache' from command line to 'False'
[0.202s] Level 5:colcon.colcon_core.verb:set package 'dis_tutorial3' build argument 'cmake_clean_first' from command line to 'False'
[0.202s] Level 5:colcon.colcon_core.verb:set package 'dis_tutorial3' build argument 'cmake_force_configure' from command line to 'False'
[0.202s] Level 5:colcon.colcon_core.verb:set package 'dis_tutorial3' build argument 'ament_cmake_args' from command line to 'None'
[0.202s] Level 5:colcon.colcon_core.verb:set package 'dis_tutorial3' build argument 'catkin_cmake_args' from command line to 'None'
[0.202s] Level 5:colcon.colcon_core.verb:set package 'dis_tutorial3' build argument 'catkin_skip_building_tests' from command line to 'False'
[0.202s] DEBUG:colcon.colcon_core.verb:Building package 'dis_tutorial3' with the following arguments: {'ament_cmake_args': None, 'build_base': '/home/beta/RINS-TASK2/dis_tutorial7/src/dis_tutorial3/build/dis_tutorial3', 'catkin_cmake_args': None, 'catkin_skip_building_tests': False, 'cmake_args': None, 'cmake_clean_cache': False, 'cmake_clean_first': False, 'cmake_force_configure': False, 'cmake_target': None, 'cmake_target_skip_unavailable': False, 'install_base': '/home/beta/RINS-TASK2/dis_tutorial7/src/dis_tutorial3/install/dis_tutorial3', 'merge_install': False, 'path': '/home/beta/RINS-TASK2/dis_tutorial7/src/dis_tutorial3', 'symlink_install': False, 'test_result_base': None}
[0.202s] INFO:colcon.colcon_core.executor:Executing jobs using 'parallel' executor
[0.203s] DEBUG:colcon.colcon_parallel_executor.executor.parallel:run_until_complete
[0.203s] INFO:colcon.colcon_ros.task.ament_cmake.build:Building ROS package in '/home/beta/RINS-TASK2/dis_tutorial7/src/dis_tutorial3' with build type 'ament_cmake'
[0.203s] INFO:colcon.colcon_cmake.task.cmake.build:Building CMake package in '/home/beta/RINS-TASK2/dis_tutorial7/src/dis_tutorial3'
[0.204s] INFO:colcon.colcon_core.plugin_system:Skipping extension 'colcon_core.shell.bat': Not used on non-Windows systems
[0.204s] INFO:colcon.colcon_core.shell:Skip shell extension 'powershell' for command environment: Not usable outside of PowerShell
[0.204s] DEBUG:colcon.colcon_core.shell:Skip shell extension 'dsv' for command environment
[0.209s] DEBUG:colcon.colcon_core.event_handler.log_command:Invoking command in '/home/beta/RINS-TASK2/dis_tutorial7/src/dis_tutorial3/build/dis_tutorial3': CMAKE_PREFIX_PATH=/opt/ros/humble /usr/bin/cmake /home/beta/RINS-TASK2/dis_tutorial7/src/dis_tutorial3 -DCMAKE_INSTALL_PREFIX=/home/beta/RINS-TASK2/dis_tutorial7/src/dis_tutorial3/install/dis_tutorial3
[1.091s] DEBUG:colcon.colcon_core.event_handler.log_command:Invoked command in '/home/beta/RINS-TASK2/dis_tutorial7/src/dis_tutorial3/build/dis_tutorial3' returned '0': CMAKE_PREFIX_PATH=/opt/ros/humble /usr/bin/cmake /home/beta/RINS-TASK2/dis_tutorial7/src/dis_tutorial3 -DCMAKE_INSTALL_PREFIX=/home/beta/RINS-TASK2/dis_tutorial7/src/dis_tutorial3/install/dis_tutorial3
[1.092s] DEBUG:colcon.colcon_core.event_handler.log_command:Invoking command in '/home/beta/RINS-TASK2/dis_tutorial7/src/dis_tutorial3/build/dis_tutorial3': CMAKE_PREFIX_PATH=/opt/ros/humble /usr/bin/cmake --build /home/beta/RINS-TASK2/dis_tutorial7/src/dis_tutorial3/build/dis_tutorial3 -- -j16 -l16
[1.125s] DEBUG:colcon.colcon_core.event_handler.log_command:Invoked command in '/home/beta/RINS-TASK2/dis_tutorial7/src/dis_tutorial3/build/dis_tutorial3' returned '0': CMAKE_PREFIX_PATH=/opt/ros/humble /usr/bin/cmake --build /home/beta/RINS-TASK2/dis_tutorial7/src/dis_tutorial3/build/dis_tutorial3 -- -j16 -l16
[1.136s] DEBUG:colcon.colcon_core.event_handler.log_command:Invoking command in '/home/beta/RINS-TASK2/dis_tutorial7/src/dis_tutorial3/build/dis_tutorial3': CMAKE_PREFIX_PATH=/opt/ros/humble /usr/bin/cmake --install /home/beta/RINS-TASK2/dis_tutorial7/src/dis_tutorial3/build/dis_tutorial3
[1.171s] Level 1:colcon.colcon_core.environment:create_environment_scripts_only(dis_tutorial3)
[1.172s] DEBUG:colcon.colcon_core.event_handler.log_command:Invoked command in '/home/beta/RINS-TASK2/dis_tutorial7/src/dis_tutorial3/build/dis_tutorial3' returned '0': CMAKE_PREFIX_PATH=/opt/ros/humble /usr/bin/cmake --install /home/beta/RINS-TASK2/dis_tutorial7/src/dis_tutorial3/build/dis_tutorial3
[1.173s] Level 1:colcon.colcon_core.environment:checking '/home/beta/RINS-TASK2/dis_tutorial7/src/dis_tutorial3/install/dis_tutorial3' for CMake module files
[1.173s] Level 1:colcon.colcon_core.environment:checking '/home/beta/RINS-TASK2/dis_tutorial7/src/dis_tutorial3/install/dis_tutorial3' for CMake config files
[1.173s] Level 1:colcon.colcon_core.shell:create_environment_hook('dis_tutorial3', 'cmake_prefix_path')
[1.173s] INFO:colcon.colcon_core.shell:Creating environment hook '/home/beta/RINS-TASK2/dis_tutorial7/src/dis_tutorial3/install/dis_tutorial3/share/dis_tutorial3/hook/cmake_prefix_path.ps1'
[1.174s] INFO:colcon.colcon_core.shell:Creating environment descriptor '/home/beta/RINS-TASK2/dis_tutorial7/src/dis_tutorial3/install/dis_tutorial3/share/dis_tutorial3/hook/cmake_prefix_path.dsv'
[1.174s] INFO:colcon.colcon_core.shell:Creating environment hook '/home/beta/RINS-TASK2/dis_tutorial7/src/dis_tutorial3/install/dis_tutorial3/share/dis_tutorial3/hook/cmake_prefix_path.sh'
[1.175s] Level 1:colcon.colcon_core.environment:checking '/home/beta/RINS-TASK2/dis_tutorial7/src/dis_tutorial3/install/dis_tutorial3/lib'
[1.175s] Level 1:colcon.colcon_core.environment:checking '/home/beta/RINS-TASK2/dis_tutorial7/src/dis_tutorial3/install/dis_tutorial3/bin'
[1.175s] Level 1:colcon.colcon_core.environment:checking '/home/beta/RINS-TASK2/dis_tutorial7/src/dis_tutorial3/install/dis_tutorial3/lib/pkgconfig/dis_tutorial3.pc'
[1.175s] Level 1:colcon.colcon_core.environment:checking '/home/beta/RINS-TASK2/dis_tutorial7/src/dis_tutorial3/install/dis_tutorial3/lib/python3.10/site-packages'
[1.175s] Level 1:colcon.colcon_core.environment:checking '/home/beta/RINS-TASK2/dis_tutorial7/src/dis_tutorial3/install/dis_tutorial3/bin'
[1.175s] INFO:colcon.colcon_core.shell:Creating package script '/home/beta/RINS-TASK2/dis_tutorial7/src/dis_tutorial3/install/dis_tutorial3/share/dis_tutorial3/package.ps1'
[1.176s] INFO:colcon.colcon_core.shell:Creating package descriptor '/home/beta/RINS-TASK2/dis_tutorial7/src/dis_tutorial3/install/dis_tutorial3/share/dis_tutorial3/package.dsv'
[1.176s] INFO:colcon.colcon_core.shell:Creating package script '/home/beta/RINS-TASK2/dis_tutorial7/src/dis_tutorial3/install/dis_tutorial3/share/dis_tutorial3/package.sh'
[1.176s] INFO:colcon.colcon_core.shell:Creating package script '/home/beta/RINS-TASK2/dis_tutorial7/src/dis_tutorial3/install/dis_tutorial3/share/dis_tutorial3/package.bash'
[1.177s] INFO:colcon.colcon_core.shell:Creating package script '/home/beta/RINS-TASK2/dis_tutorial7/src/dis_tutorial3/install/dis_tutorial3/share/dis_tutorial3/package.zsh'
[1.177s] Level 1:colcon.colcon_core.environment:create_file_with_runtime_dependencies(/home/beta/RINS-TASK2/dis_tutorial7/src/dis_tutorial3/install/dis_tutorial3/share/colcon-core/packages/dis_tutorial3)
[1.177s] Level 1:colcon.colcon_core.environment:create_environment_scripts_only(dis_tutorial3)
[1.178s] Level 1:colcon.colcon_core.environment:checking '/home/beta/RINS-TASK2/dis_tutorial7/src/dis_tutorial3/install/dis_tutorial3' for CMake module files
[1.178s] Level 1:colcon.colcon_core.environment:checking '/home/beta/RINS-TASK2/dis_tutorial7/src/dis_tutorial3/install/dis_tutorial3' for CMake config files
[1.178s] Level 1:colcon.colcon_core.shell:create_environment_hook('dis_tutorial3', 'cmake_prefix_path')
[1.178s] INFO:colcon.colcon_core.shell:Creating environment hook '/home/beta/RINS-TASK2/dis_tutorial7/src/dis_tutorial3/install/dis_tutorial3/share/dis_tutorial3/hook/cmake_prefix_path.ps1'
[1.179s] INFO:colcon.colcon_core.shell:Creating environment descriptor '/home/beta/RINS-TASK2/dis_tutorial7/src/dis_tutorial3/install/dis_tutorial3/share/dis_tutorial3/hook/cmake_prefix_path.dsv'
[1.179s] INFO:colcon.colcon_core.shell:Creating environment hook '/home/beta/RINS-TASK2/dis_tutorial7/src/dis_tutorial3/install/dis_tutorial3/share/dis_tutorial3/hook/cmake_prefix_path.sh'
[1.179s] Level 1:colcon.colcon_core.environment:checking '/home/beta/RINS-TASK2/dis_tutorial7/src/dis_tutorial3/install/dis_tutorial3/lib'
[1.179s] Level 1:colcon.colcon_core.environment:checking '/home/beta/RINS-TASK2/dis_tutorial7/src/dis_tutorial3/install/dis_tutorial3/bin'
[1.179s] Level 1:colcon.colcon_core.environment:checking '/home/beta/RINS-TASK2/dis_tutorial7/src/dis_tutorial3/install/dis_tutorial3/lib/pkgconfig/dis_tutorial3.pc'
[1.179s] Level 1:colcon.colcon_core.environment:checking '/home/beta/RINS-TASK2/dis_tutorial7/src/dis_tutorial3/install/dis_tutorial3/lib/python3.10/site-packages'
[1.179s] Level 1:colcon.colcon_core.environment:checking '/home/beta/RINS-TASK2/dis_tutorial7/src/dis_tutorial3/install/dis_tutorial3/bin'
[1.180s] INFO:colcon.colcon_core.shell:Creating package script '/home/beta/RINS-TASK2/dis_tutorial7/src/dis_tutorial3/install/dis_tutorial3/share/dis_tutorial3/package.ps1'
[1.180s] INFO:colcon.colcon_core.shell:Creating package descriptor '/home/beta/RINS-TASK2/dis_tutorial7/src/dis_tutorial3/install/dis_tutorial3/share/dis_tutorial3/package.dsv'
[1.180s] INFO:colcon.colcon_core.shell:Creating package script '/home/beta/RINS-TASK2/dis_tutorial7/src/dis_tutorial3/install/dis_tutorial3/share/dis_tutorial3/package.sh'
[1.180s] INFO:colcon.colcon_core.shell:Creating package script '/home/beta/RINS-TASK2/dis_tutorial7/src/dis_tutorial3/install/dis_tutorial3/share/dis_tutorial3/package.bash'
[1.181s] INFO:colcon.colcon_core.shell:Creating package script '/home/beta/RINS-TASK2/dis_tutorial7/src/dis_tutorial3/install/dis_tutorial3/share/dis_tutorial3/package.zsh'
[1.181s] Level 1:colcon.colcon_core.environment:create_file_with_runtime_dependencies(/home/beta/RINS-TASK2/dis_tutorial7/src/dis_tutorial3/install/dis_tutorial3/share/colcon-core/packages/dis_tutorial3)
[1.181s] DEBUG:colcon.colcon_parallel_executor.executor.parallel:closing loop
[1.181s] DEBUG:colcon.colcon_parallel_executor.executor.parallel:loop closed
[1.181s] DEBUG:colcon.colcon_parallel_executor.executor.parallel:run_until_complete finished with '0'
[1.181s] DEBUG:colcon.colcon_core.event_reactor:joining thread
[1.184s] INFO:colcon.colcon_core.plugin_system:Skipping extension 'colcon_notification.desktop_notification.notify_send': Could not find 'notify-send'
[1.184s] INFO:colcon.colcon_core.plugin_system:Skipping extension 'colcon_notification.desktop_notification.terminal_notifier': Not used on non-Darwin systems
[1.184s] INFO:colcon.colcon_core.plugin_system:Skipping extension 'colcon_notification.desktop_notification.win32': Not used on non-Windows systems
[1.184s] INFO:colcon.colcon_notification.desktop_notification:Sending desktop notification using 'notify2'
[1.198s] DEBUG:colcon.colcon_core.event_reactor:joined thread
[1.199s] INFO:colcon.colcon_core.shell:Creating prefix script '/home/beta/RINS-TASK2/dis_tutorial7/src/dis_tutorial3/install/local_setup.ps1'
[1.199s] INFO:colcon.colcon_core.shell:Creating prefix util module '/home/beta/RINS-TASK2/dis_tutorial7/src/dis_tutorial3/install/_local_setup_util_ps1.py'
[1.200s] INFO:colcon.colcon_core.shell:Creating prefix chain script '/home/beta/RINS-TASK2/dis_tutorial7/src/dis_tutorial3/install/setup.ps1'
[1.201s] INFO:colcon.colcon_core.shell:Creating prefix script '/home/beta/RINS-TASK2/dis_tutorial7/src/dis_tutorial3/install/local_setup.sh'
[1.201s] INFO:colcon.colcon_core.shell:Creating prefix util module '/home/beta/RINS-TASK2/dis_tutorial7/src/dis_tutorial3/install/_local_setup_util_sh.py'
[1.201s] INFO:colcon.colcon_core.shell:Creating prefix chain script '/home/beta/RINS-TASK2/dis_tutorial7/src/dis_tutorial3/install/setup.sh'
[1.202s] INFO:colcon.colcon_core.shell:Creating prefix script '/home/beta/RINS-TASK2/dis_tutorial7/src/dis_tutorial3/install/local_setup.bash'
[1.202s] INFO:colcon.colcon_core.shell:Creating prefix chain script '/home/beta/RINS-TASK2/dis_tutorial7/src/dis_tutorial3/install/setup.bash'
[1.203s] INFO:colcon.colcon_core.shell:Creating prefix script '/home/beta/RINS-TASK2/dis_tutorial7/src/dis_tutorial3/install/local_setup.zsh'
[1.203s] INFO:colcon.colcon_core.shell:Creating prefix chain script '/home/beta/RINS-TASK2/dis_tutorial7/src/dis_tutorial3/install/setup.zsh'
