[0.019s] Invoking command in '/home/beta/Desktop/RINS-TASK2/build/dis_tutorial3': CMAKE_PREFIX_PATH=${CMAKE_PREFIX_PATH}:/opt/ros/humble /usr/bin/cmake /home/beta/Desktop/RINS-TASK2/dis_tutorial3 -DCMAKE_INSTALL_PREFIX=/home/beta/Desktop/RINS-TASK2/install/dis_tutorial3
[0.072s] -- The C compiler identification is GNU 11.4.0
[0.131s] -- The CXX compiler identification is GNU 11.4.0
[0.138s] -- Detecting C compiler ABI info
[0.214s] -- Detecting C compiler ABI info - done
[0.222s] -- Check for working C compiler: /usr/bin/cc - skipped
[0.222s] -- Detecting C compile features
[0.223s] -- Detecting C compile features - done
[0.225s] -- Detecting CXX compiler ABI info
[0.310s] -- Detecting CXX compiler ABI info - done
[0.319s] -- Check for working CXX compiler: /usr/bin/c++ - skipped
[0.320s] -- Detecting CXX compile features
[0.320s] -- Detecting CXX compile features - done
[0.323s] -- Found ament_cmake: 1.3.11 (/opt/ros/humble/share/ament_cmake/cmake)
[0.492s] -- Found Python3: /usr/bin/python3 (found version "3.10.12") found components: Interpreter 
[0.591s] -- Found rclcpp: 16.0.12 (/opt/ros/humble/share/rclcpp/cmake)
[0.635s] -- Found rosidl_generator_c: 3.1.6 (/opt/ros/humble/share/rosidl_generator_c/cmake)
[0.639s] -- Found rosidl_adapter: 3.1.6 (/opt/ros/humble/share/rosidl_adapter/cmake)
[0.646s] -- Found rosidl_generator_cpp: 3.1.6 (/opt/ros/humble/share/rosidl_generator_cpp/cmake)
[0.656s] -- Using all available rosidl_typesupport_c: rosidl_typesupport_fastrtps_c;rosidl_typesupport_introspection_c
[0.673s] -- Using all available rosidl_typesupport_cpp: rosidl_typesupport_fastrtps_cpp;rosidl_typesupport_introspection_cpp
[0.715s] -- Found rmw_implementation_cmake: 6.1.2 (/opt/ros/humble/share/rmw_implementation_cmake/cmake)
[0.717s] -- Found rmw_cyclonedds_cpp: 1.3.4 (/opt/ros/humble/share/rmw_cyclonedds_cpp/cmake)
[0.739s] -- Using RMW implementation 'rmw_cyclonedds_cpp' as default
[0.746s] -- Looking for pthread.h
[0.821s] -- Looking for pthread.h - found
[0.821s] -- Performing Test CMAKE_HAVE_LIBC_PTHREAD
[0.906s] -- Performing Test CMAKE_HAVE_LIBC_PTHREAD - Success
[0.907s] -- Found Threads: TRUE  
[0.960s] -- Found rclpy: 3.3.16 (/opt/ros/humble/share/rclpy/cmake)
[0.961s] -- Found std_srvs: 4.8.0 (/opt/ros/humble/share/std_srvs/cmake)
[1.066s] -- Configuring done
[1.070s] -- Generating done
[1.072s] -- Build files have been written to: /home/beta/Desktop/RINS-TASK2/build/dis_tutorial3
[1.086s] Invoked command in '/home/beta/Desktop/RINS-TASK2/build/dis_tutorial3' returned '0': CMAKE_PREFIX_PATH=${CMAKE_PREFIX_PATH}:/opt/ros/humble /usr/bin/cmake /home/beta/Desktop/RINS-TASK2/dis_tutorial3 -DCMAKE_INSTALL_PREFIX=/home/beta/Desktop/RINS-TASK2/install/dis_tutorial3
[1.089s] Invoking command in '/home/beta/Desktop/RINS-TASK2/build/dis_tutorial3': CMAKE_PREFIX_PATH=${CMAKE_PREFIX_PATH}:/opt/ros/humble /usr/bin/cmake --build /home/beta/Desktop/RINS-TASK2/build/dis_tutorial3 -- -j16 -l16
[1.135s] Invoked command in '/home/beta/Desktop/RINS-TASK2/build/dis_tutorial3' returned '0': CMAKE_PREFIX_PATH=${CMAKE_PREFIX_PATH}:/opt/ros/humble /usr/bin/cmake --build /home/beta/Desktop/RINS-TASK2/build/dis_tutorial3 -- -j16 -l16
[1.146s] Invoking command in '/home/beta/Desktop/RINS-TASK2/build/dis_tutorial3': CMAKE_PREFIX_PATH=${CMAKE_PREFIX_PATH}:/opt/ros/humble /usr/bin/cmake --install /home/beta/Desktop/RINS-TASK2/build/dis_tutorial3
[1.153s] -- Install configuration: ""
[1.154s] -- Installing: /home/beta/Desktop/RINS-TASK2/install/dis_tutorial3/share/dis_tutorial3//launch
[1.154s] -- Installing: /home/beta/Desktop/RINS-TASK2/install/dis_tutorial3/share/dis_tutorial3//launch/localization.launch.py
[1.154s] -- Installing: /home/beta/Desktop/RINS-TASK2/install/dis_tutorial3/share/dis_tutorial3//launch/dis_sim.launch.py
[1.154s] -- Installing: /home/beta/Desktop/RINS-TASK2/install/dis_tutorial3/share/dis_tutorial3//launch/sim_turtlebot_slam.launch.py
[1.154s] -- Installing: /home/beta/Desktop/RINS-TASK2/install/dis_tutorial3/share/dis_tutorial3//launch/create3_nodes.launch.py
[1.154s] -- Installing: /home/beta/Desktop/RINS-TASK2/install/dis_tutorial3/share/dis_tutorial3//launch/nav2.launch.py
[1.154s] -- Installing: /home/beta/Desktop/RINS-TASK2/install/dis_tutorial3/share/dis_tutorial3//launch/skeletonized_path.launch.py
[1.154s] -- Installing: /home/beta/Desktop/RINS-TASK2/install/dis_tutorial3/share/dis_tutorial3//launch/ignition.launch.py
[1.154s] -- Installing: /home/beta/Desktop/RINS-TASK2/install/dis_tutorial3/share/dis_tutorial3//launch/turtlebot4_spawn.launch.py
[1.154s] -- Installing: /home/beta/Desktop/RINS-TASK2/install/dis_tutorial3/share/dis_tutorial3//launch/sim_turtlebot_nav.launch.py
[1.154s] -- Installing: /home/beta/Desktop/RINS-TASK2/install/dis_tutorial3/share/dis_tutorial3//launch/turtlebot4_spawn_nav.launch.py
[1.155s] -- Installing: /home/beta/Desktop/RINS-TASK2/install/dis_tutorial3/share/dis_tutorial3//launch/slam.launch.py
[1.155s] -- Installing: /home/beta/Desktop/RINS-TASK2/install/dis_tutorial3/share/dis_tutorial3//config
[1.155s] -- Installing: /home/beta/Desktop/RINS-TASK2/install/dis_tutorial3/share/dis_tutorial3//config/slam.yaml
[1.155s] -- Installing: /home/beta/Desktop/RINS-TASK2/install/dis_tutorial3/share/dis_tutorial3//config/nav2.yaml
[1.155s] -- Installing: /home/beta/Desktop/RINS-TASK2/install/dis_tutorial3/share/dis_tutorial3//config/localization.yaml
[1.155s] -- Installing: /home/beta/Desktop/RINS-TASK2/install/dis_tutorial3/share/dis_tutorial3//config/laser_filter_chain.yaml
[1.155s] -- Installing: /home/beta/Desktop/RINS-TASK2/install/dis_tutorial3/share/dis_tutorial3//worlds
[1.155s] -- Installing: /home/beta/Desktop/RINS-TASK2/install/dis_tutorial3/share/dis_tutorial3//worlds/demo2.sdf
[1.155s] -- Installing: /home/beta/Desktop/RINS-TASK2/install/dis_tutorial3/share/dis_tutorial3//worlds/dis_meshes
[1.156s] -- Installing: /home/beta/Desktop/RINS-TASK2/install/dis_tutorial3/share/dis_tutorial3//worlds/dis_meshes/qr2.jpg
[1.156s] -- Installing: /home/beta/Desktop/RINS-TASK2/install/dis_tutorial3/share/dis_tutorial3//worlds/dis_meshes/person4.jpg
[1.156s] -- Installing: /home/beta/Desktop/RINS-TASK2/install/dis_tutorial3/share/dis_tutorial3//worlds/dis_meshes/mona1.jpg
[1.156s] -- Installing: /home/beta/Desktop/RINS-TASK2/install/dis_tutorial3/share/dis_tutorial3//worlds/dis_meshes/ground.jpg
[1.156s] -- Installing: /home/beta/Desktop/RINS-TASK2/install/dis_tutorial3/share/dis_tutorial3//worlds/dis_meshes/person1.jpg
[1.156s] -- Installing: /home/beta/Desktop/RINS-TASK2/install/dis_tutorial3/share/dis_tutorial3//worlds/dis_meshes/parking_space.jpg
[1.156s] -- Installing: /home/beta/Desktop/RINS-TASK2/install/dis_tutorial3/share/dis_tutorial3//worlds/dis_meshes/person5.jpg
[1.156s] -- Installing: /home/beta/Desktop/RINS-TASK2/install/dis_tutorial3/share/dis_tutorial3//worlds/dis_meshes/cylinders.jpg
[1.156s] -- Installing: /home/beta/Desktop/RINS-TASK2/install/dis_tutorial3/share/dis_tutorial3//worlds/dis_meshes/objects.jpg
[1.156s] -- Installing: /home/beta/Desktop/RINS-TASK2/install/dis_tutorial3/share/dis_tutorial3//worlds/dis_meshes/map.dae
[1.157s] -- Installing: /home/beta/Desktop/RINS-TASK2/install/dis_tutorial3/share/dis_tutorial3//worlds/dis_meshes/fakering2.jpg
[1.157s] -- Installing: /home/beta/Desktop/RINS-TASK2/install/dis_tutorial3/share/dis_tutorial3//worlds/dis_meshes/person3.jpg
[1.157s] -- Installing: /home/beta/Desktop/RINS-TASK2/install/dis_tutorial3/share/dis_tutorial3//worlds/dis_meshes/davinci.jpg
[1.157s] -- Installing: /home/beta/Desktop/RINS-TASK2/install/dis_tutorial3/share/dis_tutorial3//worlds/dis_meshes/person2.jpg
[1.157s] -- Installing: /home/beta/Desktop/RINS-TASK2/install/dis_tutorial3/share/dis_tutorial3//worlds/dis_meshes/fakering3.jpg
[1.157s] -- Installing: /home/beta/Desktop/RINS-TASK2/install/dis_tutorial3/share/dis_tutorial3//worlds/dis_meshes/fakering1.jpg
[1.157s] -- Installing: /home/beta/Desktop/RINS-TASK2/install/dis_tutorial3/share/dis_tutorial3//worlds/dis_meshes/map_colliders.dae
[1.157s] -- Installing: /home/beta/Desktop/RINS-TASK2/install/dis_tutorial3/share/dis_tutorial3//worlds/dis_meshes/qr1.jpg
[1.157s] -- Installing: /home/beta/Desktop/RINS-TASK2/install/dis_tutorial3/share/dis_tutorial3//worlds/dis_meshes/wood.jpg
[1.158s] -- Installing: /home/beta/Desktop/RINS-TASK2/install/dis_tutorial3/share/dis_tutorial3//worlds/demo3_meshes
[1.158s] -- Installing: /home/beta/Desktop/RINS-TASK2/install/dis_tutorial3/share/dis_tutorial3//worlds/demo3_meshes/person15.png
[1.158s] -- Installing: /home/beta/Desktop/RINS-TASK2/install/dis_tutorial3/share/dis_tutorial3//worlds/demo3_meshes/qr2.jpg
[1.159s] -- Installing: /home/beta/Desktop/RINS-TASK2/install/dis_tutorial3/share/dis_tutorial3//worlds/demo3_meshes/person21.png
[1.159s] -- Installing: /home/beta/Desktop/RINS-TASK2/install/dis_tutorial3/share/dis_tutorial3//worlds/demo3_meshes/red.jpg
[1.159s] -- Installing: /home/beta/Desktop/RINS-TASK2/install/dis_tutorial3/share/dis_tutorial3//worlds/demo3_meshes/blue.jpg
[1.159s] -- Installing: /home/beta/Desktop/RINS-TASK2/install/dis_tutorial3/share/dis_tutorial3//worlds/demo3_meshes/ground.jpg
[1.159s] -- Installing: /home/beta/Desktop/RINS-TASK2/install/dis_tutorial3/share/dis_tutorial3//worlds/demo3_meshes/person17.png
[1.159s] -- Installing: /home/beta/Desktop/RINS-TASK2/install/dis_tutorial3/share/dis_tutorial3//worlds/demo3_meshes/parking_space.jpg
[1.160s] -- Installing: /home/beta/Desktop/RINS-TASK2/install/dis_tutorial3/share/dis_tutorial3//worlds/demo3_meshes/green.jpg
[1.160s] -- Installing: /home/beta/Desktop/RINS-TASK2/install/dis_tutorial3/share/dis_tutorial3//worlds/demo3_meshes/person22.png
[1.160s] -- Installing: /home/beta/Desktop/RINS-TASK2/install/dis_tutorial3/share/dis_tutorial3//worlds/demo3_meshes/objects.jpg
[1.161s] -- Installing: /home/beta/Desktop/RINS-TASK2/install/dis_tutorial3/share/dis_tutorial3//worlds/demo3_meshes/map.dae
[1.161s] -- Installing: /home/beta/Desktop/RINS-TASK2/install/dis_tutorial3/share/dis_tutorial3//worlds/demo3_meshes/person24.png
[1.162s] -- Installing: /home/beta/Desktop/RINS-TASK2/install/dis_tutorial3/share/dis_tutorial3//worlds/demo3_meshes/black.jpg
[1.162s] -- Installing: /home/beta/Desktop/RINS-TASK2/install/dis_tutorial3/share/dis_tutorial3//worlds/demo3_meshes/fakering2.jpg
[1.162s] -- Installing: /home/beta/Desktop/RINS-TASK2/install/dis_tutorial3/share/dis_tutorial3//worlds/demo3_meshes/yellow.jpg
[1.162s] -- Installing: /home/beta/Desktop/RINS-TASK2/install/dis_tutorial3/share/dis_tutorial3//worlds/demo3_meshes/fakering3.jpg
[1.162s] -- Installing: /home/beta/Desktop/RINS-TASK2/install/dis_tutorial3/share/dis_tutorial3//worlds/demo3_meshes/fakering1.jpg
[1.162s] -- Installing: /home/beta/Desktop/RINS-TASK2/install/dis_tutorial3/share/dis_tutorial3//worlds/demo3_meshes/map_colliders.dae
[1.163s] -- Installing: /home/beta/Desktop/RINS-TASK2/install/dis_tutorial3/share/dis_tutorial3//worlds/demo3_meshes/qr1.jpg
[1.163s] -- Installing: /home/beta/Desktop/RINS-TASK2/install/dis_tutorial3/share/dis_tutorial3//worlds/bird_demo1_meshes
[1.163s] -- Installing: /home/beta/Desktop/RINS-TASK2/install/dis_tutorial3/share/dis_tutorial3//worlds/bird_demo1_meshes/grass_side.jpg
[1.163s] -- Installing: /home/beta/Desktop/RINS-TASK2/install/dis_tutorial3/share/dis_tutorial3//worlds/bird_demo1_meshes/qr2.jpg
[1.163s] -- Installing: /home/beta/Desktop/RINS-TASK2/install/dis_tutorial3/share/dis_tutorial3//worlds/bird_demo1_meshes/red.jpg
[1.164s] -- Installing: /home/beta/Desktop/RINS-TASK2/install/dis_tutorial3/share/dis_tutorial3//worlds/bird_demo1_meshes/blue.jpg
[1.164s] -- Installing: /home/beta/Desktop/RINS-TASK2/install/dis_tutorial3/share/dis_tutorial3//worlds/bird_demo1_meshes/qr4.jpg
[1.164s] -- Installing: /home/beta/Desktop/RINS-TASK2/install/dis_tutorial3/share/dis_tutorial3//worlds/bird_demo1_meshes/ground.jpg
[1.164s] -- Installing: /home/beta/Desktop/RINS-TASK2/install/dis_tutorial3/share/dis_tutorial3//worlds/bird_demo1_meshes/qr3.jpg
[1.164s] -- Installing: /home/beta/Desktop/RINS-TASK2/install/dis_tutorial3/share/dis_tutorial3//worlds/bird_demo1_meshes/rosy_finch.jpg
[1.165s] -- Installing: /home/beta/Desktop/RINS-TASK2/install/dis_tutorial3/share/dis_tutorial3//worlds/bird_demo1_meshes/green.jpg
[1.165s] -- Installing: /home/beta/Desktop/RINS-TASK2/install/dis_tutorial3/share/dis_tutorial3//worlds/bird_demo1_meshes/person2.png.001.png
[1.166s] -- Installing: /home/beta/Desktop/RINS-TASK2/install/dis_tutorial3/share/dis_tutorial3//worlds/bird_demo1_meshes/frigatebird.jpg
[1.166s] -- Installing: /home/beta/Desktop/RINS-TASK2/install/dis_tutorial3/share/dis_tutorial3//worlds/bird_demo1_meshes/objects.jpg
[1.166s] -- Installing: /home/beta/Desktop/RINS-TASK2/install/dis_tutorial3/share/dis_tutorial3//worlds/bird_demo1_meshes/person5.png.001.png
[1.166s] -- Installing: /home/beta/Desktop/RINS-TASK2/install/dis_tutorial3/share/dis_tutorial3//worlds/bird_demo1_meshes/person7.png
[1.166s] -- Installing: /home/beta/Desktop/RINS-TASK2/install/dis_tutorial3/share/dis_tutorial3//worlds/bird_demo1_meshes/dirt2.jpg
[1.167s] -- Installing: /home/beta/Desktop/RINS-TASK2/install/dis_tutorial3/share/dis_tutorial3//worlds/bird_demo1_meshes/map.dae
[1.170s] -- Installing: /home/beta/Desktop/RINS-TASK2/install/dis_tutorial3/share/dis_tutorial3//worlds/bird_demo1_meshes/rusty_blackbird.jpg
[1.170s] -- Installing: /home/beta/Desktop/RINS-TASK2/install/dis_tutorial3/share/dis_tutorial3//worlds/bird_demo1_meshes/green_kingfisher.jpg
[1.170s] -- Installing: /home/beta/Desktop/RINS-TASK2/install/dis_tutorial3/share/dis_tutorial3//worlds/bird_demo1_meshes/black.jpg
[1.170s] -- Installing: /home/beta/Desktop/RINS-TASK2/install/dis_tutorial3/share/dis_tutorial3//worlds/bird_demo1_meshes/person13.png
[1.171s] -- Installing: /home/beta/Desktop/RINS-TASK2/install/dis_tutorial3/share/dis_tutorial3//worlds/bird_demo1_meshes/person14.png
[1.171s] -- Installing: /home/beta/Desktop/RINS-TASK2/install/dis_tutorial3/share/dis_tutorial3//worlds/bird_demo1_meshes/person1.png
[1.171s] -- Installing: /home/beta/Desktop/RINS-TASK2/install/dis_tutorial3/share/dis_tutorial3//worlds/bird_demo1_meshes/fakering2.jpg
[1.172s] -- Installing: /home/beta/Desktop/RINS-TASK2/install/dis_tutorial3/share/dis_tutorial3//worlds/bird_demo1_meshes/water.jpg
[1.172s] -- Installing: /home/beta/Desktop/RINS-TASK2/install/dis_tutorial3/share/dis_tutorial3//worlds/bird_demo1_meshes/yellow.jpg
[1.172s] -- Installing: /home/beta/Desktop/RINS-TASK2/install/dis_tutorial3/share/dis_tutorial3//worlds/bird_demo1_meshes/grass.jpg
[1.172s] -- Installing: /home/beta/Desktop/RINS-TASK2/install/dis_tutorial3/share/dis_tutorial3//worlds/bird_demo1_meshes/fakering3.jpg
[1.172s] -- Installing: /home/beta/Desktop/RINS-TASK2/install/dis_tutorial3/share/dis_tutorial3//worlds/bird_demo1_meshes/fakering1.jpg
[1.172s] -- Installing: /home/beta/Desktop/RINS-TASK2/install/dis_tutorial3/share/dis_tutorial3//worlds/bird_demo1_meshes/map_colliders.dae
[1.173s] -- Installing: /home/beta/Desktop/RINS-TASK2/install/dis_tutorial3/share/dis_tutorial3//worlds/bird_demo1_meshes/qr1.jpg
[1.173s] -- Installing: /home/beta/Desktop/RINS-TASK2/install/dis_tutorial3/share/dis_tutorial3//worlds/bird_demo1_meshes/wood.jpg
[1.173s] -- Installing: /home/beta/Desktop/RINS-TASK2/install/dis_tutorial3/share/dis_tutorial3//worlds/demo2_meshes
[1.173s] -- Installing: /home/beta/Desktop/RINS-TASK2/install/dis_tutorial3/share/dis_tutorial3//worlds/demo2_meshes/qr2.jpg
[1.173s] -- Installing: /home/beta/Desktop/RINS-TASK2/install/dis_tutorial3/share/dis_tutorial3//worlds/demo2_meshes/person8.png
[1.174s] -- Installing: /home/beta/Desktop/RINS-TASK2/install/dis_tutorial3/share/dis_tutorial3//worlds/demo2_meshes/person18.png
[1.174s] -- Installing: /home/beta/Desktop/RINS-TASK2/install/dis_tutorial3/share/dis_tutorial3//worlds/demo2_meshes/ground.jpg
[1.174s] -- Installing: /home/beta/Desktop/RINS-TASK2/install/dis_tutorial3/share/dis_tutorial3//worlds/demo2_meshes/parking_space.jpg
[1.174s] -- Installing: /home/beta/Desktop/RINS-TASK2/install/dis_tutorial3/share/dis_tutorial3//worlds/demo2_meshes/cylinders.jpg
[1.174s] -- Installing: /home/beta/Desktop/RINS-TASK2/install/dis_tutorial3/share/dis_tutorial3//worlds/demo2_meshes/person20.png
[1.175s] -- Installing: /home/beta/Desktop/RINS-TASK2/install/dis_tutorial3/share/dis_tutorial3//worlds/demo2_meshes/objects.jpg
[1.175s] -- Installing: /home/beta/Desktop/RINS-TASK2/install/dis_tutorial3/share/dis_tutorial3//worlds/demo2_meshes/person7.png
[1.175s] -- Installing: /home/beta/Desktop/RINS-TASK2/install/dis_tutorial3/share/dis_tutorial3//worlds/demo2_meshes/map.dae
[1.176s] -- Installing: /home/beta/Desktop/RINS-TASK2/install/dis_tutorial3/share/dis_tutorial3//worlds/demo2_meshes/person9.png
[1.176s] -- Installing: /home/beta/Desktop/RINS-TASK2/install/dis_tutorial3/share/dis_tutorial3//worlds/demo2_meshes/fakering2.jpg
[1.176s] -- Installing: /home/beta/Desktop/RINS-TASK2/install/dis_tutorial3/share/dis_tutorial3//worlds/demo2_meshes/person6.png
[1.176s] -- Installing: /home/beta/Desktop/RINS-TASK2/install/dis_tutorial3/share/dis_tutorial3//worlds/demo2_meshes/fakering3.jpg
[1.177s] -- Installing: /home/beta/Desktop/RINS-TASK2/install/dis_tutorial3/share/dis_tutorial3//worlds/demo2_meshes/fakering1.jpg
[1.177s] -- Installing: /home/beta/Desktop/RINS-TASK2/install/dis_tutorial3/share/dis_tutorial3//worlds/demo2_meshes/map_colliders.dae
[1.177s] -- Installing: /home/beta/Desktop/RINS-TASK2/install/dis_tutorial3/share/dis_tutorial3//worlds/demo2_meshes/qr1.jpg
[1.177s] -- Installing: /home/beta/Desktop/RINS-TASK2/install/dis_tutorial3/share/dis_tutorial3//worlds/task1_meshes
[1.177s] -- Installing: /home/beta/Desktop/RINS-TASK2/install/dis_tutorial3/share/dis_tutorial3//worlds/task1_meshes/qr2.jpg
[1.177s] -- Installing: /home/beta/Desktop/RINS-TASK2/install/dis_tutorial3/share/dis_tutorial3//worlds/task1_meshes/person8.png
[1.178s] -- Installing: /home/beta/Desktop/RINS-TASK2/install/dis_tutorial3/share/dis_tutorial3//worlds/task1_meshes/red.jpg
[1.178s] -- Installing: /home/beta/Desktop/RINS-TASK2/install/dis_tutorial3/share/dis_tutorial3//worlds/task1_meshes/blue.jpg
[1.178s] -- Installing: /home/beta/Desktop/RINS-TASK2/install/dis_tutorial3/share/dis_tutorial3//worlds/task1_meshes/ground.jpg
[1.178s] -- Installing: /home/beta/Desktop/RINS-TASK2/install/dis_tutorial3/share/dis_tutorial3//worlds/task1_meshes/parking_space.jpg
[1.178s] -- Installing: /home/beta/Desktop/RINS-TASK2/install/dis_tutorial3/share/dis_tutorial3//worlds/task1_meshes/green.jpg
[1.178s] -- Installing: /home/beta/Desktop/RINS-TASK2/install/dis_tutorial3/share/dis_tutorial3//worlds/task1_meshes/person2.png.001.png
[1.179s] -- Installing: /home/beta/Desktop/RINS-TASK2/install/dis_tutorial3/share/dis_tutorial3//worlds/task1_meshes/objects.jpg
[1.179s] -- Installing: /home/beta/Desktop/RINS-TASK2/install/dis_tutorial3/share/dis_tutorial3//worlds/task1_meshes/person5.png.001.png
[1.179s] -- Installing: /home/beta/Desktop/RINS-TASK2/install/dis_tutorial3/share/dis_tutorial3//worlds/task1_meshes/map.dae
[1.180s] -- Installing: /home/beta/Desktop/RINS-TASK2/install/dis_tutorial3/share/dis_tutorial3//worlds/task1_meshes/black.jpg
[1.180s] -- Installing: /home/beta/Desktop/RINS-TASK2/install/dis_tutorial3/share/dis_tutorial3//worlds/task1_meshes/person13.png
[1.180s] -- Installing: /home/beta/Desktop/RINS-TASK2/install/dis_tutorial3/share/dis_tutorial3//worlds/task1_meshes/person3.png.001.png
[1.182s] -- Installing: /home/beta/Desktop/RINS-TASK2/install/dis_tutorial3/share/dis_tutorial3//worlds/task1_meshes/fakering2.jpg
[1.182s] -- Installing: /home/beta/Desktop/RINS-TASK2/install/dis_tutorial3/share/dis_tutorial3//worlds/task1_meshes/person6.png
[1.182s] -- Installing: /home/beta/Desktop/RINS-TASK2/install/dis_tutorial3/share/dis_tutorial3//worlds/task1_meshes/yellow.jpg
[1.182s] -- Installing: /home/beta/Desktop/RINS-TASK2/install/dis_tutorial3/share/dis_tutorial3//worlds/task1_meshes/fakering3.jpg
[1.182s] -- Installing: /home/beta/Desktop/RINS-TASK2/install/dis_tutorial3/share/dis_tutorial3//worlds/task1_meshes/fakering1.jpg
[1.182s] -- Installing: /home/beta/Desktop/RINS-TASK2/install/dis_tutorial3/share/dis_tutorial3//worlds/task1_meshes/map_colliders.dae
[1.182s] -- Installing: /home/beta/Desktop/RINS-TASK2/install/dis_tutorial3/share/dis_tutorial3//worlds/task1_meshes/qr1.jpg
[1.182s] -- Installing: /home/beta/Desktop/RINS-TASK2/install/dis_tutorial3/share/dis_tutorial3//worlds/demo4.sdf
[1.182s] -- Installing: /home/beta/Desktop/RINS-TASK2/install/dis_tutorial3/share/dis_tutorial3//worlds/demo4_meshes
[1.182s] -- Installing: /home/beta/Desktop/RINS-TASK2/install/dis_tutorial3/share/dis_tutorial3//worlds/demo4_meshes/qr2.jpg
[1.183s] -- Installing: /home/beta/Desktop/RINS-TASK2/install/dis_tutorial3/share/dis_tutorial3//worlds/demo4_meshes/red.jpg
[1.183s] -- Installing: /home/beta/Desktop/RINS-TASK2/install/dis_tutorial3/share/dis_tutorial3//worlds/demo4_meshes/blue.jpg
[1.183s] -- Installing: /home/beta/Desktop/RINS-TASK2/install/dis_tutorial3/share/dis_tutorial3//worlds/demo4_meshes/ground.jpg
[1.183s] -- Installing: /home/beta/Desktop/RINS-TASK2/install/dis_tutorial3/share/dis_tutorial3//worlds/demo4_meshes/parking_space.jpg
[1.183s] -- Installing: /home/beta/Desktop/RINS-TASK2/install/dis_tutorial3/share/dis_tutorial3//worlds/demo4_meshes/green.jpg
[1.183s] -- Installing: /home/beta/Desktop/RINS-TASK2/install/dis_tutorial3/share/dis_tutorial3//worlds/demo4_meshes/person2.png.001.png
[1.183s] -- Installing: /home/beta/Desktop/RINS-TASK2/install/dis_tutorial3/share/dis_tutorial3//worlds/demo4_meshes/objects.jpg
[1.183s] -- Installing: /home/beta/Desktop/RINS-TASK2/install/dis_tutorial3/share/dis_tutorial3//worlds/demo4_meshes/person5.png.001.png
[1.183s] -- Installing: /home/beta/Desktop/RINS-TASK2/install/dis_tutorial3/share/dis_tutorial3//worlds/demo4_meshes/map.dae
[1.184s] -- Installing: /home/beta/Desktop/RINS-TASK2/install/dis_tutorial3/share/dis_tutorial3//worlds/demo4_meshes/black.jpg
[1.184s] -- Installing: /home/beta/Desktop/RINS-TASK2/install/dis_tutorial3/share/dis_tutorial3//worlds/demo4_meshes/person13.png
[1.184s] -- Installing: /home/beta/Desktop/RINS-TASK2/install/dis_tutorial3/share/dis_tutorial3//worlds/demo4_meshes/person3.png.001.png
[1.185s] -- Installing: /home/beta/Desktop/RINS-TASK2/install/dis_tutorial3/share/dis_tutorial3//worlds/demo4_meshes/fakering2.jpg
[1.185s] -- Installing: /home/beta/Desktop/RINS-TASK2/install/dis_tutorial3/share/dis_tutorial3//worlds/demo4_meshes/person6.png
[1.185s] -- Installing: /home/beta/Desktop/RINS-TASK2/install/dis_tutorial3/share/dis_tutorial3//worlds/demo4_meshes/yellow.jpg
[1.186s] -- Installing: /home/beta/Desktop/RINS-TASK2/install/dis_tutorial3/share/dis_tutorial3//worlds/demo4_meshes/fakering3.jpg
[1.186s] -- Installing: /home/beta/Desktop/RINS-TASK2/install/dis_tutorial3/share/dis_tutorial3//worlds/demo4_meshes/fakering1.jpg
[1.186s] -- Installing: /home/beta/Desktop/RINS-TASK2/install/dis_tutorial3/share/dis_tutorial3//worlds/demo4_meshes/map_colliders.dae
[1.186s] -- Installing: /home/beta/Desktop/RINS-TASK2/install/dis_tutorial3/share/dis_tutorial3//worlds/demo4_meshes/person4.png.001.png
[1.186s] -- Installing: /home/beta/Desktop/RINS-TASK2/install/dis_tutorial3/share/dis_tutorial3//worlds/demo4_meshes/qr1.jpg
[1.187s] -- Installing: /home/beta/Desktop/RINS-TASK2/install/dis_tutorial3/share/dis_tutorial3//worlds/bird_demo3_meshes
[1.187s] -- Installing: /home/beta/Desktop/RINS-TASK2/install/dis_tutorial3/share/dis_tutorial3//worlds/bird_demo3_meshes/qr_albatross.jpg
[1.187s] -- Installing: /home/beta/Desktop/RINS-TASK2/install/dis_tutorial3/share/dis_tutorial3//worlds/bird_demo3_meshes/person18.png
[1.187s] -- Installing: /home/beta/Desktop/RINS-TASK2/install/dis_tutorial3/share/dis_tutorial3//worlds/bird_demo3_meshes/red.jpg
[1.188s] -- Installing: /home/beta/Desktop/RINS-TASK2/install/dis_tutorial3/share/dis_tutorial3//worlds/bird_demo3_meshes/blue.jpg
[1.188s] -- Installing: /home/beta/Desktop/RINS-TASK2/install/dis_tutorial3/share/dis_tutorial3//worlds/bird_demo3_meshes/ground.jpg
[1.188s] -- Installing: /home/beta/Desktop/RINS-TASK2/install/dis_tutorial3/share/dis_tutorial3//worlds/bird_demo3_meshes/person19.png
[1.188s] -- Installing: /home/beta/Desktop/RINS-TASK2/install/dis_tutorial3/share/dis_tutorial3//worlds/bird_demo3_meshes/green.jpg
[1.188s] -- Installing: /home/beta/Desktop/RINS-TASK2/install/dis_tutorial3/share/dis_tutorial3//worlds/bird_demo3_meshes/qr_finch.jpg
[1.188s] -- Installing: /home/beta/Desktop/RINS-TASK2/install/dis_tutorial3/share/dis_tutorial3//worlds/bird_demo3_meshes/Great_Grey_Shrike.jpg
[1.188s] -- Installing: /home/beta/Desktop/RINS-TASK2/install/dis_tutorial3/share/dis_tutorial3//worlds/bird_demo3_meshes/vermilion_flycatcher.jpg
[1.188s] -- Installing: /home/beta/Desktop/RINS-TASK2/install/dis_tutorial3/share/dis_tutorial3//worlds/bird_demo3_meshes/objects.jpg
[1.188s] -- Installing: /home/beta/Desktop/RINS-TASK2/install/dis_tutorial3/share/dis_tutorial3//worlds/bird_demo3_meshes/person16.png
[1.189s] -- Installing: /home/beta/Desktop/RINS-TASK2/install/dis_tutorial3/share/dis_tutorial3//worlds/bird_demo3_meshes/dirt2.jpg
[1.189s] -- Installing: /home/beta/Desktop/RINS-TASK2/install/dis_tutorial3/share/dis_tutorial3//worlds/bird_demo3_meshes/map.dae
[1.191s] -- Installing: /home/beta/Desktop/RINS-TASK2/install/dis_tutorial3/share/dis_tutorial3//worlds/bird_demo3_meshes/person23.png
[1.191s] -- Installing: /home/beta/Desktop/RINS-TASK2/install/dis_tutorial3/share/dis_tutorial3//worlds/bird_demo3_meshes/black.jpg
[1.191s] -- Installing: /home/beta/Desktop/RINS-TASK2/install/dis_tutorial3/share/dis_tutorial3//worlds/bird_demo3_meshes/qr_flycatcher.jpg
[1.191s] -- Installing: /home/beta/Desktop/RINS-TASK2/install/dis_tutorial3/share/dis_tutorial3//worlds/bird_demo3_meshes/water.jpg
[1.191s] -- Installing: /home/beta/Desktop/RINS-TASK2/install/dis_tutorial3/share/dis_tutorial3//worlds/bird_demo3_meshes/yellow.jpg
[1.192s] -- Installing: /home/beta/Desktop/RINS-TASK2/install/dis_tutorial3/share/dis_tutorial3//worlds/bird_demo3_meshes/grass.jpg
[1.192s] -- Installing: /home/beta/Desktop/RINS-TASK2/install/dis_tutorial3/share/dis_tutorial3//worlds/bird_demo3_meshes/fakering3.jpg
[1.192s] -- Installing: /home/beta/Desktop/RINS-TASK2/install/dis_tutorial3/share/dis_tutorial3//worlds/bird_demo3_meshes/Laysan_Albatross.jpeg
[1.192s] -- Installing: /home/beta/Desktop/RINS-TASK2/install/dis_tutorial3/share/dis_tutorial3//worlds/bird_demo3_meshes/qr_shrike.jpg
[1.192s] -- Installing: /home/beta/Desktop/RINS-TASK2/install/dis_tutorial3/share/dis_tutorial3//worlds/bird_demo3_meshes/fakering1.jpg
[1.192s] -- Installing: /home/beta/Desktop/RINS-TASK2/install/dis_tutorial3/share/dis_tutorial3//worlds/bird_demo3_meshes/map_colliders.dae
[1.193s] -- Installing: /home/beta/Desktop/RINS-TASK2/install/dis_tutorial3/share/dis_tutorial3//worlds/bird_demo3_meshes/wood.jpg
[1.193s] -- Installing: /home/beta/Desktop/RINS-TASK2/install/dis_tutorial3/share/dis_tutorial3//worlds/bird_demo3_meshes/european_goldfinch.jpg
[1.193s] -- Installing: /home/beta/Desktop/RINS-TASK2/install/dis_tutorial3/share/dis_tutorial3//worlds/task1.sdf
[1.193s] -- Installing: /home/beta/Desktop/RINS-TASK2/install/dis_tutorial3/share/dis_tutorial3//worlds/bird_demo2.sdf
[1.193s] -- Installing: /home/beta/Desktop/RINS-TASK2/install/dis_tutorial3/share/dis_tutorial3//worlds/task2.sdf
[1.193s] -- Installing: /home/beta/Desktop/RINS-TASK2/install/dis_tutorial3/share/dis_tutorial3//worlds/bird_demo3.sdf
[1.194s] -- Installing: /home/beta/Desktop/RINS-TASK2/install/dis_tutorial3/share/dis_tutorial3//worlds/dis.sdf
[1.194s] -- Installing: /home/beta/Desktop/RINS-TASK2/install/dis_tutorial3/share/dis_tutorial3//worlds/empty.sdf
[1.194s] -- Installing: /home/beta/Desktop/RINS-TASK2/install/dis_tutorial3/share/dis_tutorial3//worlds/task2_meshes
[1.194s] -- Installing: /home/beta/Desktop/RINS-TASK2/install/dis_tutorial3/share/dis_tutorial3//worlds/task2_meshes/person36.jpg
[1.194s] -- Installing: /home/beta/Desktop/RINS-TASK2/install/dis_tutorial3/share/dis_tutorial3//worlds/task2_meshes/red.jpg
[1.194s] -- Installing: /home/beta/Desktop/RINS-TASK2/install/dis_tutorial3/share/dis_tutorial3//worlds/task2_meshes/person29.jpg
[1.194s] -- Installing: /home/beta/Desktop/RINS-TASK2/install/dis_tutorial3/share/dis_tutorial3//worlds/task2_meshes/blue.jpg
[1.194s] -- Installing: /home/beta/Desktop/RINS-TASK2/install/dis_tutorial3/share/dis_tutorial3//worlds/task2_meshes/ground.jpg
[1.194s] -- Installing: /home/beta/Desktop/RINS-TASK2/install/dis_tutorial3/share/dis_tutorial3//worlds/task2_meshes/qr_tern.jpg
[1.195s] -- Installing: /home/beta/Desktop/RINS-TASK2/install/dis_tutorial3/share/dis_tutorial3//worlds/task2_meshes/green.jpg
[1.195s] -- Installing: /home/beta/Desktop/RINS-TASK2/install/dis_tutorial3/share/dis_tutorial3//worlds/task2_meshes/person30.jpg
[1.195s] -- Installing: /home/beta/Desktop/RINS-TASK2/install/dis_tutorial3/share/dis_tutorial3//worlds/task2_meshes/qr_crow.jpg
[1.196s] -- Installing: /home/beta/Desktop/RINS-TASK2/install/dis_tutorial3/share/dis_tutorial3//worlds/task2_meshes/objects.jpg
[1.196s] -- Installing: /home/beta/Desktop/RINS-TASK2/install/dis_tutorial3/share/dis_tutorial3//worlds/task2_meshes/qr_blackbird.jpg
[1.196s] -- Installing: /home/beta/Desktop/RINS-TASK2/install/dis_tutorial3/share/dis_tutorial3//worlds/task2_meshes/person31.jpg
[1.196s] -- Installing: /home/beta/Desktop/RINS-TASK2/install/dis_tutorial3/share/dis_tutorial3//worlds/task2_meshes/dirt2.jpg
[1.196s] -- Installing: /home/beta/Desktop/RINS-TASK2/install/dis_tutorial3/share/dis_tutorial3//worlds/task2_meshes/map.dae
[1.200s] -- Installing: /home/beta/Desktop/RINS-TASK2/install/dis_tutorial3/share/dis_tutorial3//worlds/task2_meshes/yellow_headed_blackbird.jpg
[1.201s] -- Installing: /home/beta/Desktop/RINS-TASK2/install/dis_tutorial3/share/dis_tutorial3//worlds/task2_meshes/black.jpg
[1.201s] -- Installing: /home/beta/Desktop/RINS-TASK2/install/dis_tutorial3/share/dis_tutorial3//worlds/task2_meshes/pied_kingfisher.jpg
[1.201s] -- Installing: /home/beta/Desktop/RINS-TASK2/install/dis_tutorial3/share/dis_tutorial3//worlds/task2_meshes/american_crow.jpg
[1.203s] -- Installing: /home/beta/Desktop/RINS-TASK2/install/dis_tutorial3/share/dis_tutorial3//worlds/task2_meshes/water.jpg
[1.203s] -- Installing: /home/beta/Desktop/RINS-TASK2/install/dis_tutorial3/share/dis_tutorial3//worlds/task2_meshes/yellow.jpg
[1.203s] -- Installing: /home/beta/Desktop/RINS-TASK2/install/dis_tutorial3/share/dis_tutorial3//worlds/task2_meshes/grass.jpg
[1.203s] -- Installing: /home/beta/Desktop/RINS-TASK2/install/dis_tutorial3/share/dis_tutorial3//worlds/task2_meshes/qr_kingfisher.jpg
[1.204s] -- Installing: /home/beta/Desktop/RINS-TASK2/install/dis_tutorial3/share/dis_tutorial3//worlds/task2_meshes/fakering3.jpg
[1.204s] -- Installing: /home/beta/Desktop/RINS-TASK2/install/dis_tutorial3/share/dis_tutorial3//worlds/task2_meshes/fakering1.jpg
[1.204s] -- Installing: /home/beta/Desktop/RINS-TASK2/install/dis_tutorial3/share/dis_tutorial3//worlds/task2_meshes/map_colliders.dae
[1.204s] -- Installing: /home/beta/Desktop/RINS-TASK2/install/dis_tutorial3/share/dis_tutorial3//worlds/task2_meshes/common_tern.jpg
[1.205s] -- Installing: /home/beta/Desktop/RINS-TASK2/install/dis_tutorial3/share/dis_tutorial3//worlds/task2_meshes/wood.jpg
[1.205s] -- Installing: /home/beta/Desktop/RINS-TASK2/install/dis_tutorial3/share/dis_tutorial3//worlds/demo3.sdf
[1.205s] -- Installing: /home/beta/Desktop/RINS-TASK2/install/dis_tutorial3/share/dis_tutorial3//worlds/demo1.sdf
[1.205s] -- Installing: /home/beta/Desktop/RINS-TASK2/install/dis_tutorial3/share/dis_tutorial3//worlds/2024
[1.206s] -- Installing: /home/beta/Desktop/RINS-TASK2/install/dis_tutorial3/share/dis_tutorial3//worlds/2024/task2_demo2.sdf
[1.206s] -- Installing: /home/beta/Desktop/RINS-TASK2/install/dis_tutorial3/share/dis_tutorial3//worlds/2024/task3_meshes
[1.206s] -- Installing: /home/beta/Desktop/RINS-TASK2/install/dis_tutorial3/share/dis_tutorial3//worlds/2024/task3_meshes/easy_anomona_0.png
[1.206s] -- Installing: /home/beta/Desktop/RINS-TASK2/install/dis_tutorial3/share/dis_tutorial3//worlds/2024/task3_meshes/ground.jpg
[1.207s] -- Installing: /home/beta/Desktop/RINS-TASK2/install/dis_tutorial3/share/dis_tutorial3//worlds/2024/task3_meshes/parking_space.jpg
[1.207s] -- Installing: /home/beta/Desktop/RINS-TASK2/install/dis_tutorial3/share/dis_tutorial3//worlds/2024/task3_meshes/anomona_0.png
[1.207s] -- Installing: /home/beta/Desktop/RINS-TASK2/install/dis_tutorial3/share/dis_tutorial3//worlds/2024/task3_meshes/easy_anomona_1.png
[1.207s] -- Installing: /home/beta/Desktop/RINS-TASK2/install/dis_tutorial3/share/dis_tutorial3//worlds/2024/task3_meshes/anomona_4.png
[1.207s] -- Installing: /home/beta/Desktop/RINS-TASK2/install/dis_tutorial3/share/dis_tutorial3//worlds/2024/task3_meshes/cylinders.jpg
[1.208s] -- Installing: /home/beta/Desktop/RINS-TASK2/install/dis_tutorial3/share/dis_tutorial3//worlds/2024/task3_meshes/villager5.png
[1.208s] -- Installing: /home/beta/Desktop/RINS-TASK2/install/dis_tutorial3/share/dis_tutorial3//worlds/2024/task3_meshes/qr_cheat.png
[1.208s] -- Installing: /home/beta/Desktop/RINS-TASK2/install/dis_tutorial3/share/dis_tutorial3//worlds/2024/task3_meshes/villager4.png
[1.209s] -- Installing: /home/beta/Desktop/RINS-TASK2/install/dis_tutorial3/share/dis_tutorial3//worlds/2024/task3_meshes/objects.jpg
[1.209s] -- Installing: /home/beta/Desktop/RINS-TASK2/install/dis_tutorial3/share/dis_tutorial3//worlds/2024/task3_meshes/qr_url.png
[1.209s] -- Installing: /home/beta/Desktop/RINS-TASK2/install/dis_tutorial3/share/dis_tutorial3//worlds/2024/task3_meshes/villager3.png
[1.209s] -- Installing: /home/beta/Desktop/RINS-TASK2/install/dis_tutorial3/share/dis_tutorial3//worlds/2024/task3_meshes/map.dae
[1.210s] -- Installing: /home/beta/Desktop/RINS-TASK2/install/dis_tutorial3/share/dis_tutorial3//worlds/2024/task3_meshes/villager2.png
[1.210s] -- Installing: /home/beta/Desktop/RINS-TASK2/install/dis_tutorial3/share/dis_tutorial3//worlds/2024/task3_meshes/easy_anomona_2.png
[1.210s] -- Installing: /home/beta/Desktop/RINS-TASK2/install/dis_tutorial3/share/dis_tutorial3//worlds/2024/task3_meshes/easy_anomona_4.png
[1.211s] -- Installing: /home/beta/Desktop/RINS-TASK2/install/dis_tutorial3/share/dis_tutorial3//worlds/2024/task3_meshes/easy_anomona_3.png
[1.211s] -- Installing: /home/beta/Desktop/RINS-TASK2/install/dis_tutorial3/share/dis_tutorial3//worlds/2024/task3_meshes/anomona_2.png
[1.211s] -- Installing: /home/beta/Desktop/RINS-TASK2/install/dis_tutorial3/share/dis_tutorial3//worlds/2024/task3_meshes/fakering2.jpg
[1.211s] -- Installing: /home/beta/Desktop/RINS-TASK2/install/dis_tutorial3/share/dis_tutorial3//worlds/2024/task3_meshes/mona.png
[1.212s] -- Installing: /home/beta/Desktop/RINS-TASK2/install/dis_tutorial3/share/dis_tutorial3//worlds/2024/task3_meshes/anomona_1.png
[1.212s] -- Installing: /home/beta/Desktop/RINS-TASK2/install/dis_tutorial3/share/dis_tutorial3//worlds/2024/task3_meshes/qr_wrong.png
[1.212s] -- Installing: /home/beta/Desktop/RINS-TASK2/install/dis_tutorial3/share/dis_tutorial3//worlds/2024/task3_meshes/fakering3.jpg
[1.212s] -- Installing: /home/beta/Desktop/RINS-TASK2/install/dis_tutorial3/share/dis_tutorial3//worlds/2024/task3_meshes/villager1.png
[1.212s] -- Installing: /home/beta/Desktop/RINS-TASK2/install/dis_tutorial3/share/dis_tutorial3//worlds/2024/task3_meshes/anomona_3.png
[1.213s] -- Installing: /home/beta/Desktop/RINS-TASK2/install/dis_tutorial3/share/dis_tutorial3//worlds/2024/task3_meshes/fakering1.jpg
[1.213s] -- Installing: /home/beta/Desktop/RINS-TASK2/install/dis_tutorial3/share/dis_tutorial3//worlds/2024/task3_meshes/map_colliders.dae
[1.214s] -- Installing: /home/beta/Desktop/RINS-TASK2/install/dis_tutorial3/share/dis_tutorial3//worlds/2024/task3.sdf
[1.214s] -- Installing: /home/beta/Desktop/RINS-TASK2/install/dis_tutorial3/share/dis_tutorial3//worlds/2024/task2_demo2_meshes
[1.214s] -- Installing: /home/beta/Desktop/RINS-TASK2/install/dis_tutorial3/share/dis_tutorial3//worlds/2024/task2_demo2_meshes/ground.jpg
[1.214s] -- Installing: /home/beta/Desktop/RINS-TASK2/install/dis_tutorial3/share/dis_tutorial3//worlds/2024/task2_demo2_meshes/parking_space.jpg
[1.214s] -- Installing: /home/beta/Desktop/RINS-TASK2/install/dis_tutorial3/share/dis_tutorial3//worlds/2024/task2_demo2_meshes/cylinders.jpg
[1.214s] -- Installing: /home/beta/Desktop/RINS-TASK2/install/dis_tutorial3/share/dis_tutorial3//worlds/2024/task2_demo2_meshes/objects.jpg
[1.214s] -- Installing: /home/beta/Desktop/RINS-TASK2/install/dis_tutorial3/share/dis_tutorial3//worlds/2024/task2_demo2_meshes/map.dae
[1.215s] -- Installing: /home/beta/Desktop/RINS-TASK2/install/dis_tutorial3/share/dis_tutorial3//worlds/2024/task2_demo2_meshes/fakering2.jpg
[1.215s] -- Installing: /home/beta/Desktop/RINS-TASK2/install/dis_tutorial3/share/dis_tutorial3//worlds/2024/task2_demo2_meshes/fakering3.jpg
[1.215s] -- Installing: /home/beta/Desktop/RINS-TASK2/install/dis_tutorial3/share/dis_tutorial3//worlds/2024/task2_demo2_meshes/fakering1.jpg
[1.215s] -- Installing: /home/beta/Desktop/RINS-TASK2/install/dis_tutorial3/share/dis_tutorial3//worlds/2024/task2_demo2_meshes/map_colliders.dae
[1.215s] -- Installing: /home/beta/Desktop/RINS-TASK2/install/dis_tutorial3/share/dis_tutorial3//worlds/2024/task2_demo1_meshes
[1.215s] -- Installing: /home/beta/Desktop/RINS-TASK2/install/dis_tutorial3/share/dis_tutorial3//worlds/2024/task2_demo1_meshes/ground.jpg
[1.215s] -- Installing: /home/beta/Desktop/RINS-TASK2/install/dis_tutorial3/share/dis_tutorial3//worlds/2024/task2_demo1_meshes/parking_space.jpg
[1.215s] -- Installing: /home/beta/Desktop/RINS-TASK2/install/dis_tutorial3/share/dis_tutorial3//worlds/2024/task2_demo1_meshes/cylinders.jpg
[1.216s] -- Installing: /home/beta/Desktop/RINS-TASK2/install/dis_tutorial3/share/dis_tutorial3//worlds/2024/task2_demo1_meshes/objects.jpg
[1.216s] -- Installing: /home/beta/Desktop/RINS-TASK2/install/dis_tutorial3/share/dis_tutorial3//worlds/2024/task2_demo1_meshes/map.dae
[1.216s] -- Installing: /home/beta/Desktop/RINS-TASK2/install/dis_tutorial3/share/dis_tutorial3//worlds/2024/task2_demo1_meshes/fakering2.jpg
[1.216s] -- Installing: /home/beta/Desktop/RINS-TASK2/install/dis_tutorial3/share/dis_tutorial3//worlds/2024/task2_demo1_meshes/fakering3.jpg
[1.217s] -- Installing: /home/beta/Desktop/RINS-TASK2/install/dis_tutorial3/share/dis_tutorial3//worlds/2024/task2_demo1_meshes/fakering1.jpg
[1.217s] -- Installing: /home/beta/Desktop/RINS-TASK2/install/dis_tutorial3/share/dis_tutorial3//worlds/2024/task2_demo1_meshes/map_colliders.dae
[1.217s] -- Installing: /home/beta/Desktop/RINS-TASK2/install/dis_tutorial3/share/dis_tutorial3//worlds/2024/task2_demo1.sdf
[1.217s] -- Installing: /home/beta/Desktop/RINS-TASK2/install/dis_tutorial3/share/dis_tutorial3//worlds/bird_demo1.sdf
[1.217s] -- Installing: /home/beta/Desktop/RINS-TASK2/install/dis_tutorial3/share/dis_tutorial3//worlds/bird_demo2_meshes
[1.217s] -- Installing: /home/beta/Desktop/RINS-TASK2/install/dis_tutorial3/share/dis_tutorial3//worlds/bird_demo2_meshes/person11.png
[1.217s] -- Installing: /home/beta/Desktop/RINS-TASK2/install/dis_tutorial3/share/dis_tutorial3//worlds/bird_demo2_meshes/person8.png
[1.218s] -- Installing: /home/beta/Desktop/RINS-TASK2/install/dis_tutorial3/share/dis_tutorial3//worlds/bird_demo2_meshes/red.jpg
[1.218s] -- Installing: /home/beta/Desktop/RINS-TASK2/install/dis_tutorial3/share/dis_tutorial3//worlds/bird_demo2_meshes/blue.jpg
[1.218s] -- Installing: /home/beta/Desktop/RINS-TASK2/install/dis_tutorial3/share/dis_tutorial3//worlds/bird_demo2_meshes/ground.jpg
[1.218s] -- Installing: /home/beta/Desktop/RINS-TASK2/install/dis_tutorial3/share/dis_tutorial3//worlds/bird_demo2_meshes/person17.png
[1.218s] -- Installing: /home/beta/Desktop/RINS-TASK2/install/dis_tutorial3/share/dis_tutorial3//worlds/bird_demo2_meshes/purple_finch.jpg
[1.218s] -- Installing: /home/beta/Desktop/RINS-TASK2/install/dis_tutorial3/share/dis_tutorial3//worlds/bird_demo2_meshes/qr_jay.jpg
[1.219s] -- Installing: /home/beta/Desktop/RINS-TASK2/install/dis_tutorial3/share/dis_tutorial3//worlds/bird_demo2_meshes/green.jpg
[1.219s] -- Installing: /home/beta/Desktop/RINS-TASK2/install/dis_tutorial3/share/dis_tutorial3//worlds/bird_demo2_meshes/qr_finch.jpg
[1.219s] -- Installing: /home/beta/Desktop/RINS-TASK2/install/dis_tutorial3/share/dis_tutorial3//worlds/bird_demo2_meshes/objects.jpg
[1.219s] -- Installing: /home/beta/Desktop/RINS-TASK2/install/dis_tutorial3/share/dis_tutorial3//worlds/bird_demo2_meshes/dirt2.jpg
[1.219s] -- Installing: /home/beta/Desktop/RINS-TASK2/install/dis_tutorial3/share/dis_tutorial3//worlds/bird_demo2_meshes/map.dae
[1.221s] -- Installing: /home/beta/Desktop/RINS-TASK2/install/dis_tutorial3/share/dis_tutorial3//worlds/bird_demo2_meshes/qr_oriole.jpg
[1.221s] -- Installing: /home/beta/Desktop/RINS-TASK2/install/dis_tutorial3/share/dis_tutorial3//worlds/bird_demo2_meshes/baltimore_oriole.jpg
[1.221s] -- Installing: /home/beta/Desktop/RINS-TASK2/install/dis_tutorial3/share/dis_tutorial3//worlds/bird_demo2_meshes/black.jpg
[1.221s] -- Installing: /home/beta/Desktop/RINS-TASK2/install/dis_tutorial3/share/dis_tutorial3//worlds/bird_demo2_meshes/qr_puffin.jpg
[1.221s] -- Installing: /home/beta/Desktop/RINS-TASK2/install/dis_tutorial3/share/dis_tutorial3//worlds/bird_demo2_meshes/water.jpg
[1.221s] -- Installing: /home/beta/Desktop/RINS-TASK2/install/dis_tutorial3/share/dis_tutorial3//worlds/bird_demo2_meshes/horned_puffin.jpeg
[1.222s] -- Installing: /home/beta/Desktop/RINS-TASK2/install/dis_tutorial3/share/dis_tutorial3//worlds/bird_demo2_meshes/yellow.jpg
[1.222s] -- Installing: /home/beta/Desktop/RINS-TASK2/install/dis_tutorial3/share/dis_tutorial3//worlds/bird_demo2_meshes/grass.jpg
[1.222s] -- Installing: /home/beta/Desktop/RINS-TASK2/install/dis_tutorial3/share/dis_tutorial3//worlds/bird_demo2_meshes/person4.png
[1.222s] -- Installing: /home/beta/Desktop/RINS-TASK2/install/dis_tutorial3/share/dis_tutorial3//worlds/bird_demo2_meshes/fakering3.jpg
[1.222s] -- Installing: /home/beta/Desktop/RINS-TASK2/install/dis_tutorial3/share/dis_tutorial3//worlds/bird_demo2_meshes/fakering1.jpg
[1.222s] -- Installing: /home/beta/Desktop/RINS-TASK2/install/dis_tutorial3/share/dis_tutorial3//worlds/bird_demo2_meshes/map_colliders.dae
[1.223s] -- Installing: /home/beta/Desktop/RINS-TASK2/install/dis_tutorial3/share/dis_tutorial3//worlds/bird_demo2_meshes/wood.jpg
[1.223s] -- Installing: /home/beta/Desktop/RINS-TASK2/install/dis_tutorial3/share/dis_tutorial3//worlds/bird_demo2_meshes/blue_jay.jpg
[1.223s] -- Installing: /home/beta/Desktop/RINS-TASK2/install/dis_tutorial3/share/dis_tutorial3//worlds/demo1_meshes
[1.223s] -- Installing: /home/beta/Desktop/RINS-TASK2/install/dis_tutorial3/share/dis_tutorial3//worlds/demo1_meshes/person11.png
[1.224s] -- Installing: /home/beta/Desktop/RINS-TASK2/install/dis_tutorial3/share/dis_tutorial3//worlds/demo1_meshes/qr2.jpg
[1.224s] -- Installing: /home/beta/Desktop/RINS-TASK2/install/dis_tutorial3/share/dis_tutorial3//worlds/demo1_meshes/ground.jpg
[1.224s] -- Installing: /home/beta/Desktop/RINS-TASK2/install/dis_tutorial3/share/dis_tutorial3//worlds/demo1_meshes/parking_space.jpg
[1.224s] -- Installing: /home/beta/Desktop/RINS-TASK2/install/dis_tutorial3/share/dis_tutorial3//worlds/demo1_meshes/person5.png
[1.224s] -- Installing: /home/beta/Desktop/RINS-TASK2/install/dis_tutorial3/share/dis_tutorial3//worlds/demo1_meshes/cylinders.jpg
[1.225s] -- Installing: /home/beta/Desktop/RINS-TASK2/install/dis_tutorial3/share/dis_tutorial3//worlds/demo1_meshes/objects.jpg
[1.225s] -- Installing: /home/beta/Desktop/RINS-TASK2/install/dis_tutorial3/share/dis_tutorial3//worlds/demo1_meshes/person2.png
[1.225s] -- Installing: /home/beta/Desktop/RINS-TASK2/install/dis_tutorial3/share/dis_tutorial3//worlds/demo1_meshes/person3.png
[1.225s] -- Installing: /home/beta/Desktop/RINS-TASK2/install/dis_tutorial3/share/dis_tutorial3//worlds/demo1_meshes/map.dae
[1.226s] -- Installing: /home/beta/Desktop/RINS-TASK2/install/dis_tutorial3/share/dis_tutorial3//worlds/demo1_meshes/person1.png
[1.226s] -- Installing: /home/beta/Desktop/RINS-TASK2/install/dis_tutorial3/share/dis_tutorial3//worlds/demo1_meshes/fakering2.jpg
[1.227s] -- Installing: /home/beta/Desktop/RINS-TASK2/install/dis_tutorial3/share/dis_tutorial3//worlds/demo1_meshes/person4.png
[1.227s] -- Installing: /home/beta/Desktop/RINS-TASK2/install/dis_tutorial3/share/dis_tutorial3//worlds/demo1_meshes/fakering3.jpg
[1.227s] -- Installing: /home/beta/Desktop/RINS-TASK2/install/dis_tutorial3/share/dis_tutorial3//worlds/demo1_meshes/fakering1.jpg
[1.227s] -- Installing: /home/beta/Desktop/RINS-TASK2/install/dis_tutorial3/share/dis_tutorial3//worlds/demo1_meshes/map_colliders.dae
[1.228s] -- Installing: /home/beta/Desktop/RINS-TASK2/install/dis_tutorial3/share/dis_tutorial3//worlds/demo1_meshes/qr1.jpg
[1.228s] -- Installing: /home/beta/Desktop/RINS-TASK2/install/dis_tutorial3/share/dis_tutorial3//maps
[1.228s] -- Installing: /home/beta/Desktop/RINS-TASK2/install/dis_tutorial3/share/dis_tutorial3//maps/mapOld.yaml
[1.228s] -- Installing: /home/beta/Desktop/RINS-TASK2/install/dis_tutorial3/share/dis_tutorial3//maps/mapPoskus1.pgm
[1.228s] -- Installing: /home/beta/Desktop/RINS-TASK2/install/dis_tutorial3/share/dis_tutorial3//maps/mapOld.pgm
[1.228s] -- Installing: /home/beta/Desktop/RINS-TASK2/install/dis_tutorial3/share/dis_tutorial3//maps/Old.pgm
[1.229s] -- Installing: /home/beta/Desktop/RINS-TASK2/install/dis_tutorial3/share/dis_tutorial3//maps/map(4).pgm
[1.229s] -- Installing: /home/beta/Desktop/RINS-TASK2/install/dis_tutorial3/share/dis_tutorial3//maps/mapPoskus1.yaml
[1.229s] -- Installing: /home/beta/Desktop/RINS-TASK2/install/dis_tutorial3/share/dis_tutorial3//maps/map.pgm
[1.229s] -- Installing: /home/beta/Desktop/RINS-TASK2/install/dis_tutorial3/share/dis_tutorial3//maps/mapNew.yaml
[1.229s] -- Installing: /home/beta/Desktop/RINS-TASK2/install/dis_tutorial3/share/dis_tutorial3//maps/map_skeleton_proba.pgm
[1.229s] -- Installing: /home/beta/Desktop/RINS-TASK2/install/dis_tutorial3/share/dis_tutorial3//maps/map_cleaned.pgm
[1.229s] -- Installing: /home/beta/Desktop/RINS-TASK2/install/dis_tutorial3/share/dis_tutorial3//maps/map_path_points.pgm
[1.229s] -- Installing: /home/beta/Desktop/RINS-TASK2/install/dis_tutorial3/share/dis_tutorial3//maps/map2.pgm
[1.229s] -- Installing: /home/beta/Desktop/RINS-TASK2/install/dis_tutorial3/share/dis_tutorial3//maps/map.yaml
[1.230s] -- Installing: /home/beta/Desktop/RINS-TASK2/install/dis_tutorial3/lib/dis_tutorial3/detect_people.py
[1.230s] -- Installing: /home/beta/Desktop/RINS-TASK2/install/dis_tutorial3/lib/dis_tutorial3/robot_commander.py
[1.230s] -- Installing: /home/beta/Desktop/RINS-TASK2/install/dis_tutorial3/share/ament_index/resource_index/package_run_dependencies/dis_tutorial3
[1.230s] -- Installing: /home/beta/Desktop/RINS-TASK2/install/dis_tutorial3/share/ament_index/resource_index/parent_prefix_path/dis_tutorial3
[1.231s] -- Installing: /home/beta/Desktop/RINS-TASK2/install/dis_tutorial3/share/dis_tutorial3/environment/ament_prefix_path.sh
[1.231s] -- Installing: /home/beta/Desktop/RINS-TASK2/install/dis_tutorial3/share/dis_tutorial3/environment/ament_prefix_path.dsv
[1.231s] -- Installing: /home/beta/Desktop/RINS-TASK2/install/dis_tutorial3/share/dis_tutorial3/environment/path.sh
[1.231s] -- Installing: /home/beta/Desktop/RINS-TASK2/install/dis_tutorial3/share/dis_tutorial3/environment/path.dsv
[1.231s] -- Installing: /home/beta/Desktop/RINS-TASK2/install/dis_tutorial3/share/dis_tutorial3/local_setup.bash
[1.231s] -- Installing: /home/beta/Desktop/RINS-TASK2/install/dis_tutorial3/share/dis_tutorial3/local_setup.sh
[1.231s] -- Installing: /home/beta/Desktop/RINS-TASK2/install/dis_tutorial3/share/dis_tutorial3/local_setup.zsh
[1.231s] -- Installing: /home/beta/Desktop/RINS-TASK2/install/dis_tutorial3/share/dis_tutorial3/local_setup.dsv
[1.231s] -- Installing: /home/beta/Desktop/RINS-TASK2/install/dis_tutorial3/share/dis_tutorial3/package.dsv
[1.232s] -- Installing: /home/beta/Desktop/RINS-TASK2/install/dis_tutorial3/share/ament_index/resource_index/packages/dis_tutorial3
[1.232s] -- Installing: /home/beta/Desktop/RINS-TASK2/install/dis_tutorial3/share/dis_tutorial3/cmake/dis_tutorial3Config.cmake
[1.232s] -- Installing: /home/beta/Desktop/RINS-TASK2/install/dis_tutorial3/share/dis_tutorial3/cmake/dis_tutorial3Config-version.cmake
[1.232s] -- Installing: /home/beta/Desktop/RINS-TASK2/install/dis_tutorial3/share/dis_tutorial3/package.xml
[1.234s] Invoked command in '/home/beta/Desktop/RINS-TASK2/build/dis_tutorial3' returned '0': CMAKE_PREFIX_PATH=${CMAKE_PREFIX_PATH}:/opt/ros/humble /usr/bin/cmake --install /home/beta/Desktop/RINS-TASK2/build/dis_tutorial3
