[0.006s] Invoking command in '/home/beta/Vaje7/dis_tutorial7/src/dis_tutorial3/build/dis_tutorial3': CMAKE_PREFIX_PATH=${CMAKE_PREFIX_PATH}:/opt/ros/humble /usr/bin/cmake /home/beta/Vaje7/dis_tutorial7/src/dis_tutorial3 -DCMAKE_INSTALL_PREFIX=/home/beta/Vaje7/dis_tutorial7/src/dis_tutorial3/install/dis_tutorial3
[0.040s] -- The C compiler identification is GNU 11.4.0
[0.085s] -- The CXX compiler identification is GNU 11.4.0
[0.089s] -- Detecting C compiler ABI info
[0.153s] -- Detecting C compiler ABI info - done
[0.158s] -- Check for working C compiler: /usr/bin/cc - skipped
[0.158s] -- Detecting C compile features
[0.158s] -- Detecting C compile features - done
[0.160s] -- Detecting CXX compiler ABI info
[0.219s] -- Detecting CXX compiler ABI info - done
[0.224s] -- Check for working CXX compiler: /usr/bin/c++ - skipped
[0.224s] -- Detecting CXX compile features
[0.224s] -- Detecting CXX compile features - done
[0.226s] -- Found ament_cmake: 1.3.11 (/opt/ros/humble/share/ament_cmake/cmake)
[0.331s] -- Found Python3: /usr/bin/python3 (found version "3.10.12") found components: Interpreter 
[0.384s] -- Found rclcpp: 16.0.12 (/opt/ros/humble/share/rclcpp/cmake)
[0.409s] -- Found rosidl_generator_c: 3.1.6 (/opt/ros/humble/share/rosidl_generator_c/cmake)
[0.414s] -- Found rosidl_adapter: 3.1.6 (/opt/ros/humble/share/rosidl_adapter/cmake)
[0.421s] -- Found rosidl_generator_cpp: 3.1.6 (/opt/ros/humble/share/rosidl_generator_cpp/cmake)
[0.429s] -- Using all available rosidl_typesupport_c: rosidl_typesupport_fastrtps_c;rosidl_typesupport_introspection_c
[0.441s] -- Using all available rosidl_typesupport_cpp: rosidl_typesupport_fastrtps_cpp;rosidl_typesupport_introspection_cpp
[0.469s] -- Found rmw_implementation_cmake: 6.1.2 (/opt/ros/humble/share/rmw_implementation_cmake/cmake)
[0.471s] -- Found rmw_cyclonedds_cpp: 1.3.4 (/opt/ros/humble/share/rmw_cyclonedds_cpp/cmake)
[0.484s] -- Using RMW implementation 'rmw_cyclonedds_cpp' as default
[0.489s] -- Looking for pthread.h
[0.535s] -- Looking for pthread.h - found
[0.535s] -- Performing Test CMAKE_HAVE_LIBC_PTHREAD
[0.586s] -- Performing Test CMAKE_HAVE_LIBC_PTHREAD - Success
[0.587s] -- Found Threads: TRUE  
[0.619s] -- Found rclpy: 3.3.16 (/opt/ros/humble/share/rclpy/cmake)
[0.620s] -- Found std_srvs: 4.8.0 (/opt/ros/humble/share/std_srvs/cmake)
[0.626s] -- Found nav_msgs: 4.8.0 (/opt/ros/humble/share/nav_msgs/cmake)
[0.645s] -- Found sensor_msgs: 4.8.0 (/opt/ros/humble/share/sensor_msgs/cmake)
[0.656s] -- Found visualization_msgs: 4.8.0 (/opt/ros/humble/share/visualization_msgs/cmake)
[0.669s] -- Found tf2_ros: 0.25.12 (/opt/ros/humble/share/tf2_ros/cmake)
[0.732s] -- Found cv_bridge: 3.2.1 (/opt/ros/humble/share/cv_bridge/cmake)
[0.787s] -- Configuring done
[0.789s] -- Generating done
[0.791s] -- Build files have been written to: /home/beta/Vaje7/dis_tutorial7/src/dis_tutorial3/build/dis_tutorial3
[0.797s] Invoked command in '/home/beta/Vaje7/dis_tutorial7/src/dis_tutorial3/build/dis_tutorial3' returned '0': CMAKE_PREFIX_PATH=${CMAKE_PREFIX_PATH}:/opt/ros/humble /usr/bin/cmake /home/beta/Vaje7/dis_tutorial7/src/dis_tutorial3 -DCMAKE_INSTALL_PREFIX=/home/beta/Vaje7/dis_tutorial7/src/dis_tutorial3/install/dis_tutorial3
[0.799s] Invoking command in '/home/beta/Vaje7/dis_tutorial7/src/dis_tutorial3/build/dis_tutorial3': CMAKE_PREFIX_PATH=${CMAKE_PREFIX_PATH}:/opt/ros/humble /usr/bin/cmake --build /home/beta/Vaje7/dis_tutorial7/src/dis_tutorial3/build/dis_tutorial3 -- -j16 -l16
[0.822s] Invoked command in '/home/beta/Vaje7/dis_tutorial7/src/dis_tutorial3/build/dis_tutorial3' returned '0': CMAKE_PREFIX_PATH=${CMAKE_PREFIX_PATH}:/opt/ros/humble /usr/bin/cmake --build /home/beta/Vaje7/dis_tutorial7/src/dis_tutorial3/build/dis_tutorial3 -- -j16 -l16
[0.833s] Invoking command in '/home/beta/Vaje7/dis_tutorial7/src/dis_tutorial3/build/dis_tutorial3': CMAKE_PREFIX_PATH=${CMAKE_PREFIX_PATH}:/opt/ros/humble /usr/bin/cmake --install /home/beta/Vaje7/dis_tutorial7/src/dis_tutorial3/build/dis_tutorial3
[0.842s] -- Install configuration: ""
[0.842s] -- Installing: /home/beta/Vaje7/dis_tutorial7/src/dis_tutorial3/install/dis_tutorial3/share/dis_tutorial3//launch
[0.842s] -- Installing: /home/beta/Vaje7/dis_tutorial7/src/dis_tutorial3/install/dis_tutorial3/share/dis_tutorial3//launch/localization.launch.py
[0.842s] -- Installing: /home/beta/Vaje7/dis_tutorial7/src/dis_tutorial3/install/dis_tutorial3/share/dis_tutorial3//launch/dis_sim.launch.py
[0.842s] -- Installing: /home/beta/Vaje7/dis_tutorial7/src/dis_tutorial3/install/dis_tutorial3/share/dis_tutorial3//launch/sim_turtlebot_slam.launch.py
[0.843s] -- Installing: /home/beta/Vaje7/dis_tutorial7/src/dis_tutorial3/install/dis_tutorial3/share/dis_tutorial3//launch/create3_nodes.launch.py
[0.843s] -- Installing: /home/beta/Vaje7/dis_tutorial7/src/dis_tutorial3/install/dis_tutorial3/share/dis_tutorial3//launch/nav2.launch.py
[0.843s] -- Installing: /home/beta/Vaje7/dis_tutorial7/src/dis_tutorial3/install/dis_tutorial3/share/dis_tutorial3//launch/skeletonized_path.launch.py
[0.843s] -- Installing: /home/beta/Vaje7/dis_tutorial7/src/dis_tutorial3/install/dis_tutorial3/share/dis_tutorial3//launch/ignition.launch.py
[0.843s] -- Installing: /home/beta/Vaje7/dis_tutorial7/src/dis_tutorial3/install/dis_tutorial3/share/dis_tutorial3//launch/turtlebot4_spawn.launch.py
[0.843s] -- Installing: /home/beta/Vaje7/dis_tutorial7/src/dis_tutorial3/install/dis_tutorial3/share/dis_tutorial3//launch/sim_turtlebot_nav.launch.py
[0.843s] -- Installing: /home/beta/Vaje7/dis_tutorial7/src/dis_tutorial3/install/dis_tutorial3/share/dis_tutorial3//launch/turtlebot4_spawn_nav.launch.py
[0.843s] -- Installing: /home/beta/Vaje7/dis_tutorial7/src/dis_tutorial3/install/dis_tutorial3/share/dis_tutorial3//launch/slam.launch.py
[0.843s] -- Installing: /home/beta/Vaje7/dis_tutorial7/src/dis_tutorial3/install/dis_tutorial3/share/dis_tutorial3//config
[0.844s] -- Installing: /home/beta/Vaje7/dis_tutorial7/src/dis_tutorial3/install/dis_tutorial3/share/dis_tutorial3//config/slam.yaml
[0.844s] -- Installing: /home/beta/Vaje7/dis_tutorial7/src/dis_tutorial3/install/dis_tutorial3/share/dis_tutorial3//config/nav2.yaml
[0.844s] -- Installing: /home/beta/Vaje7/dis_tutorial7/src/dis_tutorial3/install/dis_tutorial3/share/dis_tutorial3//config/localization.yaml
[0.844s] -- Installing: /home/beta/Vaje7/dis_tutorial7/src/dis_tutorial3/install/dis_tutorial3/share/dis_tutorial3//config/laser_filter_chain.yaml
[0.844s] -- Installing: /home/beta/Vaje7/dis_tutorial7/src/dis_tutorial3/install/dis_tutorial3/share/dis_tutorial3//worlds
[0.844s] -- Installing: /home/beta/Vaje7/dis_tutorial7/src/dis_tutorial3/install/dis_tutorial3/share/dis_tutorial3//worlds/demo2.sdf
[0.844s] -- Installing: /home/beta/Vaje7/dis_tutorial7/src/dis_tutorial3/install/dis_tutorial3/share/dis_tutorial3//worlds/dis_meshes
[0.844s] -- Installing: /home/beta/Vaje7/dis_tutorial7/src/dis_tutorial3/install/dis_tutorial3/share/dis_tutorial3//worlds/dis_meshes/qr2.jpg
[0.844s] -- Installing: /home/beta/Vaje7/dis_tutorial7/src/dis_tutorial3/install/dis_tutorial3/share/dis_tutorial3//worlds/dis_meshes/person4.jpg
[0.844s] -- Installing: /home/beta/Vaje7/dis_tutorial7/src/dis_tutorial3/install/dis_tutorial3/share/dis_tutorial3//worlds/dis_meshes/mona1.jpg
[0.845s] -- Installing: /home/beta/Vaje7/dis_tutorial7/src/dis_tutorial3/install/dis_tutorial3/share/dis_tutorial3//worlds/dis_meshes/ground.jpg
[0.845s] -- Installing: /home/beta/Vaje7/dis_tutorial7/src/dis_tutorial3/install/dis_tutorial3/share/dis_tutorial3//worlds/dis_meshes/person1.jpg
[0.845s] -- Installing: /home/beta/Vaje7/dis_tutorial7/src/dis_tutorial3/install/dis_tutorial3/share/dis_tutorial3//worlds/dis_meshes/parking_space.jpg
[0.845s] -- Installing: /home/beta/Vaje7/dis_tutorial7/src/dis_tutorial3/install/dis_tutorial3/share/dis_tutorial3//worlds/dis_meshes/person5.jpg
[0.845s] -- Installing: /home/beta/Vaje7/dis_tutorial7/src/dis_tutorial3/install/dis_tutorial3/share/dis_tutorial3//worlds/dis_meshes/cylinders.jpg
[0.845s] -- Installing: /home/beta/Vaje7/dis_tutorial7/src/dis_tutorial3/install/dis_tutorial3/share/dis_tutorial3//worlds/dis_meshes/objects.jpg
[0.845s] -- Installing: /home/beta/Vaje7/dis_tutorial7/src/dis_tutorial3/install/dis_tutorial3/share/dis_tutorial3//worlds/dis_meshes/map.dae
[0.845s] -- Installing: /home/beta/Vaje7/dis_tutorial7/src/dis_tutorial3/install/dis_tutorial3/share/dis_tutorial3//worlds/dis_meshes/fakering2.jpg
[0.845s] -- Installing: /home/beta/Vaje7/dis_tutorial7/src/dis_tutorial3/install/dis_tutorial3/share/dis_tutorial3//worlds/dis_meshes/person3.jpg
[0.845s] -- Installing: /home/beta/Vaje7/dis_tutorial7/src/dis_tutorial3/install/dis_tutorial3/share/dis_tutorial3//worlds/dis_meshes/davinci.jpg
[0.845s] -- Installing: /home/beta/Vaje7/dis_tutorial7/src/dis_tutorial3/install/dis_tutorial3/share/dis_tutorial3//worlds/dis_meshes/person2.jpg
[0.845s] -- Installing: /home/beta/Vaje7/dis_tutorial7/src/dis_tutorial3/install/dis_tutorial3/share/dis_tutorial3//worlds/dis_meshes/fakering3.jpg
[0.846s] -- Installing: /home/beta/Vaje7/dis_tutorial7/src/dis_tutorial3/install/dis_tutorial3/share/dis_tutorial3//worlds/dis_meshes/fakering1.jpg
[0.846s] -- Installing: /home/beta/Vaje7/dis_tutorial7/src/dis_tutorial3/install/dis_tutorial3/share/dis_tutorial3//worlds/dis_meshes/map_colliders.dae
[0.846s] -- Installing: /home/beta/Vaje7/dis_tutorial7/src/dis_tutorial3/install/dis_tutorial3/share/dis_tutorial3//worlds/dis_meshes/qr1.jpg
[0.846s] -- Installing: /home/beta/Vaje7/dis_tutorial7/src/dis_tutorial3/install/dis_tutorial3/share/dis_tutorial3//worlds/dis_meshes/wood.jpg
[0.846s] -- Installing: /home/beta/Vaje7/dis_tutorial7/src/dis_tutorial3/install/dis_tutorial3/share/dis_tutorial3//worlds/demo3_meshes
[0.846s] -- Installing: /home/beta/Vaje7/dis_tutorial7/src/dis_tutorial3/install/dis_tutorial3/share/dis_tutorial3//worlds/demo3_meshes/person15.png
[0.846s] -- Installing: /home/beta/Vaje7/dis_tutorial7/src/dis_tutorial3/install/dis_tutorial3/share/dis_tutorial3//worlds/demo3_meshes/qr2.jpg
[0.846s] -- Installing: /home/beta/Vaje7/dis_tutorial7/src/dis_tutorial3/install/dis_tutorial3/share/dis_tutorial3//worlds/demo3_meshes/person21.png
[0.846s] -- Installing: /home/beta/Vaje7/dis_tutorial7/src/dis_tutorial3/install/dis_tutorial3/share/dis_tutorial3//worlds/demo3_meshes/red.jpg
[0.846s] -- Installing: /home/beta/Vaje7/dis_tutorial7/src/dis_tutorial3/install/dis_tutorial3/share/dis_tutorial3//worlds/demo3_meshes/blue.jpg
[0.846s] -- Installing: /home/beta/Vaje7/dis_tutorial7/src/dis_tutorial3/install/dis_tutorial3/share/dis_tutorial3//worlds/demo3_meshes/ground.jpg
[0.847s] -- Installing: /home/beta/Vaje7/dis_tutorial7/src/dis_tutorial3/install/dis_tutorial3/share/dis_tutorial3//worlds/demo3_meshes/person17.png
[0.847s] -- Installing: /home/beta/Vaje7/dis_tutorial7/src/dis_tutorial3/install/dis_tutorial3/share/dis_tutorial3//worlds/demo3_meshes/parking_space.jpg
[0.847s] -- Installing: /home/beta/Vaje7/dis_tutorial7/src/dis_tutorial3/install/dis_tutorial3/share/dis_tutorial3//worlds/demo3_meshes/green.jpg
[0.847s] -- Installing: /home/beta/Vaje7/dis_tutorial7/src/dis_tutorial3/install/dis_tutorial3/share/dis_tutorial3//worlds/demo3_meshes/person22.png
[0.847s] -- Installing: /home/beta/Vaje7/dis_tutorial7/src/dis_tutorial3/install/dis_tutorial3/share/dis_tutorial3//worlds/demo3_meshes/objects.jpg
[0.847s] -- Installing: /home/beta/Vaje7/dis_tutorial7/src/dis_tutorial3/install/dis_tutorial3/share/dis_tutorial3//worlds/demo3_meshes/map.dae
[0.847s] -- Installing: /home/beta/Vaje7/dis_tutorial7/src/dis_tutorial3/install/dis_tutorial3/share/dis_tutorial3//worlds/demo3_meshes/person24.png
[0.847s] -- Installing: /home/beta/Vaje7/dis_tutorial7/src/dis_tutorial3/install/dis_tutorial3/share/dis_tutorial3//worlds/demo3_meshes/black.jpg
[0.848s] -- Installing: /home/beta/Vaje7/dis_tutorial7/src/dis_tutorial3/install/dis_tutorial3/share/dis_tutorial3//worlds/demo3_meshes/fakering2.jpg
[0.848s] -- Installing: /home/beta/Vaje7/dis_tutorial7/src/dis_tutorial3/install/dis_tutorial3/share/dis_tutorial3//worlds/demo3_meshes/yellow.jpg
[0.848s] -- Installing: /home/beta/Vaje7/dis_tutorial7/src/dis_tutorial3/install/dis_tutorial3/share/dis_tutorial3//worlds/demo3_meshes/fakering3.jpg
[0.848s] -- Installing: /home/beta/Vaje7/dis_tutorial7/src/dis_tutorial3/install/dis_tutorial3/share/dis_tutorial3//worlds/demo3_meshes/fakering1.jpg
[0.848s] -- Installing: /home/beta/Vaje7/dis_tutorial7/src/dis_tutorial3/install/dis_tutorial3/share/dis_tutorial3//worlds/demo3_meshes/map_colliders.dae
[0.848s] -- Installing: /home/beta/Vaje7/dis_tutorial7/src/dis_tutorial3/install/dis_tutorial3/share/dis_tutorial3//worlds/demo3_meshes/qr1.jpg
[0.848s] -- Installing: /home/beta/Vaje7/dis_tutorial7/src/dis_tutorial3/install/dis_tutorial3/share/dis_tutorial3//worlds/bird_demo1_meshes
[0.848s] -- Installing: /home/beta/Vaje7/dis_tutorial7/src/dis_tutorial3/install/dis_tutorial3/share/dis_tutorial3//worlds/bird_demo1_meshes/grass_side.jpg
[0.848s] -- Installing: /home/beta/Vaje7/dis_tutorial7/src/dis_tutorial3/install/dis_tutorial3/share/dis_tutorial3//worlds/bird_demo1_meshes/qr2.jpg
[0.848s] -- Installing: /home/beta/Vaje7/dis_tutorial7/src/dis_tutorial3/install/dis_tutorial3/share/dis_tutorial3//worlds/bird_demo1_meshes/red.jpg
[0.848s] -- Installing: /home/beta/Vaje7/dis_tutorial7/src/dis_tutorial3/install/dis_tutorial3/share/dis_tutorial3//worlds/bird_demo1_meshes/blue.jpg
[0.848s] -- Installing: /home/beta/Vaje7/dis_tutorial7/src/dis_tutorial3/install/dis_tutorial3/share/dis_tutorial3//worlds/bird_demo1_meshes/qr4.jpg
[0.848s] -- Installing: /home/beta/Vaje7/dis_tutorial7/src/dis_tutorial3/install/dis_tutorial3/share/dis_tutorial3//worlds/bird_demo1_meshes/ground.jpg
[0.848s] -- Installing: /home/beta/Vaje7/dis_tutorial7/src/dis_tutorial3/install/dis_tutorial3/share/dis_tutorial3//worlds/bird_demo1_meshes/qr3.jpg
[0.848s] -- Installing: /home/beta/Vaje7/dis_tutorial7/src/dis_tutorial3/install/dis_tutorial3/share/dis_tutorial3//worlds/bird_demo1_meshes/rosy_finch.jpg
[0.849s] -- Installing: /home/beta/Vaje7/dis_tutorial7/src/dis_tutorial3/install/dis_tutorial3/share/dis_tutorial3//worlds/bird_demo1_meshes/green.jpg
[0.849s] -- Installing: /home/beta/Vaje7/dis_tutorial7/src/dis_tutorial3/install/dis_tutorial3/share/dis_tutorial3//worlds/bird_demo1_meshes/person2.png.001.png
[0.849s] -- Installing: /home/beta/Vaje7/dis_tutorial7/src/dis_tutorial3/install/dis_tutorial3/share/dis_tutorial3//worlds/bird_demo1_meshes/frigatebird.jpg
[0.849s] -- Installing: /home/beta/Vaje7/dis_tutorial7/src/dis_tutorial3/install/dis_tutorial3/share/dis_tutorial3//worlds/bird_demo1_meshes/objects.jpg
[0.849s] -- Installing: /home/beta/Vaje7/dis_tutorial7/src/dis_tutorial3/install/dis_tutorial3/share/dis_tutorial3//worlds/bird_demo1_meshes/person5.png.001.png
[0.849s] -- Installing: /home/beta/Vaje7/dis_tutorial7/src/dis_tutorial3/install/dis_tutorial3/share/dis_tutorial3//worlds/bird_demo1_meshes/person7.png
[0.849s] -- Installing: /home/beta/Vaje7/dis_tutorial7/src/dis_tutorial3/install/dis_tutorial3/share/dis_tutorial3//worlds/bird_demo1_meshes/dirt2.jpg
[0.849s] -- Installing: /home/beta/Vaje7/dis_tutorial7/src/dis_tutorial3/install/dis_tutorial3/share/dis_tutorial3//worlds/bird_demo1_meshes/map.dae
[0.851s] -- Installing: /home/beta/Vaje7/dis_tutorial7/src/dis_tutorial3/install/dis_tutorial3/share/dis_tutorial3//worlds/bird_demo1_meshes/rusty_blackbird.jpg
[0.851s] -- Installing: /home/beta/Vaje7/dis_tutorial7/src/dis_tutorial3/install/dis_tutorial3/share/dis_tutorial3//worlds/bird_demo1_meshes/green_kingfisher.jpg
[0.851s] -- Installing: /home/beta/Vaje7/dis_tutorial7/src/dis_tutorial3/install/dis_tutorial3/share/dis_tutorial3//worlds/bird_demo1_meshes/black.jpg
[0.851s] -- Installing: /home/beta/Vaje7/dis_tutorial7/src/dis_tutorial3/install/dis_tutorial3/share/dis_tutorial3//worlds/bird_demo1_meshes/person13.png
[0.851s] -- Installing: /home/beta/Vaje7/dis_tutorial7/src/dis_tutorial3/install/dis_tutorial3/share/dis_tutorial3//worlds/bird_demo1_meshes/person14.png
[0.851s] -- Installing: /home/beta/Vaje7/dis_tutorial7/src/dis_tutorial3/install/dis_tutorial3/share/dis_tutorial3//worlds/bird_demo1_meshes/person1.png
[0.851s] -- Installing: /home/beta/Vaje7/dis_tutorial7/src/dis_tutorial3/install/dis_tutorial3/share/dis_tutorial3//worlds/bird_demo1_meshes/fakering2.jpg
[0.851s] -- Installing: /home/beta/Vaje7/dis_tutorial7/src/dis_tutorial3/install/dis_tutorial3/share/dis_tutorial3//worlds/bird_demo1_meshes/water.jpg
[0.851s] -- Installing: /home/beta/Vaje7/dis_tutorial7/src/dis_tutorial3/install/dis_tutorial3/share/dis_tutorial3//worlds/bird_demo1_meshes/yellow.jpg
[0.851s] -- Installing: /home/beta/Vaje7/dis_tutorial7/src/dis_tutorial3/install/dis_tutorial3/share/dis_tutorial3//worlds/bird_demo1_meshes/grass.jpg
[0.852s] -- Installing: /home/beta/Vaje7/dis_tutorial7/src/dis_tutorial3/install/dis_tutorial3/share/dis_tutorial3//worlds/bird_demo1_meshes/fakering3.jpg
[0.852s] -- Installing: /home/beta/Vaje7/dis_tutorial7/src/dis_tutorial3/install/dis_tutorial3/share/dis_tutorial3//worlds/bird_demo1_meshes/fakering1.jpg
[0.852s] -- Installing: /home/beta/Vaje7/dis_tutorial7/src/dis_tutorial3/install/dis_tutorial3/share/dis_tutorial3//worlds/bird_demo1_meshes/map_colliders.dae
[0.852s] -- Installing: /home/beta/Vaje7/dis_tutorial7/src/dis_tutorial3/install/dis_tutorial3/share/dis_tutorial3//worlds/bird_demo1_meshes/qr1.jpg
[0.852s] -- Installing: /home/beta/Vaje7/dis_tutorial7/src/dis_tutorial3/install/dis_tutorial3/share/dis_tutorial3//worlds/bird_demo1_meshes/wood.jpg
[0.852s] -- Installing: /home/beta/Vaje7/dis_tutorial7/src/dis_tutorial3/install/dis_tutorial3/share/dis_tutorial3//worlds/demo2_meshes
[0.852s] -- Installing: /home/beta/Vaje7/dis_tutorial7/src/dis_tutorial3/install/dis_tutorial3/share/dis_tutorial3//worlds/demo2_meshes/qr2.jpg
[0.852s] -- Installing: /home/beta/Vaje7/dis_tutorial7/src/dis_tutorial3/install/dis_tutorial3/share/dis_tutorial3//worlds/demo2_meshes/person8.png
[0.852s] -- Installing: /home/beta/Vaje7/dis_tutorial7/src/dis_tutorial3/install/dis_tutorial3/share/dis_tutorial3//worlds/demo2_meshes/person18.png
[0.853s] -- Installing: /home/beta/Vaje7/dis_tutorial7/src/dis_tutorial3/install/dis_tutorial3/share/dis_tutorial3//worlds/demo2_meshes/ground.jpg
[0.853s] -- Installing: /home/beta/Vaje7/dis_tutorial7/src/dis_tutorial3/install/dis_tutorial3/share/dis_tutorial3//worlds/demo2_meshes/parking_space.jpg
[0.853s] -- Installing: /home/beta/Vaje7/dis_tutorial7/src/dis_tutorial3/install/dis_tutorial3/share/dis_tutorial3//worlds/demo2_meshes/cylinders.jpg
[0.853s] -- Installing: /home/beta/Vaje7/dis_tutorial7/src/dis_tutorial3/install/dis_tutorial3/share/dis_tutorial3//worlds/demo2_meshes/person20.png
[0.853s] -- Installing: /home/beta/Vaje7/dis_tutorial7/src/dis_tutorial3/install/dis_tutorial3/share/dis_tutorial3//worlds/demo2_meshes/objects.jpg
[0.853s] -- Installing: /home/beta/Vaje7/dis_tutorial7/src/dis_tutorial3/install/dis_tutorial3/share/dis_tutorial3//worlds/demo2_meshes/person7.png
[0.853s] -- Installing: /home/beta/Vaje7/dis_tutorial7/src/dis_tutorial3/install/dis_tutorial3/share/dis_tutorial3//worlds/demo2_meshes/map.dae
[0.853s] -- Installing: /home/beta/Vaje7/dis_tutorial7/src/dis_tutorial3/install/dis_tutorial3/share/dis_tutorial3//worlds/demo2_meshes/person9.png
[0.854s] -- Installing: /home/beta/Vaje7/dis_tutorial7/src/dis_tutorial3/install/dis_tutorial3/share/dis_tutorial3//worlds/demo2_meshes/fakering2.jpg
[0.854s] -- Installing: /home/beta/Vaje7/dis_tutorial7/src/dis_tutorial3/install/dis_tutorial3/share/dis_tutorial3//worlds/demo2_meshes/person6.png
[0.854s] -- Installing: /home/beta/Vaje7/dis_tutorial7/src/dis_tutorial3/install/dis_tutorial3/share/dis_tutorial3//worlds/demo2_meshes/fakering3.jpg
[0.854s] -- Installing: /home/beta/Vaje7/dis_tutorial7/src/dis_tutorial3/install/dis_tutorial3/share/dis_tutorial3//worlds/demo2_meshes/fakering1.jpg
[0.854s] -- Installing: /home/beta/Vaje7/dis_tutorial7/src/dis_tutorial3/install/dis_tutorial3/share/dis_tutorial3//worlds/demo2_meshes/map_colliders.dae
[0.854s] -- Installing: /home/beta/Vaje7/dis_tutorial7/src/dis_tutorial3/install/dis_tutorial3/share/dis_tutorial3//worlds/demo2_meshes/qr1.jpg
[0.854s] -- Installing: /home/beta/Vaje7/dis_tutorial7/src/dis_tutorial3/install/dis_tutorial3/share/dis_tutorial3//worlds/task1_meshes
[0.854s] -- Installing: /home/beta/Vaje7/dis_tutorial7/src/dis_tutorial3/install/dis_tutorial3/share/dis_tutorial3//worlds/task1_meshes/qr2.jpg
[0.854s] -- Installing: /home/beta/Vaje7/dis_tutorial7/src/dis_tutorial3/install/dis_tutorial3/share/dis_tutorial3//worlds/task1_meshes/person8.png
[0.854s] -- Installing: /home/beta/Vaje7/dis_tutorial7/src/dis_tutorial3/install/dis_tutorial3/share/dis_tutorial3//worlds/task1_meshes/red.jpg
[0.854s] -- Installing: /home/beta/Vaje7/dis_tutorial7/src/dis_tutorial3/install/dis_tutorial3/share/dis_tutorial3//worlds/task1_meshes/blue.jpg
[0.855s] -- Installing: /home/beta/Vaje7/dis_tutorial7/src/dis_tutorial3/install/dis_tutorial3/share/dis_tutorial3//worlds/task1_meshes/ground.jpg
[0.855s] -- Installing: /home/beta/Vaje7/dis_tutorial7/src/dis_tutorial3/install/dis_tutorial3/share/dis_tutorial3//worlds/task1_meshes/parking_space.jpg
[0.855s] -- Installing: /home/beta/Vaje7/dis_tutorial7/src/dis_tutorial3/install/dis_tutorial3/share/dis_tutorial3//worlds/task1_meshes/green.jpg
[0.855s] -- Installing: /home/beta/Vaje7/dis_tutorial7/src/dis_tutorial3/install/dis_tutorial3/share/dis_tutorial3//worlds/task1_meshes/person2.png.001.png
[0.855s] -- Installing: /home/beta/Vaje7/dis_tutorial7/src/dis_tutorial3/install/dis_tutorial3/share/dis_tutorial3//worlds/task1_meshes/objects.jpg
[0.855s] -- Installing: /home/beta/Vaje7/dis_tutorial7/src/dis_tutorial3/install/dis_tutorial3/share/dis_tutorial3//worlds/task1_meshes/person5.png.001.png
[0.855s] -- Installing: /home/beta/Vaje7/dis_tutorial7/src/dis_tutorial3/install/dis_tutorial3/share/dis_tutorial3//worlds/task1_meshes/map.dae
[0.855s] -- Installing: /home/beta/Vaje7/dis_tutorial7/src/dis_tutorial3/install/dis_tutorial3/share/dis_tutorial3//worlds/task1_meshes/black.jpg
[0.855s] -- Installing: /home/beta/Vaje7/dis_tutorial7/src/dis_tutorial3/install/dis_tutorial3/share/dis_tutorial3//worlds/task1_meshes/person13.png
[0.856s] -- Installing: /home/beta/Vaje7/dis_tutorial7/src/dis_tutorial3/install/dis_tutorial3/share/dis_tutorial3//worlds/task1_meshes/person3.png.001.png
[0.856s] -- Installing: /home/beta/Vaje7/dis_tutorial7/src/dis_tutorial3/install/dis_tutorial3/share/dis_tutorial3//worlds/task1_meshes/fakering2.jpg
[0.856s] -- Installing: /home/beta/Vaje7/dis_tutorial7/src/dis_tutorial3/install/dis_tutorial3/share/dis_tutorial3//worlds/task1_meshes/person6.png
[0.856s] -- Installing: /home/beta/Vaje7/dis_tutorial7/src/dis_tutorial3/install/dis_tutorial3/share/dis_tutorial3//worlds/task1_meshes/yellow.jpg
[0.856s] -- Installing: /home/beta/Vaje7/dis_tutorial7/src/dis_tutorial3/install/dis_tutorial3/share/dis_tutorial3//worlds/task1_meshes/fakering3.jpg
[0.856s] -- Installing: /home/beta/Vaje7/dis_tutorial7/src/dis_tutorial3/install/dis_tutorial3/share/dis_tutorial3//worlds/task1_meshes/fakering1.jpg
[0.856s] -- Installing: /home/beta/Vaje7/dis_tutorial7/src/dis_tutorial3/install/dis_tutorial3/share/dis_tutorial3//worlds/task1_meshes/map_colliders.dae
[0.856s] -- Installing: /home/beta/Vaje7/dis_tutorial7/src/dis_tutorial3/install/dis_tutorial3/share/dis_tutorial3//worlds/task1_meshes/qr1.jpg
[0.856s] -- Installing: /home/beta/Vaje7/dis_tutorial7/src/dis_tutorial3/install/dis_tutorial3/share/dis_tutorial3//worlds/demo4.sdf
[0.856s] -- Installing: /home/beta/Vaje7/dis_tutorial7/src/dis_tutorial3/install/dis_tutorial3/share/dis_tutorial3//worlds/demo4_meshes
[0.856s] -- Installing: /home/beta/Vaje7/dis_tutorial7/src/dis_tutorial3/install/dis_tutorial3/share/dis_tutorial3//worlds/demo4_meshes/qr2.jpg
[0.857s] -- Installing: /home/beta/Vaje7/dis_tutorial7/src/dis_tutorial3/install/dis_tutorial3/share/dis_tutorial3//worlds/demo4_meshes/red.jpg
[0.857s] -- Installing: /home/beta/Vaje7/dis_tutorial7/src/dis_tutorial3/install/dis_tutorial3/share/dis_tutorial3//worlds/demo4_meshes/blue.jpg
[0.857s] -- Installing: /home/beta/Vaje7/dis_tutorial7/src/dis_tutorial3/install/dis_tutorial3/share/dis_tutorial3//worlds/demo4_meshes/ground.jpg
[0.857s] -- Installing: /home/beta/Vaje7/dis_tutorial7/src/dis_tutorial3/install/dis_tutorial3/share/dis_tutorial3//worlds/demo4_meshes/parking_space.jpg
[0.857s] -- Installing: /home/beta/Vaje7/dis_tutorial7/src/dis_tutorial3/install/dis_tutorial3/share/dis_tutorial3//worlds/demo4_meshes/green.jpg
[0.857s] -- Installing: /home/beta/Vaje7/dis_tutorial7/src/dis_tutorial3/install/dis_tutorial3/share/dis_tutorial3//worlds/demo4_meshes/person2.png.001.png
[0.857s] -- Installing: /home/beta/Vaje7/dis_tutorial7/src/dis_tutorial3/install/dis_tutorial3/share/dis_tutorial3//worlds/demo4_meshes/objects.jpg
[0.857s] -- Installing: /home/beta/Vaje7/dis_tutorial7/src/dis_tutorial3/install/dis_tutorial3/share/dis_tutorial3//worlds/demo4_meshes/person5.png.001.png
[0.857s] -- Installing: /home/beta/Vaje7/dis_tutorial7/src/dis_tutorial3/install/dis_tutorial3/share/dis_tutorial3//worlds/demo4_meshes/map.dae
[0.857s] -- Installing: /home/beta/Vaje7/dis_tutorial7/src/dis_tutorial3/install/dis_tutorial3/share/dis_tutorial3//worlds/demo4_meshes/black.jpg
[0.858s] -- Installing: /home/beta/Vaje7/dis_tutorial7/src/dis_tutorial3/install/dis_tutorial3/share/dis_tutorial3//worlds/demo4_meshes/person13.png
[0.858s] -- Installing: /home/beta/Vaje7/dis_tutorial7/src/dis_tutorial3/install/dis_tutorial3/share/dis_tutorial3//worlds/demo4_meshes/person3.png.001.png
[0.858s] -- Installing: /home/beta/Vaje7/dis_tutorial7/src/dis_tutorial3/install/dis_tutorial3/share/dis_tutorial3//worlds/demo4_meshes/fakering2.jpg
[0.858s] -- Installing: /home/beta/Vaje7/dis_tutorial7/src/dis_tutorial3/install/dis_tutorial3/share/dis_tutorial3//worlds/demo4_meshes/person6.png
[0.858s] -- Installing: /home/beta/Vaje7/dis_tutorial7/src/dis_tutorial3/install/dis_tutorial3/share/dis_tutorial3//worlds/demo4_meshes/yellow.jpg
[0.858s] -- Installing: /home/beta/Vaje7/dis_tutorial7/src/dis_tutorial3/install/dis_tutorial3/share/dis_tutorial3//worlds/demo4_meshes/fakering3.jpg
[0.858s] -- Installing: /home/beta/Vaje7/dis_tutorial7/src/dis_tutorial3/install/dis_tutorial3/share/dis_tutorial3//worlds/demo4_meshes/fakering1.jpg
[0.858s] -- Installing: /home/beta/Vaje7/dis_tutorial7/src/dis_tutorial3/install/dis_tutorial3/share/dis_tutorial3//worlds/demo4_meshes/map_colliders.dae
[0.858s] -- Installing: /home/beta/Vaje7/dis_tutorial7/src/dis_tutorial3/install/dis_tutorial3/share/dis_tutorial3//worlds/demo4_meshes/person4.png.001.png
[0.859s] -- Installing: /home/beta/Vaje7/dis_tutorial7/src/dis_tutorial3/install/dis_tutorial3/share/dis_tutorial3//worlds/demo4_meshes/qr1.jpg
[0.859s] -- Installing: /home/beta/Vaje7/dis_tutorial7/src/dis_tutorial3/install/dis_tutorial3/share/dis_tutorial3//worlds/task1.sdf
[0.859s] -- Installing: /home/beta/Vaje7/dis_tutorial7/src/dis_tutorial3/install/dis_tutorial3/share/dis_tutorial3//worlds/dis.sdf
[0.859s] -- Installing: /home/beta/Vaje7/dis_tutorial7/src/dis_tutorial3/install/dis_tutorial3/share/dis_tutorial3//worlds/empty.sdf
[0.859s] -- Installing: /home/beta/Vaje7/dis_tutorial7/src/dis_tutorial3/install/dis_tutorial3/share/dis_tutorial3//worlds/demo3.sdf
[0.859s] -- Installing: /home/beta/Vaje7/dis_tutorial7/src/dis_tutorial3/install/dis_tutorial3/share/dis_tutorial3//worlds/demo1.sdf
[0.859s] -- Installing: /home/beta/Vaje7/dis_tutorial7/src/dis_tutorial3/install/dis_tutorial3/share/dis_tutorial3//worlds/2024
[0.859s] -- Installing: /home/beta/Vaje7/dis_tutorial7/src/dis_tutorial3/install/dis_tutorial3/share/dis_tutorial3//worlds/2024/task2_demo2.sdf
[0.859s] -- Installing: /home/beta/Vaje7/dis_tutorial7/src/dis_tutorial3/install/dis_tutorial3/share/dis_tutorial3//worlds/2024/task3_meshes
[0.859s] -- Installing: /home/beta/Vaje7/dis_tutorial7/src/dis_tutorial3/install/dis_tutorial3/share/dis_tutorial3//worlds/2024/task3_meshes/easy_anomona_0.png
[0.859s] -- Installing: /home/beta/Vaje7/dis_tutorial7/src/dis_tutorial3/install/dis_tutorial3/share/dis_tutorial3//worlds/2024/task3_meshes/ground.jpg
[0.859s] -- Installing: /home/beta/Vaje7/dis_tutorial7/src/dis_tutorial3/install/dis_tutorial3/share/dis_tutorial3//worlds/2024/task3_meshes/parking_space.jpg
[0.859s] -- Installing: /home/beta/Vaje7/dis_tutorial7/src/dis_tutorial3/install/dis_tutorial3/share/dis_tutorial3//worlds/2024/task3_meshes/anomona_0.png
[0.859s] -- Installing: /home/beta/Vaje7/dis_tutorial7/src/dis_tutorial3/install/dis_tutorial3/share/dis_tutorial3//worlds/2024/task3_meshes/easy_anomona_1.png
[0.860s] -- Installing: /home/beta/Vaje7/dis_tutorial7/src/dis_tutorial3/install/dis_tutorial3/share/dis_tutorial3//worlds/2024/task3_meshes/anomona_4.png
[0.860s] -- Installing: /home/beta/Vaje7/dis_tutorial7/src/dis_tutorial3/install/dis_tutorial3/share/dis_tutorial3//worlds/2024/task3_meshes/cylinders.jpg
[0.860s] -- Installing: /home/beta/Vaje7/dis_tutorial7/src/dis_tutorial3/install/dis_tutorial3/share/dis_tutorial3//worlds/2024/task3_meshes/villager5.png
[0.860s] -- Installing: /home/beta/Vaje7/dis_tutorial7/src/dis_tutorial3/install/dis_tutorial3/share/dis_tutorial3//worlds/2024/task3_meshes/qr_cheat.png
[0.860s] -- Installing: /home/beta/Vaje7/dis_tutorial7/src/dis_tutorial3/install/dis_tutorial3/share/dis_tutorial3//worlds/2024/task3_meshes/villager4.png
[0.860s] -- Installing: /home/beta/Vaje7/dis_tutorial7/src/dis_tutorial3/install/dis_tutorial3/share/dis_tutorial3//worlds/2024/task3_meshes/objects.jpg
[0.860s] -- Installing: /home/beta/Vaje7/dis_tutorial7/src/dis_tutorial3/install/dis_tutorial3/share/dis_tutorial3//worlds/2024/task3_meshes/qr_url.png
[0.860s] -- Installing: /home/beta/Vaje7/dis_tutorial7/src/dis_tutorial3/install/dis_tutorial3/share/dis_tutorial3//worlds/2024/task3_meshes/villager3.png
[0.860s] -- Installing: /home/beta/Vaje7/dis_tutorial7/src/dis_tutorial3/install/dis_tutorial3/share/dis_tutorial3//worlds/2024/task3_meshes/map.dae
[0.861s] -- Installing: /home/beta/Vaje7/dis_tutorial7/src/dis_tutorial3/install/dis_tutorial3/share/dis_tutorial3//worlds/2024/task3_meshes/villager2.png
[0.861s] -- Installing: /home/beta/Vaje7/dis_tutorial7/src/dis_tutorial3/install/dis_tutorial3/share/dis_tutorial3//worlds/2024/task3_meshes/easy_anomona_2.png
[0.861s] -- Installing: /home/beta/Vaje7/dis_tutorial7/src/dis_tutorial3/install/dis_tutorial3/share/dis_tutorial3//worlds/2024/task3_meshes/easy_anomona_4.png
[0.861s] -- Installing: /home/beta/Vaje7/dis_tutorial7/src/dis_tutorial3/install/dis_tutorial3/share/dis_tutorial3//worlds/2024/task3_meshes/easy_anomona_3.png
[0.862s] -- Installing: /home/beta/Vaje7/dis_tutorial7/src/dis_tutorial3/install/dis_tutorial3/share/dis_tutorial3//worlds/2024/task3_meshes/anomona_2.png
[0.862s] -- Installing: /home/beta/Vaje7/dis_tutorial7/src/dis_tutorial3/install/dis_tutorial3/share/dis_tutorial3//worlds/2024/task3_meshes/fakering2.jpg
[0.862s] -- Installing: /home/beta/Vaje7/dis_tutorial7/src/dis_tutorial3/install/dis_tutorial3/share/dis_tutorial3//worlds/2024/task3_meshes/mona.png
[0.862s] -- Installing: /home/beta/Vaje7/dis_tutorial7/src/dis_tutorial3/install/dis_tutorial3/share/dis_tutorial3//worlds/2024/task3_meshes/anomona_1.png
[0.862s] -- Installing: /home/beta/Vaje7/dis_tutorial7/src/dis_tutorial3/install/dis_tutorial3/share/dis_tutorial3//worlds/2024/task3_meshes/qr_wrong.png
[0.862s] -- Installing: /home/beta/Vaje7/dis_tutorial7/src/dis_tutorial3/install/dis_tutorial3/share/dis_tutorial3//worlds/2024/task3_meshes/fakering3.jpg
[0.862s] -- Installing: /home/beta/Vaje7/dis_tutorial7/src/dis_tutorial3/install/dis_tutorial3/share/dis_tutorial3//worlds/2024/task3_meshes/villager1.png
[0.862s] -- Installing: /home/beta/Vaje7/dis_tutorial7/src/dis_tutorial3/install/dis_tutorial3/share/dis_tutorial3//worlds/2024/task3_meshes/anomona_3.png
[0.863s] -- Installing: /home/beta/Vaje7/dis_tutorial7/src/dis_tutorial3/install/dis_tutorial3/share/dis_tutorial3//worlds/2024/task3_meshes/fakering1.jpg
[0.863s] -- Installing: /home/beta/Vaje7/dis_tutorial7/src/dis_tutorial3/install/dis_tutorial3/share/dis_tutorial3//worlds/2024/task3_meshes/map_colliders.dae
[0.863s] -- Installing: /home/beta/Vaje7/dis_tutorial7/src/dis_tutorial3/install/dis_tutorial3/share/dis_tutorial3//worlds/2024/task3.sdf
[0.863s] -- Installing: /home/beta/Vaje7/dis_tutorial7/src/dis_tutorial3/install/dis_tutorial3/share/dis_tutorial3//worlds/2024/task2_demo2_meshes
[0.863s] -- Installing: /home/beta/Vaje7/dis_tutorial7/src/dis_tutorial3/install/dis_tutorial3/share/dis_tutorial3//worlds/2024/task2_demo2_meshes/ground.jpg
[0.863s] -- Installing: /home/beta/Vaje7/dis_tutorial7/src/dis_tutorial3/install/dis_tutorial3/share/dis_tutorial3//worlds/2024/task2_demo2_meshes/parking_space.jpg
[0.863s] -- Installing: /home/beta/Vaje7/dis_tutorial7/src/dis_tutorial3/install/dis_tutorial3/share/dis_tutorial3//worlds/2024/task2_demo2_meshes/cylinders.jpg
[0.863s] -- Installing: /home/beta/Vaje7/dis_tutorial7/src/dis_tutorial3/install/dis_tutorial3/share/dis_tutorial3//worlds/2024/task2_demo2_meshes/objects.jpg
[0.863s] -- Installing: /home/beta/Vaje7/dis_tutorial7/src/dis_tutorial3/install/dis_tutorial3/share/dis_tutorial3//worlds/2024/task2_demo2_meshes/map.dae
[0.863s] -- Installing: /home/beta/Vaje7/dis_tutorial7/src/dis_tutorial3/install/dis_tutorial3/share/dis_tutorial3//worlds/2024/task2_demo2_meshes/fakering2.jpg
[0.863s] -- Installing: /home/beta/Vaje7/dis_tutorial7/src/dis_tutorial3/install/dis_tutorial3/share/dis_tutorial3//worlds/2024/task2_demo2_meshes/fakering3.jpg
[0.863s] -- Installing: /home/beta/Vaje7/dis_tutorial7/src/dis_tutorial3/install/dis_tutorial3/share/dis_tutorial3//worlds/2024/task2_demo2_meshes/fakering1.jpg
[0.864s] -- Installing: /home/beta/Vaje7/dis_tutorial7/src/dis_tutorial3/install/dis_tutorial3/share/dis_tutorial3//worlds/2024/task2_demo2_meshes/map_colliders.dae
[0.864s] -- Installing: /home/beta/Vaje7/dis_tutorial7/src/dis_tutorial3/install/dis_tutorial3/share/dis_tutorial3//worlds/2024/task2_demo1_meshes
[0.864s] -- Installing: /home/beta/Vaje7/dis_tutorial7/src/dis_tutorial3/install/dis_tutorial3/share/dis_tutorial3//worlds/2024/task2_demo1_meshes/ground.jpg
[0.864s] -- Installing: /home/beta/Vaje7/dis_tutorial7/src/dis_tutorial3/install/dis_tutorial3/share/dis_tutorial3//worlds/2024/task2_demo1_meshes/parking_space.jpg
[0.864s] -- Installing: /home/beta/Vaje7/dis_tutorial7/src/dis_tutorial3/install/dis_tutorial3/share/dis_tutorial3//worlds/2024/task2_demo1_meshes/cylinders.jpg
[0.864s] -- Installing: /home/beta/Vaje7/dis_tutorial7/src/dis_tutorial3/install/dis_tutorial3/share/dis_tutorial3//worlds/2024/task2_demo1_meshes/objects.jpg
[0.864s] -- Installing: /home/beta/Vaje7/dis_tutorial7/src/dis_tutorial3/install/dis_tutorial3/share/dis_tutorial3//worlds/2024/task2_demo1_meshes/map.dae
[0.864s] -- Installing: /home/beta/Vaje7/dis_tutorial7/src/dis_tutorial3/install/dis_tutorial3/share/dis_tutorial3//worlds/2024/task2_demo1_meshes/fakering2.jpg
[0.864s] -- Installing: /home/beta/Vaje7/dis_tutorial7/src/dis_tutorial3/install/dis_tutorial3/share/dis_tutorial3//worlds/2024/task2_demo1_meshes/fakering3.jpg
[0.864s] -- Installing: /home/beta/Vaje7/dis_tutorial7/src/dis_tutorial3/install/dis_tutorial3/share/dis_tutorial3//worlds/2024/task2_demo1_meshes/fakering1.jpg
[0.864s] -- Installing: /home/beta/Vaje7/dis_tutorial7/src/dis_tutorial3/install/dis_tutorial3/share/dis_tutorial3//worlds/2024/task2_demo1_meshes/map_colliders.dae
[0.864s] -- Installing: /home/beta/Vaje7/dis_tutorial7/src/dis_tutorial3/install/dis_tutorial3/share/dis_tutorial3//worlds/2024/task2_demo1.sdf
[0.864s] -- Installing: /home/beta/Vaje7/dis_tutorial7/src/dis_tutorial3/install/dis_tutorial3/share/dis_tutorial3//worlds/bird_demo1.sdf
[0.864s] -- Installing: /home/beta/Vaje7/dis_tutorial7/src/dis_tutorial3/install/dis_tutorial3/share/dis_tutorial3//worlds/demo1_meshes
[0.864s] -- Installing: /home/beta/Vaje7/dis_tutorial7/src/dis_tutorial3/install/dis_tutorial3/share/dis_tutorial3//worlds/demo1_meshes/person11.png
[0.865s] -- Installing: /home/beta/Vaje7/dis_tutorial7/src/dis_tutorial3/install/dis_tutorial3/share/dis_tutorial3//worlds/demo1_meshes/qr2.jpg
[0.865s] -- Installing: /home/beta/Vaje7/dis_tutorial7/src/dis_tutorial3/install/dis_tutorial3/share/dis_tutorial3//worlds/demo1_meshes/ground.jpg
[0.865s] -- Installing: /home/beta/Vaje7/dis_tutorial7/src/dis_tutorial3/install/dis_tutorial3/share/dis_tutorial3//worlds/demo1_meshes/parking_space.jpg
[0.865s] -- Installing: /home/beta/Vaje7/dis_tutorial7/src/dis_tutorial3/install/dis_tutorial3/share/dis_tutorial3//worlds/demo1_meshes/person5.png
[0.865s] -- Installing: /home/beta/Vaje7/dis_tutorial7/src/dis_tutorial3/install/dis_tutorial3/share/dis_tutorial3//worlds/demo1_meshes/cylinders.jpg
[0.865s] -- Installing: /home/beta/Vaje7/dis_tutorial7/src/dis_tutorial3/install/dis_tutorial3/share/dis_tutorial3//worlds/demo1_meshes/objects.jpg
[0.865s] -- Installing: /home/beta/Vaje7/dis_tutorial7/src/dis_tutorial3/install/dis_tutorial3/share/dis_tutorial3//worlds/demo1_meshes/person2.png
[0.865s] -- Installing: /home/beta/Vaje7/dis_tutorial7/src/dis_tutorial3/install/dis_tutorial3/share/dis_tutorial3//worlds/demo1_meshes/person3.png
[0.866s] -- Installing: /home/beta/Vaje7/dis_tutorial7/src/dis_tutorial3/install/dis_tutorial3/share/dis_tutorial3//worlds/demo1_meshes/map.dae
[0.866s] -- Installing: /home/beta/Vaje7/dis_tutorial7/src/dis_tutorial3/install/dis_tutorial3/share/dis_tutorial3//worlds/demo1_meshes/person1.png
[0.866s] -- Installing: /home/beta/Vaje7/dis_tutorial7/src/dis_tutorial3/install/dis_tutorial3/share/dis_tutorial3//worlds/demo1_meshes/fakering2.jpg
[0.866s] -- Installing: /home/beta/Vaje7/dis_tutorial7/src/dis_tutorial3/install/dis_tutorial3/share/dis_tutorial3//worlds/demo1_meshes/person4.png
[0.866s] -- Installing: /home/beta/Vaje7/dis_tutorial7/src/dis_tutorial3/install/dis_tutorial3/share/dis_tutorial3//worlds/demo1_meshes/fakering3.jpg
[0.866s] -- Installing: /home/beta/Vaje7/dis_tutorial7/src/dis_tutorial3/install/dis_tutorial3/share/dis_tutorial3//worlds/demo1_meshes/fakering1.jpg
[0.866s] -- Installing: /home/beta/Vaje7/dis_tutorial7/src/dis_tutorial3/install/dis_tutorial3/share/dis_tutorial3//worlds/demo1_meshes/map_colliders.dae
[0.867s] -- Installing: /home/beta/Vaje7/dis_tutorial7/src/dis_tutorial3/install/dis_tutorial3/share/dis_tutorial3//worlds/demo1_meshes/qr1.jpg
[0.867s] -- Installing: /home/beta/Vaje7/dis_tutorial7/src/dis_tutorial3/install/dis_tutorial3/share/dis_tutorial3//maps
[0.867s] -- Installing: /home/beta/Vaje7/dis_tutorial7/src/dis_tutorial3/install/dis_tutorial3/share/dis_tutorial3//maps/map.pgm
[0.867s] -- Installing: /home/beta/Vaje7/dis_tutorial7/src/dis_tutorial3/install/dis_tutorial3/share/dis_tutorial3//maps/map_skeleton_proba.pgm
[0.867s] -- Installing: /home/beta/Vaje7/dis_tutorial7/src/dis_tutorial3/install/dis_tutorial3/share/dis_tutorial3//maps/map_cleaned.pgm
[0.867s] -- Installing: /home/beta/Vaje7/dis_tutorial7/src/dis_tutorial3/install/dis_tutorial3/share/dis_tutorial3//maps/map_path_points.pgm
[0.867s] -- Installing: /home/beta/Vaje7/dis_tutorial7/src/dis_tutorial3/install/dis_tutorial3/share/dis_tutorial3//maps/map.yaml
[0.867s] -- Installing: /home/beta/Vaje7/dis_tutorial7/src/dis_tutorial3/install/dis_tutorial3/share/dis_tutorial3/scripts
[0.867s] -- Installing: /home/beta/Vaje7/dis_tutorial7/src/dis_tutorial3/install/dis_tutorial3/share/dis_tutorial3/scripts/robot_pos.txt
[0.867s] -- Installing: /home/beta/Vaje7/dis_tutorial7/src/dis_tutorial3/install/dis_tutorial3/share/dis_tutorial3/scripts/faces_pos.txt
[0.867s] -- Installing: /home/beta/Vaje7/dis_tutorial7/src/dis_tutorial3/install/dis_tutorial3/lib/dis_tutorial3/detect_people.py
[0.867s] -- Installing: /home/beta/Vaje7/dis_tutorial7/src/dis_tutorial3/install/dis_tutorial3/lib/dis_tutorial3/robot_commander.py
[0.867s] -- Installing: /home/beta/Vaje7/dis_tutorial7/src/dis_tutorial3/install/dis_tutorial3/lib/dis_tutorial3/detect_rings.py
[0.867s] -- Installing: /home/beta/Vaje7/dis_tutorial7/src/dis_tutorial3/install/dis_tutorial3/lib/dis_tutorial3/detect_people1.py
[0.867s] -- Installing: /home/beta/Vaje7/dis_tutorial7/src/dis_tutorial3/install/dis_tutorial3/lib/dis_tutorial3/speak.py
[0.867s] -- Installing: /home/beta/Vaje7/dis_tutorial7/src/dis_tutorial3/install/dis_tutorial3/lib/dis_tutorial3/rings_mask.py
[0.867s] -- Installing: /home/beta/Vaje7/dis_tutorial7/src/dis_tutorial3/install/dis_tutorial3/lib/dis_tutorial3/skeletonized_path.py
[0.868s] -- Installing: /home/beta/Vaje7/dis_tutorial7/src/dis_tutorial3/install/dis_tutorial3/share/ament_index/resource_index/package_run_dependencies/dis_tutorial3
[0.868s] -- Installing: /home/beta/Vaje7/dis_tutorial7/src/dis_tutorial3/install/dis_tutorial3/share/ament_index/resource_index/parent_prefix_path/dis_tutorial3
[0.868s] -- Installing: /home/beta/Vaje7/dis_tutorial7/src/dis_tutorial3/install/dis_tutorial3/share/dis_tutorial3/environment/ament_prefix_path.sh
[0.868s] -- Installing: /home/beta/Vaje7/dis_tutorial7/src/dis_tutorial3/install/dis_tutorial3/share/dis_tutorial3/environment/ament_prefix_path.dsv
[0.868s] -- Installing: /home/beta/Vaje7/dis_tutorial7/src/dis_tutorial3/install/dis_tutorial3/share/dis_tutorial3/environment/path.sh
[0.868s] -- Installing: /home/beta/Vaje7/dis_tutorial7/src/dis_tutorial3/install/dis_tutorial3/share/dis_tutorial3/environment/path.dsv
[0.868s] -- Installing: /home/beta/Vaje7/dis_tutorial7/src/dis_tutorial3/install/dis_tutorial3/share/dis_tutorial3/local_setup.bash
[0.868s] -- Installing: /home/beta/Vaje7/dis_tutorial7/src/dis_tutorial3/install/dis_tutorial3/share/dis_tutorial3/local_setup.sh
[0.868s] -- Installing: /home/beta/Vaje7/dis_tutorial7/src/dis_tutorial3/install/dis_tutorial3/share/dis_tutorial3/local_setup.zsh
[0.868s] -- Installing: /home/beta/Vaje7/dis_tutorial7/src/dis_tutorial3/install/dis_tutorial3/share/dis_tutorial3/local_setup.dsv
[0.868s] -- Installing: /home/beta/Vaje7/dis_tutorial7/src/dis_tutorial3/install/dis_tutorial3/share/dis_tutorial3/package.dsv
[0.868s] -- Installing: /home/beta/Vaje7/dis_tutorial7/src/dis_tutorial3/install/dis_tutorial3/share/ament_index/resource_index/packages/dis_tutorial3
[0.868s] -- Installing: /home/beta/Vaje7/dis_tutorial7/src/dis_tutorial3/install/dis_tutorial3/share/dis_tutorial3/cmake/dis_tutorial3Config.cmake
[0.868s] -- Installing: /home/beta/Vaje7/dis_tutorial7/src/dis_tutorial3/install/dis_tutorial3/share/dis_tutorial3/cmake/dis_tutorial3Config-version.cmake
[0.868s] -- Installing: /home/beta/Vaje7/dis_tutorial7/src/dis_tutorial3/install/dis_tutorial3/share/dis_tutorial3/package.xml
[0.870s] Invoked command in '/home/beta/Vaje7/dis_tutorial7/src/dis_tutorial3/build/dis_tutorial3' returned '0': CMAKE_PREFIX_PATH=${CMAKE_PREFIX_PATH}:/opt/ros/humble /usr/bin/cmake --install /home/beta/Vaje7/dis_tutorial7/src/dis_tutorial3/build/dis_tutorial3
