[0.014s] Invoking command in '/home/beta/Desktop/RINS-TASK2/build/dis_tutorial7': CMAKE_PREFIX_PATH=${CMAKE_PREFIX_PATH}:/opt/ros/humble /usr/bin/cmake --build /home/beta/Desktop/RINS-TASK2/build/dis_tutorial7 -- -j16 -l16
[0.038s] -- Found ament_cmake: 1.3.11 (/opt/ros/humble/share/ament_cmake/cmake)
[0.164s] -- Found rclcpp: 16.0.12 (/opt/ros/humble/share/rclcpp/cmake)
[0.189s] -- Found rosidl_generator_c: 3.1.6 (/opt/ros/humble/share/rosidl_generator_c/cmake)
[0.191s] -- Found rosidl_adapter: 3.1.6 (/opt/ros/humble/share/rosidl_adapter/cmake)
[0.198s] -- Found rosidl_generator_cpp: 3.1.6 (/opt/ros/humble/share/rosidl_generator_cpp/cmake)
[0.208s] -- Using all available rosidl_typesupport_c: rosidl_typesupport_fastrtps_c;rosidl_typesupport_introspection_c
[0.218s] -- Using all available rosidl_typesupport_cpp: rosidl_typesupport_fastrtps_cpp;rosidl_typesupport_introspection_cpp
[0.243s] -- Found rmw_implementation_cmake: 6.1.2 (/opt/ros/humble/share/rmw_implementation_cmake/cmake)
[0.244s] -- Found rmw_cyclonedds_cpp: 1.3.4 (/opt/ros/humble/share/rmw_cyclonedds_cpp/cmake)
[0.257s] -- Using RMW implementation 'rmw_cyclonedds_cpp' as default
[0.301s] -- Found rclpy: 3.3.16 (/opt/ros/humble/share/rclpy/cmake)
[0.301s] -- Found std_srvs: 4.8.0 (/opt/ros/humble/share/std_srvs/cmake)
[0.309s] -- Found nav_msgs: 4.8.0 (/opt/ros/humble/share/nav_msgs/cmake)
[0.335s] -- Found sensor_msgs: 4.8.0 (/opt/ros/humble/share/sensor_msgs/cmake)
[0.350s] -- Found visualization_msgs: 4.8.0 (/opt/ros/humble/share/visualization_msgs/cmake)
[0.367s] -- Found tf2_ros: 0.25.12 (/opt/ros/humble/share/tf2_ros/cmake)
[0.436s] -- Found cv_bridge: 3.2.1 (/opt/ros/humble/share/cv_bridge/cmake)
[0.526s] -- Configuring done
[0.531s] -- Generating done
[0.533s] -- Build files have been written to: /home/beta/Desktop/RINS-TASK2/build/dis_tutorial7
[0.565s] Invoked command in '/home/beta/Desktop/RINS-TASK2/build/dis_tutorial7' returned '0': CMAKE_PREFIX_PATH=${CMAKE_PREFIX_PATH}:/opt/ros/humble /usr/bin/cmake --build /home/beta/Desktop/RINS-TASK2/build/dis_tutorial7 -- -j16 -l16
[0.566s] Invoking command in '/home/beta/Desktop/RINS-TASK2/build/dis_tutorial7': CMAKE_PREFIX_PATH=${CMAKE_PREFIX_PATH}:/opt/ros/humble /usr/bin/cmake --install /home/beta/Desktop/RINS-TASK2/build/dis_tutorial7
[0.574s] -- Install configuration: ""
[0.574s] -- Up-to-date: /home/beta/Desktop/RINS-TASK2/install/dis_tutorial7/share/dis_tutorial7//launch
[0.574s] -- Up-to-date: /home/beta/Desktop/RINS-TASK2/install/dis_tutorial7/share/dis_tutorial7//launch/robot_description.launch.py
[0.574s] -- Up-to-date: /home/beta/Desktop/RINS-TASK2/install/dis_tutorial7/share/dis_tutorial7//launch/turtlebot4_nodes.launch.py
[0.574s] -- Up-to-date: /home/beta/Desktop/RINS-TASK2/install/dis_tutorial7/share/dis_tutorial7//launch/create3_nodes.launch.py
[0.574s] -- Up-to-date: /home/beta/Desktop/RINS-TASK2/install/dis_tutorial7/share/dis_tutorial7//launch/ros_ign_bridge.launch.py
[0.574s] -- Up-to-date: /home/beta/Desktop/RINS-TASK2/install/dis_tutorial7/share/dis_tutorial7//launch/turtlebot4_spawn.launch.py
[0.575s] -- Up-to-date: /home/beta/Desktop/RINS-TASK2/install/dis_tutorial7/share/dis_tutorial7//launch/control.py
[0.575s] -- Up-to-date: /home/beta/Desktop/RINS-TASK2/install/dis_tutorial7/share/dis_tutorial7//launch/sim_turtlebot_nav.launch.py
[0.575s] -- Up-to-date: /home/beta/Desktop/RINS-TASK2/install/dis_tutorial7/share/dis_tutorial7//launch/create3_ignition_nodes.launch.py
[0.575s] -- Up-to-date: /home/beta/Desktop/RINS-TASK2/install/dis_tutorial7/share/dis_tutorial7//launch/view_robot.launch.py
[0.575s] -- Up-to-date: /home/beta/Desktop/RINS-TASK2/install/dis_tutorial7/share/dis_tutorial7//launch/create3_ros_ignition_bridge.launch.py
[0.575s] -- Up-to-date: /home/beta/Desktop/RINS-TASK2/install/dis_tutorial7/share/dis_tutorial7//meshes
[0.575s] -- Up-to-date: /home/beta/Desktop/RINS-TASK2/install/dis_tutorial7/share/dis_tutorial7//meshes/weight_block.dae
[0.575s] -- Up-to-date: /home/beta/Desktop/RINS-TASK2/install/dis_tutorial7/share/dis_tutorial7//meshes/shell_collision.dae
[0.575s] -- Up-to-date: /home/beta/Desktop/RINS-TASK2/install/dis_tutorial7/share/dis_tutorial7//meshes/camera_bracket.dae
[0.575s] -- Up-to-date: /home/beta/Desktop/RINS-TASK2/install/dis_tutorial7/share/dis_tutorial7//meshes/oakd_lite.dae
[0.575s] -- Up-to-date: /home/beta/Desktop/RINS-TASK2/install/dis_tutorial7/share/dis_tutorial7//meshes/tower_sensor_plate.dae
[0.575s] -- Up-to-date: /home/beta/Desktop/RINS-TASK2/install/dis_tutorial7/share/dis_tutorial7//meshes/top_camera_pro.dae
[0.575s] -- Up-to-date: /home/beta/Desktop/RINS-TASK2/install/dis_tutorial7/share/dis_tutorial7//meshes/rplidar.dae
[0.575s] -- Up-to-date: /home/beta/Desktop/RINS-TASK2/install/dis_tutorial7/share/dis_tutorial7//meshes/oakd_pro.dae
[0.575s] -- Up-to-date: /home/beta/Desktop/RINS-TASK2/install/dis_tutorial7/share/dis_tutorial7//meshes/tower.dae
[0.576s] -- Up-to-date: /home/beta/Desktop/RINS-TASK2/install/dis_tutorial7/share/dis_tutorial7//meshes/tower_standoff.dae
[0.576s] -- Up-to-date: /home/beta/Desktop/RINS-TASK2/install/dis_tutorial7/share/dis_tutorial7//meshes/shell.dae
[0.576s] -- Up-to-date: /home/beta/Desktop/RINS-TASK2/install/dis_tutorial7/share/dis_tutorial7//urdf
[0.576s] -- Up-to-date: /home/beta/Desktop/RINS-TASK2/install/dis_tutorial7/share/dis_tutorial7//urdf/lite
[0.576s] -- Up-to-date: /home/beta/Desktop/RINS-TASK2/install/dis_tutorial7/share/dis_tutorial7//urdf/lite/turtlebot4.urdf.xacro
[0.576s] -- Up-to-date: /home/beta/Desktop/RINS-TASK2/install/dis_tutorial7/share/dis_tutorial7//urdf/standard
[0.576s] -- Up-to-date: /home/beta/Desktop/RINS-TASK2/install/dis_tutorial7/share/dis_tutorial7//urdf/standard/turtlebot4.urdf.xacro
[0.576s] -- Up-to-date: /home/beta/Desktop/RINS-TASK2/install/dis_tutorial7/share/dis_tutorial7//urdf/standard/tower_sensor_plate.urdf.xacro
[0.576s] -- Up-to-date: /home/beta/Desktop/RINS-TASK2/install/dis_tutorial7/share/dis_tutorial7//urdf/standard/tower_standoff.urdf.xacro
[0.576s] -- Up-to-date: /home/beta/Desktop/RINS-TASK2/install/dis_tutorial7/share/dis_tutorial7//urdf/standard/weight_block.urdf.xacro
[0.576s] -- Up-to-date: /home/beta/Desktop/RINS-TASK2/install/dis_tutorial7/share/dis_tutorial7//urdf/sensors
[0.576s] -- Up-to-date: /home/beta/Desktop/RINS-TASK2/install/dis_tutorial7/share/dis_tutorial7//urdf/sensors/oakd.urdf.xacro
[0.576s] -- Up-to-date: /home/beta/Desktop/RINS-TASK2/install/dis_tutorial7/share/dis_tutorial7//urdf/sensors/rplidar.urdf.xacro
[0.577s] -- Up-to-date: /home/beta/Desktop/RINS-TASK2/install/dis_tutorial7/share/dis_tutorial7//urdf/sensors/camera_bracket.urdf.xacro
[0.577s] -- Up-to-date: /home/beta/Desktop/RINS-TASK2/install/dis_tutorial7/share/dis_tutorial7//urdf/sensors/top_camera.urdf.xacro
[0.577s] -- Up-to-date: /home/beta/Desktop/RINS-TASK2/install/dis_tutorial7/share/dis_tutorial7//urdf/create
[0.577s] -- Up-to-date: /home/beta/Desktop/RINS-TASK2/install/dis_tutorial7/share/dis_tutorial7//urdf/create/create3.urdf.xacro
[0.577s] -- Up-to-date: /home/beta/Desktop/RINS-TASK2/install/dis_tutorial7/share/dis_tutorial7//urdf/arm
[0.577s] -- Up-to-date: /home/beta/Desktop/RINS-TASK2/install/dis_tutorial7/share/dis_tutorial7//urdf/arm/arm.urdf.xacro
[0.577s] -- Up-to-date: /home/beta/Desktop/RINS-TASK2/install/dis_tutorial7/share/dis_tutorial7//config
[0.577s] -- Up-to-date: /home/beta/Desktop/RINS-TASK2/install/dis_tutorial7/share/dis_tutorial7//config/all_controls.yaml
[0.577s] -- Up-to-date: /home/beta/Desktop/RINS-TASK2/install/dis_tutorial7/share/dis_tutorial7//config/control.yaml
[0.577s] -- Up-to-date: /home/beta/Desktop/RINS-TASK2/install/dis_tutorial7/share/dis_tutorial7//config/arm_controller_position.yaml
[0.577s] -- Up-to-date: /home/beta/Desktop/RINS-TASK2/install/dis_tutorial7/share/dis_tutorial7//config/all_controls_jtc.yaml
[0.577s] -- Up-to-date: /home/beta/Desktop/RINS-TASK2/install/dis_tutorial7/share/dis_tutorial7/scripts
[0.577s] -- Up-to-date: /home/beta/Desktop/RINS-TASK2/install/dis_tutorial7/lib/dis_tutorial7/detect_birds.py
[0.577s] -- Up-to-date: /home/beta/Desktop/RINS-TASK2/install/dis_tutorial7/lib/dis_tutorial7/arm_mover_actions.py
[0.577s] [31mCMake Error at cmake_install.cmake:59 (file):
[0.577s]   file INSTALL cannot find
[0.577s]   "/home/beta/Desktop/RINS-TASK2/dis_tutorial7/scripts/robot_commander.py":
[0.577s]   No such file or directory.
[0.577s] 
[0.577s] [0m
[0.578s] Invoked command in '/home/beta/Desktop/RINS-TASK2/build/dis_tutorial7' returned '1': CMAKE_PREFIX_PATH=${CMAKE_PREFIX_PATH}:/opt/ros/humble /usr/bin/cmake --install /home/beta/Desktop/RINS-TASK2/build/dis_tutorial7
