[0.075s] DEBUG:colcon:Command line arguments: ['/usr/bin/colcon', 'build']
[0.075s] DEBUG:colcon:Parsed command line arguments: Namespace(log_base=None, log_level=None, verb_name='build', build_base='build', install_base='install', merge_install=False, symlink_install=False, test_result_base=None, continue_on_error=False, executor='parallel', parallel_workers=16, event_handlers=None, ignore_user_meta=False, metas=['./colcon.meta'], base_paths=['.'], packages_ignore=None, packages_ignore_regex=None, paths=None, packages_up_to=None, packages_up_to_regex=None, packages_above=None, packages_above_and_dependencies=None, packages_above_depth=None, packages_select_by_dep=None, packages_skip_by_dep=None, packages_skip_up_to=None, packages_select_build_failed=False, packages_skip_build_finished=False, packages_select_test_failures=False, packages_skip_test_passed=False, packages_select=None, packages_skip=None, packages_select_regex=None, packages_skip_regex=None, packages_start=None, packages_end=None, allow_overriding=[], cmake_args=None, cmake_target=None, cmake_target_skip_unavailable=False, cmake_clean_cache=False, cmake_clean_first=False, cmake_force_configure=False, ament_cmake_args=None, catkin_cmake_args=None, catkin_skip_building_tests=False, mixin_files=None, mixin=None, verb_parser=<colcon_mixin.mixin.mixin_argument.MixinArgumentDecorator object at 0x75cd1fa82e00>, verb_extension=<colcon_core.verb.build.BuildVerb object at 0x75cd1fa82380>, main=<bound method BuildVerb.main of <colcon_core.verb.build.BuildVerb object at 0x75cd1fa82380>>, mixin_verb=('build',))
[0.243s] Level 1:colcon.colcon_core.package_discovery:discover_packages(colcon_meta) check parameters
[0.243s] Level 1:colcon.colcon_core.package_discovery:discover_packages(recursive) check parameters
[0.243s] Level 1:colcon.colcon_core.package_discovery:discover_packages(ignore) check parameters
[0.243s] Level 1:colcon.colcon_core.package_discovery:discover_packages(path) check parameters
[0.243s] Level 1:colcon.colcon_core.package_discovery:discover_packages(colcon_meta) discover
[0.243s] Level 1:colcon.colcon_core.package_discovery:discover_packages(recursive) discover
[0.243s] INFO:colcon.colcon_core.package_discovery:Crawling recursively for packages in '/home/beta/Vaje7/dis_tutorial7'
[0.244s] Level 1:colcon.colcon_core.package_identification:_identify(.) by extensions ['ignore', 'ignore_ament_install']
[0.244s] Level 1:colcon.colcon_core.package_identification:_identify(.) by extension 'ignore'
[0.244s] Level 1:colcon.colcon_core.package_identification:_identify(.) by extension 'ignore_ament_install'
[0.244s] Level 1:colcon.colcon_core.package_identification:_identify(.) by extensions ['colcon_pkg']
[0.244s] Level 1:colcon.colcon_core.package_identification:_identify(.) by extension 'colcon_pkg'
[0.244s] Level 1:colcon.colcon_core.package_identification:_identify(.) by extensions ['colcon_meta']
[0.244s] Level 1:colcon.colcon_core.package_identification:_identify(.) by extension 'colcon_meta'
[0.244s] Level 1:colcon.colcon_core.package_identification:_identify(.) by extensions ['ros']
[0.244s] Level 1:colcon.colcon_core.package_identification:_identify(.) by extension 'ros'
[0.269s] DEBUG:colcon.colcon_core.package_identification:Package '.' with type 'ros.ament_cmake' and name 'dis_tutorial7'
[0.269s] Level 1:colcon.colcon_core.package_discovery:discover_packages(recursive) using defaults
[0.269s] Level 1:colcon.colcon_core.package_discovery:discover_packages(ignore) discover
[0.269s] Level 1:colcon.colcon_core.package_discovery:discover_packages(ignore) using defaults
[0.269s] Level 1:colcon.colcon_core.package_discovery:discover_packages(path) discover
[0.269s] Level 1:colcon.colcon_core.package_discovery:discover_packages(path) using defaults
[0.285s] Level 1:colcon.colcon_core.package_discovery:discover_packages(prefix_path) check parameters
[0.285s] Level 1:colcon.colcon_core.package_discovery:discover_packages(prefix_path) discover
[0.287s] DEBUG:colcon.colcon_installed_package_information.package_discovery:Found 0 installed packages in /home/beta/colcon_ws/install
[0.289s] DEBUG:colcon.colcon_installed_package_information.package_discovery:Found 416 installed packages in /opt/ros/humble
[0.292s] Level 1:colcon.colcon_core.package_discovery:discover_packages(prefix_path) using defaults
[0.322s] Level 5:colcon.colcon_core.verb:set package 'dis_tutorial7' build argument 'cmake_args' from command line to 'None'
[0.322s] Level 5:colcon.colcon_core.verb:set package 'dis_tutorial7' build argument 'cmake_target' from command line to 'None'
[0.322s] Level 5:colcon.colcon_core.verb:set package 'dis_tutorial7' build argument 'cmake_target_skip_unavailable' from command line to 'False'
[0.322s] Level 5:colcon.colcon_core.verb:set package 'dis_tutorial7' build argument 'cmake_clean_cache' from command line to 'False'
[0.322s] Level 5:colcon.colcon_core.verb:set package 'dis_tutorial7' build argument 'cmake_clean_first' from command line to 'False'
[0.322s] Level 5:colcon.colcon_core.verb:set package 'dis_tutorial7' build argument 'cmake_force_configure' from command line to 'False'
[0.322s] Level 5:colcon.colcon_core.verb:set package 'dis_tutorial7' build argument 'ament_cmake_args' from command line to 'None'
[0.322s] Level 5:colcon.colcon_core.verb:set package 'dis_tutorial7' build argument 'catkin_cmake_args' from command line to 'None'
[0.323s] Level 5:colcon.colcon_core.verb:set package 'dis_tutorial7' build argument 'catkin_skip_building_tests' from command line to 'False'
[0.323s] DEBUG:colcon.colcon_core.verb:Building package 'dis_tutorial7' with the following arguments: {'ament_cmake_args': None, 'build_base': '/home/beta/Vaje7/dis_tutorial7/build/dis_tutorial7', 'catkin_cmake_args': None, 'catkin_skip_building_tests': False, 'cmake_args': None, 'cmake_clean_cache': False, 'cmake_clean_first': False, 'cmake_force_configure': False, 'cmake_target': None, 'cmake_target_skip_unavailable': False, 'install_base': '/home/beta/Vaje7/dis_tutorial7/install/dis_tutorial7', 'merge_install': False, 'path': '/home/beta/Vaje7/dis_tutorial7', 'symlink_install': False, 'test_result_base': None}
[0.323s] INFO:colcon.colcon_core.executor:Executing jobs using 'parallel' executor
[0.323s] DEBUG:colcon.colcon_parallel_executor.executor.parallel:run_until_complete
[0.324s] INFO:colcon.colcon_ros.task.ament_cmake.build:Building ROS package in '/home/beta/Vaje7/dis_tutorial7' with build type 'ament_cmake'
[0.324s] INFO:colcon.colcon_cmake.task.cmake.build:Building CMake package in '/home/beta/Vaje7/dis_tutorial7'
[0.325s] INFO:colcon.colcon_core.plugin_system:Skipping extension 'colcon_core.shell.bat': Not used on non-Windows systems
[0.325s] INFO:colcon.colcon_core.shell:Skip shell extension 'powershell' for command environment: Not usable outside of PowerShell
[0.325s] DEBUG:colcon.colcon_core.shell:Skip shell extension 'dsv' for command environment
[0.330s] DEBUG:colcon.colcon_core.event_handler.log_command:Invoking command in '/home/beta/Vaje7/dis_tutorial7/build/dis_tutorial7': CMAKE_PREFIX_PATH=/opt/ros/humble /usr/bin/cmake /home/beta/Vaje7/dis_tutorial7 -DCMAKE_INSTALL_PREFIX=/home/beta/Vaje7/dis_tutorial7/install/dis_tutorial7
[1.112s] DEBUG:colcon.colcon_core.event_handler.log_command:Invoked command in '/home/beta/Vaje7/dis_tutorial7/build/dis_tutorial7' returned '0': CMAKE_PREFIX_PATH=/opt/ros/humble /usr/bin/cmake /home/beta/Vaje7/dis_tutorial7 -DCMAKE_INSTALL_PREFIX=/home/beta/Vaje7/dis_tutorial7/install/dis_tutorial7
[1.113s] DEBUG:colcon.colcon_core.event_handler.log_command:Invoking command in '/home/beta/Vaje7/dis_tutorial7/build/dis_tutorial7': CMAKE_PREFIX_PATH=/opt/ros/humble /usr/bin/cmake --build /home/beta/Vaje7/dis_tutorial7/build/dis_tutorial7 -- -j16 -l16
[1.155s] DEBUG:colcon.colcon_core.event_handler.log_command:Invoked command in '/home/beta/Vaje7/dis_tutorial7/build/dis_tutorial7' returned '0': CMAKE_PREFIX_PATH=/opt/ros/humble /usr/bin/cmake --build /home/beta/Vaje7/dis_tutorial7/build/dis_tutorial7 -- -j16 -l16
[1.167s] DEBUG:colcon.colcon_core.event_handler.log_command:Invoking command in '/home/beta/Vaje7/dis_tutorial7/build/dis_tutorial7': CMAKE_PREFIX_PATH=/opt/ros/humble /usr/bin/cmake --install /home/beta/Vaje7/dis_tutorial7/build/dis_tutorial7
[1.201s] Level 1:colcon.colcon_core.environment:create_environment_scripts_only(dis_tutorial7)
[1.201s] DEBUG:colcon.colcon_core.event_handler.log_command:Invoked command in '/home/beta/Vaje7/dis_tutorial7/build/dis_tutorial7' returned '0': CMAKE_PREFIX_PATH=/opt/ros/humble /usr/bin/cmake --install /home/beta/Vaje7/dis_tutorial7/build/dis_tutorial7
[1.203s] Level 1:colcon.colcon_core.environment:checking '/home/beta/Vaje7/dis_tutorial7/install/dis_tutorial7' for CMake module files
[1.204s] Level 1:colcon.colcon_core.environment:checking '/home/beta/Vaje7/dis_tutorial7/install/dis_tutorial7' for CMake config files
[1.204s] Level 1:colcon.colcon_core.shell:create_environment_hook('dis_tutorial7', 'cmake_prefix_path')
[1.204s] INFO:colcon.colcon_core.shell:Creating environment hook '/home/beta/Vaje7/dis_tutorial7/install/dis_tutorial7/share/dis_tutorial7/hook/cmake_prefix_path.ps1'
[1.205s] INFO:colcon.colcon_core.shell:Creating environment descriptor '/home/beta/Vaje7/dis_tutorial7/install/dis_tutorial7/share/dis_tutorial7/hook/cmake_prefix_path.dsv'
[1.205s] INFO:colcon.colcon_core.shell:Creating environment hook '/home/beta/Vaje7/dis_tutorial7/install/dis_tutorial7/share/dis_tutorial7/hook/cmake_prefix_path.sh'
[1.206s] Level 1:colcon.colcon_core.environment:checking '/home/beta/Vaje7/dis_tutorial7/install/dis_tutorial7/lib'
[1.206s] Level 1:colcon.colcon_core.environment:checking '/home/beta/Vaje7/dis_tutorial7/install/dis_tutorial7/bin'
[1.206s] Level 1:colcon.colcon_core.environment:checking '/home/beta/Vaje7/dis_tutorial7/install/dis_tutorial7/lib/pkgconfig/dis_tutorial7.pc'
[1.206s] Level 1:colcon.colcon_core.environment:checking '/home/beta/Vaje7/dis_tutorial7/install/dis_tutorial7/lib/python3.10/site-packages'
[1.206s] Level 1:colcon.colcon_core.environment:checking '/home/beta/Vaje7/dis_tutorial7/install/dis_tutorial7/bin'
[1.206s] INFO:colcon.colcon_core.shell:Creating package script '/home/beta/Vaje7/dis_tutorial7/install/dis_tutorial7/share/dis_tutorial7/package.ps1'
[1.207s] INFO:colcon.colcon_core.shell:Creating package descriptor '/home/beta/Vaje7/dis_tutorial7/install/dis_tutorial7/share/dis_tutorial7/package.dsv'
[1.207s] INFO:colcon.colcon_core.shell:Creating package script '/home/beta/Vaje7/dis_tutorial7/install/dis_tutorial7/share/dis_tutorial7/package.sh'
[1.208s] INFO:colcon.colcon_core.shell:Creating package script '/home/beta/Vaje7/dis_tutorial7/install/dis_tutorial7/share/dis_tutorial7/package.bash'
[1.209s] INFO:colcon.colcon_core.shell:Creating package script '/home/beta/Vaje7/dis_tutorial7/install/dis_tutorial7/share/dis_tutorial7/package.zsh'
[1.209s] Level 1:colcon.colcon_core.environment:create_file_with_runtime_dependencies(/home/beta/Vaje7/dis_tutorial7/install/dis_tutorial7/share/colcon-core/packages/dis_tutorial7)
[1.209s] Level 1:colcon.colcon_core.environment:create_environment_scripts_only(dis_tutorial7)
[1.210s] Level 1:colcon.colcon_core.environment:checking '/home/beta/Vaje7/dis_tutorial7/install/dis_tutorial7' for CMake module files
[1.210s] Level 1:colcon.colcon_core.environment:checking '/home/beta/Vaje7/dis_tutorial7/install/dis_tutorial7' for CMake config files
[1.210s] Level 1:colcon.colcon_core.shell:create_environment_hook('dis_tutorial7', 'cmake_prefix_path')
[1.210s] INFO:colcon.colcon_core.shell:Creating environment hook '/home/beta/Vaje7/dis_tutorial7/install/dis_tutorial7/share/dis_tutorial7/hook/cmake_prefix_path.ps1'
[1.210s] INFO:colcon.colcon_core.shell:Creating environment descriptor '/home/beta/Vaje7/dis_tutorial7/install/dis_tutorial7/share/dis_tutorial7/hook/cmake_prefix_path.dsv'
[1.211s] INFO:colcon.colcon_core.shell:Creating environment hook '/home/beta/Vaje7/dis_tutorial7/install/dis_tutorial7/share/dis_tutorial7/hook/cmake_prefix_path.sh'
[1.211s] Level 1:colcon.colcon_core.environment:checking '/home/beta/Vaje7/dis_tutorial7/install/dis_tutorial7/lib'
[1.211s] Level 1:colcon.colcon_core.environment:checking '/home/beta/Vaje7/dis_tutorial7/install/dis_tutorial7/bin'
[1.211s] Level 1:colcon.colcon_core.environment:checking '/home/beta/Vaje7/dis_tutorial7/install/dis_tutorial7/lib/pkgconfig/dis_tutorial7.pc'
[1.211s] Level 1:colcon.colcon_core.environment:checking '/home/beta/Vaje7/dis_tutorial7/install/dis_tutorial7/lib/python3.10/site-packages'
[1.211s] Level 1:colcon.colcon_core.environment:checking '/home/beta/Vaje7/dis_tutorial7/install/dis_tutorial7/bin'
[1.211s] INFO:colcon.colcon_core.shell:Creating package script '/home/beta/Vaje7/dis_tutorial7/install/dis_tutorial7/share/dis_tutorial7/package.ps1'
[1.212s] INFO:colcon.colcon_core.shell:Creating package descriptor '/home/beta/Vaje7/dis_tutorial7/install/dis_tutorial7/share/dis_tutorial7/package.dsv'
[1.212s] INFO:colcon.colcon_core.shell:Creating package script '/home/beta/Vaje7/dis_tutorial7/install/dis_tutorial7/share/dis_tutorial7/package.sh'
[1.212s] INFO:colcon.colcon_core.shell:Creating package script '/home/beta/Vaje7/dis_tutorial7/install/dis_tutorial7/share/dis_tutorial7/package.bash'
[1.212s] INFO:colcon.colcon_core.shell:Creating package script '/home/beta/Vaje7/dis_tutorial7/install/dis_tutorial7/share/dis_tutorial7/package.zsh'
[1.212s] Level 1:colcon.colcon_core.environment:create_file_with_runtime_dependencies(/home/beta/Vaje7/dis_tutorial7/install/dis_tutorial7/share/colcon-core/packages/dis_tutorial7)
[1.213s] DEBUG:colcon.colcon_parallel_executor.executor.parallel:closing loop
[1.213s] DEBUG:colcon.colcon_parallel_executor.executor.parallel:loop closed
[1.213s] DEBUG:colcon.colcon_parallel_executor.executor.parallel:run_until_complete finished with '0'
[1.213s] DEBUG:colcon.colcon_core.event_reactor:joining thread
[1.217s] INFO:colcon.colcon_core.plugin_system:Skipping extension 'colcon_notification.desktop_notification.notify_send': Could not find 'notify-send'
[1.217s] INFO:colcon.colcon_core.plugin_system:Skipping extension 'colcon_notification.desktop_notification.terminal_notifier': Not used on non-Darwin systems
[1.217s] INFO:colcon.colcon_core.plugin_system:Skipping extension 'colcon_notification.desktop_notification.win32': Not used on non-Windows systems
[1.217s] INFO:colcon.colcon_notification.desktop_notification:Sending desktop notification using 'notify2'
[1.229s] DEBUG:colcon.colcon_core.event_reactor:joined thread
[1.229s] INFO:colcon.colcon_core.shell:Creating prefix script '/home/beta/Vaje7/dis_tutorial7/install/local_setup.ps1'
[1.230s] INFO:colcon.colcon_core.shell:Creating prefix util module '/home/beta/Vaje7/dis_tutorial7/install/_local_setup_util_ps1.py'
[1.231s] INFO:colcon.colcon_core.shell:Creating prefix chain script '/home/beta/Vaje7/dis_tutorial7/install/setup.ps1'
[1.232s] INFO:colcon.colcon_core.shell:Creating prefix script '/home/beta/Vaje7/dis_tutorial7/install/local_setup.sh'
[1.232s] INFO:colcon.colcon_core.shell:Creating prefix util module '/home/beta/Vaje7/dis_tutorial7/install/_local_setup_util_sh.py'
[1.232s] INFO:colcon.colcon_core.shell:Creating prefix chain script '/home/beta/Vaje7/dis_tutorial7/install/setup.sh'
[1.233s] INFO:colcon.colcon_core.shell:Creating prefix script '/home/beta/Vaje7/dis_tutorial7/install/local_setup.bash'
[1.233s] INFO:colcon.colcon_core.shell:Creating prefix chain script '/home/beta/Vaje7/dis_tutorial7/install/setup.bash'
[1.234s] INFO:colcon.colcon_core.shell:Creating prefix script '/home/beta/Vaje7/dis_tutorial7/install/local_setup.zsh'
[1.235s] INFO:colcon.colcon_core.shell:Creating prefix chain script '/home/beta/Vaje7/dis_tutorial7/install/setup.zsh'
