[0.090s] DEBUG:colcon:Command line arguments: ['/usr/bin/colcon', 'build']
[0.090s] DEBUG:colcon:Parsed command line arguments: Namespace(log_base=None, log_level=None, verb_name='build', build_base='build', install_base='install', merge_install=False, symlink_install=False, test_result_base=None, continue_on_error=False, executor='parallel', parallel_workers=16, event_handlers=None, ignore_user_meta=False, metas=['./colcon.meta'], base_paths=['.'], packages_ignore=None, packages_ignore_regex=None, paths=None, packages_up_to=None, packages_up_to_regex=None, packages_above=None, packages_above_and_dependencies=None, packages_above_depth=None, packages_select_by_dep=None, packages_skip_by_dep=None, packages_skip_up_to=None, packages_select_build_failed=False, packages_skip_build_finished=False, packages_select_test_failures=False, packages_skip_test_passed=False, packages_select=None, packages_skip=None, packages_select_regex=None, packages_skip_regex=None, packages_start=None, packages_end=None, allow_overriding=[], cmake_args=None, cmake_target=None, cmake_target_skip_unavailable=False, cmake_clean_cache=False, cmake_clean_first=False, cmake_force_configure=False, ament_cmake_args=None, catkin_cmake_args=None, catkin_skip_building_tests=False, mixin_files=None, mixin=None, verb_parser=<colcon_mixin.mixin.mixin_argument.MixinArgumentDecorator object at 0x7526003723e0>, verb_extension=<colcon_core.verb.build.BuildVerb object at 0x752600371f30>, main=<bound method BuildVerb.main of <colcon_core.verb.build.BuildVerb object at 0x752600371f30>>, mixin_verb=('build',))
[0.227s] Level 1:colcon.colcon_core.package_discovery:discover_packages(colcon_meta) check parameters
[0.227s] Level 1:colcon.colcon_core.package_discovery:discover_packages(recursive) check parameters
[0.227s] Level 1:colcon.colcon_core.package_discovery:discover_packages(ignore) check parameters
[0.227s] Level 1:colcon.colcon_core.package_discovery:discover_packages(path) check parameters
[0.227s] Level 1:colcon.colcon_core.package_discovery:discover_packages(colcon_meta) discover
[0.227s] Level 1:colcon.colcon_core.package_discovery:discover_packages(recursive) discover
[0.227s] INFO:colcon.colcon_core.package_discovery:Crawling recursively for packages in '/home/beta/RINS-TASK2/dis_tutorial7'
[0.227s] Level 1:colcon.colcon_core.package_identification:_identify(.) by extensions ['ignore', 'ignore_ament_install']
[0.227s] Level 1:colcon.colcon_core.package_identification:_identify(.) by extension 'ignore'
[0.227s] Level 1:colcon.colcon_core.package_identification:_identify(.) by extension 'ignore_ament_install'
[0.227s] Level 1:colcon.colcon_core.package_identification:_identify(.) by extensions ['colcon_pkg']
[0.227s] Level 1:colcon.colcon_core.package_identification:_identify(.) by extension 'colcon_pkg'
[0.227s] Level 1:colcon.colcon_core.package_identification:_identify(.) by extensions ['colcon_meta']
[0.227s] Level 1:colcon.colcon_core.package_identification:_identify(.) by extension 'colcon_meta'
[0.227s] Level 1:colcon.colcon_core.package_identification:_identify(.) by extensions ['ros']
[0.227s] Level 1:colcon.colcon_core.package_identification:_identify(.) by extension 'ros'
[0.238s] DEBUG:colcon.colcon_core.package_identification:Package '.' with type 'ros.ament_cmake' and name 'dis_tutorial7'
[0.238s] Level 1:colcon.colcon_core.package_discovery:discover_packages(recursive) using defaults
[0.238s] Level 1:colcon.colcon_core.package_discovery:discover_packages(ignore) discover
[0.238s] Level 1:colcon.colcon_core.package_discovery:discover_packages(ignore) using defaults
[0.238s] Level 1:colcon.colcon_core.package_discovery:discover_packages(path) discover
[0.238s] Level 1:colcon.colcon_core.package_discovery:discover_packages(path) using defaults
[0.275s] Level 1:colcon.colcon_core.package_discovery:discover_packages(prefix_path) check parameters
[0.275s] Level 1:colcon.colcon_core.package_discovery:discover_packages(prefix_path) discover
[0.276s] DEBUG:colcon.colcon_installed_package_information.package_discovery:Found 1 installed packages in /home/beta/RINS-TASK2/dis_tutorial7/install
[0.277s] DEBUG:colcon.colcon_installed_package_information.package_discovery:Found 0 installed packages in /home/beta/colcon_ws/install
[0.278s] DEBUG:colcon.colcon_installed_package_information.package_discovery:Found 420 installed packages in /opt/ros/humble
[0.280s] Level 1:colcon.colcon_core.package_discovery:discover_packages(prefix_path) using defaults
[0.320s] Level 5:colcon.colcon_core.verb:set package 'dis_tutorial7' build argument 'cmake_args' from command line to 'None'
[0.320s] Level 5:colcon.colcon_core.verb:set package 'dis_tutorial7' build argument 'cmake_target' from command line to 'None'
[0.320s] Level 5:colcon.colcon_core.verb:set package 'dis_tutorial7' build argument 'cmake_target_skip_unavailable' from command line to 'False'
[0.320s] Level 5:colcon.colcon_core.verb:set package 'dis_tutorial7' build argument 'cmake_clean_cache' from command line to 'False'
[0.320s] Level 5:colcon.colcon_core.verb:set package 'dis_tutorial7' build argument 'cmake_clean_first' from command line to 'False'
[0.320s] Level 5:colcon.colcon_core.verb:set package 'dis_tutorial7' build argument 'cmake_force_configure' from command line to 'False'
[0.320s] Level 5:colcon.colcon_core.verb:set package 'dis_tutorial7' build argument 'ament_cmake_args' from command line to 'None'
[0.320s] Level 5:colcon.colcon_core.verb:set package 'dis_tutorial7' build argument 'catkin_cmake_args' from command line to 'None'
[0.320s] Level 5:colcon.colcon_core.verb:set package 'dis_tutorial7' build argument 'catkin_skip_building_tests' from command line to 'False'
[0.320s] DEBUG:colcon.colcon_core.verb:Building package 'dis_tutorial7' with the following arguments: {'ament_cmake_args': None, 'build_base': '/home/beta/RINS-TASK2/dis_tutorial7/build/dis_tutorial7', 'catkin_cmake_args': None, 'catkin_skip_building_tests': False, 'cmake_args': None, 'cmake_clean_cache': False, 'cmake_clean_first': False, 'cmake_force_configure': False, 'cmake_target': None, 'cmake_target_skip_unavailable': False, 'install_base': '/home/beta/RINS-TASK2/dis_tutorial7/install/dis_tutorial7', 'merge_install': False, 'path': '/home/beta/RINS-TASK2/dis_tutorial7', 'symlink_install': False, 'test_result_base': None}
[0.320s] INFO:colcon.colcon_core.executor:Executing jobs using 'parallel' executor
[0.322s] DEBUG:colcon.colcon_parallel_executor.executor.parallel:run_until_complete
[0.322s] INFO:colcon.colcon_ros.task.ament_cmake.build:Building ROS package in '/home/beta/RINS-TASK2/dis_tutorial7' with build type 'ament_cmake'
[0.322s] INFO:colcon.colcon_cmake.task.cmake.build:Building CMake package in '/home/beta/RINS-TASK2/dis_tutorial7'
[0.324s] INFO:colcon.colcon_core.plugin_system:Skipping extension 'colcon_core.shell.bat': Not used on non-Windows systems
[0.324s] INFO:colcon.colcon_core.shell:Skip shell extension 'powershell' for command environment: Not usable outside of PowerShell
[0.324s] DEBUG:colcon.colcon_core.shell:Skip shell extension 'dsv' for command environment
[0.332s] DEBUG:colcon.colcon_core.event_handler.log_command:Invoking command in '/home/beta/RINS-TASK2/dis_tutorial7/build/dis_tutorial7': CMAKE_PREFIX_PATH=${CMAKE_PREFIX_PATH}:/opt/ros/humble /usr/bin/cmake --build /home/beta/RINS-TASK2/dis_tutorial7/build/dis_tutorial7 -- -j16 -l16
[0.803s] DEBUG:colcon.colcon_core.event_handler.log_command:Invoked command in '/home/beta/RINS-TASK2/dis_tutorial7/build/dis_tutorial7' returned '0': CMAKE_PREFIX_PATH=${CMAKE_PREFIX_PATH}:/opt/ros/humble /usr/bin/cmake --build /home/beta/RINS-TASK2/dis_tutorial7/build/dis_tutorial7 -- -j16 -l16
[0.814s] DEBUG:colcon.colcon_core.event_handler.log_command:Invoking command in '/home/beta/RINS-TASK2/dis_tutorial7/build/dis_tutorial7': CMAKE_PREFIX_PATH=${CMAKE_PREFIX_PATH}:/opt/ros/humble /usr/bin/cmake --install /home/beta/RINS-TASK2/dis_tutorial7/build/dis_tutorial7
[0.826s] Level 1:colcon.colcon_core.environment:create_environment_scripts_only(dis_tutorial7)
[0.827s] DEBUG:colcon.colcon_core.event_handler.log_command:Invoked command in '/home/beta/RINS-TASK2/dis_tutorial7/build/dis_tutorial7' returned '0': CMAKE_PREFIX_PATH=${CMAKE_PREFIX_PATH}:/opt/ros/humble /usr/bin/cmake --install /home/beta/RINS-TASK2/dis_tutorial7/build/dis_tutorial7
[0.829s] Level 1:colcon.colcon_core.environment:checking '/home/beta/RINS-TASK2/dis_tutorial7/install/dis_tutorial7' for CMake module files
[0.830s] Level 1:colcon.colcon_core.environment:checking '/home/beta/RINS-TASK2/dis_tutorial7/install/dis_tutorial7' for CMake config files
[0.830s] Level 1:colcon.colcon_core.shell:create_environment_hook('dis_tutorial7', 'cmake_prefix_path')
[0.830s] INFO:colcon.colcon_core.shell:Creating environment hook '/home/beta/RINS-TASK2/dis_tutorial7/install/dis_tutorial7/share/dis_tutorial7/hook/cmake_prefix_path.ps1'
[0.831s] INFO:colcon.colcon_core.shell:Creating environment descriptor '/home/beta/RINS-TASK2/dis_tutorial7/install/dis_tutorial7/share/dis_tutorial7/hook/cmake_prefix_path.dsv'
[0.831s] INFO:colcon.colcon_core.shell:Creating environment hook '/home/beta/RINS-TASK2/dis_tutorial7/install/dis_tutorial7/share/dis_tutorial7/hook/cmake_prefix_path.sh'
[0.832s] Level 1:colcon.colcon_core.environment:checking '/home/beta/RINS-TASK2/dis_tutorial7/install/dis_tutorial7/lib'
[0.832s] Level 1:colcon.colcon_core.environment:checking '/home/beta/RINS-TASK2/dis_tutorial7/install/dis_tutorial7/bin'
[0.832s] Level 1:colcon.colcon_core.environment:checking '/home/beta/RINS-TASK2/dis_tutorial7/install/dis_tutorial7/lib/pkgconfig/dis_tutorial7.pc'
[0.832s] Level 1:colcon.colcon_core.environment:checking '/home/beta/RINS-TASK2/dis_tutorial7/install/dis_tutorial7/lib/python3.10/site-packages'
[0.832s] Level 1:colcon.colcon_core.environment:checking '/home/beta/RINS-TASK2/dis_tutorial7/install/dis_tutorial7/bin'
[0.833s] INFO:colcon.colcon_core.shell:Creating package script '/home/beta/RINS-TASK2/dis_tutorial7/install/dis_tutorial7/share/dis_tutorial7/package.ps1'
[0.833s] INFO:colcon.colcon_core.shell:Creating package descriptor '/home/beta/RINS-TASK2/dis_tutorial7/install/dis_tutorial7/share/dis_tutorial7/package.dsv'
[0.833s] INFO:colcon.colcon_core.shell:Creating package script '/home/beta/RINS-TASK2/dis_tutorial7/install/dis_tutorial7/share/dis_tutorial7/package.sh'
[0.834s] INFO:colcon.colcon_core.shell:Creating package script '/home/beta/RINS-TASK2/dis_tutorial7/install/dis_tutorial7/share/dis_tutorial7/package.bash'
[0.834s] INFO:colcon.colcon_core.shell:Creating package script '/home/beta/RINS-TASK2/dis_tutorial7/install/dis_tutorial7/share/dis_tutorial7/package.zsh'
[0.835s] Level 1:colcon.colcon_core.environment:create_file_with_runtime_dependencies(/home/beta/RINS-TASK2/dis_tutorial7/install/dis_tutorial7/share/colcon-core/packages/dis_tutorial7)
[0.835s] Level 1:colcon.colcon_core.environment:create_environment_scripts_only(dis_tutorial7)
[0.836s] Level 1:colcon.colcon_core.environment:checking '/home/beta/RINS-TASK2/dis_tutorial7/install/dis_tutorial7' for CMake module files
[0.836s] Level 1:colcon.colcon_core.environment:checking '/home/beta/RINS-TASK2/dis_tutorial7/install/dis_tutorial7' for CMake config files
[0.836s] Level 1:colcon.colcon_core.shell:create_environment_hook('dis_tutorial7', 'cmake_prefix_path')
[0.837s] INFO:colcon.colcon_core.shell:Creating environment hook '/home/beta/RINS-TASK2/dis_tutorial7/install/dis_tutorial7/share/dis_tutorial7/hook/cmake_prefix_path.ps1'
[0.837s] INFO:colcon.colcon_core.shell:Creating environment descriptor '/home/beta/RINS-TASK2/dis_tutorial7/install/dis_tutorial7/share/dis_tutorial7/hook/cmake_prefix_path.dsv'
[0.837s] INFO:colcon.colcon_core.shell:Creating environment hook '/home/beta/RINS-TASK2/dis_tutorial7/install/dis_tutorial7/share/dis_tutorial7/hook/cmake_prefix_path.sh'
[0.837s] Level 1:colcon.colcon_core.environment:checking '/home/beta/RINS-TASK2/dis_tutorial7/install/dis_tutorial7/lib'
[0.838s] Level 1:colcon.colcon_core.environment:checking '/home/beta/RINS-TASK2/dis_tutorial7/install/dis_tutorial7/bin'
[0.838s] Level 1:colcon.colcon_core.environment:checking '/home/beta/RINS-TASK2/dis_tutorial7/install/dis_tutorial7/lib/pkgconfig/dis_tutorial7.pc'
[0.838s] Level 1:colcon.colcon_core.environment:checking '/home/beta/RINS-TASK2/dis_tutorial7/install/dis_tutorial7/lib/python3.10/site-packages'
[0.838s] Level 1:colcon.colcon_core.environment:checking '/home/beta/RINS-TASK2/dis_tutorial7/install/dis_tutorial7/bin'
[0.838s] INFO:colcon.colcon_core.shell:Creating package script '/home/beta/RINS-TASK2/dis_tutorial7/install/dis_tutorial7/share/dis_tutorial7/package.ps1'
[0.838s] INFO:colcon.colcon_core.shell:Creating package descriptor '/home/beta/RINS-TASK2/dis_tutorial7/install/dis_tutorial7/share/dis_tutorial7/package.dsv'
[0.839s] INFO:colcon.colcon_core.shell:Creating package script '/home/beta/RINS-TASK2/dis_tutorial7/install/dis_tutorial7/share/dis_tutorial7/package.sh'
[0.839s] INFO:colcon.colcon_core.shell:Creating package script '/home/beta/RINS-TASK2/dis_tutorial7/install/dis_tutorial7/share/dis_tutorial7/package.bash'
[0.839s] INFO:colcon.colcon_core.shell:Creating package script '/home/beta/RINS-TASK2/dis_tutorial7/install/dis_tutorial7/share/dis_tutorial7/package.zsh'
[0.839s] Level 1:colcon.colcon_core.environment:create_file_with_runtime_dependencies(/home/beta/RINS-TASK2/dis_tutorial7/install/dis_tutorial7/share/colcon-core/packages/dis_tutorial7)
[0.840s] DEBUG:colcon.colcon_parallel_executor.executor.parallel:closing loop
[0.840s] DEBUG:colcon.colcon_parallel_executor.executor.parallel:loop closed
[0.840s] DEBUG:colcon.colcon_parallel_executor.executor.parallel:run_until_complete finished with '0'
[0.840s] DEBUG:colcon.colcon_core.event_reactor:joining thread
[0.844s] INFO:colcon.colcon_core.plugin_system:Skipping extension 'colcon_notification.desktop_notification.notify_send': Could not find 'notify-send'
[0.844s] INFO:colcon.colcon_core.plugin_system:Skipping extension 'colcon_notification.desktop_notification.terminal_notifier': Not used on non-Darwin systems
[0.845s] INFO:colcon.colcon_core.plugin_system:Skipping extension 'colcon_notification.desktop_notification.win32': Not used on non-Windows systems
[0.845s] INFO:colcon.colcon_notification.desktop_notification:Sending desktop notification using 'notify2'
[0.870s] DEBUG:colcon.colcon_core.event_reactor:joined thread
[0.870s] INFO:colcon.colcon_core.shell:Creating prefix script '/home/beta/RINS-TASK2/dis_tutorial7/install/local_setup.ps1'
[0.872s] INFO:colcon.colcon_core.shell:Creating prefix util module '/home/beta/RINS-TASK2/dis_tutorial7/install/_local_setup_util_ps1.py'
[0.873s] INFO:colcon.colcon_core.shell:Creating prefix chain script '/home/beta/RINS-TASK2/dis_tutorial7/install/setup.ps1'
[0.874s] INFO:colcon.colcon_core.shell:Creating prefix script '/home/beta/RINS-TASK2/dis_tutorial7/install/local_setup.sh'
[0.874s] INFO:colcon.colcon_core.shell:Creating prefix util module '/home/beta/RINS-TASK2/dis_tutorial7/install/_local_setup_util_sh.py'
[0.875s] INFO:colcon.colcon_core.shell:Creating prefix chain script '/home/beta/RINS-TASK2/dis_tutorial7/install/setup.sh'
[0.876s] INFO:colcon.colcon_core.shell:Creating prefix script '/home/beta/RINS-TASK2/dis_tutorial7/install/local_setup.bash'
[0.876s] INFO:colcon.colcon_core.shell:Creating prefix chain script '/home/beta/RINS-TASK2/dis_tutorial7/install/setup.bash'
[0.877s] INFO:colcon.colcon_core.shell:Creating prefix script '/home/beta/RINS-TASK2/dis_tutorial7/install/local_setup.zsh'
[0.877s] INFO:colcon.colcon_core.shell:Creating prefix chain script '/home/beta/RINS-TASK2/dis_tutorial7/install/setup.zsh'
