[0.008s] Invoking command in '/home/beta/Desktop/RINS-TASK2/build/dis_tutorial3': CMAKE_PREFIX_PATH=/opt/ros/humble /usr/bin/cmake /home/beta/Desktop/RINS-TASK2/dis_tutorial3 -DCMAKE_INSTALL_PREFIX=/home/beta/Desktop/RINS-TASK2/install/dis_tutorial3
[0.042s] -- The C compiler identification is GNU 11.4.0
[0.077s] -- The CXX compiler identification is GNU 11.4.0
[0.082s] -- Detecting C compiler ABI info
[0.123s] -- Detecting C compiler ABI info - done
[0.127s] -- Check for working C compiler: /usr/bin/cc - skipped
[0.127s] -- Detecting C compile features
[0.128s] -- Detecting C compile features - done
[0.130s] -- Detecting CXX compiler ABI info
[0.178s] -- Detecting CXX compiler ABI info - done
[0.183s] -- Check for working CXX compiler: /usr/bin/c++ - skipped
[0.183s] -- Detecting CXX compile features
[0.183s] -- Detecting CXX compile features - done
[0.184s] -- Found ament_cmake: 1.3.11 (/opt/ros/humble/share/ament_cmake/cmake)
[0.279s] -- Found Python3: /usr/bin/python3 (found version "3.10.12") found components: Interpreter 
[0.336s] -- Found rclcpp: 16.0.12 (/opt/ros/humble/share/rclcpp/cmake)
[0.362s] -- Found rosidl_generator_c: 3.1.6 (/opt/ros/humble/share/rosidl_generator_c/cmake)
[0.365s] -- Found rosidl_adapter: 3.1.6 (/opt/ros/humble/share/rosidl_adapter/cmake)
[0.370s] -- Found rosidl_generator_cpp: 3.1.6 (/opt/ros/humble/share/rosidl_generator_cpp/cmake)
[0.377s] -- Using all available rosidl_typesupport_c: rosidl_typesupport_fastrtps_c;rosidl_typesupport_introspection_c
[0.388s] -- Using all available rosidl_typesupport_cpp: rosidl_typesupport_fastrtps_cpp;rosidl_typesupport_introspection_cpp
[0.419s] -- Found rmw_implementation_cmake: 6.1.2 (/opt/ros/humble/share/rmw_implementation_cmake/cmake)
[0.421s] -- Found rmw_fastrtps_cpp: 6.2.7 (/opt/ros/humble/share/rmw_fastrtps_cpp/cmake)
[0.474s] -- Found OpenSSL: /usr/lib/x86_64-linux-gnu/libcrypto.so (found version "3.0.2")  
[0.494s] -- Found FastRTPS: /opt/ros/humble/include  
[0.521s] -- Using RMW implementation 'rmw_fastrtps_cpp' as default
[0.527s] -- Looking for pthread.h
[0.572s] -- Looking for pthread.h - found
[0.572s] -- Performing Test CMAKE_HAVE_LIBC_PTHREAD
[0.616s] -- Performing Test CMAKE_HAVE_LIBC_PTHREAD - Success
[0.617s] -- Found Threads: TRUE  
[0.650s] -- Found rclpy: 3.3.16 (/opt/ros/humble/share/rclpy/cmake)
[0.651s] -- Found std_srvs: 4.8.0 (/opt/ros/humble/share/std_srvs/cmake)
[0.698s] -- Configuring done
[0.700s] -- Generating done
[0.701s] -- Build files have been written to: /home/beta/Desktop/RINS-TASK2/build/dis_tutorial3
[0.708s] Invoked command in '/home/beta/Desktop/RINS-TASK2/build/dis_tutorial3' returned '0': CMAKE_PREFIX_PATH=/opt/ros/humble /usr/bin/cmake /home/beta/Desktop/RINS-TASK2/dis_tutorial3 -DCMAKE_INSTALL_PREFIX=/home/beta/Desktop/RINS-TASK2/install/dis_tutorial3
[0.710s] Invoking command in '/home/beta/Desktop/RINS-TASK2/build/dis_tutorial3': CMAKE_PREFIX_PATH=/opt/ros/humble /usr/bin/cmake --build /home/beta/Desktop/RINS-TASK2/build/dis_tutorial3 -- -j16 -l16
[0.734s] Invoked command in '/home/beta/Desktop/RINS-TASK2/build/dis_tutorial3' returned '0': CMAKE_PREFIX_PATH=/opt/ros/humble /usr/bin/cmake --build /home/beta/Desktop/RINS-TASK2/build/dis_tutorial3 -- -j16 -l16
[0.740s] Invoking command in '/home/beta/Desktop/RINS-TASK2/build/dis_tutorial3': CMAKE_PREFIX_PATH=/opt/ros/humble /usr/bin/cmake --install /home/beta/Desktop/RINS-TASK2/build/dis_tutorial3
[0.744s] -- Install configuration: ""
[0.744s] -- Installing: /home/beta/Desktop/RINS-TASK2/install/dis_tutorial3/share/dis_tutorial3//launch
[0.744s] -- Installing: /home/beta/Desktop/RINS-TASK2/install/dis_tutorial3/share/dis_tutorial3//launch/nav2.launch.py
[0.744s] -- Installing: /home/beta/Desktop/RINS-TASK2/install/dis_tutorial3/share/dis_tutorial3//launch/turtlebot4_spawn_nav.launch.py
[0.745s] -- Installing: /home/beta/Desktop/RINS-TASK2/install/dis_tutorial3/share/dis_tutorial3//launch/slam.launch.py
[0.745s] -- Installing: /home/beta/Desktop/RINS-TASK2/install/dis_tutorial3/share/dis_tutorial3//launch/sim_turtlebot_slam.launch.py
[0.745s] -- Installing: /home/beta/Desktop/RINS-TASK2/install/dis_tutorial3/share/dis_tutorial3//launch/localization.launch.py
[0.745s] -- Installing: /home/beta/Desktop/RINS-TASK2/install/dis_tutorial3/share/dis_tutorial3//launch/turtlebot4_spawn.launch.py
[0.745s] -- Installing: /home/beta/Desktop/RINS-TASK2/install/dis_tutorial3/share/dis_tutorial3//launch/sim_turtlebot_nav.launch.py
[0.745s] -- Installing: /home/beta/Desktop/RINS-TASK2/install/dis_tutorial3/share/dis_tutorial3//launch/ignition.launch.py
[0.745s] -- Installing: /home/beta/Desktop/RINS-TASK2/install/dis_tutorial3/share/dis_tutorial3//launch/skeletonized_path.launch.py
[0.745s] -- Installing: /home/beta/Desktop/RINS-TASK2/install/dis_tutorial3/share/dis_tutorial3//launch/create3_nodes.launch.py
[0.746s] -- Installing: /home/beta/Desktop/RINS-TASK2/install/dis_tutorial3/share/dis_tutorial3//launch/dis_sim.launch.py
[0.746s] -- Installing: /home/beta/Desktop/RINS-TASK2/install/dis_tutorial3/share/dis_tutorial3//config
[0.746s] -- Installing: /home/beta/Desktop/RINS-TASK2/install/dis_tutorial3/share/dis_tutorial3//config/laser_filter_chain.yaml
[0.746s] -- Installing: /home/beta/Desktop/RINS-TASK2/install/dis_tutorial3/share/dis_tutorial3//config/localization.yaml
[0.746s] -- Installing: /home/beta/Desktop/RINS-TASK2/install/dis_tutorial3/share/dis_tutorial3//config/slam.yaml
[0.746s] -- Installing: /home/beta/Desktop/RINS-TASK2/install/dis_tutorial3/share/dis_tutorial3//config/nav2.yaml
[0.746s] -- Installing: /home/beta/Desktop/RINS-TASK2/install/dis_tutorial3/share/dis_tutorial3//worlds
[0.746s] -- Installing: /home/beta/Desktop/RINS-TASK2/install/dis_tutorial3/share/dis_tutorial3//worlds/task1.sdf
[0.747s] -- Installing: /home/beta/Desktop/RINS-TASK2/install/dis_tutorial3/share/dis_tutorial3//worlds/bird_demo2_meshes
[0.747s] -- Installing: /home/beta/Desktop/RINS-TASK2/install/dis_tutorial3/share/dis_tutorial3//worlds/bird_demo2_meshes/blue.jpg
[0.747s] -- Installing: /home/beta/Desktop/RINS-TASK2/install/dis_tutorial3/share/dis_tutorial3//worlds/bird_demo2_meshes/horned_puffin.jpeg
[0.748s] -- Installing: /home/beta/Desktop/RINS-TASK2/install/dis_tutorial3/share/dis_tutorial3//worlds/bird_demo2_meshes/qr_finch.jpg
[0.748s] -- Installing: /home/beta/Desktop/RINS-TASK2/install/dis_tutorial3/share/dis_tutorial3//worlds/bird_demo2_meshes/objects.jpg
[0.748s] -- Installing: /home/beta/Desktop/RINS-TASK2/install/dis_tutorial3/share/dis_tutorial3//worlds/bird_demo2_meshes/map.dae
[0.750s] -- Installing: /home/beta/Desktop/RINS-TASK2/install/dis_tutorial3/share/dis_tutorial3//worlds/bird_demo2_meshes/qr_jay.jpg
[0.751s] -- Installing: /home/beta/Desktop/RINS-TASK2/install/dis_tutorial3/share/dis_tutorial3//worlds/bird_demo2_meshes/dirt2.jpg
[0.751s] -- Installing: /home/beta/Desktop/RINS-TASK2/install/dis_tutorial3/share/dis_tutorial3//worlds/bird_demo2_meshes/black.jpg
[0.752s] -- Installing: /home/beta/Desktop/RINS-TASK2/install/dis_tutorial3/share/dis_tutorial3//worlds/bird_demo2_meshes/fakering3.jpg
[0.752s] -- Installing: /home/beta/Desktop/RINS-TASK2/install/dis_tutorial3/share/dis_tutorial3//worlds/bird_demo2_meshes/grass.jpg
[0.753s] -- Installing: /home/beta/Desktop/RINS-TASK2/install/dis_tutorial3/share/dis_tutorial3//worlds/bird_demo2_meshes/map_colliders.dae
[0.753s] -- Installing: /home/beta/Desktop/RINS-TASK2/install/dis_tutorial3/share/dis_tutorial3//worlds/bird_demo2_meshes/person8.png
[0.754s] -- Installing: /home/beta/Desktop/RINS-TASK2/install/dis_tutorial3/share/dis_tutorial3//worlds/bird_demo2_meshes/qr_oriole.jpg
[0.754s] -- Installing: /home/beta/Desktop/RINS-TASK2/install/dis_tutorial3/share/dis_tutorial3//worlds/bird_demo2_meshes/baltimore_oriole.jpg
[0.755s] -- Installing: /home/beta/Desktop/RINS-TASK2/install/dis_tutorial3/share/dis_tutorial3//worlds/bird_demo2_meshes/person17.png
[0.755s] -- Installing: /home/beta/Desktop/RINS-TASK2/install/dis_tutorial3/share/dis_tutorial3//worlds/bird_demo2_meshes/person11.png
[0.756s] -- Installing: /home/beta/Desktop/RINS-TASK2/install/dis_tutorial3/share/dis_tutorial3//worlds/bird_demo2_meshes/yellow.jpg
[0.756s] -- Installing: /home/beta/Desktop/RINS-TASK2/install/dis_tutorial3/share/dis_tutorial3//worlds/bird_demo2_meshes/green.jpg
[0.756s] -- Installing: /home/beta/Desktop/RINS-TASK2/install/dis_tutorial3/share/dis_tutorial3//worlds/bird_demo2_meshes/person4.png
[0.757s] -- Installing: /home/beta/Desktop/RINS-TASK2/install/dis_tutorial3/share/dis_tutorial3//worlds/bird_demo2_meshes/blue_jay.jpg
[0.758s] -- Installing: /home/beta/Desktop/RINS-TASK2/install/dis_tutorial3/share/dis_tutorial3//worlds/bird_demo2_meshes/red.jpg
[0.758s] -- Installing: /home/beta/Desktop/RINS-TASK2/install/dis_tutorial3/share/dis_tutorial3//worlds/bird_demo2_meshes/fakering1.jpg
[0.758s] -- Installing: /home/beta/Desktop/RINS-TASK2/install/dis_tutorial3/share/dis_tutorial3//worlds/bird_demo2_meshes/purple_finch.jpg
[0.759s] -- Installing: /home/beta/Desktop/RINS-TASK2/install/dis_tutorial3/share/dis_tutorial3//worlds/bird_demo2_meshes/wood.jpg
[0.759s] -- Installing: /home/beta/Desktop/RINS-TASK2/install/dis_tutorial3/share/dis_tutorial3//worlds/bird_demo2_meshes/ground.jpg
[0.759s] -- Installing: /home/beta/Desktop/RINS-TASK2/install/dis_tutorial3/share/dis_tutorial3//worlds/bird_demo2_meshes/water.jpg
[0.759s] -- Installing: /home/beta/Desktop/RINS-TASK2/install/dis_tutorial3/share/dis_tutorial3//worlds/bird_demo2_meshes/qr_puffin.jpg
[0.760s] -- Installing: /home/beta/Desktop/RINS-TASK2/install/dis_tutorial3/share/dis_tutorial3//worlds/bird_demo2.sdf
[0.760s] -- Installing: /home/beta/Desktop/RINS-TASK2/install/dis_tutorial3/share/dis_tutorial3//worlds/demo1.sdf
[0.760s] -- Installing: /home/beta/Desktop/RINS-TASK2/install/dis_tutorial3/share/dis_tutorial3//worlds/demo3_meshes
[0.760s] -- Installing: /home/beta/Desktop/RINS-TASK2/install/dis_tutorial3/share/dis_tutorial3//worlds/demo3_meshes/blue.jpg
[0.760s] -- Installing: /home/beta/Desktop/RINS-TASK2/install/dis_tutorial3/share/dis_tutorial3//worlds/demo3_meshes/objects.jpg
[0.760s] -- Installing: /home/beta/Desktop/RINS-TASK2/install/dis_tutorial3/share/dis_tutorial3//worlds/demo3_meshes/person21.png
[0.761s] -- Installing: /home/beta/Desktop/RINS-TASK2/install/dis_tutorial3/share/dis_tutorial3//worlds/demo3_meshes/map.dae
[0.762s] -- Installing: /home/beta/Desktop/RINS-TASK2/install/dis_tutorial3/share/dis_tutorial3//worlds/demo3_meshes/parking_space.jpg
[0.762s] -- Installing: /home/beta/Desktop/RINS-TASK2/install/dis_tutorial3/share/dis_tutorial3//worlds/demo3_meshes/person24.png
[0.763s] -- Installing: /home/beta/Desktop/RINS-TASK2/install/dis_tutorial3/share/dis_tutorial3//worlds/demo3_meshes/black.jpg
[0.763s] -- Installing: /home/beta/Desktop/RINS-TASK2/install/dis_tutorial3/share/dis_tutorial3//worlds/demo3_meshes/fakering3.jpg
[0.763s] -- Installing: /home/beta/Desktop/RINS-TASK2/install/dis_tutorial3/share/dis_tutorial3//worlds/demo3_meshes/qr2.jpg
[0.764s] -- Installing: /home/beta/Desktop/RINS-TASK2/install/dis_tutorial3/share/dis_tutorial3//worlds/demo3_meshes/map_colliders.dae
[0.765s] -- Installing: /home/beta/Desktop/RINS-TASK2/install/dis_tutorial3/share/dis_tutorial3//worlds/demo3_meshes/person17.png
[0.766s] -- Installing: /home/beta/Desktop/RINS-TASK2/install/dis_tutorial3/share/dis_tutorial3//worlds/demo3_meshes/person22.png
[0.767s] -- Installing: /home/beta/Desktop/RINS-TASK2/install/dis_tutorial3/share/dis_tutorial3//worlds/demo3_meshes/yellow.jpg
[0.767s] -- Installing: /home/beta/Desktop/RINS-TASK2/install/dis_tutorial3/share/dis_tutorial3//worlds/demo3_meshes/person15.png
[0.767s] -- Installing: /home/beta/Desktop/RINS-TASK2/install/dis_tutorial3/share/dis_tutorial3//worlds/demo3_meshes/green.jpg
[0.767s] -- Installing: /home/beta/Desktop/RINS-TASK2/install/dis_tutorial3/share/dis_tutorial3//worlds/demo3_meshes/red.jpg
[0.767s] -- Installing: /home/beta/Desktop/RINS-TASK2/install/dis_tutorial3/share/dis_tutorial3//worlds/demo3_meshes/fakering2.jpg
[0.768s] -- Installing: /home/beta/Desktop/RINS-TASK2/install/dis_tutorial3/share/dis_tutorial3//worlds/demo3_meshes/fakering1.jpg
[0.768s] -- Installing: /home/beta/Desktop/RINS-TASK2/install/dis_tutorial3/share/dis_tutorial3//worlds/demo3_meshes/ground.jpg
[0.768s] -- Installing: /home/beta/Desktop/RINS-TASK2/install/dis_tutorial3/share/dis_tutorial3//worlds/demo3_meshes/qr1.jpg
[0.768s] -- Installing: /home/beta/Desktop/RINS-TASK2/install/dis_tutorial3/share/dis_tutorial3//worlds/task2.sdf
[0.769s] -- Installing: /home/beta/Desktop/RINS-TASK2/install/dis_tutorial3/share/dis_tutorial3//worlds/task1_meshes
[0.769s] -- Installing: /home/beta/Desktop/RINS-TASK2/install/dis_tutorial3/share/dis_tutorial3//worlds/task1_meshes/blue.jpg
[0.769s] -- Installing: /home/beta/Desktop/RINS-TASK2/install/dis_tutorial3/share/dis_tutorial3//worlds/task1_meshes/person3.png.001.png
[0.770s] -- Installing: /home/beta/Desktop/RINS-TASK2/install/dis_tutorial3/share/dis_tutorial3//worlds/task1_meshes/person5.png.001.png
[0.770s] -- Installing: /home/beta/Desktop/RINS-TASK2/install/dis_tutorial3/share/dis_tutorial3//worlds/task1_meshes/objects.jpg
[0.770s] -- Installing: /home/beta/Desktop/RINS-TASK2/install/dis_tutorial3/share/dis_tutorial3//worlds/task1_meshes/map.dae
[0.771s] -- Installing: /home/beta/Desktop/RINS-TASK2/install/dis_tutorial3/share/dis_tutorial3//worlds/task1_meshes/parking_space.jpg
[0.771s] -- Installing: /home/beta/Desktop/RINS-TASK2/install/dis_tutorial3/share/dis_tutorial3//worlds/task1_meshes/person2.png.001.png
[0.772s] -- Installing: /home/beta/Desktop/RINS-TASK2/install/dis_tutorial3/share/dis_tutorial3//worlds/task1_meshes/black.jpg
[0.772s] -- Installing: /home/beta/Desktop/RINS-TASK2/install/dis_tutorial3/share/dis_tutorial3//worlds/task1_meshes/fakering3.jpg
[0.772s] -- Installing: /home/beta/Desktop/RINS-TASK2/install/dis_tutorial3/share/dis_tutorial3//worlds/task1_meshes/person6.png
[0.773s] -- Installing: /home/beta/Desktop/RINS-TASK2/install/dis_tutorial3/share/dis_tutorial3//worlds/task1_meshes/qr2.jpg
[0.774s] -- Installing: /home/beta/Desktop/RINS-TASK2/install/dis_tutorial3/share/dis_tutorial3//worlds/task1_meshes/map_colliders.dae
[0.774s] -- Installing: /home/beta/Desktop/RINS-TASK2/install/dis_tutorial3/share/dis_tutorial3//worlds/task1_meshes/person8.png
[0.775s] -- Installing: /home/beta/Desktop/RINS-TASK2/install/dis_tutorial3/share/dis_tutorial3//worlds/task1_meshes/yellow.jpg
[0.775s] -- Installing: /home/beta/Desktop/RINS-TASK2/install/dis_tutorial3/share/dis_tutorial3//worlds/task1_meshes/green.jpg
[0.776s] -- Installing: /home/beta/Desktop/RINS-TASK2/install/dis_tutorial3/share/dis_tutorial3//worlds/task1_meshes/red.jpg
[0.776s] -- Installing: /home/beta/Desktop/RINS-TASK2/install/dis_tutorial3/share/dis_tutorial3//worlds/task1_meshes/person13.png
[0.776s] -- Installing: /home/beta/Desktop/RINS-TASK2/install/dis_tutorial3/share/dis_tutorial3//worlds/task1_meshes/fakering2.jpg
[0.777s] -- Installing: /home/beta/Desktop/RINS-TASK2/install/dis_tutorial3/share/dis_tutorial3//worlds/task1_meshes/fakering1.jpg
[0.777s] -- Installing: /home/beta/Desktop/RINS-TASK2/install/dis_tutorial3/share/dis_tutorial3//worlds/task1_meshes/ground.jpg
[0.777s] -- Installing: /home/beta/Desktop/RINS-TASK2/install/dis_tutorial3/share/dis_tutorial3//worlds/task1_meshes/qr1.jpg
[0.777s] -- Installing: /home/beta/Desktop/RINS-TASK2/install/dis_tutorial3/share/dis_tutorial3//worlds/bird_demo3_meshes
[0.777s] -- Installing: /home/beta/Desktop/RINS-TASK2/install/dis_tutorial3/share/dis_tutorial3//worlds/bird_demo3_meshes/blue.jpg
[0.778s] -- Installing: /home/beta/Desktop/RINS-TASK2/install/dis_tutorial3/share/dis_tutorial3//worlds/bird_demo3_meshes/qr_finch.jpg
[0.778s] -- Installing: /home/beta/Desktop/RINS-TASK2/install/dis_tutorial3/share/dis_tutorial3//worlds/bird_demo3_meshes/Laysan_Albatross.jpeg
[0.778s] -- Installing: /home/beta/Desktop/RINS-TASK2/install/dis_tutorial3/share/dis_tutorial3//worlds/bird_demo3_meshes/qr_flycatcher.jpg
[0.779s] -- Installing: /home/beta/Desktop/RINS-TASK2/install/dis_tutorial3/share/dis_tutorial3//worlds/bird_demo3_meshes/objects.jpg
[0.779s] -- Installing: /home/beta/Desktop/RINS-TASK2/install/dis_tutorial3/share/dis_tutorial3//worlds/bird_demo3_meshes/map.dae
[0.781s] -- Installing: /home/beta/Desktop/RINS-TASK2/install/dis_tutorial3/share/dis_tutorial3//worlds/bird_demo3_meshes/person18.png
[0.782s] -- Installing: /home/beta/Desktop/RINS-TASK2/install/dis_tutorial3/share/dis_tutorial3//worlds/bird_demo3_meshes/person23.png
[0.783s] -- Installing: /home/beta/Desktop/RINS-TASK2/install/dis_tutorial3/share/dis_tutorial3//worlds/bird_demo3_meshes/qr_shrike.jpg
[0.783s] -- Installing: /home/beta/Desktop/RINS-TASK2/install/dis_tutorial3/share/dis_tutorial3//worlds/bird_demo3_meshes/dirt2.jpg
[0.784s] -- Installing: /home/beta/Desktop/RINS-TASK2/install/dis_tutorial3/share/dis_tutorial3//worlds/bird_demo3_meshes/qr_albatross.jpg
[0.784s] -- Installing: /home/beta/Desktop/RINS-TASK2/install/dis_tutorial3/share/dis_tutorial3//worlds/bird_demo3_meshes/black.jpg
[0.784s] -- Installing: /home/beta/Desktop/RINS-TASK2/install/dis_tutorial3/share/dis_tutorial3//worlds/bird_demo3_meshes/fakering3.jpg
[0.784s] -- Installing: /home/beta/Desktop/RINS-TASK2/install/dis_tutorial3/share/dis_tutorial3//worlds/bird_demo3_meshes/grass.jpg
[0.785s] -- Installing: /home/beta/Desktop/RINS-TASK2/install/dis_tutorial3/share/dis_tutorial3//worlds/bird_demo3_meshes/map_colliders.dae
[0.786s] -- Installing: /home/beta/Desktop/RINS-TASK2/install/dis_tutorial3/share/dis_tutorial3//worlds/bird_demo3_meshes/european_goldfinch.jpg
[0.787s] -- Installing: /home/beta/Desktop/RINS-TASK2/install/dis_tutorial3/share/dis_tutorial3//worlds/bird_demo3_meshes/Great_Grey_Shrike.jpg
[0.787s] -- Installing: /home/beta/Desktop/RINS-TASK2/install/dis_tutorial3/share/dis_tutorial3//worlds/bird_demo3_meshes/vermilion_flycatcher.jpg
[0.788s] -- Installing: /home/beta/Desktop/RINS-TASK2/install/dis_tutorial3/share/dis_tutorial3//worlds/bird_demo3_meshes/yellow.jpg
[0.788s] -- Installing: /home/beta/Desktop/RINS-TASK2/install/dis_tutorial3/share/dis_tutorial3//worlds/bird_demo3_meshes/green.jpg
[0.788s] -- Installing: /home/beta/Desktop/RINS-TASK2/install/dis_tutorial3/share/dis_tutorial3//worlds/bird_demo3_meshes/person16.png
[0.789s] -- Installing: /home/beta/Desktop/RINS-TASK2/install/dis_tutorial3/share/dis_tutorial3//worlds/bird_demo3_meshes/red.jpg
[0.789s] -- Installing: /home/beta/Desktop/RINS-TASK2/install/dis_tutorial3/share/dis_tutorial3//worlds/bird_demo3_meshes/fakering1.jpg
[0.789s] -- Installing: /home/beta/Desktop/RINS-TASK2/install/dis_tutorial3/share/dis_tutorial3//worlds/bird_demo3_meshes/person19.png
[0.790s] -- Installing: /home/beta/Desktop/RINS-TASK2/install/dis_tutorial3/share/dis_tutorial3//worlds/bird_demo3_meshes/wood.jpg
[0.790s] -- Installing: /home/beta/Desktop/RINS-TASK2/install/dis_tutorial3/share/dis_tutorial3//worlds/bird_demo3_meshes/ground.jpg
[0.791s] -- Installing: /home/beta/Desktop/RINS-TASK2/install/dis_tutorial3/share/dis_tutorial3//worlds/bird_demo3_meshes/water.jpg
[0.791s] -- Installing: /home/beta/Desktop/RINS-TASK2/install/dis_tutorial3/share/dis_tutorial3//worlds/bird_demo1_meshes
[0.791s] -- Installing: /home/beta/Desktop/RINS-TASK2/install/dis_tutorial3/share/dis_tutorial3//worlds/bird_demo1_meshes/blue.jpg
[0.791s] -- Installing: /home/beta/Desktop/RINS-TASK2/install/dis_tutorial3/share/dis_tutorial3//worlds/bird_demo1_meshes/person5.png.001.png
[0.792s] -- Installing: /home/beta/Desktop/RINS-TASK2/install/dis_tutorial3/share/dis_tutorial3//worlds/bird_demo1_meshes/person14.png
[0.793s] -- Installing: /home/beta/Desktop/RINS-TASK2/install/dis_tutorial3/share/dis_tutorial3//worlds/bird_demo1_meshes/objects.jpg
[0.793s] -- Installing: /home/beta/Desktop/RINS-TASK2/install/dis_tutorial3/share/dis_tutorial3//worlds/bird_demo1_meshes/qr3.jpg
[0.794s] -- Installing: /home/beta/Desktop/RINS-TASK2/install/dis_tutorial3/share/dis_tutorial3//worlds/bird_demo1_meshes/qr4.jpg
[0.794s] -- Installing: /home/beta/Desktop/RINS-TASK2/install/dis_tutorial3/share/dis_tutorial3//worlds/bird_demo1_meshes/map.dae
[0.796s] -- Installing: /home/beta/Desktop/RINS-TASK2/install/dis_tutorial3/share/dis_tutorial3//worlds/bird_demo1_meshes/rusty_blackbird.jpg
[0.797s] -- Installing: /home/beta/Desktop/RINS-TASK2/install/dis_tutorial3/share/dis_tutorial3//worlds/bird_demo1_meshes/person2.png.001.png
[0.797s] -- Installing: /home/beta/Desktop/RINS-TASK2/install/dis_tutorial3/share/dis_tutorial3//worlds/bird_demo1_meshes/grass_side.jpg
[0.798s] -- Installing: /home/beta/Desktop/RINS-TASK2/install/dis_tutorial3/share/dis_tutorial3//worlds/bird_demo1_meshes/dirt2.jpg
[0.798s] -- Installing: /home/beta/Desktop/RINS-TASK2/install/dis_tutorial3/share/dis_tutorial3//worlds/bird_demo1_meshes/black.jpg
[0.799s] -- Installing: /home/beta/Desktop/RINS-TASK2/install/dis_tutorial3/share/dis_tutorial3//worlds/bird_demo1_meshes/rosy_finch.jpg
[0.799s] -- Installing: /home/beta/Desktop/RINS-TASK2/install/dis_tutorial3/share/dis_tutorial3//worlds/bird_demo1_meshes/fakering3.jpg
[0.799s] -- Installing: /home/beta/Desktop/RINS-TASK2/install/dis_tutorial3/share/dis_tutorial3//worlds/bird_demo1_meshes/qr2.jpg
[0.800s] -- Installing: /home/beta/Desktop/RINS-TASK2/install/dis_tutorial3/share/dis_tutorial3//worlds/bird_demo1_meshes/green_kingfisher.jpg
[0.800s] -- Installing: /home/beta/Desktop/RINS-TASK2/install/dis_tutorial3/share/dis_tutorial3//worlds/bird_demo1_meshes/grass.jpg
[0.801s] -- Installing: /home/beta/Desktop/RINS-TASK2/install/dis_tutorial3/share/dis_tutorial3//worlds/bird_demo1_meshes/map_colliders.dae
[0.802s] -- Installing: /home/beta/Desktop/RINS-TASK2/install/dis_tutorial3/share/dis_tutorial3//worlds/bird_demo1_meshes/person7.png
[0.803s] -- Installing: /home/beta/Desktop/RINS-TASK2/install/dis_tutorial3/share/dis_tutorial3//worlds/bird_demo1_meshes/frigatebird.jpg
[0.804s] -- Installing: /home/beta/Desktop/RINS-TASK2/install/dis_tutorial3/share/dis_tutorial3//worlds/bird_demo1_meshes/person1.png
[0.804s] -- Installing: /home/beta/Desktop/RINS-TASK2/install/dis_tutorial3/share/dis_tutorial3//worlds/bird_demo1_meshes/yellow.jpg
[0.804s] -- Installing: /home/beta/Desktop/RINS-TASK2/install/dis_tutorial3/share/dis_tutorial3//worlds/bird_demo1_meshes/green.jpg
[0.805s] -- Installing: /home/beta/Desktop/RINS-TASK2/install/dis_tutorial3/share/dis_tutorial3//worlds/bird_demo1_meshes/red.jpg
[0.805s] -- Installing: /home/beta/Desktop/RINS-TASK2/install/dis_tutorial3/share/dis_tutorial3//worlds/bird_demo1_meshes/person13.png
[0.805s] -- Installing: /home/beta/Desktop/RINS-TASK2/install/dis_tutorial3/share/dis_tutorial3//worlds/bird_demo1_meshes/fakering2.jpg
[0.806s] -- Installing: /home/beta/Desktop/RINS-TASK2/install/dis_tutorial3/share/dis_tutorial3//worlds/bird_demo1_meshes/fakering1.jpg
[0.806s] -- Installing: /home/beta/Desktop/RINS-TASK2/install/dis_tutorial3/share/dis_tutorial3//worlds/bird_demo1_meshes/wood.jpg
[0.806s] -- Installing: /home/beta/Desktop/RINS-TASK2/install/dis_tutorial3/share/dis_tutorial3//worlds/bird_demo1_meshes/ground.jpg
[0.806s] -- Installing: /home/beta/Desktop/RINS-TASK2/install/dis_tutorial3/share/dis_tutorial3//worlds/bird_demo1_meshes/water.jpg
[0.806s] -- Installing: /home/beta/Desktop/RINS-TASK2/install/dis_tutorial3/share/dis_tutorial3//worlds/bird_demo1_meshes/qr1.jpg
[0.807s] -- Installing: /home/beta/Desktop/RINS-TASK2/install/dis_tutorial3/share/dis_tutorial3//worlds/demo2.sdf
[0.807s] -- Installing: /home/beta/Desktop/RINS-TASK2/install/dis_tutorial3/share/dis_tutorial3//worlds/dis_meshes
[0.807s] -- Installing: /home/beta/Desktop/RINS-TASK2/install/dis_tutorial3/share/dis_tutorial3//worlds/dis_meshes/person3.jpg
[0.808s] -- Installing: /home/beta/Desktop/RINS-TASK2/install/dis_tutorial3/share/dis_tutorial3//worlds/dis_meshes/davinci.jpg
[0.808s] -- Installing: /home/beta/Desktop/RINS-TASK2/install/dis_tutorial3/share/dis_tutorial3//worlds/dis_meshes/cylinders.jpg
[0.808s] -- Installing: /home/beta/Desktop/RINS-TASK2/install/dis_tutorial3/share/dis_tutorial3//worlds/dis_meshes/objects.jpg
[0.809s] -- Installing: /home/beta/Desktop/RINS-TASK2/install/dis_tutorial3/share/dis_tutorial3//worlds/dis_meshes/map.dae
[0.810s] -- Installing: /home/beta/Desktop/RINS-TASK2/install/dis_tutorial3/share/dis_tutorial3//worlds/dis_meshes/parking_space.jpg
[0.810s] -- Installing: /home/beta/Desktop/RINS-TASK2/install/dis_tutorial3/share/dis_tutorial3//worlds/dis_meshes/person2.jpg
[0.810s] -- Installing: /home/beta/Desktop/RINS-TASK2/install/dis_tutorial3/share/dis_tutorial3//worlds/dis_meshes/fakering3.jpg
[0.810s] -- Installing: /home/beta/Desktop/RINS-TASK2/install/dis_tutorial3/share/dis_tutorial3//worlds/dis_meshes/qr2.jpg
[0.811s] -- Installing: /home/beta/Desktop/RINS-TASK2/install/dis_tutorial3/share/dis_tutorial3//worlds/dis_meshes/map_colliders.dae
[0.812s] -- Installing: /home/beta/Desktop/RINS-TASK2/install/dis_tutorial3/share/dis_tutorial3//worlds/dis_meshes/mona1.jpg
[0.813s] -- Installing: /home/beta/Desktop/RINS-TASK2/install/dis_tutorial3/share/dis_tutorial3//worlds/dis_meshes/person4.jpg
[0.813s] -- Installing: /home/beta/Desktop/RINS-TASK2/install/dis_tutorial3/share/dis_tutorial3//worlds/dis_meshes/person5.jpg
[0.813s] -- Installing: /home/beta/Desktop/RINS-TASK2/install/dis_tutorial3/share/dis_tutorial3//worlds/dis_meshes/person1.jpg
[0.814s] -- Installing: /home/beta/Desktop/RINS-TASK2/install/dis_tutorial3/share/dis_tutorial3//worlds/dis_meshes/fakering2.jpg
[0.814s] -- Installing: /home/beta/Desktop/RINS-TASK2/install/dis_tutorial3/share/dis_tutorial3//worlds/dis_meshes/fakering1.jpg
[0.814s] -- Installing: /home/beta/Desktop/RINS-TASK2/install/dis_tutorial3/share/dis_tutorial3//worlds/dis_meshes/wood.jpg
[0.814s] -- Installing: /home/beta/Desktop/RINS-TASK2/install/dis_tutorial3/share/dis_tutorial3//worlds/dis_meshes/ground.jpg
[0.815s] -- Installing: /home/beta/Desktop/RINS-TASK2/install/dis_tutorial3/share/dis_tutorial3//worlds/dis_meshes/qr1.jpg
[0.815s] -- Installing: /home/beta/Desktop/RINS-TASK2/install/dis_tutorial3/share/dis_tutorial3//worlds/demo3.sdf
[0.815s] -- Installing: /home/beta/Desktop/RINS-TASK2/install/dis_tutorial3/share/dis_tutorial3//worlds/dis.sdf
[0.815s] -- Installing: /home/beta/Desktop/RINS-TASK2/install/dis_tutorial3/share/dis_tutorial3//worlds/demo2_meshes
[0.815s] -- Installing: /home/beta/Desktop/RINS-TASK2/install/dis_tutorial3/share/dis_tutorial3//worlds/demo2_meshes/cylinders.jpg
[0.816s] -- Installing: /home/beta/Desktop/RINS-TASK2/install/dis_tutorial3/share/dis_tutorial3//worlds/demo2_meshes/objects.jpg
[0.816s] -- Installing: /home/beta/Desktop/RINS-TASK2/install/dis_tutorial3/share/dis_tutorial3//worlds/demo2_meshes/map.dae
[0.817s] -- Installing: /home/beta/Desktop/RINS-TASK2/install/dis_tutorial3/share/dis_tutorial3//worlds/demo2_meshes/parking_space.jpg
[0.817s] -- Installing: /home/beta/Desktop/RINS-TASK2/install/dis_tutorial3/share/dis_tutorial3//worlds/demo2_meshes/person18.png
[0.818s] -- Installing: /home/beta/Desktop/RINS-TASK2/install/dis_tutorial3/share/dis_tutorial3//worlds/demo2_meshes/person20.png
[0.819s] -- Installing: /home/beta/Desktop/RINS-TASK2/install/dis_tutorial3/share/dis_tutorial3//worlds/demo2_meshes/person9.png
[0.819s] -- Installing: /home/beta/Desktop/RINS-TASK2/install/dis_tutorial3/share/dis_tutorial3//worlds/demo2_meshes/fakering3.jpg
[0.820s] -- Installing: /home/beta/Desktop/RINS-TASK2/install/dis_tutorial3/share/dis_tutorial3//worlds/demo2_meshes/person6.png
[0.821s] -- Installing: /home/beta/Desktop/RINS-TASK2/install/dis_tutorial3/share/dis_tutorial3//worlds/demo2_meshes/qr2.jpg
[0.821s] -- Installing: /home/beta/Desktop/RINS-TASK2/install/dis_tutorial3/share/dis_tutorial3//worlds/demo2_meshes/map_colliders.dae
[0.822s] -- Installing: /home/beta/Desktop/RINS-TASK2/install/dis_tutorial3/share/dis_tutorial3//worlds/demo2_meshes/person8.png
[0.823s] -- Installing: /home/beta/Desktop/RINS-TASK2/install/dis_tutorial3/share/dis_tutorial3//worlds/demo2_meshes/person7.png
[0.824s] -- Installing: /home/beta/Desktop/RINS-TASK2/install/dis_tutorial3/share/dis_tutorial3//worlds/demo2_meshes/fakering2.jpg
[0.824s] -- Installing: /home/beta/Desktop/RINS-TASK2/install/dis_tutorial3/share/dis_tutorial3//worlds/demo2_meshes/fakering1.jpg
[0.825s] -- Installing: /home/beta/Desktop/RINS-TASK2/install/dis_tutorial3/share/dis_tutorial3//worlds/demo2_meshes/ground.jpg
[0.825s] -- Installing: /home/beta/Desktop/RINS-TASK2/install/dis_tutorial3/share/dis_tutorial3//worlds/demo2_meshes/qr1.jpg
[0.825s] -- Installing: /home/beta/Desktop/RINS-TASK2/install/dis_tutorial3/share/dis_tutorial3//worlds/bird_demo3.sdf
[0.825s] -- Installing: /home/beta/Desktop/RINS-TASK2/install/dis_tutorial3/share/dis_tutorial3//worlds/empty.sdf
[0.826s] -- Installing: /home/beta/Desktop/RINS-TASK2/install/dis_tutorial3/share/dis_tutorial3//worlds/demo1_meshes
[0.826s] -- Installing: /home/beta/Desktop/RINS-TASK2/install/dis_tutorial3/share/dis_tutorial3//worlds/demo1_meshes/person3.png
[0.826s] -- Installing: /home/beta/Desktop/RINS-TASK2/install/dis_tutorial3/share/dis_tutorial3//worlds/demo1_meshes/cylinders.jpg
[0.827s] -- Installing: /home/beta/Desktop/RINS-TASK2/install/dis_tutorial3/share/dis_tutorial3//worlds/demo1_meshes/objects.jpg
[0.827s] -- Installing: /home/beta/Desktop/RINS-TASK2/install/dis_tutorial3/share/dis_tutorial3//worlds/demo1_meshes/person5.png
[0.828s] -- Installing: /home/beta/Desktop/RINS-TASK2/install/dis_tutorial3/share/dis_tutorial3//worlds/demo1_meshes/map.dae
[0.829s] -- Installing: /home/beta/Desktop/RINS-TASK2/install/dis_tutorial3/share/dis_tutorial3//worlds/demo1_meshes/parking_space.jpg
[0.830s] -- Installing: /home/beta/Desktop/RINS-TASK2/install/dis_tutorial3/share/dis_tutorial3//worlds/demo1_meshes/fakering3.jpg
[0.830s] -- Installing: /home/beta/Desktop/RINS-TASK2/install/dis_tutorial3/share/dis_tutorial3//worlds/demo1_meshes/qr2.jpg
[0.830s] -- Installing: /home/beta/Desktop/RINS-TASK2/install/dis_tutorial3/share/dis_tutorial3//worlds/demo1_meshes/map_colliders.dae
[0.831s] -- Installing: /home/beta/Desktop/RINS-TASK2/install/dis_tutorial3/share/dis_tutorial3//worlds/demo1_meshes/person11.png
[0.831s] -- Installing: /home/beta/Desktop/RINS-TASK2/install/dis_tutorial3/share/dis_tutorial3//worlds/demo1_meshes/person1.png
[0.832s] -- Installing: /home/beta/Desktop/RINS-TASK2/install/dis_tutorial3/share/dis_tutorial3//worlds/demo1_meshes/person2.png
[0.833s] -- Installing: /home/beta/Desktop/RINS-TASK2/install/dis_tutorial3/share/dis_tutorial3//worlds/demo1_meshes/person4.png
[0.834s] -- Installing: /home/beta/Desktop/RINS-TASK2/install/dis_tutorial3/share/dis_tutorial3//worlds/demo1_meshes/fakering2.jpg
[0.834s] -- Installing: /home/beta/Desktop/RINS-TASK2/install/dis_tutorial3/share/dis_tutorial3//worlds/demo1_meshes/fakering1.jpg
[0.835s] -- Installing: /home/beta/Desktop/RINS-TASK2/install/dis_tutorial3/share/dis_tutorial3//worlds/demo1_meshes/ground.jpg
[0.835s] -- Installing: /home/beta/Desktop/RINS-TASK2/install/dis_tutorial3/share/dis_tutorial3//worlds/demo1_meshes/qr1.jpg
[0.836s] -- Installing: /home/beta/Desktop/RINS-TASK2/install/dis_tutorial3/share/dis_tutorial3//worlds/demo4_meshes
[0.836s] -- Installing: /home/beta/Desktop/RINS-TASK2/install/dis_tutorial3/share/dis_tutorial3//worlds/demo4_meshes/blue.jpg
[0.836s] -- Installing: /home/beta/Desktop/RINS-TASK2/install/dis_tutorial3/share/dis_tutorial3//worlds/demo4_meshes/person3.png.001.png
[0.837s] -- Installing: /home/beta/Desktop/RINS-TASK2/install/dis_tutorial3/share/dis_tutorial3//worlds/demo4_meshes/person5.png.001.png
[0.837s] -- Installing: /home/beta/Desktop/RINS-TASK2/install/dis_tutorial3/share/dis_tutorial3//worlds/demo4_meshes/objects.jpg
[0.838s] -- Installing: /home/beta/Desktop/RINS-TASK2/install/dis_tutorial3/share/dis_tutorial3//worlds/demo4_meshes/map.dae
[0.839s] -- Installing: /home/beta/Desktop/RINS-TASK2/install/dis_tutorial3/share/dis_tutorial3//worlds/demo4_meshes/parking_space.jpg
[0.839s] -- Installing: /home/beta/Desktop/RINS-TASK2/install/dis_tutorial3/share/dis_tutorial3//worlds/demo4_meshes/person2.png.001.png
[0.839s] -- Installing: /home/beta/Desktop/RINS-TASK2/install/dis_tutorial3/share/dis_tutorial3//worlds/demo4_meshes/black.jpg
[0.839s] -- Installing: /home/beta/Desktop/RINS-TASK2/install/dis_tutorial3/share/dis_tutorial3//worlds/demo4_meshes/fakering3.jpg
[0.840s] -- Installing: /home/beta/Desktop/RINS-TASK2/install/dis_tutorial3/share/dis_tutorial3//worlds/demo4_meshes/person6.png
[0.840s] -- Installing: /home/beta/Desktop/RINS-TASK2/install/dis_tutorial3/share/dis_tutorial3//worlds/demo4_meshes/qr2.jpg
[0.841s] -- Installing: /home/beta/Desktop/RINS-TASK2/install/dis_tutorial3/share/dis_tutorial3//worlds/demo4_meshes/map_colliders.dae
[0.842s] -- Installing: /home/beta/Desktop/RINS-TASK2/install/dis_tutorial3/share/dis_tutorial3//worlds/demo4_meshes/yellow.jpg
[0.842s] -- Installing: /home/beta/Desktop/RINS-TASK2/install/dis_tutorial3/share/dis_tutorial3//worlds/demo4_meshes/green.jpg
[0.842s] -- Installing: /home/beta/Desktop/RINS-TASK2/install/dis_tutorial3/share/dis_tutorial3//worlds/demo4_meshes/red.jpg
[0.842s] -- Installing: /home/beta/Desktop/RINS-TASK2/install/dis_tutorial3/share/dis_tutorial3//worlds/demo4_meshes/person13.png
[0.843s] -- Installing: /home/beta/Desktop/RINS-TASK2/install/dis_tutorial3/share/dis_tutorial3//worlds/demo4_meshes/fakering2.jpg
[0.843s] -- Installing: /home/beta/Desktop/RINS-TASK2/install/dis_tutorial3/share/dis_tutorial3//worlds/demo4_meshes/fakering1.jpg
[0.843s] -- Installing: /home/beta/Desktop/RINS-TASK2/install/dis_tutorial3/share/dis_tutorial3//worlds/demo4_meshes/ground.jpg
[0.844s] -- Installing: /home/beta/Desktop/RINS-TASK2/install/dis_tutorial3/share/dis_tutorial3//worlds/demo4_meshes/person4.png.001.png
[0.844s] -- Installing: /home/beta/Desktop/RINS-TASK2/install/dis_tutorial3/share/dis_tutorial3//worlds/demo4_meshes/qr1.jpg
[0.845s] -- Installing: /home/beta/Desktop/RINS-TASK2/install/dis_tutorial3/share/dis_tutorial3//worlds/demo4.sdf
[0.845s] -- Installing: /home/beta/Desktop/RINS-TASK2/install/dis_tutorial3/share/dis_tutorial3//worlds/bird_demo1.sdf
[0.845s] -- Installing: /home/beta/Desktop/RINS-TASK2/install/dis_tutorial3/share/dis_tutorial3//worlds/task2_meshes
[0.845s] -- Installing: /home/beta/Desktop/RINS-TASK2/install/dis_tutorial3/share/dis_tutorial3//worlds/task2_meshes/blue.jpg
[0.845s] -- Installing: /home/beta/Desktop/RINS-TASK2/install/dis_tutorial3/share/dis_tutorial3//worlds/task2_meshes/objects.jpg
[0.846s] -- Installing: /home/beta/Desktop/RINS-TASK2/install/dis_tutorial3/share/dis_tutorial3//worlds/task2_meshes/person30.jpg
[0.846s] -- Installing: /home/beta/Desktop/RINS-TASK2/install/dis_tutorial3/share/dis_tutorial3//worlds/task2_meshes/qr_crow.jpg
[0.846s] -- Installing: /home/beta/Desktop/RINS-TASK2/install/dis_tutorial3/share/dis_tutorial3//worlds/task2_meshes/map.dae
[0.848s] -- Installing: /home/beta/Desktop/RINS-TASK2/install/dis_tutorial3/share/dis_tutorial3//worlds/task2_meshes/person31.jpg
[0.849s] -- Installing: /home/beta/Desktop/RINS-TASK2/install/dis_tutorial3/share/dis_tutorial3//worlds/task2_meshes/person29.jpg
[0.849s] -- Installing: /home/beta/Desktop/RINS-TASK2/install/dis_tutorial3/share/dis_tutorial3//worlds/task2_meshes/dirt2.jpg
[0.850s] -- Installing: /home/beta/Desktop/RINS-TASK2/install/dis_tutorial3/share/dis_tutorial3//worlds/task2_meshes/yellow_headed_blackbird.jpg
[0.851s] -- Installing: /home/beta/Desktop/RINS-TASK2/install/dis_tutorial3/share/dis_tutorial3//worlds/task2_meshes/black.jpg
[0.851s] -- Installing: /home/beta/Desktop/RINS-TASK2/install/dis_tutorial3/share/dis_tutorial3//worlds/task2_meshes/fakering3.jpg
[0.851s] -- Installing: /home/beta/Desktop/RINS-TASK2/install/dis_tutorial3/share/dis_tutorial3//worlds/task2_meshes/qr_tern.jpg
[0.852s] -- Installing: /home/beta/Desktop/RINS-TASK2/install/dis_tutorial3/share/dis_tutorial3//worlds/task2_meshes/grass.jpg
[0.852s] -- Installing: /home/beta/Desktop/RINS-TASK2/install/dis_tutorial3/share/dis_tutorial3//worlds/task2_meshes/map_colliders.dae
[0.854s] -- Installing: /home/beta/Desktop/RINS-TASK2/install/dis_tutorial3/share/dis_tutorial3//worlds/task2_meshes/qr_kingfisher.jpg
[0.854s] -- Installing: /home/beta/Desktop/RINS-TASK2/install/dis_tutorial3/share/dis_tutorial3//worlds/task2_meshes/person36.jpg
[0.855s] -- Installing: /home/beta/Desktop/RINS-TASK2/install/dis_tutorial3/share/dis_tutorial3//worlds/task2_meshes/yellow.jpg
[0.855s] -- Installing: /home/beta/Desktop/RINS-TASK2/install/dis_tutorial3/share/dis_tutorial3//worlds/task2_meshes/green.jpg
[0.855s] -- Installing: /home/beta/Desktop/RINS-TASK2/install/dis_tutorial3/share/dis_tutorial3//worlds/task2_meshes/american_crow.jpg
[0.856s] -- Installing: /home/beta/Desktop/RINS-TASK2/install/dis_tutorial3/share/dis_tutorial3//worlds/task2_meshes/red.jpg
[0.856s] -- Installing: /home/beta/Desktop/RINS-TASK2/install/dis_tutorial3/share/dis_tutorial3//worlds/task2_meshes/fakering1.jpg
[0.857s] -- Installing: /home/beta/Desktop/RINS-TASK2/install/dis_tutorial3/share/dis_tutorial3//worlds/task2_meshes/wood.jpg
[0.857s] -- Installing: /home/beta/Desktop/RINS-TASK2/install/dis_tutorial3/share/dis_tutorial3//worlds/task2_meshes/ground.jpg
[0.857s] -- Installing: /home/beta/Desktop/RINS-TASK2/install/dis_tutorial3/share/dis_tutorial3//worlds/task2_meshes/common_tern.jpg
[0.858s] -- Installing: /home/beta/Desktop/RINS-TASK2/install/dis_tutorial3/share/dis_tutorial3//worlds/task2_meshes/water.jpg
[0.858s] -- Installing: /home/beta/Desktop/RINS-TASK2/install/dis_tutorial3/share/dis_tutorial3//worlds/task2_meshes/qr_blackbird.jpg
[0.858s] -- Installing: /home/beta/Desktop/RINS-TASK2/install/dis_tutorial3/share/dis_tutorial3//worlds/task2_meshes/pied_kingfisher.jpg
[0.859s] -- Installing: /home/beta/Desktop/RINS-TASK2/install/dis_tutorial3/share/dis_tutorial3//worlds/2024
[0.859s] -- Installing: /home/beta/Desktop/RINS-TASK2/install/dis_tutorial3/share/dis_tutorial3//worlds/2024/task2_demo1_meshes
[0.859s] -- Installing: /home/beta/Desktop/RINS-TASK2/install/dis_tutorial3/share/dis_tutorial3//worlds/2024/task2_demo1_meshes/cylinders.jpg
[0.859s] -- Installing: /home/beta/Desktop/RINS-TASK2/install/dis_tutorial3/share/dis_tutorial3//worlds/2024/task2_demo1_meshes/objects.jpg
[0.859s] -- Installing: /home/beta/Desktop/RINS-TASK2/install/dis_tutorial3/share/dis_tutorial3//worlds/2024/task2_demo1_meshes/map.dae
[0.860s] -- Installing: /home/beta/Desktop/RINS-TASK2/install/dis_tutorial3/share/dis_tutorial3//worlds/2024/task2_demo1_meshes/parking_space.jpg
[0.860s] -- Installing: /home/beta/Desktop/RINS-TASK2/install/dis_tutorial3/share/dis_tutorial3//worlds/2024/task2_demo1_meshes/fakering3.jpg
[0.861s] -- Installing: /home/beta/Desktop/RINS-TASK2/install/dis_tutorial3/share/dis_tutorial3//worlds/2024/task2_demo1_meshes/map_colliders.dae
[0.863s] -- Installing: /home/beta/Desktop/RINS-TASK2/install/dis_tutorial3/share/dis_tutorial3//worlds/2024/task2_demo1_meshes/fakering2.jpg
[0.864s] -- Installing: /home/beta/Desktop/RINS-TASK2/install/dis_tutorial3/share/dis_tutorial3//worlds/2024/task2_demo1_meshes/fakering1.jpg
[0.865s] -- Installing: /home/beta/Desktop/RINS-TASK2/install/dis_tutorial3/share/dis_tutorial3//worlds/2024/task2_demo1_meshes/ground.jpg
[0.865s] -- Installing: /home/beta/Desktop/RINS-TASK2/install/dis_tutorial3/share/dis_tutorial3//worlds/2024/task2_demo2.sdf
[0.866s] -- Installing: /home/beta/Desktop/RINS-TASK2/install/dis_tutorial3/share/dis_tutorial3//worlds/2024/task2_demo1.sdf
[0.866s] -- Installing: /home/beta/Desktop/RINS-TASK2/install/dis_tutorial3/share/dis_tutorial3//worlds/2024/task3.sdf
[0.866s] -- Installing: /home/beta/Desktop/RINS-TASK2/install/dis_tutorial3/share/dis_tutorial3//worlds/2024/task3_meshes
[0.866s] -- Installing: /home/beta/Desktop/RINS-TASK2/install/dis_tutorial3/share/dis_tutorial3//worlds/2024/task3_meshes/easy_anomona_1.png
[0.868s] -- Installing: /home/beta/Desktop/RINS-TASK2/install/dis_tutorial3/share/dis_tutorial3//worlds/2024/task3_meshes/anomona_0.png
[0.869s] -- Installing: /home/beta/Desktop/RINS-TASK2/install/dis_tutorial3/share/dis_tutorial3//worlds/2024/task3_meshes/easy_anomona_3.png
[0.871s] -- Installing: /home/beta/Desktop/RINS-TASK2/install/dis_tutorial3/share/dis_tutorial3//worlds/2024/task3_meshes/cylinders.jpg
[0.871s] -- Installing: /home/beta/Desktop/RINS-TASK2/install/dis_tutorial3/share/dis_tutorial3//worlds/2024/task3_meshes/objects.jpg
[0.872s] -- Installing: /home/beta/Desktop/RINS-TASK2/install/dis_tutorial3/share/dis_tutorial3//worlds/2024/task3_meshes/easy_anomona_0.png
[0.873s] -- Installing: /home/beta/Desktop/RINS-TASK2/install/dis_tutorial3/share/dis_tutorial3//worlds/2024/task3_meshes/map.dae
[0.875s] -- Installing: /home/beta/Desktop/RINS-TASK2/install/dis_tutorial3/share/dis_tutorial3//worlds/2024/task3_meshes/parking_space.jpg
[0.875s] -- Installing: /home/beta/Desktop/RINS-TASK2/install/dis_tutorial3/share/dis_tutorial3//worlds/2024/task3_meshes/qr_cheat.png
[0.876s] -- Installing: /home/beta/Desktop/RINS-TASK2/install/dis_tutorial3/share/dis_tutorial3//worlds/2024/task3_meshes/villager3.png
[0.877s] -- Installing: /home/beta/Desktop/RINS-TASK2/install/dis_tutorial3/share/dis_tutorial3//worlds/2024/task3_meshes/qr_wrong.png
[0.878s] -- Installing: /home/beta/Desktop/RINS-TASK2/install/dis_tutorial3/share/dis_tutorial3//worlds/2024/task3_meshes/anomona_3.png
[0.880s] -- Installing: /home/beta/Desktop/RINS-TASK2/install/dis_tutorial3/share/dis_tutorial3//worlds/2024/task3_meshes/villager1.png
[0.881s] -- Installing: /home/beta/Desktop/RINS-TASK2/install/dis_tutorial3/share/dis_tutorial3//worlds/2024/task3_meshes/fakering3.jpg
[0.881s] -- Installing: /home/beta/Desktop/RINS-TASK2/install/dis_tutorial3/share/dis_tutorial3//worlds/2024/task3_meshes/anomona_2.png
[0.883s] -- Installing: /home/beta/Desktop/RINS-TASK2/install/dis_tutorial3/share/dis_tutorial3//worlds/2024/task3_meshes/map_colliders.dae
[0.884s] -- Installing: /home/beta/Desktop/RINS-TASK2/install/dis_tutorial3/share/dis_tutorial3//worlds/2024/task3_meshes/anomona_1.png
[0.885s] -- Installing: /home/beta/Desktop/RINS-TASK2/install/dis_tutorial3/share/dis_tutorial3//worlds/2024/task3_meshes/qr_url.png
[0.886s] -- Installing: /home/beta/Desktop/RINS-TASK2/install/dis_tutorial3/share/dis_tutorial3//worlds/2024/task3_meshes/mona.png
[0.887s] -- Installing: /home/beta/Desktop/RINS-TASK2/install/dis_tutorial3/share/dis_tutorial3//worlds/2024/task3_meshes/easy_anomona_4.png
[0.888s] -- Installing: /home/beta/Desktop/RINS-TASK2/install/dis_tutorial3/share/dis_tutorial3//worlds/2024/task3_meshes/villager4.png
[0.890s] -- Installing: /home/beta/Desktop/RINS-TASK2/install/dis_tutorial3/share/dis_tutorial3//worlds/2024/task3_meshes/villager2.png
[0.891s] -- Installing: /home/beta/Desktop/RINS-TASK2/install/dis_tutorial3/share/dis_tutorial3//worlds/2024/task3_meshes/easy_anomona_2.png
[0.893s] -- Installing: /home/beta/Desktop/RINS-TASK2/install/dis_tutorial3/share/dis_tutorial3//worlds/2024/task3_meshes/fakering2.jpg
[0.893s] -- Installing: /home/beta/Desktop/RINS-TASK2/install/dis_tutorial3/share/dis_tutorial3//worlds/2024/task3_meshes/villager5.png
[0.894s] -- Installing: /home/beta/Desktop/RINS-TASK2/install/dis_tutorial3/share/dis_tutorial3//worlds/2024/task3_meshes/fakering1.jpg
[0.895s] -- Installing: /home/beta/Desktop/RINS-TASK2/install/dis_tutorial3/share/dis_tutorial3//worlds/2024/task3_meshes/ground.jpg
[0.896s] -- Installing: /home/beta/Desktop/RINS-TASK2/install/dis_tutorial3/share/dis_tutorial3//worlds/2024/task3_meshes/anomona_4.png
[0.897s] -- Installing: /home/beta/Desktop/RINS-TASK2/install/dis_tutorial3/share/dis_tutorial3//worlds/2024/task2_demo2_meshes
[0.897s] -- Installing: /home/beta/Desktop/RINS-TASK2/install/dis_tutorial3/share/dis_tutorial3//worlds/2024/task2_demo2_meshes/cylinders.jpg
[0.897s] -- Installing: /home/beta/Desktop/RINS-TASK2/install/dis_tutorial3/share/dis_tutorial3//worlds/2024/task2_demo2_meshes/objects.jpg
[0.898s] -- Installing: /home/beta/Desktop/RINS-TASK2/install/dis_tutorial3/share/dis_tutorial3//worlds/2024/task2_demo2_meshes/map.dae
[0.899s] -- Installing: /home/beta/Desktop/RINS-TASK2/install/dis_tutorial3/share/dis_tutorial3//worlds/2024/task2_demo2_meshes/parking_space.jpg
[0.900s] -- Installing: /home/beta/Desktop/RINS-TASK2/install/dis_tutorial3/share/dis_tutorial3//worlds/2024/task2_demo2_meshes/fakering3.jpg
[0.900s] -- Installing: /home/beta/Desktop/RINS-TASK2/install/dis_tutorial3/share/dis_tutorial3//worlds/2024/task2_demo2_meshes/map_colliders.dae
[0.902s] -- Installing: /home/beta/Desktop/RINS-TASK2/install/dis_tutorial3/share/dis_tutorial3//worlds/2024/task2_demo2_meshes/fakering2.jpg
[0.902s] -- Installing: /home/beta/Desktop/RINS-TASK2/install/dis_tutorial3/share/dis_tutorial3//worlds/2024/task2_demo2_meshes/fakering1.jpg
[0.903s] -- Installing: /home/beta/Desktop/RINS-TASK2/install/dis_tutorial3/share/dis_tutorial3//worlds/2024/task2_demo2_meshes/ground.jpg
[0.904s] -- Installing: /home/beta/Desktop/RINS-TASK2/install/dis_tutorial3/share/dis_tutorial3//maps
[0.904s] -- Installing: /home/beta/Desktop/RINS-TASK2/install/dis_tutorial3/share/dis_tutorial3//maps/mapPoskus1.pgm
[0.905s] -- Installing: /home/beta/Desktop/RINS-TASK2/install/dis_tutorial3/share/dis_tutorial3//maps/map(4).pgm
[0.906s] -- Installing: /home/beta/Desktop/RINS-TASK2/install/dis_tutorial3/share/dis_tutorial3//maps/map.yaml
[0.906s] -- Installing: /home/beta/Desktop/RINS-TASK2/install/dis_tutorial3/share/dis_tutorial3//maps/mapOld.pgm
[0.907s] -- Installing: /home/beta/Desktop/RINS-TASK2/install/dis_tutorial3/share/dis_tutorial3//maps/map_skeleton_proba.pgm
[0.908s] -- Installing: /home/beta/Desktop/RINS-TASK2/install/dis_tutorial3/share/dis_tutorial3//maps/map_path_points.png
[0.908s] -- Installing: /home/beta/Desktop/RINS-TASK2/install/dis_tutorial3/share/dis_tutorial3//maps/mapPoskus1.yaml
[0.908s] -- Installing: /home/beta/Desktop/RINS-TASK2/install/dis_tutorial3/share/dis_tutorial3//maps/map_high_contrast.png
[0.909s] -- Installing: /home/beta/Desktop/RINS-TASK2/install/dis_tutorial3/share/dis_tutorial3//maps/map2.pgm
[0.910s] -- Installing: /home/beta/Desktop/RINS-TASK2/install/dis_tutorial3/share/dis_tutorial3//maps/map_cleaned.pgm
[0.911s] -- Installing: /home/beta/Desktop/RINS-TASK2/install/dis_tutorial3/share/dis_tutorial3//maps/mapNew.yaml
[0.911s] -- Installing: /home/beta/Desktop/RINS-TASK2/install/dis_tutorial3/share/dis_tutorial3//maps/map_path_order.png
[0.911s] -- Installing: /home/beta/Desktop/RINS-TASK2/install/dis_tutorial3/share/dis_tutorial3//maps/map.pgm
[0.912s] -- Installing: /home/beta/Desktop/RINS-TASK2/install/dis_tutorial3/share/dis_tutorial3//maps/Old.pgm
[0.913s] -- Installing: /home/beta/Desktop/RINS-TASK2/install/dis_tutorial3/share/dis_tutorial3//maps/map_path_points.pgm
[0.914s] -- Installing: /home/beta/Desktop/RINS-TASK2/install/dis_tutorial3/share/dis_tutorial3//maps/mapOld.yaml
[0.914s] -- Installing: /home/beta/Desktop/RINS-TASK2/install/dis_tutorial3/lib/dis_tutorial3/detect_people.py
[0.915s] -- Installing: /home/beta/Desktop/RINS-TASK2/install/dis_tutorial3/lib/dis_tutorial3/robot_commander.py
[0.915s] -- Installing: /home/beta/Desktop/RINS-TASK2/install/dis_tutorial3/share/ament_index/resource_index/package_run_dependencies/dis_tutorial3
[0.915s] -- Installing: /home/beta/Desktop/RINS-TASK2/install/dis_tutorial3/share/ament_index/resource_index/parent_prefix_path/dis_tutorial3
[0.916s] -- Installing: /home/beta/Desktop/RINS-TASK2/install/dis_tutorial3/share/dis_tutorial3/environment/ament_prefix_path.sh
[0.916s] -- Installing: /home/beta/Desktop/RINS-TASK2/install/dis_tutorial3/share/dis_tutorial3/environment/ament_prefix_path.dsv
[0.916s] -- Installing: /home/beta/Desktop/RINS-TASK2/install/dis_tutorial3/share/dis_tutorial3/environment/path.sh
[0.916s] -- Installing: /home/beta/Desktop/RINS-TASK2/install/dis_tutorial3/share/dis_tutorial3/environment/path.dsv
[0.916s] -- Installing: /home/beta/Desktop/RINS-TASK2/install/dis_tutorial3/share/dis_tutorial3/local_setup.bash
[0.916s] -- Installing: /home/beta/Desktop/RINS-TASK2/install/dis_tutorial3/share/dis_tutorial3/local_setup.sh
[0.916s] -- Installing: /home/beta/Desktop/RINS-TASK2/install/dis_tutorial3/share/dis_tutorial3/local_setup.zsh
[0.916s] -- Installing: /home/beta/Desktop/RINS-TASK2/install/dis_tutorial3/share/dis_tutorial3/local_setup.dsv
[0.916s] -- Installing: /home/beta/Desktop/RINS-TASK2/install/dis_tutorial3/share/dis_tutorial3/package.dsv
[0.916s] -- Installing: /home/beta/Desktop/RINS-TASK2/install/dis_tutorial3/share/ament_index/resource_index/packages/dis_tutorial3
[0.916s] -- Installing: /home/beta/Desktop/RINS-TASK2/install/dis_tutorial3/share/dis_tutorial3/cmake/dis_tutorial3Config.cmake
[0.916s] -- Installing: /home/beta/Desktop/RINS-TASK2/install/dis_tutorial3/share/dis_tutorial3/cmake/dis_tutorial3Config-version.cmake
[0.916s] -- Installing: /home/beta/Desktop/RINS-TASK2/install/dis_tutorial3/share/dis_tutorial3/package.xml
[0.918s] Invoked command in '/home/beta/Desktop/RINS-TASK2/build/dis_tutorial3' returned '0': CMAKE_PREFIX_PATH=/opt/ros/humble /usr/bin/cmake --install /home/beta/Desktop/RINS-TASK2/build/dis_tutorial3
