[0.021s] Invoking command in '/home/dimitar/Desktop/RINS-TASK2/build/dis_tutorial3': CMAKE_PREFIX_PATH=${CMAKE_PREFIX_PATH}:/opt/ros/humble /usr/bin/cmake /home/dimitar/Desktop/RINS-TASK2/dis_tutorial3 -DCMAKE_INSTALL_PREFIX=/home/dimitar/Desktop/RINS-TASK2/install/dis_tutorial3
[0.143s] -- The C compiler identification is GNU 11.4.0
[0.248s] -- The CXX compiler identification is GNU 11.4.0
[0.266s] -- Detecting C compiler ABI info
[0.362s] -- Detecting C compiler ABI info - done
[0.370s] -- Check for working C compiler: /usr/bin/cc - skipped
[0.371s] -- Detecting C compile features
[0.371s] -- Detecting C compile features - done
[0.376s] -- Detecting CXX compiler ABI info
[0.472s] -- Detecting CXX compiler ABI info - done
[0.484s] -- Check for working CXX compiler: /usr/bin/c++ - skipped
[0.484s] -- Detecting CXX compile features
[0.485s] -- Detecting CXX compile features - done
[0.492s] -- Found ament_cmake: 1.3.11 (/opt/ros/humble/share/ament_cmake/cmake)
[0.690s] -- Found Python3: /usr/bin/python3 (found version "3.10.12") found components: Interpreter 
[0.837s] -- Found rclcpp: 16.0.11 (/opt/ros/humble/share/rclcpp/cmake)
[0.908s] -- Found rosidl_generator_c: 3.1.6 (/opt/ros/humble/share/rosidl_generator_c/cmake)
[0.916s] -- Found rosidl_adapter: 3.1.6 (/opt/ros/humble/share/rosidl_adapter/cmake)
[0.932s] -- Found rosidl_generator_cpp: 3.1.6 (/opt/ros/humble/share/rosidl_generator_cpp/cmake)
[0.956s] -- Using all available rosidl_typesupport_c: rosidl_typesupport_fastrtps_c;rosidl_typesupport_introspection_c
[0.988s] -- Using all available rosidl_typesupport_cpp: rosidl_typesupport_fastrtps_cpp;rosidl_typesupport_introspection_cpp
[1.061s] -- Found rmw_implementation_cmake: 6.1.2 (/opt/ros/humble/share/rmw_implementation_cmake/cmake)
[1.066s] -- Found rmw_cyclonedds_cpp: 1.3.4 (/opt/ros/humble/share/rmw_cyclonedds_cpp/cmake)
[1.104s] -- Using RMW implementation 'rmw_cyclonedds_cpp' as default
[1.121s] -- Looking for pthread.h
[1.211s] -- Looking for pthread.h - found
[1.212s] -- Performing Test CMAKE_HAVE_LIBC_PTHREAD
[1.299s] -- Performing Test CMAKE_HAVE_LIBC_PTHREAD - Success
[1.300s] -- Found Threads: TRUE  
[1.393s] -- Found rclpy: 3.3.15 (/opt/ros/humble/share/rclpy/cmake)
[1.396s] -- Found std_srvs: 4.2.4 (/opt/ros/humble/share/std_srvs/cmake)
[1.511s] -- Configuring done
[1.515s] -- Generating done
[1.518s] -- Build files have been written to: /home/dimitar/Desktop/RINS-TASK2/build/dis_tutorial3
[1.531s] Invoked command in '/home/dimitar/Desktop/RINS-TASK2/build/dis_tutorial3' returned '0': CMAKE_PREFIX_PATH=${CMAKE_PREFIX_PATH}:/opt/ros/humble /usr/bin/cmake /home/dimitar/Desktop/RINS-TASK2/dis_tutorial3 -DCMAKE_INSTALL_PREFIX=/home/dimitar/Desktop/RINS-TASK2/install/dis_tutorial3
[1.534s] Invoking command in '/home/dimitar/Desktop/RINS-TASK2/build/dis_tutorial3': CMAKE_PREFIX_PATH=${CMAKE_PREFIX_PATH}:/opt/ros/humble /usr/bin/cmake --build /home/dimitar/Desktop/RINS-TASK2/build/dis_tutorial3 -- -j16 -l16
[1.577s] Invoked command in '/home/dimitar/Desktop/RINS-TASK2/build/dis_tutorial3' returned '0': CMAKE_PREFIX_PATH=${CMAKE_PREFIX_PATH}:/opt/ros/humble /usr/bin/cmake --build /home/dimitar/Desktop/RINS-TASK2/build/dis_tutorial3 -- -j16 -l16
[1.587s] Invoking command in '/home/dimitar/Desktop/RINS-TASK2/build/dis_tutorial3': CMAKE_PREFIX_PATH=${CMAKE_PREFIX_PATH}:/opt/ros/humble /usr/bin/cmake --install /home/dimitar/Desktop/RINS-TASK2/build/dis_tutorial3
[1.596s] -- Install configuration: ""
[1.596s] -- Up-to-date: /home/dimitar/Desktop/RINS-TASK2/install/dis_tutorial3/share/dis_tutorial3//launch
[1.596s] -- Installing: /home/dimitar/Desktop/RINS-TASK2/install/dis_tutorial3/share/dis_tutorial3//launch/create3_nodes.launch.py
[1.596s] -- Installing: /home/dimitar/Desktop/RINS-TASK2/install/dis_tutorial3/share/dis_tutorial3//launch/sim_turtlebot_slam.launch.py
[1.596s] -- Installing: /home/dimitar/Desktop/RINS-TASK2/install/dis_tutorial3/share/dis_tutorial3//launch/nav2.launch.py
[1.596s] -- Installing: /home/dimitar/Desktop/RINS-TASK2/install/dis_tutorial3/share/dis_tutorial3//launch/ignition.launch.py
[1.596s] -- Installing: /home/dimitar/Desktop/RINS-TASK2/install/dis_tutorial3/share/dis_tutorial3//launch/skeletonized_path.launch.py
[1.597s] -- Installing: /home/dimitar/Desktop/RINS-TASK2/install/dis_tutorial3/share/dis_tutorial3//launch/turtlebot4_spawn.launch.py
[1.597s] -- Installing: /home/dimitar/Desktop/RINS-TASK2/install/dis_tutorial3/share/dis_tutorial3//launch/sim_turtlebot_nav.launch.py
[1.597s] -- Installing: /home/dimitar/Desktop/RINS-TASK2/install/dis_tutorial3/share/dis_tutorial3//launch/dis_sim.launch.py
[1.597s] -- Installing: /home/dimitar/Desktop/RINS-TASK2/install/dis_tutorial3/share/dis_tutorial3//launch/turtlebot4_spawn_nav.launch.py
[1.597s] -- Installing: /home/dimitar/Desktop/RINS-TASK2/install/dis_tutorial3/share/dis_tutorial3//launch/localization.launch.py
[1.597s] -- Installing: /home/dimitar/Desktop/RINS-TASK2/install/dis_tutorial3/share/dis_tutorial3//launch/slam.launch.py
[1.597s] -- Installing: /home/dimitar/Desktop/RINS-TASK2/install/dis_tutorial3/share/dis_tutorial3//config
[1.597s] -- Installing: /home/dimitar/Desktop/RINS-TASK2/install/dis_tutorial3/share/dis_tutorial3//config/localization.yaml
[1.597s] -- Installing: /home/dimitar/Desktop/RINS-TASK2/install/dis_tutorial3/share/dis_tutorial3//config/slam.yaml
[1.597s] -- Installing: /home/dimitar/Desktop/RINS-TASK2/install/dis_tutorial3/share/dis_tutorial3//config/nav2.yaml
[1.598s] -- Installing: /home/dimitar/Desktop/RINS-TASK2/install/dis_tutorial3/share/dis_tutorial3//config/laser_filter_chain.yaml
[1.598s] -- Installing: /home/dimitar/Desktop/RINS-TASK2/install/dis_tutorial3/share/dis_tutorial3//worlds
[1.598s] -- Installing: /home/dimitar/Desktop/RINS-TASK2/install/dis_tutorial3/share/dis_tutorial3//worlds/demo1.sdf
[1.598s] -- Installing: /home/dimitar/Desktop/RINS-TASK2/install/dis_tutorial3/share/dis_tutorial3//worlds/bird_demo3_meshes
[1.598s] -- Installing: /home/dimitar/Desktop/RINS-TASK2/install/dis_tutorial3/share/dis_tutorial3//worlds/bird_demo3_meshes/grass.jpg
[1.600s] -- Installing: /home/dimitar/Desktop/RINS-TASK2/install/dis_tutorial3/share/dis_tutorial3//worlds/bird_demo3_meshes/red.jpg
[1.600s] -- Installing: /home/dimitar/Desktop/RINS-TASK2/install/dis_tutorial3/share/dis_tutorial3//worlds/bird_demo3_meshes/fakering3.jpg
[1.601s] -- Installing: /home/dimitar/Desktop/RINS-TASK2/install/dis_tutorial3/share/dis_tutorial3//worlds/bird_demo3_meshes/fakering1.jpg
[1.602s] -- Installing: /home/dimitar/Desktop/RINS-TASK2/install/dis_tutorial3/share/dis_tutorial3//worlds/bird_demo3_meshes/Great_Grey_Shrike.jpg
[1.603s] -- Installing: /home/dimitar/Desktop/RINS-TASK2/install/dis_tutorial3/share/dis_tutorial3//worlds/bird_demo3_meshes/green.jpg
[1.603s] -- Installing: /home/dimitar/Desktop/RINS-TASK2/install/dis_tutorial3/share/dis_tutorial3//worlds/bird_demo3_meshes/yellow.jpg
[1.603s] -- Installing: /home/dimitar/Desktop/RINS-TASK2/install/dis_tutorial3/share/dis_tutorial3//worlds/bird_demo3_meshes/qr_finch.jpg
[1.605s] -- Installing: /home/dimitar/Desktop/RINS-TASK2/install/dis_tutorial3/share/dis_tutorial3//worlds/bird_demo3_meshes/european_goldfinch.jpg
[1.606s] -- Installing: /home/dimitar/Desktop/RINS-TASK2/install/dis_tutorial3/share/dis_tutorial3//worlds/bird_demo3_meshes/Laysan_Albatross.jpeg
[1.606s] -- Installing: /home/dimitar/Desktop/RINS-TASK2/install/dis_tutorial3/share/dis_tutorial3//worlds/bird_demo3_meshes/vermilion_flycatcher.jpg
[1.607s] -- Installing: /home/dimitar/Desktop/RINS-TASK2/install/dis_tutorial3/share/dis_tutorial3//worlds/bird_demo3_meshes/black.jpg
[1.608s] -- Installing: /home/dimitar/Desktop/RINS-TASK2/install/dis_tutorial3/share/dis_tutorial3//worlds/bird_demo3_meshes/objects.jpg
[1.608s] -- Installing: /home/dimitar/Desktop/RINS-TASK2/install/dis_tutorial3/share/dis_tutorial3//worlds/bird_demo3_meshes/qr_shrike.jpg
[1.609s] -- Installing: /home/dimitar/Desktop/RINS-TASK2/install/dis_tutorial3/share/dis_tutorial3//worlds/bird_demo3_meshes/person19.png
[1.610s] -- Installing: /home/dimitar/Desktop/RINS-TASK2/install/dis_tutorial3/share/dis_tutorial3//worlds/bird_demo3_meshes/qr_albatross.jpg
[1.611s] -- Installing: /home/dimitar/Desktop/RINS-TASK2/install/dis_tutorial3/share/dis_tutorial3//worlds/bird_demo3_meshes/person23.png
[1.613s] -- Installing: /home/dimitar/Desktop/RINS-TASK2/install/dis_tutorial3/share/dis_tutorial3//worlds/bird_demo3_meshes/person16.png
[1.614s] -- Installing: /home/dimitar/Desktop/RINS-TASK2/install/dis_tutorial3/share/dis_tutorial3//worlds/bird_demo3_meshes/person18.png
[1.616s] -- Installing: /home/dimitar/Desktop/RINS-TASK2/install/dis_tutorial3/share/dis_tutorial3//worlds/bird_demo3_meshes/map_colliders.dae
[1.618s] -- Installing: /home/dimitar/Desktop/RINS-TASK2/install/dis_tutorial3/share/dis_tutorial3//worlds/bird_demo3_meshes/wood.jpg
[1.618s] -- Installing: /home/dimitar/Desktop/RINS-TASK2/install/dis_tutorial3/share/dis_tutorial3//worlds/bird_demo3_meshes/water.jpg
[1.618s] -- Installing: /home/dimitar/Desktop/RINS-TASK2/install/dis_tutorial3/share/dis_tutorial3//worlds/bird_demo3_meshes/blue.jpg
[1.619s] -- Installing: /home/dimitar/Desktop/RINS-TASK2/install/dis_tutorial3/share/dis_tutorial3//worlds/bird_demo3_meshes/qr_flycatcher.jpg
[1.619s] -- Installing: /home/dimitar/Desktop/RINS-TASK2/install/dis_tutorial3/share/dis_tutorial3//worlds/bird_demo3_meshes/map.dae
[1.625s] -- Installing: /home/dimitar/Desktop/RINS-TASK2/install/dis_tutorial3/share/dis_tutorial3//worlds/bird_demo3_meshes/ground.jpg
[1.626s] -- Installing: /home/dimitar/Desktop/RINS-TASK2/install/dis_tutorial3/share/dis_tutorial3//worlds/bird_demo3_meshes/dirt2.jpg
[1.628s] -- Installing: /home/dimitar/Desktop/RINS-TASK2/install/dis_tutorial3/share/dis_tutorial3//worlds/demo2_meshes
[1.628s] -- Installing: /home/dimitar/Desktop/RINS-TASK2/install/dis_tutorial3/share/dis_tutorial3//worlds/demo2_meshes/person9.png
[1.629s] -- Installing: /home/dimitar/Desktop/RINS-TASK2/install/dis_tutorial3/share/dis_tutorial3//worlds/demo2_meshes/person8.png
[1.631s] -- Installing: /home/dimitar/Desktop/RINS-TASK2/install/dis_tutorial3/share/dis_tutorial3//worlds/demo2_meshes/fakering3.jpg
[1.631s] -- Installing: /home/dimitar/Desktop/RINS-TASK2/install/dis_tutorial3/share/dis_tutorial3//worlds/demo2_meshes/fakering1.jpg
[1.632s] -- Installing: /home/dimitar/Desktop/RINS-TASK2/install/dis_tutorial3/share/dis_tutorial3//worlds/demo2_meshes/parking_space.jpg
[1.632s] -- Installing: /home/dimitar/Desktop/RINS-TASK2/install/dis_tutorial3/share/dis_tutorial3//worlds/demo2_meshes/person20.png
[1.634s] -- Installing: /home/dimitar/Desktop/RINS-TASK2/install/dis_tutorial3/share/dis_tutorial3//worlds/demo2_meshes/objects.jpg
[1.635s] -- Installing: /home/dimitar/Desktop/RINS-TASK2/install/dis_tutorial3/share/dis_tutorial3//worlds/demo2_meshes/qr1.jpg
[1.635s] -- Installing: /home/dimitar/Desktop/RINS-TASK2/install/dis_tutorial3/share/dis_tutorial3//worlds/demo2_meshes/person18.png
[1.637s] -- Installing: /home/dimitar/Desktop/RINS-TASK2/install/dis_tutorial3/share/dis_tutorial3//worlds/demo2_meshes/map_colliders.dae
[1.639s] -- Installing: /home/dimitar/Desktop/RINS-TASK2/install/dis_tutorial3/share/dis_tutorial3//worlds/demo2_meshes/person6.png
[1.640s] -- Installing: /home/dimitar/Desktop/RINS-TASK2/install/dis_tutorial3/share/dis_tutorial3//worlds/demo2_meshes/qr2.jpg
[1.641s] -- Installing: /home/dimitar/Desktop/RINS-TASK2/install/dis_tutorial3/share/dis_tutorial3//worlds/demo2_meshes/cylinders.jpg
[1.641s] -- Installing: /home/dimitar/Desktop/RINS-TASK2/install/dis_tutorial3/share/dis_tutorial3//worlds/demo2_meshes/map.dae
[1.643s] -- Installing: /home/dimitar/Desktop/RINS-TASK2/install/dis_tutorial3/share/dis_tutorial3//worlds/demo2_meshes/fakering2.jpg
[1.643s] -- Installing: /home/dimitar/Desktop/RINS-TASK2/install/dis_tutorial3/share/dis_tutorial3//worlds/demo2_meshes/person7.png
[1.645s] -- Installing: /home/dimitar/Desktop/RINS-TASK2/install/dis_tutorial3/share/dis_tutorial3//worlds/demo2_meshes/ground.jpg
[1.646s] -- Installing: /home/dimitar/Desktop/RINS-TASK2/install/dis_tutorial3/share/dis_tutorial3//worlds/demo3.sdf
[1.646s] -- Installing: /home/dimitar/Desktop/RINS-TASK2/install/dis_tutorial3/share/dis_tutorial3//worlds/dis.sdf
[1.646s] -- Installing: /home/dimitar/Desktop/RINS-TASK2/install/dis_tutorial3/share/dis_tutorial3//worlds/bird_demo2_meshes
[1.646s] -- Installing: /home/dimitar/Desktop/RINS-TASK2/install/dis_tutorial3/share/dis_tutorial3//worlds/bird_demo2_meshes/grass.jpg
[1.647s] -- Installing: /home/dimitar/Desktop/RINS-TASK2/install/dis_tutorial3/share/dis_tutorial3//worlds/bird_demo2_meshes/person8.png
[1.650s] -- Installing: /home/dimitar/Desktop/RINS-TASK2/install/dis_tutorial3/share/dis_tutorial3//worlds/bird_demo2_meshes/person4.png
[1.651s] -- Installing: /home/dimitar/Desktop/RINS-TASK2/install/dis_tutorial3/share/dis_tutorial3//worlds/bird_demo2_meshes/blue_jay.jpg
[1.652s] -- Installing: /home/dimitar/Desktop/RINS-TASK2/install/dis_tutorial3/share/dis_tutorial3//worlds/bird_demo2_meshes/red.jpg
[1.652s] -- Installing: /home/dimitar/Desktop/RINS-TASK2/install/dis_tutorial3/share/dis_tutorial3//worlds/bird_demo2_meshes/fakering3.jpg
[1.653s] -- Installing: /home/dimitar/Desktop/RINS-TASK2/install/dis_tutorial3/share/dis_tutorial3//worlds/bird_demo2_meshes/horned_puffin.jpeg
[1.655s] -- Installing: /home/dimitar/Desktop/RINS-TASK2/install/dis_tutorial3/share/dis_tutorial3//worlds/bird_demo2_meshes/qr_oriole.jpg
[1.656s] -- Installing: /home/dimitar/Desktop/RINS-TASK2/install/dis_tutorial3/share/dis_tutorial3//worlds/bird_demo2_meshes/fakering1.jpg
[1.656s] -- Installing: /home/dimitar/Desktop/RINS-TASK2/install/dis_tutorial3/share/dis_tutorial3//worlds/bird_demo2_meshes/green.jpg
[1.656s] -- Installing: /home/dimitar/Desktop/RINS-TASK2/install/dis_tutorial3/share/dis_tutorial3//worlds/bird_demo2_meshes/qr_puffin.jpg
[1.657s] -- Installing: /home/dimitar/Desktop/RINS-TASK2/install/dis_tutorial3/share/dis_tutorial3//worlds/bird_demo2_meshes/yellow.jpg
[1.657s] -- Installing: /home/dimitar/Desktop/RINS-TASK2/install/dis_tutorial3/share/dis_tutorial3//worlds/bird_demo2_meshes/purple_finch.jpg
[1.658s] -- Installing: /home/dimitar/Desktop/RINS-TASK2/install/dis_tutorial3/share/dis_tutorial3//worlds/bird_demo2_meshes/qr_finch.jpg
[1.660s] -- Installing: /home/dimitar/Desktop/RINS-TASK2/install/dis_tutorial3/share/dis_tutorial3//worlds/bird_demo2_meshes/black.jpg
[1.660s] -- Installing: /home/dimitar/Desktop/RINS-TASK2/install/dis_tutorial3/share/dis_tutorial3//worlds/bird_demo2_meshes/objects.jpg
[1.660s] -- Installing: /home/dimitar/Desktop/RINS-TASK2/install/dis_tutorial3/share/dis_tutorial3//worlds/bird_demo2_meshes/person11.png
[1.662s] -- Installing: /home/dimitar/Desktop/RINS-TASK2/install/dis_tutorial3/share/dis_tutorial3//worlds/bird_demo2_meshes/person17.png
[1.664s] -- Installing: /home/dimitar/Desktop/RINS-TASK2/install/dis_tutorial3/share/dis_tutorial3//worlds/bird_demo2_meshes/baltimore_oriole.jpg
[1.665s] -- Installing: /home/dimitar/Desktop/RINS-TASK2/install/dis_tutorial3/share/dis_tutorial3//worlds/bird_demo2_meshes/map_colliders.dae
[1.667s] -- Installing: /home/dimitar/Desktop/RINS-TASK2/install/dis_tutorial3/share/dis_tutorial3//worlds/bird_demo2_meshes/wood.jpg
[1.667s] -- Installing: /home/dimitar/Desktop/RINS-TASK2/install/dis_tutorial3/share/dis_tutorial3//worlds/bird_demo2_meshes/water.jpg
[1.668s] -- Installing: /home/dimitar/Desktop/RINS-TASK2/install/dis_tutorial3/share/dis_tutorial3//worlds/bird_demo2_meshes/blue.jpg
[1.668s] -- Installing: /home/dimitar/Desktop/RINS-TASK2/install/dis_tutorial3/share/dis_tutorial3//worlds/bird_demo2_meshes/map.dae
[1.675s] -- Installing: /home/dimitar/Desktop/RINS-TASK2/install/dis_tutorial3/share/dis_tutorial3//worlds/bird_demo2_meshes/qr_jay.jpg
[1.676s] -- Installing: /home/dimitar/Desktop/RINS-TASK2/install/dis_tutorial3/share/dis_tutorial3//worlds/bird_demo2_meshes/ground.jpg
[1.677s] -- Installing: /home/dimitar/Desktop/RINS-TASK2/install/dis_tutorial3/share/dis_tutorial3//worlds/bird_demo2_meshes/dirt2.jpg
[1.678s] -- Installing: /home/dimitar/Desktop/RINS-TASK2/install/dis_tutorial3/share/dis_tutorial3//worlds/demo4.sdf
[1.678s] -- Installing: /home/dimitar/Desktop/RINS-TASK2/install/dis_tutorial3/share/dis_tutorial3//worlds/demo4_meshes
[1.678s] -- Installing: /home/dimitar/Desktop/RINS-TASK2/install/dis_tutorial3/share/dis_tutorial3//worlds/demo4_meshes/person5.png.001.png
[1.680s] -- Installing: /home/dimitar/Desktop/RINS-TASK2/install/dis_tutorial3/share/dis_tutorial3//worlds/demo4_meshes/person4.png.001.png
[1.682s] -- Installing: /home/dimitar/Desktop/RINS-TASK2/install/dis_tutorial3/share/dis_tutorial3//worlds/demo4_meshes/person3.png.001.png
[1.683s] -- Installing: /home/dimitar/Desktop/RINS-TASK2/install/dis_tutorial3/share/dis_tutorial3//worlds/demo4_meshes/red.jpg
[1.684s] -- Installing: /home/dimitar/Desktop/RINS-TASK2/install/dis_tutorial3/share/dis_tutorial3//worlds/demo4_meshes/fakering3.jpg
[1.685s] -- Installing: /home/dimitar/Desktop/RINS-TASK2/install/dis_tutorial3/share/dis_tutorial3//worlds/demo4_meshes/fakering1.jpg
[1.685s] -- Installing: /home/dimitar/Desktop/RINS-TASK2/install/dis_tutorial3/share/dis_tutorial3//worlds/demo4_meshes/green.jpg
[1.685s] -- Installing: /home/dimitar/Desktop/RINS-TASK2/install/dis_tutorial3/share/dis_tutorial3//worlds/demo4_meshes/yellow.jpg
[1.686s] -- Installing: /home/dimitar/Desktop/RINS-TASK2/install/dis_tutorial3/share/dis_tutorial3//worlds/demo4_meshes/parking_space.jpg
[1.686s] -- Installing: /home/dimitar/Desktop/RINS-TASK2/install/dis_tutorial3/share/dis_tutorial3//worlds/demo4_meshes/person13.png
[1.687s] -- Installing: /home/dimitar/Desktop/RINS-TASK2/install/dis_tutorial3/share/dis_tutorial3//worlds/demo4_meshes/black.jpg
[1.688s] -- Installing: /home/dimitar/Desktop/RINS-TASK2/install/dis_tutorial3/share/dis_tutorial3//worlds/demo4_meshes/objects.jpg
[1.688s] -- Installing: /home/dimitar/Desktop/RINS-TASK2/install/dis_tutorial3/share/dis_tutorial3//worlds/demo4_meshes/qr1.jpg
[1.689s] -- Installing: /home/dimitar/Desktop/RINS-TASK2/install/dis_tutorial3/share/dis_tutorial3//worlds/demo4_meshes/map_colliders.dae
[1.691s] -- Installing: /home/dimitar/Desktop/RINS-TASK2/install/dis_tutorial3/share/dis_tutorial3//worlds/demo4_meshes/person2.png.001.png
[1.692s] -- Installing: /home/dimitar/Desktop/RINS-TASK2/install/dis_tutorial3/share/dis_tutorial3//worlds/demo4_meshes/person6.png
[1.693s] -- Installing: /home/dimitar/Desktop/RINS-TASK2/install/dis_tutorial3/share/dis_tutorial3//worlds/demo4_meshes/qr2.jpg
[1.694s] -- Installing: /home/dimitar/Desktop/RINS-TASK2/install/dis_tutorial3/share/dis_tutorial3//worlds/demo4_meshes/blue.jpg
[1.695s] -- Installing: /home/dimitar/Desktop/RINS-TASK2/install/dis_tutorial3/share/dis_tutorial3//worlds/demo4_meshes/map.dae
[1.696s] -- Installing: /home/dimitar/Desktop/RINS-TASK2/install/dis_tutorial3/share/dis_tutorial3//worlds/demo4_meshes/fakering2.jpg
[1.697s] -- Installing: /home/dimitar/Desktop/RINS-TASK2/install/dis_tutorial3/share/dis_tutorial3//worlds/demo4_meshes/ground.jpg
[1.697s] -- Installing: /home/dimitar/Desktop/RINS-TASK2/install/dis_tutorial3/share/dis_tutorial3//worlds/bird_demo1.sdf
[1.698s] -- Installing: /home/dimitar/Desktop/RINS-TASK2/install/dis_tutorial3/share/dis_tutorial3//worlds/demo2.sdf
[1.698s] -- Installing: /home/dimitar/Desktop/RINS-TASK2/install/dis_tutorial3/share/dis_tutorial3//worlds/task1_meshes
[1.698s] -- Installing: /home/dimitar/Desktop/RINS-TASK2/install/dis_tutorial3/share/dis_tutorial3//worlds/task1_meshes/person5.png.001.png
[1.700s] -- Installing: /home/dimitar/Desktop/RINS-TASK2/install/dis_tutorial3/share/dis_tutorial3//worlds/task1_meshes/person8.png
[1.701s] -- Installing: /home/dimitar/Desktop/RINS-TASK2/install/dis_tutorial3/share/dis_tutorial3//worlds/task1_meshes/person3.png.001.png
[1.702s] -- Installing: /home/dimitar/Desktop/RINS-TASK2/install/dis_tutorial3/share/dis_tutorial3//worlds/task1_meshes/red.jpg
[1.702s] -- Installing: /home/dimitar/Desktop/RINS-TASK2/install/dis_tutorial3/share/dis_tutorial3//worlds/task1_meshes/fakering3.jpg
[1.703s] -- Installing: /home/dimitar/Desktop/RINS-TASK2/install/dis_tutorial3/share/dis_tutorial3//worlds/task1_meshes/fakering1.jpg
[1.704s] -- Installing: /home/dimitar/Desktop/RINS-TASK2/install/dis_tutorial3/share/dis_tutorial3//worlds/task1_meshes/green.jpg
[1.704s] -- Installing: /home/dimitar/Desktop/RINS-TASK2/install/dis_tutorial3/share/dis_tutorial3//worlds/task1_meshes/yellow.jpg
[1.705s] -- Installing: /home/dimitar/Desktop/RINS-TASK2/install/dis_tutorial3/share/dis_tutorial3//worlds/task1_meshes/parking_space.jpg
[1.705s] -- Installing: /home/dimitar/Desktop/RINS-TASK2/install/dis_tutorial3/share/dis_tutorial3//worlds/task1_meshes/person13.png
[1.707s] -- Installing: /home/dimitar/Desktop/RINS-TASK2/install/dis_tutorial3/share/dis_tutorial3//worlds/task1_meshes/black.jpg
[1.707s] -- Installing: /home/dimitar/Desktop/RINS-TASK2/install/dis_tutorial3/share/dis_tutorial3//worlds/task1_meshes/objects.jpg
[1.709s] -- Installing: /home/dimitar/Desktop/RINS-TASK2/install/dis_tutorial3/share/dis_tutorial3//worlds/task1_meshes/qr1.jpg
[1.709s] -- Installing: /home/dimitar/Desktop/RINS-TASK2/install/dis_tutorial3/share/dis_tutorial3//worlds/task1_meshes/map_colliders.dae
[1.710s] -- Installing: /home/dimitar/Desktop/RINS-TASK2/install/dis_tutorial3/share/dis_tutorial3//worlds/task1_meshes/person2.png.001.png
[1.712s] -- Installing: /home/dimitar/Desktop/RINS-TASK2/install/dis_tutorial3/share/dis_tutorial3//worlds/task1_meshes/person6.png
[1.714s] -- Installing: /home/dimitar/Desktop/RINS-TASK2/install/dis_tutorial3/share/dis_tutorial3//worlds/task1_meshes/qr2.jpg
[1.715s] -- Installing: /home/dimitar/Desktop/RINS-TASK2/install/dis_tutorial3/share/dis_tutorial3//worlds/task1_meshes/blue.jpg
[1.716s] -- Installing: /home/dimitar/Desktop/RINS-TASK2/install/dis_tutorial3/share/dis_tutorial3//worlds/task1_meshes/map.dae
[1.717s] -- Installing: /home/dimitar/Desktop/RINS-TASK2/install/dis_tutorial3/share/dis_tutorial3//worlds/task1_meshes/fakering2.jpg
[1.718s] -- Installing: /home/dimitar/Desktop/RINS-TASK2/install/dis_tutorial3/share/dis_tutorial3//worlds/task1_meshes/ground.jpg
[1.719s] -- Installing: /home/dimitar/Desktop/RINS-TASK2/install/dis_tutorial3/share/dis_tutorial3//worlds/bird_demo1_meshes
[1.719s] -- Installing: /home/dimitar/Desktop/RINS-TASK2/install/dis_tutorial3/share/dis_tutorial3//worlds/bird_demo1_meshes/grass.jpg
[1.719s] -- Installing: /home/dimitar/Desktop/RINS-TASK2/install/dis_tutorial3/share/dis_tutorial3//worlds/bird_demo1_meshes/person5.png.001.png
[1.721s] -- Installing: /home/dimitar/Desktop/RINS-TASK2/install/dis_tutorial3/share/dis_tutorial3//worlds/bird_demo1_meshes/frigatebird.jpg
[1.722s] -- Installing: /home/dimitar/Desktop/RINS-TASK2/install/dis_tutorial3/share/dis_tutorial3//worlds/bird_demo1_meshes/rusty_blackbird.jpg
[1.723s] -- Installing: /home/dimitar/Desktop/RINS-TASK2/install/dis_tutorial3/share/dis_tutorial3//worlds/bird_demo1_meshes/red.jpg
[1.723s] -- Installing: /home/dimitar/Desktop/RINS-TASK2/install/dis_tutorial3/share/dis_tutorial3//worlds/bird_demo1_meshes/fakering3.jpg
[1.723s] -- Installing: /home/dimitar/Desktop/RINS-TASK2/install/dis_tutorial3/share/dis_tutorial3//worlds/bird_demo1_meshes/green_kingfisher.jpg
[1.724s] -- Installing: /home/dimitar/Desktop/RINS-TASK2/install/dis_tutorial3/share/dis_tutorial3//worlds/bird_demo1_meshes/fakering1.jpg
[1.725s] -- Installing: /home/dimitar/Desktop/RINS-TASK2/install/dis_tutorial3/share/dis_tutorial3//worlds/bird_demo1_meshes/green.jpg
[1.725s] -- Installing: /home/dimitar/Desktop/RINS-TASK2/install/dis_tutorial3/share/dis_tutorial3//worlds/bird_demo1_meshes/yellow.jpg
[1.725s] -- Installing: /home/dimitar/Desktop/RINS-TASK2/install/dis_tutorial3/share/dis_tutorial3//worlds/bird_demo1_meshes/person1.png
[1.727s] -- Installing: /home/dimitar/Desktop/RINS-TASK2/install/dis_tutorial3/share/dis_tutorial3//worlds/bird_demo1_meshes/person13.png
[1.728s] -- Installing: /home/dimitar/Desktop/RINS-TASK2/install/dis_tutorial3/share/dis_tutorial3//worlds/bird_demo1_meshes/black.jpg
[1.729s] -- Installing: /home/dimitar/Desktop/RINS-TASK2/install/dis_tutorial3/share/dis_tutorial3//worlds/bird_demo1_meshes/objects.jpg
[1.730s] -- Installing: /home/dimitar/Desktop/RINS-TASK2/install/dis_tutorial3/share/dis_tutorial3//worlds/bird_demo1_meshes/qr4.jpg
[1.731s] -- Installing: /home/dimitar/Desktop/RINS-TASK2/install/dis_tutorial3/share/dis_tutorial3//worlds/bird_demo1_meshes/qr1.jpg
[1.732s] -- Installing: /home/dimitar/Desktop/RINS-TASK2/install/dis_tutorial3/share/dis_tutorial3//worlds/bird_demo1_meshes/map_colliders.dae
[1.734s] -- Installing: /home/dimitar/Desktop/RINS-TASK2/install/dis_tutorial3/share/dis_tutorial3//worlds/bird_demo1_meshes/person2.png.001.png
[1.735s] -- Installing: /home/dimitar/Desktop/RINS-TASK2/install/dis_tutorial3/share/dis_tutorial3//worlds/bird_demo1_meshes/rosy_finch.jpg
[1.736s] -- Installing: /home/dimitar/Desktop/RINS-TASK2/install/dis_tutorial3/share/dis_tutorial3//worlds/bird_demo1_meshes/qr2.jpg
[1.737s] -- Installing: /home/dimitar/Desktop/RINS-TASK2/install/dis_tutorial3/share/dis_tutorial3//worlds/bird_demo1_meshes/wood.jpg
[1.737s] -- Installing: /home/dimitar/Desktop/RINS-TASK2/install/dis_tutorial3/share/dis_tutorial3//worlds/bird_demo1_meshes/person14.png
[1.739s] -- Installing: /home/dimitar/Desktop/RINS-TASK2/install/dis_tutorial3/share/dis_tutorial3//worlds/bird_demo1_meshes/qr3.jpg
[1.740s] -- Installing: /home/dimitar/Desktop/RINS-TASK2/install/dis_tutorial3/share/dis_tutorial3//worlds/bird_demo1_meshes/water.jpg
[1.740s] -- Installing: /home/dimitar/Desktop/RINS-TASK2/install/dis_tutorial3/share/dis_tutorial3//worlds/bird_demo1_meshes/blue.jpg
[1.740s] -- Installing: /home/dimitar/Desktop/RINS-TASK2/install/dis_tutorial3/share/dis_tutorial3//worlds/bird_demo1_meshes/map.dae
[1.745s] -- Installing: /home/dimitar/Desktop/RINS-TASK2/install/dis_tutorial3/share/dis_tutorial3//worlds/bird_demo1_meshes/fakering2.jpg
[1.746s] -- Installing: /home/dimitar/Desktop/RINS-TASK2/install/dis_tutorial3/share/dis_tutorial3//worlds/bird_demo1_meshes/person7.png
[1.748s] -- Installing: /home/dimitar/Desktop/RINS-TASK2/install/dis_tutorial3/share/dis_tutorial3//worlds/bird_demo1_meshes/grass_side.jpg
[1.748s] -- Installing: /home/dimitar/Desktop/RINS-TASK2/install/dis_tutorial3/share/dis_tutorial3//worlds/bird_demo1_meshes/ground.jpg
[1.749s] -- Installing: /home/dimitar/Desktop/RINS-TASK2/install/dis_tutorial3/share/dis_tutorial3//worlds/bird_demo1_meshes/dirt2.jpg
[1.750s] -- Installing: /home/dimitar/Desktop/RINS-TASK2/install/dis_tutorial3/share/dis_tutorial3//worlds/empty.sdf
[1.750s] -- Installing: /home/dimitar/Desktop/RINS-TASK2/install/dis_tutorial3/share/dis_tutorial3//worlds/2024
[1.750s] -- Installing: /home/dimitar/Desktop/RINS-TASK2/install/dis_tutorial3/share/dis_tutorial3//worlds/2024/task2_demo2_meshes
[1.750s] -- Installing: /home/dimitar/Desktop/RINS-TASK2/install/dis_tutorial3/share/dis_tutorial3//worlds/2024/task2_demo2_meshes/fakering3.jpg
[1.751s] -- Installing: /home/dimitar/Desktop/RINS-TASK2/install/dis_tutorial3/share/dis_tutorial3//worlds/2024/task2_demo2_meshes/fakering1.jpg
[1.751s] -- Installing: /home/dimitar/Desktop/RINS-TASK2/install/dis_tutorial3/share/dis_tutorial3//worlds/2024/task2_demo2_meshes/parking_space.jpg
[1.752s] -- Installing: /home/dimitar/Desktop/RINS-TASK2/install/dis_tutorial3/share/dis_tutorial3//worlds/2024/task2_demo2_meshes/objects.jpg
[1.752s] -- Installing: /home/dimitar/Desktop/RINS-TASK2/install/dis_tutorial3/share/dis_tutorial3//worlds/2024/task2_demo2_meshes/map_colliders.dae
[1.753s] -- Installing: /home/dimitar/Desktop/RINS-TASK2/install/dis_tutorial3/share/dis_tutorial3//worlds/2024/task2_demo2_meshes/cylinders.jpg
[1.753s] -- Installing: /home/dimitar/Desktop/RINS-TASK2/install/dis_tutorial3/share/dis_tutorial3//worlds/2024/task2_demo2_meshes/map.dae
[1.755s] -- Installing: /home/dimitar/Desktop/RINS-TASK2/install/dis_tutorial3/share/dis_tutorial3//worlds/2024/task2_demo2_meshes/fakering2.jpg
[1.756s] -- Installing: /home/dimitar/Desktop/RINS-TASK2/install/dis_tutorial3/share/dis_tutorial3//worlds/2024/task2_demo2_meshes/ground.jpg
[1.756s] -- Installing: /home/dimitar/Desktop/RINS-TASK2/install/dis_tutorial3/share/dis_tutorial3//worlds/2024/task2_demo2.sdf
[1.757s] -- Installing: /home/dimitar/Desktop/RINS-TASK2/install/dis_tutorial3/share/dis_tutorial3//worlds/2024/task3_meshes
[1.757s] -- Installing: /home/dimitar/Desktop/RINS-TASK2/install/dis_tutorial3/share/dis_tutorial3//worlds/2024/task3_meshes/easy_anomona_4.png
[1.758s] -- Installing: /home/dimitar/Desktop/RINS-TASK2/install/dis_tutorial3/share/dis_tutorial3//worlds/2024/task3_meshes/easy_anomona_3.png
[1.760s] -- Installing: /home/dimitar/Desktop/RINS-TASK2/install/dis_tutorial3/share/dis_tutorial3//worlds/2024/task3_meshes/easy_anomona_1.png
[1.762s] -- Installing: /home/dimitar/Desktop/RINS-TASK2/install/dis_tutorial3/share/dis_tutorial3//worlds/2024/task3_meshes/fakering3.jpg
[1.763s] -- Installing: /home/dimitar/Desktop/RINS-TASK2/install/dis_tutorial3/share/dis_tutorial3//worlds/2024/task3_meshes/anomona_3.png
[1.764s] -- Installing: /home/dimitar/Desktop/RINS-TASK2/install/dis_tutorial3/share/dis_tutorial3//worlds/2024/task3_meshes/fakering1.jpg
[1.765s] -- Installing: /home/dimitar/Desktop/RINS-TASK2/install/dis_tutorial3/share/dis_tutorial3//worlds/2024/task3_meshes/villager3.png
[1.767s] -- Installing: /home/dimitar/Desktop/RINS-TASK2/install/dis_tutorial3/share/dis_tutorial3//worlds/2024/task3_meshes/villager2.png
[1.769s] -- Installing: /home/dimitar/Desktop/RINS-TASK2/install/dis_tutorial3/share/dis_tutorial3//worlds/2024/task3_meshes/anomona_0.png
[1.770s] -- Installing: /home/dimitar/Desktop/RINS-TASK2/install/dis_tutorial3/share/dis_tutorial3//worlds/2024/task3_meshes/parking_space.jpg
[1.770s] -- Installing: /home/dimitar/Desktop/RINS-TASK2/install/dis_tutorial3/share/dis_tutorial3//worlds/2024/task3_meshes/villager4.png
[1.772s] -- Installing: /home/dimitar/Desktop/RINS-TASK2/install/dis_tutorial3/share/dis_tutorial3//worlds/2024/task3_meshes/qr_url.png
[1.772s] -- Installing: /home/dimitar/Desktop/RINS-TASK2/install/dis_tutorial3/share/dis_tutorial3//worlds/2024/task3_meshes/villager5.png
[1.774s] -- Installing: /home/dimitar/Desktop/RINS-TASK2/install/dis_tutorial3/share/dis_tutorial3//worlds/2024/task3_meshes/objects.jpg
[1.774s] -- Installing: /home/dimitar/Desktop/RINS-TASK2/install/dis_tutorial3/share/dis_tutorial3//worlds/2024/task3_meshes/easy_anomona_2.png
[1.775s] -- Installing: /home/dimitar/Desktop/RINS-TASK2/install/dis_tutorial3/share/dis_tutorial3//worlds/2024/task3_meshes/qr_wrong.png
[1.776s] -- Installing: /home/dimitar/Desktop/RINS-TASK2/install/dis_tutorial3/share/dis_tutorial3//worlds/2024/task3_meshes/villager1.png
[1.777s] -- Installing: /home/dimitar/Desktop/RINS-TASK2/install/dis_tutorial3/share/dis_tutorial3//worlds/2024/task3_meshes/map_colliders.dae
[1.779s] -- Installing: /home/dimitar/Desktop/RINS-TASK2/install/dis_tutorial3/share/dis_tutorial3//worlds/2024/task3_meshes/cylinders.jpg
[1.779s] -- Installing: /home/dimitar/Desktop/RINS-TASK2/install/dis_tutorial3/share/dis_tutorial3//worlds/2024/task3_meshes/easy_anomona_0.png
[1.781s] -- Installing: /home/dimitar/Desktop/RINS-TASK2/install/dis_tutorial3/share/dis_tutorial3//worlds/2024/task3_meshes/anomona_1.png
[1.783s] -- Installing: /home/dimitar/Desktop/RINS-TASK2/install/dis_tutorial3/share/dis_tutorial3//worlds/2024/task3_meshes/mona.png
[1.784s] -- Installing: /home/dimitar/Desktop/RINS-TASK2/install/dis_tutorial3/share/dis_tutorial3//worlds/2024/task3_meshes/map.dae
[1.786s] -- Installing: /home/dimitar/Desktop/RINS-TASK2/install/dis_tutorial3/share/dis_tutorial3//worlds/2024/task3_meshes/anomona_4.png
[1.787s] -- Installing: /home/dimitar/Desktop/RINS-TASK2/install/dis_tutorial3/share/dis_tutorial3//worlds/2024/task3_meshes/anomona_2.png
[1.789s] -- Installing: /home/dimitar/Desktop/RINS-TASK2/install/dis_tutorial3/share/dis_tutorial3//worlds/2024/task3_meshes/fakering2.jpg
[1.790s] -- Installing: /home/dimitar/Desktop/RINS-TASK2/install/dis_tutorial3/share/dis_tutorial3//worlds/2024/task3_meshes/qr_cheat.png
[1.790s] -- Installing: /home/dimitar/Desktop/RINS-TASK2/install/dis_tutorial3/share/dis_tutorial3//worlds/2024/task3_meshes/ground.jpg
[1.791s] -- Installing: /home/dimitar/Desktop/RINS-TASK2/install/dis_tutorial3/share/dis_tutorial3//worlds/2024/task2_demo1.sdf
[1.792s] -- Installing: /home/dimitar/Desktop/RINS-TASK2/install/dis_tutorial3/share/dis_tutorial3//worlds/2024/task2_demo1_meshes
[1.792s] -- Installing: /home/dimitar/Desktop/RINS-TASK2/install/dis_tutorial3/share/dis_tutorial3//worlds/2024/task2_demo1_meshes/fakering3.jpg
[1.793s] -- Installing: /home/dimitar/Desktop/RINS-TASK2/install/dis_tutorial3/share/dis_tutorial3//worlds/2024/task2_demo1_meshes/fakering1.jpg
[1.793s] -- Installing: /home/dimitar/Desktop/RINS-TASK2/install/dis_tutorial3/share/dis_tutorial3//worlds/2024/task2_demo1_meshes/parking_space.jpg
[1.794s] -- Installing: /home/dimitar/Desktop/RINS-TASK2/install/dis_tutorial3/share/dis_tutorial3//worlds/2024/task2_demo1_meshes/objects.jpg
[1.794s] -- Installing: /home/dimitar/Desktop/RINS-TASK2/install/dis_tutorial3/share/dis_tutorial3//worlds/2024/task2_demo1_meshes/map_colliders.dae
[1.795s] -- Installing: /home/dimitar/Desktop/RINS-TASK2/install/dis_tutorial3/share/dis_tutorial3//worlds/2024/task2_demo1_meshes/cylinders.jpg
[1.796s] -- Installing: /home/dimitar/Desktop/RINS-TASK2/install/dis_tutorial3/share/dis_tutorial3//worlds/2024/task2_demo1_meshes/map.dae
[1.798s] -- Installing: /home/dimitar/Desktop/RINS-TASK2/install/dis_tutorial3/share/dis_tutorial3//worlds/2024/task2_demo1_meshes/fakering2.jpg
[1.798s] -- Installing: /home/dimitar/Desktop/RINS-TASK2/install/dis_tutorial3/share/dis_tutorial3//worlds/2024/task2_demo1_meshes/ground.jpg
[1.799s] -- Installing: /home/dimitar/Desktop/RINS-TASK2/install/dis_tutorial3/share/dis_tutorial3//worlds/2024/task3.sdf
[1.799s] -- Installing: /home/dimitar/Desktop/RINS-TASK2/install/dis_tutorial3/share/dis_tutorial3//worlds/demo1_meshes
[1.800s] -- Installing: /home/dimitar/Desktop/RINS-TASK2/install/dis_tutorial3/share/dis_tutorial3//worlds/demo1_meshes/person4.png
[1.801s] -- Installing: /home/dimitar/Desktop/RINS-TASK2/install/dis_tutorial3/share/dis_tutorial3//worlds/demo1_meshes/fakering3.jpg
[1.802s] -- Installing: /home/dimitar/Desktop/RINS-TASK2/install/dis_tutorial3/share/dis_tutorial3//worlds/demo1_meshes/fakering1.jpg
[1.802s] -- Installing: /home/dimitar/Desktop/RINS-TASK2/install/dis_tutorial3/share/dis_tutorial3//worlds/demo1_meshes/person2.png
[1.804s] -- Installing: /home/dimitar/Desktop/RINS-TASK2/install/dis_tutorial3/share/dis_tutorial3//worlds/demo1_meshes/person1.png
[1.805s] -- Installing: /home/dimitar/Desktop/RINS-TASK2/install/dis_tutorial3/share/dis_tutorial3//worlds/demo1_meshes/parking_space.jpg
[1.805s] -- Installing: /home/dimitar/Desktop/RINS-TASK2/install/dis_tutorial3/share/dis_tutorial3//worlds/demo1_meshes/objects.jpg
[1.806s] -- Installing: /home/dimitar/Desktop/RINS-TASK2/install/dis_tutorial3/share/dis_tutorial3//worlds/demo1_meshes/person11.png
[1.808s] -- Installing: /home/dimitar/Desktop/RINS-TASK2/install/dis_tutorial3/share/dis_tutorial3//worlds/demo1_meshes/qr1.jpg
[1.808s] -- Installing: /home/dimitar/Desktop/RINS-TASK2/install/dis_tutorial3/share/dis_tutorial3//worlds/demo1_meshes/map_colliders.dae
[1.810s] -- Installing: /home/dimitar/Desktop/RINS-TASK2/install/dis_tutorial3/share/dis_tutorial3//worlds/demo1_meshes/qr2.jpg
[1.811s] -- Installing: /home/dimitar/Desktop/RINS-TASK2/install/dis_tutorial3/share/dis_tutorial3//worlds/demo1_meshes/cylinders.jpg
[1.811s] -- Installing: /home/dimitar/Desktop/RINS-TASK2/install/dis_tutorial3/share/dis_tutorial3//worlds/demo1_meshes/map.dae
[1.813s] -- Installing: /home/dimitar/Desktop/RINS-TASK2/install/dis_tutorial3/share/dis_tutorial3//worlds/demo1_meshes/fakering2.jpg
[1.814s] -- Installing: /home/dimitar/Desktop/RINS-TASK2/install/dis_tutorial3/share/dis_tutorial3//worlds/demo1_meshes/person3.png
[1.815s] -- Installing: /home/dimitar/Desktop/RINS-TASK2/install/dis_tutorial3/share/dis_tutorial3//worlds/demo1_meshes/person5.png
[1.817s] -- Installing: /home/dimitar/Desktop/RINS-TASK2/install/dis_tutorial3/share/dis_tutorial3//worlds/demo1_meshes/ground.jpg
[1.818s] -- Installing: /home/dimitar/Desktop/RINS-TASK2/install/dis_tutorial3/share/dis_tutorial3//worlds/demo3_meshes
[1.818s] -- Installing: /home/dimitar/Desktop/RINS-TASK2/install/dis_tutorial3/share/dis_tutorial3//worlds/demo3_meshes/person21.png
[1.819s] -- Installing: /home/dimitar/Desktop/RINS-TASK2/install/dis_tutorial3/share/dis_tutorial3//worlds/demo3_meshes/red.jpg
[1.819s] -- Installing: /home/dimitar/Desktop/RINS-TASK2/install/dis_tutorial3/share/dis_tutorial3//worlds/demo3_meshes/fakering3.jpg
[1.820s] -- Installing: /home/dimitar/Desktop/RINS-TASK2/install/dis_tutorial3/share/dis_tutorial3//worlds/demo3_meshes/fakering1.jpg
[1.820s] -- Installing: /home/dimitar/Desktop/RINS-TASK2/install/dis_tutorial3/share/dis_tutorial3//worlds/demo3_meshes/green.jpg
[1.821s] -- Installing: /home/dimitar/Desktop/RINS-TASK2/install/dis_tutorial3/share/dis_tutorial3//worlds/demo3_meshes/yellow.jpg
[1.821s] -- Installing: /home/dimitar/Desktop/RINS-TASK2/install/dis_tutorial3/share/dis_tutorial3//worlds/demo3_meshes/parking_space.jpg
[1.822s] -- Installing: /home/dimitar/Desktop/RINS-TASK2/install/dis_tutorial3/share/dis_tutorial3//worlds/demo3_meshes/person24.png
[1.824s] -- Installing: /home/dimitar/Desktop/RINS-TASK2/install/dis_tutorial3/share/dis_tutorial3//worlds/demo3_meshes/black.jpg
[1.824s] -- Installing: /home/dimitar/Desktop/RINS-TASK2/install/dis_tutorial3/share/dis_tutorial3//worlds/demo3_meshes/objects.jpg
[1.824s] -- Installing: /home/dimitar/Desktop/RINS-TASK2/install/dis_tutorial3/share/dis_tutorial3//worlds/demo3_meshes/person17.png
[1.825s] -- Installing: /home/dimitar/Desktop/RINS-TASK2/install/dis_tutorial3/share/dis_tutorial3//worlds/demo3_meshes/qr1.jpg
[1.826s] -- Installing: /home/dimitar/Desktop/RINS-TASK2/install/dis_tutorial3/share/dis_tutorial3//worlds/demo3_meshes/map_colliders.dae
[1.828s] -- Installing: /home/dimitar/Desktop/RINS-TASK2/install/dis_tutorial3/share/dis_tutorial3//worlds/demo3_meshes/qr2.jpg
[1.829s] -- Installing: /home/dimitar/Desktop/RINS-TASK2/install/dis_tutorial3/share/dis_tutorial3//worlds/demo3_meshes/blue.jpg
[1.829s] -- Installing: /home/dimitar/Desktop/RINS-TASK2/install/dis_tutorial3/share/dis_tutorial3//worlds/demo3_meshes/map.dae
[1.831s] -- Installing: /home/dimitar/Desktop/RINS-TASK2/install/dis_tutorial3/share/dis_tutorial3//worlds/demo3_meshes/fakering2.jpg
[1.832s] -- Installing: /home/dimitar/Desktop/RINS-TASK2/install/dis_tutorial3/share/dis_tutorial3//worlds/demo3_meshes/person22.png
[1.833s] -- Installing: /home/dimitar/Desktop/RINS-TASK2/install/dis_tutorial3/share/dis_tutorial3//worlds/demo3_meshes/ground.jpg
[1.833s] -- Installing: /home/dimitar/Desktop/RINS-TASK2/install/dis_tutorial3/share/dis_tutorial3//worlds/demo3_meshes/person15.png
[1.835s] -- Installing: /home/dimitar/Desktop/RINS-TASK2/install/dis_tutorial3/share/dis_tutorial3//worlds/bird_demo2.sdf
[1.835s] -- Installing: /home/dimitar/Desktop/RINS-TASK2/install/dis_tutorial3/share/dis_tutorial3//worlds/task2_meshes
[1.835s] -- Installing: /home/dimitar/Desktop/RINS-TASK2/install/dis_tutorial3/share/dis_tutorial3//worlds/task2_meshes/grass.jpg
[1.836s] -- Installing: /home/dimitar/Desktop/RINS-TASK2/install/dis_tutorial3/share/dis_tutorial3//worlds/task2_meshes/red.jpg
[1.837s] -- Installing: /home/dimitar/Desktop/RINS-TASK2/install/dis_tutorial3/share/dis_tutorial3//worlds/task2_meshes/fakering3.jpg
[1.837s] -- Installing: /home/dimitar/Desktop/RINS-TASK2/install/dis_tutorial3/share/dis_tutorial3//worlds/task2_meshes/qr_kingfisher.jpg
[1.838s] -- Installing: /home/dimitar/Desktop/RINS-TASK2/install/dis_tutorial3/share/dis_tutorial3//worlds/task2_meshes/qr_crow.jpg
[1.839s] -- Installing: /home/dimitar/Desktop/RINS-TASK2/install/dis_tutorial3/share/dis_tutorial3//worlds/task2_meshes/fakering1.jpg
[1.840s] -- Installing: /home/dimitar/Desktop/RINS-TASK2/install/dis_tutorial3/share/dis_tutorial3//worlds/task2_meshes/qr_tern.jpg
[1.840s] -- Installing: /home/dimitar/Desktop/RINS-TASK2/install/dis_tutorial3/share/dis_tutorial3//worlds/task2_meshes/green.jpg
[1.841s] -- Installing: /home/dimitar/Desktop/RINS-TASK2/install/dis_tutorial3/share/dis_tutorial3//worlds/task2_meshes/yellow.jpg
[1.841s] -- Installing: /home/dimitar/Desktop/RINS-TASK2/install/dis_tutorial3/share/dis_tutorial3//worlds/task2_meshes/pied_kingfisher.jpg
[1.842s] -- Installing: /home/dimitar/Desktop/RINS-TASK2/install/dis_tutorial3/share/dis_tutorial3//worlds/task2_meshes/yellow_headed_blackbird.jpg
[1.844s] -- Installing: /home/dimitar/Desktop/RINS-TASK2/install/dis_tutorial3/share/dis_tutorial3//worlds/task2_meshes/black.jpg
[1.844s] -- Installing: /home/dimitar/Desktop/RINS-TASK2/install/dis_tutorial3/share/dis_tutorial3//worlds/task2_meshes/objects.jpg
[1.845s] -- Installing: /home/dimitar/Desktop/RINS-TASK2/install/dis_tutorial3/share/dis_tutorial3//worlds/task2_meshes/person29.jpg
[1.846s] -- Installing: /home/dimitar/Desktop/RINS-TASK2/install/dis_tutorial3/share/dis_tutorial3//worlds/task2_meshes/person30.jpg
[1.847s] -- Installing: /home/dimitar/Desktop/RINS-TASK2/install/dis_tutorial3/share/dis_tutorial3//worlds/task2_meshes/person31.jpg
[1.848s] -- Installing: /home/dimitar/Desktop/RINS-TASK2/install/dis_tutorial3/share/dis_tutorial3//worlds/task2_meshes/person36.jpg
[1.849s] -- Installing: /home/dimitar/Desktop/RINS-TASK2/install/dis_tutorial3/share/dis_tutorial3//worlds/task2_meshes/map_colliders.dae
[1.851s] -- Installing: /home/dimitar/Desktop/RINS-TASK2/install/dis_tutorial3/share/dis_tutorial3//worlds/task2_meshes/wood.jpg
[1.851s] -- Installing: /home/dimitar/Desktop/RINS-TASK2/install/dis_tutorial3/share/dis_tutorial3//worlds/task2_meshes/water.jpg
[1.851s] -- Installing: /home/dimitar/Desktop/RINS-TASK2/install/dis_tutorial3/share/dis_tutorial3//worlds/task2_meshes/blue.jpg
[1.851s] -- Installing: /home/dimitar/Desktop/RINS-TASK2/install/dis_tutorial3/share/dis_tutorial3//worlds/task2_meshes/american_crow.jpg
[1.857s] -- Installing: /home/dimitar/Desktop/RINS-TASK2/install/dis_tutorial3/share/dis_tutorial3//worlds/task2_meshes/map.dae
[1.863s] -- Installing: /home/dimitar/Desktop/RINS-TASK2/install/dis_tutorial3/share/dis_tutorial3//worlds/task2_meshes/ground.jpg
[1.864s] -- Installing: /home/dimitar/Desktop/RINS-TASK2/install/dis_tutorial3/share/dis_tutorial3//worlds/task2_meshes/qr_blackbird.jpg
[1.864s] -- Installing: /home/dimitar/Desktop/RINS-TASK2/install/dis_tutorial3/share/dis_tutorial3//worlds/task2_meshes/common_tern.jpg
[1.866s] -- Installing: /home/dimitar/Desktop/RINS-TASK2/install/dis_tutorial3/share/dis_tutorial3//worlds/task2_meshes/dirt2.jpg
[1.867s] -- Installing: /home/dimitar/Desktop/RINS-TASK2/install/dis_tutorial3/share/dis_tutorial3//worlds/bird_demo3.sdf
[1.867s] -- Installing: /home/dimitar/Desktop/RINS-TASK2/install/dis_tutorial3/share/dis_tutorial3//worlds/task2.sdf
[1.868s] -- Installing: /home/dimitar/Desktop/RINS-TASK2/install/dis_tutorial3/share/dis_tutorial3//worlds/task1.sdf
[1.868s] -- Installing: /home/dimitar/Desktop/RINS-TASK2/install/dis_tutorial3/share/dis_tutorial3//worlds/dis_meshes
[1.868s] -- Installing: /home/dimitar/Desktop/RINS-TASK2/install/dis_tutorial3/share/dis_tutorial3//worlds/dis_meshes/person5.jpg
[1.869s] -- Installing: /home/dimitar/Desktop/RINS-TASK2/install/dis_tutorial3/share/dis_tutorial3//worlds/dis_meshes/fakering3.jpg
[1.869s] -- Installing: /home/dimitar/Desktop/RINS-TASK2/install/dis_tutorial3/share/dis_tutorial3//worlds/dis_meshes/fakering1.jpg
[1.870s] -- Installing: /home/dimitar/Desktop/RINS-TASK2/install/dis_tutorial3/share/dis_tutorial3//worlds/dis_meshes/person4.jpg
[1.871s] -- Installing: /home/dimitar/Desktop/RINS-TASK2/install/dis_tutorial3/share/dis_tutorial3//worlds/dis_meshes/parking_space.jpg
[1.871s] -- Installing: /home/dimitar/Desktop/RINS-TASK2/install/dis_tutorial3/share/dis_tutorial3//worlds/dis_meshes/objects.jpg
[1.872s] -- Installing: /home/dimitar/Desktop/RINS-TASK2/install/dis_tutorial3/share/dis_tutorial3//worlds/dis_meshes/mona1.jpg
[1.873s] -- Installing: /home/dimitar/Desktop/RINS-TASK2/install/dis_tutorial3/share/dis_tutorial3//worlds/dis_meshes/person2.jpg
[1.874s] -- Installing: /home/dimitar/Desktop/RINS-TASK2/install/dis_tutorial3/share/dis_tutorial3//worlds/dis_meshes/qr1.jpg
[1.875s] -- Installing: /home/dimitar/Desktop/RINS-TASK2/install/dis_tutorial3/share/dis_tutorial3//worlds/dis_meshes/davinci.jpg
[1.877s] -- Installing: /home/dimitar/Desktop/RINS-TASK2/install/dis_tutorial3/share/dis_tutorial3//worlds/dis_meshes/map_colliders.dae
[1.877s] -- Installing: /home/dimitar/Desktop/RINS-TASK2/install/dis_tutorial3/share/dis_tutorial3//worlds/dis_meshes/qr2.jpg
[1.878s] -- Installing: /home/dimitar/Desktop/RINS-TASK2/install/dis_tutorial3/share/dis_tutorial3//worlds/dis_meshes/wood.jpg
[1.878s] -- Installing: /home/dimitar/Desktop/RINS-TASK2/install/dis_tutorial3/share/dis_tutorial3//worlds/dis_meshes/cylinders.jpg
[1.879s] -- Installing: /home/dimitar/Desktop/RINS-TASK2/install/dis_tutorial3/share/dis_tutorial3//worlds/dis_meshes/person1.jpg
[1.880s] -- Installing: /home/dimitar/Desktop/RINS-TASK2/install/dis_tutorial3/share/dis_tutorial3//worlds/dis_meshes/person3.jpg
[1.880s] -- Installing: /home/dimitar/Desktop/RINS-TASK2/install/dis_tutorial3/share/dis_tutorial3//worlds/dis_meshes/map.dae
[1.882s] -- Installing: /home/dimitar/Desktop/RINS-TASK2/install/dis_tutorial3/share/dis_tutorial3//worlds/dis_meshes/fakering2.jpg
[1.882s] -- Installing: /home/dimitar/Desktop/RINS-TASK2/install/dis_tutorial3/share/dis_tutorial3//worlds/dis_meshes/ground.jpg
[1.883s] -- Installing: /home/dimitar/Desktop/RINS-TASK2/install/dis_tutorial3/share/dis_tutorial3//maps
[1.883s] -- Installing: /home/dimitar/Desktop/RINS-TASK2/install/dis_tutorial3/share/dis_tutorial3//maps/map.yaml
[1.884s] -- Installing: /home/dimitar/Desktop/RINS-TASK2/install/dis_tutorial3/share/dis_tutorial3//maps/map_path_points.pgm
[1.884s] -- Installing: /home/dimitar/Desktop/RINS-TASK2/install/dis_tutorial3/share/dis_tutorial3//maps/map2.pgm
[1.885s] -- Installing: /home/dimitar/Desktop/RINS-TASK2/install/dis_tutorial3/share/dis_tutorial3//maps/mapPoskus1.yaml
[1.885s] -- Installing: /home/dimitar/Desktop/RINS-TASK2/install/dis_tutorial3/share/dis_tutorial3//maps/mapOld.yaml
[1.886s] -- Installing: /home/dimitar/Desktop/RINS-TASK2/install/dis_tutorial3/share/dis_tutorial3//maps/Old.pgm
[1.886s] -- Installing: /home/dimitar/Desktop/RINS-TASK2/install/dis_tutorial3/share/dis_tutorial3//maps/map_path_order.png
[1.886s] -- Installing: /home/dimitar/Desktop/RINS-TASK2/install/dis_tutorial3/share/dis_tutorial3//maps/map(4).pgm
[1.887s] -- Installing: /home/dimitar/Desktop/RINS-TASK2/install/dis_tutorial3/share/dis_tutorial3//maps/mapPoskus1.pgm
[1.889s] -- Installing: /home/dimitar/Desktop/RINS-TASK2/install/dis_tutorial3/share/dis_tutorial3//maps/map_skeleton_proba.pgm
[1.890s] -- Installing: /home/dimitar/Desktop/RINS-TASK2/install/dis_tutorial3/share/dis_tutorial3//maps/map_path_points.png
[1.890s] -- Installing: /home/dimitar/Desktop/RINS-TASK2/install/dis_tutorial3/share/dis_tutorial3//maps/map.pgm
[1.892s] -- Installing: /home/dimitar/Desktop/RINS-TASK2/install/dis_tutorial3/share/dis_tutorial3//maps/map_cleaned.pgm
[1.893s] -- Installing: /home/dimitar/Desktop/RINS-TASK2/install/dis_tutorial3/share/dis_tutorial3//maps/map_high_contrast.png
[1.893s] -- Installing: /home/dimitar/Desktop/RINS-TASK2/install/dis_tutorial3/share/dis_tutorial3//maps/mapNew.yaml
[1.893s] -- Installing: /home/dimitar/Desktop/RINS-TASK2/install/dis_tutorial3/share/dis_tutorial3//maps/mapOld.pgm
[1.895s] -- Installing: /home/dimitar/Desktop/RINS-TASK2/install/dis_tutorial3/lib/dis_tutorial3/detect_people.py
[1.895s] -- Installing: /home/dimitar/Desktop/RINS-TASK2/install/dis_tutorial3/lib/dis_tutorial3/robot_commander.py
[1.895s] -- Installing: /home/dimitar/Desktop/RINS-TASK2/install/dis_tutorial3/share/ament_index/resource_index/package_run_dependencies/dis_tutorial3
[1.895s] -- Installing: /home/dimitar/Desktop/RINS-TASK2/install/dis_tutorial3/share/ament_index/resource_index/parent_prefix_path/dis_tutorial3
[1.895s] -- Installing: /home/dimitar/Desktop/RINS-TASK2/install/dis_tutorial3/share/dis_tutorial3/environment/ament_prefix_path.sh
[1.895s] -- Installing: /home/dimitar/Desktop/RINS-TASK2/install/dis_tutorial3/share/dis_tutorial3/environment/ament_prefix_path.dsv
[1.895s] -- Installing: /home/dimitar/Desktop/RINS-TASK2/install/dis_tutorial3/share/dis_tutorial3/environment/path.sh
[1.895s] -- Installing: /home/dimitar/Desktop/RINS-TASK2/install/dis_tutorial3/share/dis_tutorial3/environment/path.dsv
[1.895s] -- Installing: /home/dimitar/Desktop/RINS-TASK2/install/dis_tutorial3/share/dis_tutorial3/local_setup.bash
[1.895s] -- Installing: /home/dimitar/Desktop/RINS-TASK2/install/dis_tutorial3/share/dis_tutorial3/local_setup.sh
[1.896s] -- Installing: /home/dimitar/Desktop/RINS-TASK2/install/dis_tutorial3/share/dis_tutorial3/local_setup.zsh
[1.896s] -- Installing: /home/dimitar/Desktop/RINS-TASK2/install/dis_tutorial3/share/dis_tutorial3/local_setup.dsv
[1.896s] -- Installing: /home/dimitar/Desktop/RINS-TASK2/install/dis_tutorial3/share/dis_tutorial3/package.dsv
[1.896s] -- Installing: /home/dimitar/Desktop/RINS-TASK2/install/dis_tutorial3/share/ament_index/resource_index/packages/dis_tutorial3
[1.896s] -- Installing: /home/dimitar/Desktop/RINS-TASK2/install/dis_tutorial3/share/dis_tutorial3/cmake/dis_tutorial3Config.cmake
[1.896s] -- Installing: /home/dimitar/Desktop/RINS-TASK2/install/dis_tutorial3/share/dis_tutorial3/cmake/dis_tutorial3Config-version.cmake
[1.896s] -- Installing: /home/dimitar/Desktop/RINS-TASK2/install/dis_tutorial3/share/dis_tutorial3/package.xml
[1.899s] Invoked command in '/home/dimitar/Desktop/RINS-TASK2/build/dis_tutorial3' returned '0': CMAKE_PREFIX_PATH=${CMAKE_PREFIX_PATH}:/opt/ros/humble /usr/bin/cmake --install /home/dimitar/Desktop/RINS-TASK2/build/dis_tutorial3
