[0.007s] Invoking command in '/home/beta/RINS-TASK2/build/dis_tutorial7': CMAKE_PREFIX_PATH=${CMAKE_PREFIX_PATH}:/opt/ros/humble /usr/bin/cmake --build /home/beta/RINS-TASK2/build/dis_tutorial7 -- -j16 -l16
[0.021s] -- Found ament_cmake: 1.3.11 (/opt/ros/humble/share/ament_cmake/cmake)
[0.097s] -- Found rclcpp: 16.0.12 (/opt/ros/humble/share/rclcpp/cmake)
[0.113s] -- Found rosidl_generator_c: 3.1.6 (/opt/ros/humble/share/rosidl_generator_c/cmake)
[0.115s] -- Found rosidl_adapter: 3.1.6 (/opt/ros/humble/share/rosidl_adapter/cmake)
[0.118s] -- Found rosidl_generator_cpp: 3.1.6 (/opt/ros/humble/share/rosidl_generator_cpp/cmake)
[0.123s] -- Using all available rosidl_typesupport_c: rosidl_typesupport_fastrtps_c;rosidl_typesupport_introspection_c
[0.130s] -- Using all available rosidl_typesupport_cpp: rosidl_typesupport_fastrtps_cpp;rosidl_typesupport_introspection_cpp
[0.148s] -- Found rmw_implementation_cmake: 6.1.2 (/opt/ros/humble/share/rmw_implementation_cmake/cmake)
[0.148s] -- Found rmw_cyclonedds_cpp: 1.3.4 (/opt/ros/humble/share/rmw_cyclonedds_cpp/cmake)
[0.158s] -- Using RMW implementation 'rmw_cyclonedds_cpp' as default
[0.185s] -- Found rclpy: 3.3.16 (/opt/ros/humble/share/rclpy/cmake)
[0.185s] -- Found std_srvs: 4.8.0 (/opt/ros/humble/share/std_srvs/cmake)
[0.226s] -- Configuring done
[0.228s] -- Generating done
[0.230s] -- Build files have been written to: /home/beta/RINS-TASK2/build/dis_tutorial7
[0.244s] Invoked command in '/home/beta/RINS-TASK2/build/dis_tutorial7' returned '0': CMAKE_PREFIX_PATH=${CMAKE_PREFIX_PATH}:/opt/ros/humble /usr/bin/cmake --build /home/beta/RINS-TASK2/build/dis_tutorial7 -- -j16 -l16
[0.245s] Invoking command in '/home/beta/RINS-TASK2/build/dis_tutorial7': CMAKE_PREFIX_PATH=${CMAKE_PREFIX_PATH}:/opt/ros/humble /usr/bin/cmake --install /home/beta/RINS-TASK2/build/dis_tutorial7
[0.249s] -- Install configuration: ""
[0.249s] -- Up-to-date: /home/beta/RINS-TASK2/install/dis_tutorial7/share/dis_tutorial7//launch
[0.249s] -- Up-to-date: /home/beta/RINS-TASK2/install/dis_tutorial7/share/dis_tutorial7//launch/create3_ignition_nodes.launch.py
[0.249s] -- Up-to-date: /home/beta/RINS-TASK2/install/dis_tutorial7/share/dis_tutorial7//launch/control.py
[0.249s] -- Up-to-date: /home/beta/RINS-TASK2/install/dis_tutorial7/share/dis_tutorial7//launch/create3_nodes.launch.py
[0.249s] -- Up-to-date: /home/beta/RINS-TASK2/install/dis_tutorial7/share/dis_tutorial7//launch/view_robot.launch.py
[0.249s] -- Up-to-date: /home/beta/RINS-TASK2/install/dis_tutorial7/share/dis_tutorial7//launch/ros_ign_bridge.launch.py
[0.249s] -- Up-to-date: /home/beta/RINS-TASK2/install/dis_tutorial7/share/dis_tutorial7//launch/robot_description.launch.py
[0.249s] -- Up-to-date: /home/beta/RINS-TASK2/install/dis_tutorial7/share/dis_tutorial7//launch/sim_turtlebot_nav.launch.py
[0.249s] -- Up-to-date: /home/beta/RINS-TASK2/install/dis_tutorial7/share/dis_tutorial7//launch/turtlebot4_spawn.launch.py
[0.249s] -- Up-to-date: /home/beta/RINS-TASK2/install/dis_tutorial7/share/dis_tutorial7//launch/create3_ros_ignition_bridge.launch.py
[0.249s] -- Up-to-date: /home/beta/RINS-TASK2/install/dis_tutorial7/share/dis_tutorial7//launch/turtlebot4_nodes.launch.py
[0.249s] -- Up-to-date: /home/beta/RINS-TASK2/install/dis_tutorial7/share/dis_tutorial7//meshes
[0.249s] -- Up-to-date: /home/beta/RINS-TASK2/install/dis_tutorial7/share/dis_tutorial7//meshes/tower.dae
[0.249s] -- Up-to-date: /home/beta/RINS-TASK2/install/dis_tutorial7/share/dis_tutorial7//meshes/camera_bracket.dae
[0.249s] -- Up-to-date: /home/beta/RINS-TASK2/install/dis_tutorial7/share/dis_tutorial7//meshes/oakd_pro.dae
[0.249s] -- Up-to-date: /home/beta/RINS-TASK2/install/dis_tutorial7/share/dis_tutorial7//meshes/top_camera_pro.dae
[0.249s] -- Up-to-date: /home/beta/RINS-TASK2/install/dis_tutorial7/share/dis_tutorial7//meshes/shell.dae
[0.249s] -- Up-to-date: /home/beta/RINS-TASK2/install/dis_tutorial7/share/dis_tutorial7//meshes/tower_standoff.dae
[0.250s] -- Up-to-date: /home/beta/RINS-TASK2/install/dis_tutorial7/share/dis_tutorial7//meshes/oakd_lite.dae
[0.250s] -- Up-to-date: /home/beta/RINS-TASK2/install/dis_tutorial7/share/dis_tutorial7//meshes/rplidar.dae
[0.250s] -- Up-to-date: /home/beta/RINS-TASK2/install/dis_tutorial7/share/dis_tutorial7//meshes/weight_block.dae
[0.250s] -- Up-to-date: /home/beta/RINS-TASK2/install/dis_tutorial7/share/dis_tutorial7//meshes/shell_collision.dae
[0.250s] -- Up-to-date: /home/beta/RINS-TASK2/install/dis_tutorial7/share/dis_tutorial7//meshes/tower_sensor_plate.dae
[0.250s] -- Up-to-date: /home/beta/RINS-TASK2/install/dis_tutorial7/share/dis_tutorial7//urdf
[0.250s] -- Up-to-date: /home/beta/RINS-TASK2/install/dis_tutorial7/share/dis_tutorial7//urdf/arm
[0.250s] -- Up-to-date: /home/beta/RINS-TASK2/install/dis_tutorial7/share/dis_tutorial7//urdf/arm/arm.urdf.xacro
[0.250s] -- Up-to-date: /home/beta/RINS-TASK2/install/dis_tutorial7/share/dis_tutorial7//urdf/lite
[0.250s] [31mCMake Error at cmake_install.cmake:55 (file):
[0.250s]   file INSTALL cannot find "/home/beta/RINS-TASK2/dis_tutorial7/scripts/*":
[0.250s]   No such file or directory.
[0.250s] 
[0.250s] [0m
[0.250s] -- Up-to-date: /home/beta/RINS-TASK2/install/dis_tutorial7/share/dis_tutorial7//urdf/lite/turtlebot4.urdf.xacro
[0.250s] -- Up-to-date: /home/beta/RINS-TASK2/install/dis_tutorial7/share/dis_tutorial7//urdf/standard
[0.250s] -- Up-to-date: /home/beta/RINS-TASK2/install/dis_tutorial7/share/dis_tutorial7//urdf/standard/tower_sensor_plate.urdf.xacro
[0.250s] -- Up-to-date: /home/beta/RINS-TASK2/install/dis_tutorial7/share/dis_tutorial7//urdf/standard/weight_block.urdf.xacro
[0.250s] -- Up-to-date: /home/beta/RINS-TASK2/install/dis_tutorial7/share/dis_tutorial7//urdf/standard/tower_standoff.urdf.xacro
[0.250s] -- Up-to-date: /home/beta/RINS-TASK2/install/dis_tutorial7/share/dis_tutorial7//urdf/standard/turtlebot4.urdf.xacro
[0.250s] -- Up-to-date: /home/beta/RINS-TASK2/install/dis_tutorial7/share/dis_tutorial7//urdf/create
[0.250s] -- Up-to-date: /home/beta/RINS-TASK2/install/dis_tutorial7/share/dis_tutorial7//urdf/create/create3.urdf.xacro
[0.250s] -- Up-to-date: /home/beta/RINS-TASK2/install/dis_tutorial7/share/dis_tutorial7//urdf/sensors
[0.250s] -- Up-to-date: /home/beta/RINS-TASK2/install/dis_tutorial7/share/dis_tutorial7//urdf/sensors/top_camera.urdf.xacro
[0.251s] -- Up-to-date: /home/beta/RINS-TASK2/install/dis_tutorial7/share/dis_tutorial7//urdf/sensors/camera_bracket.urdf.xacro
[0.251s] -- Up-to-date: /home/beta/RINS-TASK2/install/dis_tutorial7/share/dis_tutorial7//urdf/sensors/oakd.urdf.xacro
[0.251s] -- Up-to-date: /home/beta/RINS-TASK2/install/dis_tutorial7/share/dis_tutorial7//urdf/sensors/rplidar.urdf.xacro
[0.251s] -- Up-to-date: /home/beta/RINS-TASK2/install/dis_tutorial7/share/dis_tutorial7//config
[0.251s] -- Up-to-date: /home/beta/RINS-TASK2/install/dis_tutorial7/share/dis_tutorial7//config/arm_controller_position.yaml
[0.251s] -- Up-to-date: /home/beta/RINS-TASK2/install/dis_tutorial7/share/dis_tutorial7//config/all_controls_jtc.yaml
[0.251s] -- Up-to-date: /home/beta/RINS-TASK2/install/dis_tutorial7/share/dis_tutorial7//config/all_controls.yaml
[0.251s] -- Up-to-date: /home/beta/RINS-TASK2/install/dis_tutorial7/share/dis_tutorial7//config/control.yaml
[0.251s] Invoked command in '/home/beta/RINS-TASK2/build/dis_tutorial7' returned '1': CMAKE_PREFIX_PATH=${CMAKE_PREFIX_PATH}:/opt/ros/humble /usr/bin/cmake --install /home/beta/RINS-TASK2/build/dis_tutorial7
