-- Found ament_cmake: 1.3.11 (/opt/ros/humble/share/ament_cmake/cmake)
-- Found rclcpp: 16.0.12 (/opt/ros/humble/share/rclcpp/cmake)
-- Found rosidl_generator_c: 3.1.6 (/opt/ros/humble/share/rosidl_generator_c/cmake)
-- Found rosidl_adapter: 3.1.6 (/opt/ros/humble/share/rosidl_adapter/cmake)
-- Found rosidl_generator_cpp: 3.1.6 (/opt/ros/humble/share/rosidl_generator_cpp/cmake)
-- Using all available rosidl_typesupport_c: rosidl_typesupport_fastrtps_c;rosidl_typesupport_introspection_c
-- Using all available rosidl_typesupport_cpp: rosidl_typesupport_fastrtps_cpp;rosidl_typesupport_introspection_cpp
-- Found rmw_implementation_cmake: 6.1.2 (/opt/ros/humble/share/rmw_implementation_cmake/cmake)
-- Found rmw_cyclonedds_cpp: 1.3.4 (/opt/ros/humble/share/rmw_cyclonedds_cpp/cmake)
-- Using RMW implementation 'rmw_cyclonedds_cpp' as default
-- Found rclpy: 3.3.16 (/opt/ros/humble/share/rclpy/cmake)
-- Found std_srvs: 4.8.0 (/opt/ros/humble/share/std_srvs/cmake)
-- Found nav_msgs: 4.8.0 (/opt/ros/humble/share/nav_msgs/cmake)
-- Found sensor_msgs: 4.8.0 (/opt/ros/humble/share/sensor_msgs/cmake)
-- Found visualization_msgs: 4.8.0 (/opt/ros/humble/share/visualization_msgs/cmake)
-- Found tf2_ros: 0.25.12 (/opt/ros/humble/share/tf2_ros/cmake)
-- Found cv_bridge: 3.2.1 (/opt/ros/humble/share/cv_bridge/cmake)
-- Configuring done
-- Generating done
-- Build files have been written to: /home/beta/Desktop/RINS-TASK2/build/dis_tutorial7
-- Install configuration: ""
-- Up-to-date: /home/beta/Desktop/RINS-TASK2/install/dis_tutorial7/share/dis_tutorial7//launch
-- Up-to-date: /home/beta/Desktop/RINS-TASK2/install/dis_tutorial7/share/dis_tutorial7//launch/create3_ignition_nodes.launch.py
-- Up-to-date: /home/beta/Desktop/RINS-TASK2/install/dis_tutorial7/share/dis_tutorial7//launch/control.py
-- Up-to-date: /home/beta/Desktop/RINS-TASK2/install/dis_tutorial7/share/dis_tutorial7//launch/create3_nodes.launch.py
-- Up-to-date: /home/beta/Desktop/RINS-TASK2/install/dis_tutorial7/share/dis_tutorial7//launch/view_robot.launch.py
-- Up-to-date: /home/beta/Desktop/RINS-TASK2/install/dis_tutorial7/share/dis_tutorial7//launch/ros_ign_bridge.launch.py
-- Up-to-date: /home/beta/Desktop/RINS-TASK2/install/dis_tutorial7/share/dis_tutorial7//launch/robot_description.launch.py
-- Up-to-date: /home/beta/Desktop/RINS-TASK2/install/dis_tutorial7/share/dis_tutorial7//launch/sim_turtlebot_nav.launch.py
-- Up-to-date: /home/beta/Desktop/RINS-TASK2/install/dis_tutorial7/share/dis_tutorial7//launch/turtlebot4_spawn.launch.py
-- Up-to-date: /home/beta/Desktop/RINS-TASK2/install/dis_tutorial7/share/dis_tutorial7//launch/create3_ros_ignition_bridge.launch.py
-- Up-to-date: /home/beta/Desktop/RINS-TASK2/install/dis_tutorial7/share/dis_tutorial7//launch/turtlebot4_nodes.launch.py
-- Up-to-date: /home/beta/Desktop/RINS-TASK2/install/dis_tutorial7/share/dis_tutorial7//meshes
-- Up-to-date: /home/beta/Desktop/RINS-TASK2/install/dis_tutorial7/share/dis_tutorial7//meshes/tower.dae
-- Up-to-date: /home/beta/Desktop/RINS-TASK2/install/dis_tutorial7/share/dis_tutorial7//meshes/camera_bracket.dae
-- Up-to-date: /home/beta/Desktop/RINS-TASK2/install/dis_tutorial7/share/dis_tutorial7//meshes/oakd_pro.dae
-- Up-to-date: /home/beta/Desktop/RINS-TASK2/install/dis_tutorial7/share/dis_tutorial7//meshes/top_camera_pro.dae
-- Up-to-date: /home/beta/Desktop/RINS-TASK2/install/dis_tutorial7/share/dis_tutorial7//meshes/shell.dae
-- Up-to-date: /home/beta/Desktop/RINS-TASK2/install/dis_tutorial7/share/dis_tutorial7//meshes/tower_standoff.dae
-- Up-to-date: /home/beta/Desktop/RINS-TASK2/install/dis_tutorial7/share/dis_tutorial7//meshes/oakd_lite.dae
-- Up-to-date: /home/beta/Desktop/RINS-TASK2/install/dis_tutorial7/share/dis_tutorial7//meshes/rplidar.dae
-- Up-to-date: /home/beta/Desktop/RINS-TASK2/install/dis_tutorial7/share/dis_tutorial7//meshes/weight_block.dae
-- Up-to-date: /home/beta/Desktop/RINS-TASK2/install/dis_tutorial7/share/dis_tutorial7//meshes/shell_collision.dae
-- Up-to-date: /home/beta/Desktop/RINS-TASK2/install/dis_tutorial7/share/dis_tutorial7//meshes/tower_sensor_plate.dae
-- Up-to-date: /home/beta/Desktop/RINS-TASK2/install/dis_tutorial7/share/dis_tutorial7//urdf
-- Up-to-date: /home/beta/Desktop/RINS-TASK2/install/dis_tutorial7/share/dis_tutorial7//urdf/arm
-- Up-to-date: /home/beta/Desktop/RINS-TASK2/install/dis_tutorial7/share/dis_tutorial7//urdf/arm/arm.urdf.xacro
-- Up-to-date: /home/beta/Desktop/RINS-TASK2/install/dis_tutorial7/share/dis_tutorial7//urdf/lite
-- Up-to-date: /home/beta/Desktop/RINS-TASK2/install/dis_tutorial7/share/dis_tutorial7//urdf/lite/turtlebot4.urdf.xacro
-- Up-to-date: /home/beta/Desktop/RINS-TASK2/install/dis_tutorial7/share/dis_tutorial7//urdf/standard
-- Up-to-date: /home/beta/Desktop/RINS-TASK2/install/dis_tutorial7/share/dis_tutorial7//urdf/standard/tower_sensor_plate.urdf.xacro
-- Up-to-date: /home/beta/Desktop/RINS-TASK2/install/dis_tutorial7/share/dis_tutorial7//urdf/standard/weight_block.urdf.xacro
-- Up-to-date: /home/beta/Desktop/RINS-TASK2/install/dis_tutorial7/share/dis_tutorial7//urdf/standard/tower_standoff.urdf.xacro
-- Up-to-date: /home/beta/Desktop/RINS-TASK2/install/dis_tutorial7/share/dis_tutorial7//urdf/standard/turtlebot4.urdf.xacro
-- Up-to-date: /home/beta/Desktop/RINS-TASK2/install/dis_tutorial7/share/dis_tutorial7//urdf/create
-- Up-to-date: /home/beta/Desktop/RINS-TASK2/install/dis_tutorial7/share/dis_tutorial7//urdf/create/create3.urdf.xacro
-- Up-to-date: /home/beta/Desktop/RINS-TASK2/install/dis_tutorial7/share/dis_tutorial7//urdf/sensors
-- Up-to-date: /home/beta/Desktop/RINS-TASK2/install/dis_tutorial7/share/dis_tutorial7//urdf/sensors/top_camera.urdf.xacro
-- Up-to-date: /home/beta/Desktop/RINS-TASK2/install/dis_tutorial7/share/dis_tutorial7//urdf/sensors/camera_bracket.urdf.xacro
-- Up-to-date: /home/beta/Desktop/RINS-TASK2/install/dis_tutorial7/share/dis_tutorial7//urdf/sensors/oakd.urdf.xacro
-- Up-to-date: /home/beta/Desktop/RINS-TASK2/install/dis_tutorial7/share/dis_tutorial7//urdf/sensors/rplidar.urdf.xacro
-- Up-to-date: /home/beta/Desktop/RINS-TASK2/install/dis_tutorial7/share/dis_tutorial7//config
-- Up-to-date: /home/beta/Desktop/RINS-TASK2/install/dis_tutorial7/share/dis_tutorial7//config/arm_controller_position.yaml
-- Up-to-date: /home/beta/Desktop/RINS-TASK2/install/dis_tutorial7/share/dis_tutorial7//config/all_controls_jtc.yaml
-- Up-to-date: /home/beta/Desktop/RINS-TASK2/install/dis_tutorial7/share/dis_tutorial7//config/all_controls.yaml
-- Up-to-date: /home/beta/Desktop/RINS-TASK2/install/dis_tutorial7/share/dis_tutorial7//config/control.yaml
-- Up-to-date: /home/beta/Desktop/RINS-TASK2/install/dis_tutorial7/share/dis_tutorial7/scripts
-- Up-to-date: /home/beta/Desktop/RINS-TASK2/install/dis_tutorial7/lib/dis_tutorial7/arm_mover_actions.py
[31mCMake Error at cmake_install.cmake:59 (file):
  file INSTALL cannot find
  "/home/beta/Desktop/RINS-TASK2/dis_tutorial7/scripts/detect_ring1.py": No
  such file or directory.

[0m
-- Up-to-date: /home/beta/Desktop/RINS-TASK2/install/dis_tutorial7/lib/dis_tutorial7/robot_commander.py
-- Up-to-date: /home/beta/Desktop/RINS-TASK2/install/dis_tutorial7/lib/dis_tutorial7/follow_bridge.py
-- Up-to-date: /home/beta/Desktop/RINS-TASK2/install/dis_tutorial7/lib/dis_tutorial7/detect_people1.py
